Starting job 5525474 on c11-6 at Tue Apr 26 11:27:39 CEST 2022

The following modules were not unloaded:
  (Use "module --force purge" to unload all):

  1) StdEnv
slurmstepd: error: *** JOB 5525474 ON c11-6 CANCELLED AT 2022-04-27T11:27:42 DUE TO TIME LIMIT ***

Task and CPU usage stats:
       JobID    JobName  AllocCPUS   NTasks     MinCPU MinCPUTask     AveCPU    Elapsed ExitCode 
------------ ---------- ---------- -------- ---------- ---------- ---------- ---------- -------- 
5525474          run.sh         20                                           1-00:00:03      0:0 
5525474.bat+      batch         20        1   23:59:45          0   23:59:45 1-00:00:04     0:15 
5525474.ext+     extern         20        1   00:00:00          0   00:00:00 1-00:00:04      0:0 

Memory usage stats:
       JobID     MaxRSS MaxRSSTask     AveRSS MaxPages   MaxPagesTask   AvePages 
------------ ---------- ---------- ---------- -------- -------------- ---------- 
5525474                                                                          
5525474.bat+     47428K          0     47428K        0              0          0 
5525474.ext+          0          0          0        0              0          0 

Disk usage stats:
       JobID  MaxDiskRead MaxDiskReadTask    AveDiskRead MaxDiskWrite MaxDiskWriteTask   AveDiskWrite 
------------ ------------ --------------- -------------- ------------ ---------------- -------------- 
5525474                                                                                               
5525474.bat+      102.00M               0        102.00M      512.81M                0        512.81M 
5525474.ext+        0.00M               0          0.00M            0                0              0 

Job 5525474 completed at Wed Apr 27 11:27:44 CEST 2022
