Starting job 5571128 on c5-50 at Thu May 5 08:46:11 CEST 2022

The following modules were not unloaded:
  (Use "module --force purge" to unload all):

  1) StdEnv

Task and CPU usage stats:
JobID           JobName  AllocCPUS   NTasks     MinCPU MinCPUTask     AveCPU    Elapsed ExitCode 
------------ ---------- ---------- -------- ---------- ---------- ---------- ---------- -------- 
5571128          run.sh         20                                           1-19:07:47      0:0 
5571128.bat+      batch         20        1 1-19:05:22          0 1-19:05:22 1-19:07:47      0:0 
5571128.ext+     extern         20        1   00:00:00          0   00:00:00 1-19:07:47      0:0 

Memory usage stats:
JobID            MaxRSS MaxRSSTask     AveRSS MaxPages   MaxPagesTask   AvePages 
------------ ---------- ---------- ---------- -------- -------------- ---------- 
5571128                                                                          
5571128.bat+     46900K          0     46900K        0              0          0 
5571128.ext+          0          0          0        0              0          0 

Disk usage stats:
JobID         MaxDiskRead MaxDiskReadTask    AveDiskRead MaxDiskWrite MaxDiskWriteTask   AveDiskWrite 
------------ ------------ --------------- -------------- ------------ ---------------- -------------- 
5571128                                                                                               
5571128.bat+      174.72M               0        174.72M      826.81M                0        826.81M 
5571128.ext+        0.00M               0          0.00M            0                0              0 

Job 5571128 completed at Sat May 7 03:53:58 CEST 2022
