Starting job 5571127 on c5-48 at Thu May 5 08:46:07 CEST 2022

The following modules were not unloaded:
  (Use "module --force purge" to unload all):

  1) StdEnv

Task and CPU usage stats:
JobID           JobName  AllocCPUS   NTasks     MinCPU MinCPUTask     AveCPU    Elapsed ExitCode 
------------ ---------- ---------- -------- ---------- ---------- ---------- ---------- -------- 
5571127          run.sh         20                                           1-19:27:15      0:0 
5571127.bat+      batch         20        1 1-19:24:43          0 1-19:24:43 1-19:27:15      0:0 
5571127.ext+     extern         20        1   00:00:00          0   00:00:00 1-19:27:15      0:0 

Memory usage stats:
JobID            MaxRSS MaxRSSTask     AveRSS MaxPages   MaxPagesTask   AvePages 
------------ ---------- ---------- ---------- -------- -------------- ---------- 
5571127                                                                          
5571127.bat+     46840K          0     46840K        0              0          0 
5571127.ext+          0          0          0        0              0          0 

Disk usage stats:
JobID         MaxDiskRead MaxDiskReadTask    AveDiskRead MaxDiskWrite MaxDiskWriteTask   AveDiskWrite 
------------ ------------ --------------- -------------- ------------ ---------------- -------------- 
5571127                                                                                               
5571127.bat+      174.72M               0        174.72M      826.81M                0        826.81M 
5571127.ext+        0.00M               0          0.00M            0                0              0 

Job 5571127 completed at Sat May 7 04:13:21 CEST 2022
