Starting job 5571125 on c5-46 at Thu May 5 08:46:00 CEST 2022

The following modules were not unloaded:
  (Use "module --force purge" to unload all):

  1) StdEnv

Task and CPU usage stats:
JobID           JobName  AllocCPUS   NTasks     MinCPU MinCPUTask     AveCPU    Elapsed ExitCode 
------------ ---------- ---------- -------- ---------- ---------- ---------- ---------- -------- 
5571125          run.sh         20                                           1-18:57:14      0:0 
5571125.bat+      batch         20        1 1-18:54:58          0 1-18:54:58 1-18:57:14      0:0 
5571125.ext+     extern         20        1   00:00:00          0   00:00:00 1-18:57:14      0:0 

Memory usage stats:
JobID            MaxRSS MaxRSSTask     AveRSS MaxPages   MaxPagesTask   AvePages 
------------ ---------- ---------- ---------- -------- -------------- ---------- 
5571125                                                                          
5571125.bat+     47332K          0     47332K        0              0          0 
5571125.ext+          0          0          0        0              0          0 

Disk usage stats:
JobID         MaxDiskRead MaxDiskReadTask    AveDiskRead MaxDiskWrite MaxDiskWriteTask   AveDiskWrite 
------------ ------------ --------------- -------------- ------------ ---------------- -------------- 
5571125                                                                                               
5571125.bat+      174.72M               0        174.72M      826.81M                0        826.81M 
5571125.ext+        0.00M               0          0.00M            0                0              0 

Job 5571125 completed at Sat May 7 03:43:13 CEST 2022
