--------------------------------------------------------------------------------
Welcome to qfep version: 6.0.1
 
This version was compiled using: GCC version 11.2.0
 
And using the following compiler options: 
-cpp -D G95=1 -mtune=generic -march=x86-64 -O3 -Wall -Wtabs -std=legacy -funroll-loops -ffree-line-length-none -fcray-pointer -fall-intrinsics -fstack-protector

 
For command line options type qfep --help  or qcalc -h at the terminal.
 
If you are using the interactive mode and want to quit type "quit" or Ctrl-C.
--------------------------------------------------------------------------------
--> Number of energy files: # Number of files                                  =    51
--> No. of states, no. of predefined off-diag elements: # Number of states     =     2
# Number of off-diagonal elements                                              =     0
--> Give kT & num. of pts to skip & calculation mode: # kT                     = 0.592
# Number of data points to skip                                                =   100
# Only QQ interactions will be considered                                      =     0
--> Give number of gap-bins: # Number of gap-bins                              =    50
--> Give minimum # pts/bin: # Minimum number of points per bin                 =    30
--> Give alpha for state  2                                                     # Alpha for state  2              =-91.10
--> Number of off-diagonal elements: # Number of off-diagonal elements         =     1
#   i   j   A(i,j)  mu(i,j) eta(i,j) rxy0(i,j)
--> i, j, A_ij, mu_ij, eta_ij, r_xy0: #   1   2    91.40     0.00     0.00     0.00
--> linear combination of states defining reaction coord: # Linear combination coefficients=    1.00   -1.00


# Part 0: Average energies for all states in all files
# file             state   pts   lambda    EQtot   EQbond  EQang   EQtor   EQimp    EQel   EQvdW  Eel_qq  EvdW_qq Eel_qp  EvdW_qp Eel_qw EvdW_qw Eqrstr
--> Name of file number   1:                                                     
md_0000_1000.en        1    899 0.000000-2361.86-2400.63  122.53   34.76    6.10 -303.24  178.63   58.34  186.69 -292.67   -6.36  -68.91   -1.70    0.00
md_0000_1000.en        2    899 1.000000-2775.50-2483.70   12.64   -6.92    1.62 -298.42   -0.71   65.35    7.27 -297.32   -6.25  -66.45   -1.73    0.00
--> Name of file number   2:                                                     
md_0020_0980.en        1    899 0.020000-2394.56-2402.32  113.31   32.53    5.79 -305.83  161.96   56.67  169.82 -301.15   -7.95  -61.35    0.10    0.00
md_0020_0980.en        2    899 0.980000-2774.56-2482.40   13.75   -6.05    1.67 -300.62   -0.91   63.60    6.86 -305.40   -7.86  -58.82    0.09    0.00
--> Name of file number   3:                                                     
md_0040_0960.en        1    899 0.040000-2426.90-2405.59  102.95   30.82    5.46 -305.12  144.59   55.42  152.36 -310.19   -6.97  -50.35   -0.80    0.00
md_0040_0960.en        2    899 0.960000-2774.79-2481.89   13.39   -5.69    1.61 -301.04   -1.17   62.80    6.57 -314.66   -6.97  -49.17   -0.77    0.00
--> Name of file number   4:                                                     
md_0060_0940.en        1    899 0.060000-2448.34-2406.76   97.29   29.68    5.12 -304.14  130.47   54.36  137.60 -304.19   -7.14  -54.32    0.01    0.00
md_0060_0940.en        2    899 0.940000-2769.12-2479.15   14.61   -5.43    1.55 -300.67   -0.03   62.66    6.92 -311.37   -6.84  -51.96   -0.11    0.00
--> Name of file number   5:                                                     
md_0080_0920.en        1    899 0.080000-2480.54-2410.06   89.70   27.51    4.90 -310.20  117.61   53.56  124.11 -315.36   -5.88  -48.40   -0.62    0.00
md_0080_0920.en        2    899 0.920000-2772.31-2478.00   14.70   -4.70    1.57 -306.47    0.57   62.26    7.03 -322.20   -5.80  -46.52   -0.66    0.00
--> Name of file number   6:                                                     
md_0100_0900.en        1    899 0.100000-2497.82-2413.23   86.45   27.14    4.46 -306.41  103.77   53.05  110.54 -309.98   -7.67  -49.49    0.90    0.00
md_0100_0900.en        2    899 0.900000-2767.47-2476.35   15.26   -4.85    1.36 -303.20    0.31   62.02    6.71 -316.96   -7.17  -48.25    0.77    0.00
--> Name of file number   7:                                                     
md_0120_0880.en        1    899 0.120000-2518.48-2415.37   81.86   26.13    4.03 -305.84   90.70   52.15   97.54 -311.29   -8.09  -46.69    1.26    0.00
md_0120_0880.en        2    899 0.880000-2763.32-2473.46   16.19   -4.36    1.20 -303.33    0.45   61.70    6.90 -318.68   -7.54  -46.35    1.09    0.00
--> Name of file number   8:                                                     
md_0140_0860.en        1    899 0.140000-2546.26-2418.25   73.53   24.53    4.00 -309.97   79.89   52.52   87.30 -297.38   -7.85  -65.11    0.45    0.00
md_0140_0860.en        2    899 0.860000-2763.41-2470.52   16.59   -3.90    1.47 -306.99   -0.06   61.88    6.93 -305.24   -7.28  -63.63    0.30    0.00
--> Name of file number   9:                                                     
md_0160_0840.en        1    899 0.160000-2563.96-2420.64   69.55   23.30    3.91 -310.34   70.26   52.09   78.25 -300.60   -8.39  -61.82    0.40    0.00
md_0160_0840.en        2    899 0.840000-2758.14-2467.50   17.54   -3.30    1.59 -305.61   -0.85   61.47    6.87 -307.64   -8.11  -59.44    0.38    0.00
--> Name of file number  10:                                                     
md_0180_0820.en        1    899 0.180000-2594.45-2423.24   63.10   22.08    3.59 -320.88   60.90   51.72   68.32 -301.25   -8.17  -71.35    0.75    0.00
md_0180_0820.en        2    899 0.820000-2764.64-2464.10   18.31   -2.90    1.53 -316.87   -0.61   61.31    6.56 -308.51   -7.94  -69.67    0.78    0.00
--> Name of file number  11:                                                     
md_0200_0800.en        1    899 0.200000-2600.85-2427.44   57.06   20.26    3.47 -306.33   52.13   51.81   59.97 -304.98   -8.95  -53.16    1.11    0.00
md_0200_0800.en        2    899 0.800000-2745.23-2461.13   18.93   -2.80    1.63 -301.82   -0.05   61.42    7.34 -312.54   -8.52  -50.70    1.14    0.00
--> Name of file number  12:                                                     
md_0220_0780.en        1    899 0.220000-2618.71-2430.75   51.79   19.10    3.28 -309.05   46.92   51.53   54.10 -308.01   -8.39  -52.58    1.20    0.00
md_0220_0780.en        2    899 0.780000-2744.56-2458.86   19.41   -2.29    1.65 -305.47    1.00   61.19    7.62 -315.97   -7.80  -50.70    1.17    0.00
--> Name of file number  13:                                                     
md_0240_0760.en        1    899 0.240000-2635.71-2432.53   50.40   18.35    2.97 -312.13   37.24   50.72   44.43 -304.92   -8.42  -57.93    1.23    0.00
md_0240_0760.en        2    899 0.760000-2740.52-2453.77   21.10   -2.07    1.51 -307.57    0.28   60.96    7.10 -312.09   -8.04  -56.44    1.22    0.00
--> Name of file number  14:                                                     
md_0260_0740.en        1    899 0.260000-2647.95-2433.86   47.90   17.87    2.85 -314.19   31.49   49.86   38.38 -315.12   -8.34  -48.93    1.45    0.00
md_0260_0740.en        2    899 0.740000-2736.27-2449.40   22.56   -1.71    1.56 -309.91    0.62   60.56    7.10 -321.59   -7.89  -48.88    1.41    0.00
--> Name of file number  15:                                                     
md_0280_0720.en        1    899 0.280000-2664.30-2437.92   42.78   17.43    2.38 -312.85   23.88   49.39   30.72 -309.39   -7.90  -52.85    1.06    0.00
md_0280_0720.en        2    899 0.720000-2729.00-2444.90   23.63   -1.45    1.18 -308.63    1.17   60.74    7.63 -317.30   -7.41  -52.07    0.95    0.00
--> Name of file number  16:                                                     
md_0300_0700.en        1    899 0.300000-2680.23-2439.36   39.38   16.30    2.34 -319.60   20.71   49.36   27.51 -302.42   -8.41  -66.54    1.61    0.00
md_0300_0700.en        2    899 0.700000-2729.62-2441.53   25.13   -1.07    1.26 -315.16    1.76   60.93    8.04 -311.71   -8.00  -64.37    1.71    0.00
--> Name of file number  17:                                                     
md_0320_0680.en        1    899 0.320000-2681.11-2440.20   38.12   15.41    2.21 -310.61   13.97   49.07   21.74 -296.01   -8.64  -63.67    0.87    0.00
md_0320_0680.en        2    899 0.680000-2712.98-2435.72   26.78   -0.87    1.32 -304.28   -0.22   60.80    7.20 -303.90   -8.25  -61.18    0.83    0.00
--> Name of file number  18:                                                     
md_0340_0660.en        1    899 0.340000-2697.21-2442.92   34.83   14.38    2.47 -316.33   10.36   50.21   19.06 -300.75  -10.56  -65.79    1.86    0.00
md_0340_0660.en        2    899 0.660000-2716.63-2433.81   27.64   -0.91    1.63 -309.78   -1.40   61.42    6.83 -306.89  -10.15  -64.30    1.92    0.00
--> Name of file number  19:                                                     
md_0360_0640.en        1    899 0.360000-2701.19-2444.70   32.74   13.77    2.20 -311.03    5.82   49.26   15.28 -284.27  -10.61  -76.02    1.15    0.00
md_0360_0640.en        2    899 0.640000-2705.40-2429.87   29.25   -0.22    1.50 -303.95   -2.10   61.22    6.89 -291.78  -10.18  -73.39    1.19    0.00
--> Name of file number  20:                                                     
md_0380_0620.en        1    899 0.380000-2704.62-2446.54   30.08   12.84    2.42 -308.56    5.13   50.55   14.76 -290.56  -10.35  -68.55    0.72    0.00
md_0380_0620.en        2    899 0.620000-2698.57-2427.82   30.44   -0.05    1.77 -301.10   -1.81   62.41    7.50 -297.14  -10.18  -66.37    0.87    0.00
--> Name of file number  21:                                                     
md_0400_0600.en        1    899 0.400000-2718.39-2449.45   27.62   11.89    2.08 -312.52    1.99   49.56   11.85 -270.58  -10.20  -91.50    0.34    0.00
md_0400_0600.en        2    899 0.600000-2698.52-2425.20   31.50    0.06    1.52 -304.21   -2.20   61.90    7.30 -278.03   -9.96  -88.08    0.46    0.00
--> Name of file number  22:                                                     
md_0420_0580.en        1    899 0.420000-2720.64-2452.07   24.67   11.73    1.92 -309.20    2.32   47.23   10.43 -262.98   -9.20  -93.46    1.09    0.00
md_0420_0580.en        2    899 0.580000-2688.39-2421.99   33.32    0.56    1.44 -302.87    1.14   60.36    8.72 -272.24   -8.84  -90.98    1.26    0.00
--> Name of file number  23:                                                     
md_0440_0560.en        1    899 0.440000-2731.18-2454.61   23.16   10.86    2.07 -314.85    2.19   49.27   10.36 -277.29   -9.92  -86.82    1.75    0.00
md_0440_0560.en        2    899 0.560000-2690.24-2421.10   33.98    0.89    1.68 -307.22    1.54   61.95    9.28 -284.26   -9.66  -84.91    1.92    0.00
--> Name of file number  24:                                                     
md_0460_0540.en        1    899 0.460000-2726.09-2456.27   22.41   10.66    1.77 -303.94   -0.72   48.04    9.31 -267.39  -10.92  -84.59    0.89    0.00
md_0460_0540.en        2    899 0.540000-2677.80-2419.97   36.03    1.32    1.45 -296.03   -0.59   61.23    8.98 -274.83  -10.56  -82.43    1.00    0.00
--> Name of file number  25:                                                     
md_0480_0520.en        1    899 0.480000-2734.84-2459.38   20.41   10.92    1.54 -305.52   -2.80   46.81    7.69 -261.17  -11.54  -91.16    1.05    0.00
md_0480_0520.en        2    899 0.520000-2673.99-2416.87   37.59    1.93    1.27 -298.32    0.41   60.52   10.28 -269.55  -11.06  -89.28    1.19    0.00
--> Name of file number  26:                                                     
md_0500_0500.en        1    899 0.500000-2738.64-2460.46   18.90   10.59    1.50 -306.39   -2.78   45.98    6.24 -265.32  -10.10  -87.05    1.09    0.00
md_0500_0500.en        2    899 0.500000-2667.52-2413.20   39.43    2.10    1.27 -298.71    1.59   60.08   10.11 -274.03   -9.79  -84.76    1.26    0.00
--> Name of file number  27:                                                     
md_0520_0480.en        1    899 0.520000-2746.33-2462.68   18.21   11.02    1.63 -312.16   -2.35   45.83    5.99 -270.75   -9.45  -87.23    1.11    0.00
md_0520_0480.en        2    899 0.480000-2665.63-2411.06   41.96    2.84    1.39 -304.05    3.29   59.90   11.23 -279.35   -9.04  -84.60    1.10    0.00
--> Name of file number  28:                                                     
md_0540_0460.en        1    899 0.540000-2746.87-2465.39   16.46   10.15    1.70 -306.32   -3.46   45.91    5.70 -280.83   -9.98  -71.41    0.82    0.00
md_0540_0460.en        2    899 0.460000-2655.14-2409.20   43.43    2.99    1.56 -297.62    3.71   60.15   12.38 -289.32   -9.41  -68.45    0.73    0.00
--> Name of file number  29:                                                     
md_0560_0440.en        1    899 0.560000-2754.92-2469.50   14.82    9.06    1.49 -306.08   -4.71   45.93    6.28 -257.49  -12.40  -94.52    1.41    0.00
md_0560_0440.en        2    899 0.440000-2651.14-2408.10   44.99    3.38    1.41 -297.78    4.95   59.98   15.57 -266.72  -11.99  -91.04    1.37    0.00
--> Name of file number  30:                                                     
md_0580_0420.en        1    899 0.580000-2753.50-2473.87   14.05    8.84    1.41 -300.79   -3.14   46.43    6.58 -264.40  -10.98  -82.82    1.26    0.00
md_0580_0420.en        2    899 0.420000-2637.96-2407.39   47.56    4.12    1.37 -293.03    9.42   60.74   18.60 -273.10  -10.51  -80.67    1.33    0.00
--> Name of file number  31:                                                     
md_0600_0400.en        1    899 0.600000-2765.37-2478.90   12.66    8.56    1.46 -306.77   -2.38   46.07    6.61 -261.91  -11.42  -90.93    2.43    0.00
md_0600_0400.en        2    899 0.400000-2636.76-2406.48   48.36    4.18    1.46 -297.81   13.53   60.48   22.11 -270.41  -10.83  -87.89    2.25    0.00
--> Name of file number  32:                                                     
md_0620_0380.en        1    899 0.620000-2764.39-2480.96   12.06    7.79    1.64 -302.63   -2.29   47.05    6.66 -257.94  -11.12  -91.75    2.16    0.00
md_0620_0380.en        2    899 0.380000-2625.61-2404.42   50.06    4.63    1.72 -293.10   15.51   61.54   24.13 -265.66  -10.83  -88.98    2.20    0.00
--> Name of file number  33:                                                     
md_0640_0360.en        1    899 0.640000-2753.08-2485.21   10.94    7.51    1.77 -285.69   -2.40   47.49    6.75 -269.75  -10.36  -63.43    1.21    0.00
md_0640_0360.en        2    899 0.360000-2599.60-2402.18   52.41    5.44    1.88 -276.36   19.21   61.68   28.26 -277.23  -10.32  -60.82    1.26    0.00
--> Name of file number  34:                                                     
md_0660_0340.en        1    899 0.660000-2767.41-2489.05   10.95    7.83    2.04 -296.82   -2.36   48.15    6.77 -262.00  -10.38  -82.97    1.25    0.00
md_0660_0340.en        2    899 0.340000-2595.39-2398.81   56.06    6.00    2.18 -285.71   24.89   62.38   33.74 -269.80  -10.32  -78.30    1.46    0.00
--> Name of file number  35:                                                     
md_0680_0320.en        1    899 0.680000-2774.91-2494.83   10.05    7.57    2.07 -297.01   -2.75   49.08    6.81 -267.15  -11.06  -78.95    1.51    0.00
md_0680_0320.en        2    899 0.320000-2586.21-2397.75   58.15    6.56    2.24 -285.79   30.37   63.40   39.74 -274.52  -10.94  -74.67    1.57    0.00
--> Name of file number  36:                                                     
md_0700_0300.en        1    899 0.700000-2778.80-2499.09    9.01    6.77    1.98 -293.05   -4.41   49.09    7.36 -289.42  -11.63  -52.73   -0.14    0.00
md_0700_0300.en        2    899 0.300000-2576.57-2396.68   59.46    6.93    2.22 -281.97   33.47   63.20   45.12 -296.06  -11.57  -49.12   -0.09    0.00
--> Name of file number  37:                                                     
md_0720_0280.en        1    899 0.720000-2787.75-2504.05    8.67    6.68    1.79 -297.18   -3.65   49.15    7.36 -284.55  -11.40  -61.78    0.39    0.00
md_0720_0280.en        2    899 0.280000-2569.55-2395.45   61.49    7.57    2.06 -285.62   40.39   63.52   51.36 -291.01  -11.52  -58.13    0.55    0.00
--> Name of file number  38:                                                     
md_0740_0260.en        1    899 0.740000-2805.88-2508.75    8.63    6.63    1.78 -310.47   -3.70   47.88    6.78 -284.32  -11.72  -74.03    1.24    0.00
md_0740_0260.en        2    899 0.260000-2566.14-2392.20   65.21    8.07    2.08 -298.65   49.35   63.14   59.78 -290.90  -11.88  -70.90    1.45    0.00
--> Name of file number  39:                                                     
md_0760_0240.en        1    899 0.760000-2803.39-2512.89    8.98    6.47    1.79 -302.89   -4.85   47.65    6.28 -289.28  -11.19  -61.26    0.06    0.00
md_0760_0240.en        2    899 0.240000-2544.00-2389.18   68.99    8.43    2.11 -290.79   56.45   63.44   67.34 -295.26  -11.31  -58.98    0.42    0.00
--> Name of file number  40:                                                     
md_0780_0220.en        1    899 0.780000-2806.34-2517.02    8.10    6.34    2.07 -301.17   -4.66   47.38    6.53 -280.80   -9.78  -67.75   -1.41    0.00
md_0780_0220.en        2    899 0.220000-2530.28-2387.55   70.83    8.94    2.44 -288.48   63.55   63.35   74.69 -287.76   -9.85  -64.07   -1.29    0.00
--> Name of file number  41:                                                     
md_0800_0200.en        1    899 0.800000-2814.31-2521.52    7.68    5.87    1.88 -304.35   -3.87   46.65    6.52 -279.08   -9.88  -71.92   -0.51    0.00
md_0800_0200.en        2    899 0.200000-2516.80-2385.33   73.88    9.29    2.28 -291.59   74.67   63.42   85.08 -285.66  -10.10  -69.35   -0.31    0.00
--> Name of file number  42:                                                     
md_0820_0180.en        1    899 0.820000-2803.95-2523.94    8.41    5.48    1.80 -291.25   -4.45   45.29    6.68 -274.43  -10.52  -62.10   -0.60    0.00
md_0820_0180.en        2    899 0.180000-2486.52-2381.81   78.41    9.65    2.22 -278.48   83.48   62.53   94.85 -281.83  -10.70  -59.17   -0.66    0.00
--> Name of file number  43:                                                     
md_0840_0160.en        1    899 0.840000-2823.41-2528.43    8.29    5.07    1.58 -304.92   -4.99   43.08    6.54 -268.17  -12.70  -79.83    1.16    0.00
md_0840_0160.en        2    899 0.160000-2484.84-2380.40   83.02   10.18    2.00 -292.08   92.44   61.10  104.16 -275.93  -13.00  -77.25    1.28    0.00
--> Name of file number  44:                                                     
md_0860_0140.en        1    899 0.860000-2813.57-2530.83    7.44    4.59    1.88 -291.09   -5.56   45.02    6.39 -268.49  -13.92  -67.61    1.97    0.00
md_0860_0140.en        2    899 0.140000-2454.43-2378.04   85.84   11.07    2.34 -276.56  100.92   62.85  113.13 -274.14  -14.00  -65.27    1.79    0.00
--> Name of file number  45:                                                     
md_0880_0120.en        1    899 0.880000-2817.20-2533.11    8.71    5.18    1.73 -293.76   -5.94   46.46    6.42 -261.23  -14.04  -78.99    1.68    0.00
md_0880_0120.en        2    899 0.120000-2439.26-2375.29   88.85   11.59    2.19 -278.57  111.97   64.16  124.41 -264.77  -13.94  -77.96    1.49    0.00
--> Name of file number  46:                                                     
md_0900_0100.en        1    899 0.900000-2819.81-2535.97    8.35    4.19    1.92 -292.41   -5.88   42.68    6.69 -261.02  -13.85  -74.07    1.27    0.00
md_0900_0100.en        2    899 0.100000-2416.19-2373.53   97.29   12.14    2.40 -277.03  122.54   61.57  135.19 -266.57  -13.73  -72.03    1.08    0.00
--> Name of file number  47:                                                     
md_0920_0080.en        1    899 0.920000-2826.86-2536.30    8.53    3.83    1.85 -300.10   -4.66   41.02    7.05 -275.77  -12.62  -65.36    0.91    0.00
md_0920_0080.en        2    899 0.080000-2407.92-2370.24  101.40   12.42    2.34 -287.51  133.68   60.17  145.60 -284.21  -12.83  -63.47    0.91    0.00
--> Name of file number  48:                                                     
md_0940_0060.en        1    899 0.940000-2828.92-2538.38    8.56    3.38    1.93 -303.37   -1.04   40.22    7.51 -272.25  -10.00  -71.34    1.45    0.00
md_0940_0060.en        2    899 0.060000-2385.84-2368.91  107.87   13.01    2.42 -289.60  149.37   59.58  158.20 -280.43  -10.13  -68.75    1.29    0.00
--> Name of file number  49:                                                     
md_0960_0040.en        1    899 0.960000-2829.03-2539.67    8.47    3.91    1.72 -303.11   -0.34   41.01    7.62 -272.91   -8.52  -71.21    0.57    0.00
md_0960_0040.en        2    899 0.040000-2367.27-2366.57  109.45   13.37    2.23 -288.85  163.09   60.33  171.34 -280.56   -8.66  -68.62    0.41    0.00
--> Name of file number  50:                                                     
md_0980_0020.en        1    899 0.980000-2831.21-2541.79    8.23    2.92    1.87 -299.46   -2.98   38.86    7.90 -263.94  -10.83  -74.38   -0.05    0.00
md_0980_0020.en        2    899 0.020000-2337.29-2365.11  118.93   14.84    2.41 -284.63  176.27   60.04  187.56 -273.67  -11.03  -71.01   -0.26    0.00
--> Name of file number  51:                                                     
md_1000_0000.en        1    899 1.000000-2826.54-2542.13    8.61    2.09    2.09 -295.16   -2.03   38.51    7.98 -278.19   -9.67  -55.48   -0.35    0.00
md_1000_0000.en        2    899 0.000000-2302.36-2362.25  129.90   16.20    2.63 -279.21  190.36   60.17  200.49 -287.97   -9.60  -51.40   -0.54    0.00


# Part 1: Free energy perturbation summary:
# lambda(1)      dGf sum(dGf)      dGr sum(dGr)     <dG>
   0.000000    0.000    0.000   -9.706  -19.232    0.000
   0.020000    9.793    9.793   -9.047   -9.526    9.749
   0.040000    9.145   18.937   -8.578   -0.479   18.845
   0.060000    8.517   27.455   -7.899    8.098   27.393
   0.080000    7.907   35.361   -7.469   15.998   35.296
   0.100000    7.397   42.758   -6.934   23.467   42.728
   0.120000    6.972   49.730   -6.367   30.401   49.681
   0.140000    6.489   56.219   -5.931   36.768   56.110
   0.160000    5.952   62.171   -5.417   42.699   62.051
   0.180000    5.483   67.655   -4.902   48.116   67.502
   0.200000    5.040   72.694   -4.475   53.018   72.472
   0.220000    4.512   77.206   -4.101   57.494   76.966
   0.240000    4.202   81.408   -3.761   61.594   81.117
   0.260000    3.741   85.149   -3.280   65.355   84.868
   0.280000    3.437   88.586   -2.951   68.635   88.227
   0.300000    2.954   91.540   -2.628   71.586   91.179
   0.320000    2.673   94.213   -2.328   74.214   93.830
   0.340000    2.301   96.514   -2.031   76.542   96.144
   0.360000    2.092   98.606   -1.825   78.573   98.206
   0.380000    1.787  100.393   -1.525   80.398  100.012
   0.400000    1.579  101.972   -1.286   81.924  101.564
   0.420000    1.325  103.297   -1.090   83.209  102.869
   0.440000    1.069  104.366   -0.956   84.299  103.948
   0.460000    0.914  105.279   -0.702   85.255  104.883
   0.480000    0.758  106.037   -0.479   85.957  105.613
   0.500000    0.510  106.547   -0.300   86.436  106.108
   0.520000    0.318  106.866   -0.082   86.736  106.417
   0.540000    0.113  106.979    0.163   86.818  106.515
   0.560000   -0.110  106.869    0.380   86.656  106.379
   0.580000   -0.345  106.525    0.650   86.275  106.016
   0.600000   -0.607  105.918    0.827   85.625  105.388
   0.620000   -0.851  105.067    1.115   84.797  104.548
   0.640000   -1.079  103.988    1.450   83.682  103.451
   0.660000   -1.383  102.605    1.826   82.233  102.035
   0.680000   -1.790  100.815    2.087   80.406  100.227
   0.700000   -2.083   98.732    2.385   78.320   98.142
   0.720000   -2.367   96.364    2.810   75.935   95.766
   0.740000   -2.693   93.671    3.167   73.125   93.014
   0.760000   -3.147   90.524    3.521   69.957   89.857
   0.780000   -3.563   86.962    3.970   66.437   86.315
   0.800000   -3.872   83.089    4.344   62.467   82.394
   0.820000   -4.289   78.800    4.779   58.124   78.078
   0.840000   -4.699   74.101    5.213   53.345   73.339
   0.860000   -5.117   68.984    5.524   48.132   68.174
   0.880000   -5.517   63.467    6.041   42.608   62.654
   0.900000   -5.961   57.506    6.361   36.567   56.653
   0.920000   -6.451   51.055    6.811   30.206   50.247
   0.940000   -6.748   44.308    7.197   23.395   43.468
   0.960000   -7.263   37.045    7.793   16.198   36.238
   0.980000   -7.648   29.397    8.405    8.405   28.517
   1.000000   -8.338   21.058    0.000    0.000   20.145

# Min energy-gap is:   -543.43
# Max energy-gap is:    586.49


# Part 2: Reaction free energy summary:
# Lambda(1)  bin Energy gap      dGa     dGb     dGg    # pts    c1**2    c2**2
   0.000000   45     462.20   453.55     0.00   -17.41     98    0.035    0.965
   0.000000   46     484.80   475.88     0.00   -16.68    225    0.032    0.968
   0.000000   47     507.39   498.61     0.00   -16.00    260    0.030    0.970
   0.000000   48     529.99   520.65     0.00   -15.36    181    0.027    0.973
   0.000000   49     552.59   543.25     0.00   -14.79     87    0.025    0.975
   0.020000   43     417.00   411.30     1.35   -17.70     52    0.042    0.958
   0.020000   44     439.60   431.84     0.91   -17.27    159    0.038    0.962
   0.020000   45     462.20   453.75     0.48   -16.92    257    0.035    0.965
   0.020000   46     484.80   475.81     0.06   -16.63    245    0.032    0.968
   0.020000   47     507.39   497.74    -0.37   -16.38    129    0.030    0.970
   0.020000   48     529.99   520.00    -0.82   -16.19     41    0.028    0.972
   0.040000   42     394.40   390.23     2.93   -17.07     89    0.046    0.954
   0.040000   43     417.00   410.49     2.07   -16.99    214    0.042    0.958
   0.040000   44     439.60   431.94     1.21   -16.99    275    0.038    0.962
   0.040000   45     462.20   453.91     0.31   -17.06    197    0.035    0.965
   0.040000   46     484.80   475.63    -0.55   -17.20     86    0.032    0.968
   0.060000   40     349.21   349.52     6.23   -16.05     32    0.056    0.944
   0.060000   41     371.80   369.39     4.89   -16.19    112    0.051    0.949
   0.060000   42     394.40   389.90     3.58   -16.44    231    0.046    0.954
   0.060000   43     417.00   410.84     2.26   -16.79    240    0.042    0.958
   0.060000   44     439.60   432.10     0.94   -17.23    169    0.038    0.962
   0.060000   45     462.20   453.12    -0.32   -17.72     80    0.035    0.965
   0.080000   39     326.61   329.27     8.83   -14.72     37    0.063    0.937
   0.080000   40     349.21   348.02     7.04   -15.17    144    0.057    0.943
   0.080000   41     371.80   369.28     5.27   -15.76    251    0.051    0.949
   0.080000   42     394.40   389.74     3.58   -16.43    275    0.047    0.953
   0.080000   43     417.00   410.37     1.94   -17.16    146    0.043    0.957
   0.080000   44     439.60   430.82     0.32   -17.99     33    0.039    0.961
   0.100000   38     304.01   307.92    11.85   -13.13     35    0.071    0.929
   0.100000   39     326.61   328.80     9.63   -13.89    154    0.063    0.937
   0.100000   40     349.21   349.10     7.42   -14.77    261    0.057    0.943
   0.100000   41     371.80   369.10     5.24   -15.78    259    0.051    0.949
   0.100000   42     394.40   389.36     3.13   -16.87    145    0.047    0.953
   0.100000   43     417.00   410.13     0.93   -18.11     37    0.042    0.958
   0.120000   37     281.41   293.22    15.10   -11.41     36    0.079    0.921
   0.120000   38     304.01   309.36    12.66   -12.30    156    0.071    0.929
   0.120000   39     326.61   329.54     9.94   -13.52    270    0.063    0.937
   0.120000   40     349.21   348.99     7.38   -14.81    284    0.057    0.943
   0.120000   41     371.80   368.69     4.87   -16.19    124    0.052    0.948
   0.140000   36     258.81   271.81    18.95    -9.40     53    0.090    0.910
   0.140000   37     281.41   290.67    16.03   -10.55    188    0.080    0.920
   0.140000   38     304.01   309.97    12.93   -12.01    289    0.071    0.929
   0.140000   39     326.61   329.29     9.83   -13.64    258    0.064    0.936
   0.140000   40     349.21   348.19     6.95   -15.26     94    0.058    0.942
   0.160000   35     236.21   256.77    23.27    -7.25     56    0.102    0.898
   0.160000   36     258.81   272.51    19.92    -8.57    180    0.091    0.909
   0.160000   37     281.41   290.99    16.26   -10.29    310    0.081    0.919
   0.160000   38     304.01   310.00    12.91   -12.08    232    0.072    0.928
   0.160000   39     326.61   328.61     9.19   -14.24     91    0.064    0.936
   0.180000   34     213.62   238.47    27.96    -5.00     42    0.118    0.882
   0.180000   35     236.21   254.26    23.84    -6.62    202    0.103    0.897
   0.180000   36     258.81   272.49    20.06    -8.36    333    0.092    0.908
   0.180000   37     281.41   291.01    16.31   -10.34    222    0.082    0.918
   0.180000   38     304.01   309.29    12.44   -12.63     82    0.072    0.928
   0.200000   33     191.02   218.50    32.95    -2.69     77    0.137    0.863
   0.200000   34     213.62   236.42    28.54    -4.34    206    0.119    0.881
   0.200000   35     236.21   254.43    24.13    -6.34    329    0.105    0.895
   0.200000   36     258.81   272.15    19.86    -8.53    209    0.093    0.907
   0.200000   37     281.41   290.35    15.80   -10.90     68    0.082    0.918
   0.220000   33     191.02   219.89    33.49    -2.14    179    0.137    0.863
   0.220000   34     213.62   236.85    28.65    -4.20    388    0.120    0.880
   0.220000   35     236.21   254.19    23.99    -6.51    244    0.106    0.894
   0.220000   36     258.81   271.69    19.54    -9.03     56    0.093    0.907
   0.240000   31     145.82   189.38    44.08     1.73     38    0.182    0.818
   0.240000   32     168.42   202.58    39.20     0.31    183    0.160    0.840
   0.240000   33     191.02   219.69    33.95    -1.74    318    0.139    0.861
   0.240000   34     213.62   236.69    28.67    -4.23    254    0.121    0.879
   0.240000   35     236.21   253.64    23.55    -7.07     96    0.106    0.894
   0.260000   31     145.82   186.94    44.93     2.53    135    0.184    0.816
   0.260000   32     168.42   203.21    39.47     0.63    327    0.161    0.839
   0.260000   33     191.02   219.68    33.84    -1.82    295    0.140    0.860
   0.260000   34     213.62   236.38    28.15    -4.77    107    0.122    0.878
   0.280000   30     123.22   171.11    51.75     4.85    133    0.218    0.782
   0.280000   31     145.82   187.37    45.51     3.01    314    0.187    0.813
   0.280000   32     168.42   203.59    39.49     0.63    307    0.162    0.838
   0.280000   33     191.02   219.31    33.28    -2.32    110    0.141    0.859
   0.300000   29     100.63   156.23    58.52     6.67     75    0.250    0.750
   0.300000   30     123.22   172.00    52.10     5.22    271    0.218    0.782
   0.300000   31     145.82   187.19    45.65     3.08    361    0.189    0.811
   0.300000   32     168.42   202.64    39.13     0.26    162    0.164    0.836
   0.320000   28      78.03   141.60    66.29     8.38     48    0.297    0.703
   0.320000   29     100.63   156.67    59.43     7.37    222    0.257    0.743
   0.320000   30     123.22   172.09    52.19     5.39    374    0.220    0.780
   0.320000   31     145.82   187.20    45.34     2.81    195    0.191    0.809
   0.320000   32     168.42   202.12    38.42    -0.31     48    0.166    0.834
   0.340000   28      78.03   143.82    66.89     9.03    116    0.296    0.704
   0.340000   29     100.63   157.47    59.46     7.57    357    0.257    0.743
   0.340000   30     123.22   171.93    52.19     5.31    321    0.223    0.777
   0.340000   31     145.82   186.34    45.04     2.42     95    0.193    0.807
   0.360000   27      55.43   129.41    75.25    10.38     51    0.346    0.654
   0.360000   28      78.03   143.21    67.39     9.49    292    0.300    0.700
   0.360000   29     100.63   157.24    59.53     7.63    384    0.260    0.740
   0.360000   30     123.22   171.16    52.09     5.12    144    0.227    0.773
   0.380000   27      55.43   129.94    76.05    11.02    153    0.349    0.651
   0.380000   28      78.03   143.51    67.55     9.69    360    0.302    0.698
   0.380000   29     100.63   157.17    59.28     7.42    305    0.262    0.738
   0.380000   30     123.22   170.73    51.43     4.40     65    0.227    0.773
   0.400000   26      32.83   118.15    84.92    11.97     43    0.401    0.599
   0.400000   27      55.43   130.21    76.37    11.41    318    0.352    0.648
   0.400000   28      78.03   143.45    67.76     9.78    388    0.307    0.693
   0.400000   29     100.63   156.65    59.13     7.15    143    0.266    0.734
   0.420000   26      32.83   118.60    85.56    12.54    182    0.402    0.598
   0.420000   27      55.43   130.33    76.43    11.53    392    0.353    0.647
   0.420000   28      78.03   143.04    67.74     9.61    267    0.311    0.689
   0.420000   29     100.63   155.99    58.57     6.47     38    0.267    0.733
   0.440000   25      10.23   108.84    95.56    13.12     35    0.457    0.543
   0.440000   26      32.83   118.39    85.97    12.91    290    0.406    0.594
   0.440000   27      55.43   130.56    76.39    11.49    432    0.355    0.645
   0.440000   28      78.03   142.68    67.54     9.36    135    0.314    0.686
   0.460000   25      10.23   106.48    96.42    13.73     85    0.461    0.539
   0.460000   26      32.83   118.72    86.06    13.11    393    0.408    0.592
   0.460000   27      55.43   130.20    76.16    11.34    345    0.359    0.641
   0.460000   28      78.03   142.36    66.54     8.50     64    0.313    0.687
   0.480000   24     -12.37    96.06   107.22    13.84     33    0.520    0.480
   0.480000   25      10.23   107.40    96.65    14.18    236    0.463    0.537
   0.480000   26      32.83   118.68    86.21    13.20    462    0.412    0.588
   0.480000   27      55.43   129.99    75.91    11.07    152    0.363    0.637
   0.500000   24     -12.37    97.41   108.11    14.55     77    0.523    0.477
   0.500000   25      10.23   107.71    97.06    14.44    403    0.468    0.532
   0.500000   26      32.83   118.54    86.32    13.16    361    0.417    0.583
   0.500000   27      55.43   129.29    76.65    10.85     57    0.368    0.632
   0.520000   24     -12.37    97.33   108.38    15.03    201    0.525    0.475
   0.520000   25      10.23   107.79    97.05    14.53    449    0.471    0.529
   0.520000   26      32.83   118.16    85.89    12.91    207    0.422    0.578
   0.540000   23     -34.96    88.58   120.64    14.97     80    0.583    0.417
   0.540000   24     -12.37    97.72   108.77    15.33    356    0.529    0.471
   0.540000   25      10.23   107.56    97.04    14.45    368    0.477    0.523
   0.540000   26      32.83   117.74    86.00    12.42     91    0.423    0.577
   0.560000   23     -34.96    88.24   121.07    15.41    208    0.587    0.413
   0.560000   24     -12.37    97.75   108.99    15.44    452    0.534    0.466
   0.560000   25      10.23   107.30    97.10    14.26    209    0.481    0.519
   0.580000   22     -57.56    79.36   134.21    14.86    102    0.641    0.359
   0.580000   23     -34.96    88.47   121.42    15.72    340    0.589    0.411
   0.580000   24     -12.37    97.60   108.69    15.32    357    0.537    0.463
   0.580000   25      10.23   106.51    97.54    13.83     84    0.486    0.514
   0.600000   21     -80.16    70.79   147.84    13.60     30    0.692    0.308
   0.600000   22     -57.56    79.79   134.70    15.30    237    0.645    0.355
   0.600000   23     -34.96    88.48   121.62    15.78    435    0.596    0.404
   0.600000   24     -12.37    97.24   108.68    15.04    183    0.542    0.458
   0.620000   21     -80.16    72.04   148.61    14.38    114    0.693    0.307
   0.620000   22     -57.56    80.20   134.92    15.59    361    0.647    0.353
   0.620000   23     -34.96    88.38   121.32    15.65    314    0.598    0.402
   0.620000   24     -12.37    96.87   107.46    14.41     96    0.542    0.458
   0.640000   20    -102.76    64.44   163.36    12.99     63    0.737    0.263
   0.640000   21     -80.16    72.57   149.21    14.85    263    0.696    0.304
   0.640000   22     -57.56    80.09   135.01    15.63    379    0.651    0.349
   0.640000   23     -34.96    87.93   120.93    15.31    160    0.602    0.398
   0.660000   19    -125.36    57.65   178.95    11.09     58    0.778    0.222
   0.660000   20    -102.76    65.05   164.13    13.46    223    0.743    0.257
   0.660000   21     -80.16    72.50   149.39    14.96    340    0.700    0.300
   0.660000   22     -57.56    79.99   135.05    15.39    215    0.655    0.345
   0.660000   23     -34.96    87.28   120.18    14.65     54    0.605    0.395
   0.680000   19    -125.36    58.25   179.54    11.81    160    0.778    0.222
   0.680000   20    -102.76    65.44   164.31    13.74    370    0.743    0.257
   0.680000   21     -80.16    72.29   149.54    14.76    294    0.704    0.296
   0.680000   22     -57.56    79.61   134.39    14.76     51    0.656    0.344
   0.700000   18    -147.96    52.11   195.38     9.90     78    0.812    0.188
   0.700000   19    -125.36    58.82   179.77    12.21    303    0.781    0.219
   0.700000   20    -102.76    65.35   164.44    13.72    375    0.745    0.255
   0.700000   21     -80.16    71.85   148.42    14.32    117    0.706    0.294
   0.720000   17    -170.55    47.34   211.87     8.45     60    0.836    0.164
   0.720000   18    -147.96    52.96   196.08    10.55    231    0.813    0.187
   0.720000   19    -125.36    58.91   180.06    12.31    354    0.784    0.216
   0.720000   20    -102.76    65.05   163.84    13.41    206    0.748    0.252
   0.720000   21     -80.16    71.12   148.26    13.60     43    0.708    0.292
   0.740000   16    -193.15    41.71   228.98     6.25     65    0.860    0.140
   0.740000   17    -170.55    47.37   212.65     8.78    210    0.839    0.161
   0.740000   18    -147.96    53.03   196.25    10.74    337    0.814    0.186
   0.740000   19    -125.36    58.69   179.86    12.10    238    0.785    0.215
   0.740000   20    -102.76    64.39   164.07    12.77     38    0.750    0.250
   0.760000   15    -215.75    37.40   246.98     4.58     68    0.878    0.122
   0.760000   16    -193.15    42.50   229.79     6.98    181    0.861    0.139
   0.760000   17    -170.55    47.56   212.85     8.97    330    0.841    0.159
   0.760000   18    -147.96    52.74   196.05    10.52    228    0.816    0.184
   0.760000   19    -125.36    58.28   179.25    11.54     73    0.785    0.215
   0.780000   15    -215.75    37.97   247.51     5.22    160    0.879    0.121
   0.780000   16    -193.15    42.70   230.14     7.23    317    0.862    0.138
   0.780000   17    -170.55    47.47   212.62     8.87    278    0.842    0.158
   0.780000   18    -147.96    52.20   195.17     9.99    101    0.818    0.182
   0.800000   14    -238.35    33.91   265.67     3.58    136    0.895    0.105
   0.800000   15    -215.75    38.32   248.10     5.57    309    0.881    0.119
   0.800000   16    -193.15    42.58   229.99     7.14    327    0.864    0.136
   0.800000   17    -170.55    46.80   212.40     8.33     92    0.845    0.155
   0.820000   13    -260.95    30.44   284.39     2.16    126    0.908    0.092
   0.820000   14    -238.35    34.37   266.25     4.00    301    0.896    0.104
   0.820000   15    -215.75    38.22   247.85     5.51    303    0.882    0.118
   0.820000   16    -193.15    42.15   229.64     6.74    129    0.865    0.135
   0.840000   12    -283.55    27.65   303.95     1.08    103    0.919    0.081
   0.840000   13    -260.95    31.04   284.97     2.69    309    0.909    0.091
   0.840000   14    -238.35    34.40   266.17     4.03    304    0.897    0.103
   0.840000   15    -215.75    37.91   247.48     5.15    140    0.883    0.117
   0.860000   11    -306.14    25.27   323.06     0.25     91    0.928    0.072
   0.860000   12    -283.55    28.11   304.17     1.55    273    0.919    0.081
   0.860000   13    -260.95    31.07   285.13     2.71    344    0.910    0.090
   0.860000   14    -238.35    33.98   266.87     3.63    153    0.899    0.101
   0.880000   10    -328.74    23.15   343.94    -0.42     91    0.936    0.064
   0.880000   11    -306.14    25.61   324.09     0.69    225    0.929    0.071
   0.880000   12    -283.55    28.17   304.26     1.65    302    0.920    0.080
   0.880000   13    -260.95    30.70   284.68     2.41    200    0.910    0.090
   0.880000   14    -238.35    33.31   265.25     2.95     57    0.899    0.101
   0.900000    9    -351.34    21.42   364.61    -0.80    120    0.943    0.057
   0.900000   10    -328.74    23.56   344.22     0.07    250    0.937    0.063
   0.900000   11    -306.14    25.72   324.19     0.79    312    0.929    0.071
   0.900000   12    -283.55    27.86   304.44     1.34    161    0.921    0.079
   0.900000   13    -260.95    30.06   283.56     1.69     43    0.911    0.089
   0.920000    8    -373.94    20.32   385.42    -0.77     68    0.949    0.051
   0.920000    9    -351.34    22.06   364.96    -0.20    201    0.943    0.057
   0.920000   10    -328.74    23.75   344.49     0.23    335    0.937    0.063
   0.920000   11    -306.14    25.44   324.16     0.52    216    0.930    0.070
   0.920000   12    -283.55    27.20   303.17     0.64     67    0.921    0.079
   0.940000    7    -396.54    19.72   407.11    -0.35     68    0.953    0.047
   0.940000    8    -373.94    20.95   386.48    -0.11    224    0.949    0.051
   0.940000    9    -351.34    22.29   365.29     0.03    308    0.943    0.057
   0.940000   10    -328.74    23.57   344.23     0.04    196    0.937    0.063
   0.940000   11    -306.14    24.84   322.96    -0.10     73    0.930    0.070
   0.960000    6    -419.14    19.51   429.30     0.40     60    0.958    0.042
   0.960000    7    -396.54    20.37   408.32     0.31    169    0.954    0.046
   0.960000    8    -373.94    21.24   386.68     0.12    307    0.949    0.051
   0.960000    9    -351.34    22.10   364.99    -0.17    260    0.944    0.056
   0.960000   10    -328.74    22.92   343.18    -0.57     73    0.938    0.062
   0.980000    4    -464.33    19.25   474.27     1.85     35    0.965    0.035
   0.980000    5    -441.73    19.70   452.20     1.47     96    0.962    0.038
   0.980000    6    -419.14    20.14   430.26     1.03    257    0.958    0.042
   0.980000    7    -396.54    20.57   408.30     0.50    266    0.954    0.046
   0.980000    8    -373.94    21.00   386.74    -0.10    169    0.949    0.051
   0.980000    9    -351.34    21.40   365.49    -0.76     58    0.945    0.055
   1.000000    3    -486.93    20.15   497.92     3.48     59    0.968    0.032
   1.000000    4    -464.33    20.15   475.05     2.67    135    0.965    0.035
   1.000000    5    -441.73    20.15   452.81     1.89    252    0.962    0.038
   1.000000    6    -419.14    20.15   430.43     1.03    264    0.958    0.042
   1.000000    7    -396.54    20.15   407.92     0.10    135    0.954    0.046
   1.000000    8    -373.94    20.15   385.96    -0.94     35    0.950    0.050


# Part 3: Bin-averaged summary:
# bin  energy gap  <dGg> <dGg norm> pts  <c1**2> <c2**2> <r_xy>
   3   -486.93     3.48    20.65     59   0.968   0.032   1.412
   4   -464.33     2.50    19.68    170   0.965   0.035   1.425
   5   -441.73     1.78    18.95    348   0.962   0.038   1.436
   6   -419.14     0.96    18.14    581   0.958   0.042   1.450
   7   -396.54     0.28    17.45    638   0.954   0.046   1.472
   8   -373.94    -0.11    17.07    803   0.949   0.051   1.494
   9   -351.34    -0.23    16.95    947   0.943   0.057   1.519
  10   -328.74     0.02    17.20    945   0.937   0.063   1.546
  11   -306.14     0.58    17.75    917   0.929   0.071   1.576
  12   -283.55     1.42    18.60    906   0.920   0.080   1.609
  13   -260.95     2.54    19.71   1022   0.909   0.091   1.644
  14   -238.35     3.83    21.00    951   0.897   0.103   1.680
  15   -215.75     5.37    22.54    980   0.881   0.119   1.725
  16   -193.15     7.03    24.21   1019   0.863   0.137   1.771
  17   -170.55     8.80    25.98    970   0.841   0.159   1.825
  18   -147.96    10.50    27.67    975   0.814   0.186   1.883
  19   -125.36    12.07    29.24   1186   0.782   0.218   1.949
  20   -102.76    13.57    30.74   1275   0.744   0.256   2.024
  21    -80.16    14.69    31.86   1201   0.700   0.300   2.109
  22    -57.56    15.43    32.60   1345   0.649   0.351   2.204
  23    -34.96    15.57    32.74   1591   0.594   0.406   2.314
  24    -12.37    15.18    32.36   1755   0.533   0.467   2.446
  25     10.23    14.33    31.50   1869   0.472   0.528   2.581
  26     32.83    12.98    30.16   2029   0.412   0.588   2.675
  27     55.43    11.34    28.52   1900   0.355   0.645   2.747
  28     78.03     9.51    26.68   1670   0.305   0.695   2.815
  29    100.63     7.41    24.59   1524   0.260   0.740   2.859
  30    123.22     5.20    22.38   1308   0.221   0.779   2.876
  31    145.82     2.85    20.03   1138   0.189   0.811   2.887
  32    168.42     0.47    17.65   1027   0.162   0.838   2.927
  33    191.02    -1.98    15.20    979   0.139   0.861   2.963
  34    213.62    -4.33    12.84    997   0.120   0.880   2.995
  35    236.21    -6.58    10.60    927   0.105   0.895   3.051
  36    258.81    -8.56     8.61    831   0.092   0.908   3.093
  37    281.41   -10.46     6.71    824   0.081   0.919   3.136
  38    304.01   -12.20     4.97    794   0.072   0.928   3.165
  39    326.61   -13.76     3.41    810   0.064   0.936   3.212
  40    349.21   -14.96     2.21    815   0.057   0.943   3.262
  41    371.80   -15.91     1.27    746   0.051   0.949   3.325
  42    394.40   -16.60     0.58    740   0.046   0.954   3.363
  43    417.00   -17.07     0.10    689   0.042   0.958   3.415
  44    439.60   -17.18     0.00    636   0.038   0.962   3.480
  45    462.20   -17.14     0.04    632   0.035   0.965   3.562
  46    484.80   -16.73     0.44    556   0.032   0.968   3.633
  47    507.39   -16.13     1.05    389   0.030   0.970   3.714
  48    529.99   -15.51     1.66    222   0.027   0.973   3.769
  49    552.59   -14.79     2.39     87   0.025   0.975   3.807


# Part 4: Termodynamic integration:
# lambda(1)      dGti    sum(dGti) 
   0.000000    0.000    0.000
   0.020000 -504.743    9.758
   0.040000 -471.103   18.859
   0.060000 -438.994   27.368
   0.080000 -411.878   35.316
   0.100000 -382.871   42.752
   0.120000 -360.754   49.719
   0.140000 -335.943   56.161
   0.160000 -308.246   62.096
   0.180000 -285.277   67.562
   0.200000 -261.296   72.529
   0.220000 -235.478   77.054
   0.240000 -216.954   81.182
   0.260000 -195.912   84.936
   0.280000 -179.419   88.288
   0.300000 -155.803   91.251
   0.320000 -140.486   93.885
   0.340000 -122.974   96.220
   0.360000 -110.518   98.279
   0.380000  -95.310  100.082
   0.400000  -85.049  101.645
   0.420000  -71.235  102.946
   0.440000  -58.853  104.036
   0.460000  -50.151  104.966
   0.480000  -42.807  105.696
   0.500000  -30.251  106.199
   0.520000  -19.982  106.502
   0.540000  -10.396  106.600
   0.560000    0.635  106.467
   0.580000   12.685  106.095
   0.600000   24.442  105.476
   0.620000   37.513  104.624
   0.640000   47.686  103.523
   0.660000   62.377  102.090
   0.680000   80.915  100.305
   0.700000   97.593   98.218
   0.720000  111.124   95.836
   0.740000  127.100   93.078
   0.760000  148.643   89.909
   0.780000  168.294   86.377
   0.800000  184.957   82.463
   0.820000  206.410   78.136
   0.840000  226.324   73.398
   0.860000  247.470   68.243
   0.880000  268.033   62.694
   0.900000  286.838   56.700
   0.920000  312.516   50.297
   0.940000  327.843   43.499
   0.960000  351.973   36.272
   0.980000  370.659   28.537
   1.000000  402.818   20.178


# Part 5: Overlap sampling Lu et al:
# lambda(1)      dG    sum(dG) 
   0.000000    0.000    0.000
   0.020000    9.754    9.754
   0.040000    9.098   18.853
   0.060000    8.527   27.379
   0.080000    7.925   35.304
   0.100000    7.436   42.740
   0.120000    6.960   49.700
   0.140000    6.437   56.137
   0.160000    5.939   62.076
   0.180000    5.457   67.533
   0.200000    4.970   72.503
   0.220000    4.509   77.012
   0.240000    4.140   81.152
   0.260000    3.750   84.902
   0.280000    3.354   88.256
   0.300000    2.957   91.213
   0.320000    2.641   93.854
   0.340000    2.325   96.179
   0.360000    2.059   98.238
   0.380000    1.805  100.043
   0.400000    1.557  101.600
   0.420000    1.303  102.903
   0.440000    1.085  103.988
   0.460000    0.932  104.920
   0.480000    0.730  105.650
   0.500000    0.499  106.149
   0.520000    0.307  106.455
   0.540000    0.098  106.553
   0.560000   -0.135  106.419
   0.580000   -0.366  106.052
   0.600000   -0.623  105.429
   0.620000   -0.846  104.583
   0.640000   -1.099  103.485
   0.660000   -1.424  102.060
   0.680000   -1.796  100.264
   0.700000   -2.085   98.179
   0.720000   -2.378   95.800
   0.740000   -2.754   93.046
   0.760000   -3.163   89.884
   0.780000   -3.538   86.346
   0.800000   -3.918   82.428
   0.820000   -4.322   78.106
   0.840000   -4.739   73.367
   0.860000   -5.160   68.207
   0.880000   -5.534   62.674
   0.900000   -5.997   56.676
   0.920000   -6.406   50.271
   0.940000   -6.789   43.482
   0.960000   -7.228   36.254
   0.980000   -7.725   28.528
   1.000000   -8.360   20.168


# lambda(1)      dG    sum(dG) 
# Part 6: BAR Bennet:
   0.000000    0.000    0.000
   0.020000    9.756    9.756
   0.040000    9.099   18.855
   0.060000    8.512   27.367
   0.080000    7.942   35.309
   0.100000    7.437   42.746
   0.120000    6.965   49.711
   0.140000    6.444   56.155
   0.160000    5.937   62.091
   0.180000    5.462   67.553
   0.200000    4.969   72.522
   0.220000    4.522   77.044
   0.240000    4.131   81.175
   0.260000    3.749   84.924
   0.280000    3.350   88.275
   0.300000    2.961   91.236
   0.320000    2.634   93.870
   0.340000    2.333   96.203
   0.360000    2.058   98.261
   0.380000    1.803  100.064
   0.400000    1.561  101.625
   0.420000    1.301  102.926
   0.440000    1.090  104.016
   0.460000    0.930  104.946
   0.480000    0.730  105.676
   0.500000    0.502  106.178
   0.520000    0.305  106.483
   0.540000    0.098  106.581
   0.560000   -0.133  106.448
   0.580000   -0.369  106.078
   0.600000   -0.619  105.459
   0.620000   -0.851  104.608
   0.640000   -1.100  103.508
   0.660000   -1.430  102.078
   0.680000   -1.786  100.292
   0.700000   -2.085   98.206
   0.720000   -2.381   95.825
   0.740000   -2.756   93.069
   0.760000   -3.167   89.903
   0.780000   -3.534   86.368
   0.800000   -3.915   82.453
   0.820000   -4.326   78.127
   0.840000   -4.740   73.387
   0.860000   -5.156   68.231
   0.880000   -5.543   62.688
   0.900000   -5.994   56.694
   0.920000   -6.405   50.289
   0.940000   -6.796   43.492
   0.960000   -7.225   36.267
   0.980000   -7.728   28.539
   1.000000   -8.352   20.188
