Starting job 5494465 on c11-46 at Fri Apr 22 21:18:44 CEST 2022

The following modules were not unloaded:
  (Use "module --force purge" to unload all):

  1) StdEnv

Task and CPU usage stats:
       JobID    JobName  AllocCPUS   NTasks     MinCPU MinCPUTask     AveCPU    Elapsed ExitCode 
------------ ---------- ---------- -------- ---------- ---------- ---------- ---------- -------- 
5494465          run.sh         20                                           1-14:47:56      0:0 
5494465.bat+      batch         20        1 1-14:46:44          0 1-14:46:44 1-14:47:56      0:0 
5494465.ext+     extern         20        1   00:00:00          0   00:00:00 1-14:47:56      0:0 

Memory usage stats:
       JobID     MaxRSS MaxRSSTask     AveRSS MaxPages   MaxPagesTask   AvePages 
------------ ---------- ---------- ---------- -------- -------------- ---------- 
5494465                                                                          
5494465.bat+     47352K          0     47352K        0              0          0 
5494465.ext+          0          0          0        0              0          0 

Disk usage stats:
       JobID  MaxDiskRead MaxDiskReadTask    AveDiskRead MaxDiskWrite MaxDiskWriteTask   AveDiskWrite 
------------ ------------ --------------- -------------- ------------ ---------------- -------------- 
5494465                                                                                               
5494465.bat+      174.84M               0        174.84M      826.81M                0        826.81M 
5494465.ext+        0.00M               0          0.00M            0                0              0 

Job 5494465 completed at Sun Apr 24 12:06:41 CEST 2022
