--------------------------------------------------------------------------------
Welcome to qfep version: 6.0.1
 
This version was compiled using: GCC version 11.2.0
 
And using the following compiler options: 
-cpp -D G95=1 -mtune=generic -march=x86-64 -O3 -Wall -Wtabs -std=legacy -funroll-loops -ffree-line-length-none -fcray-pointer -fall-intrinsics -fstack-protector

 
For command line options type qfep --help  or qcalc -h at the terminal.
 
If you are using the interactive mode and want to quit type "quit" or Ctrl-C.
--------------------------------------------------------------------------------
--> Number of energy files: # Number of files                                  =    51
--> No. of states, no. of predefined off-diag elements: # Number of states     =     2
# Number of off-diagonal elements                                              =     0
--> Give kT & num. of pts to skip & calculation mode: # kT                     = 0.592
# Number of data points to skip                                                =   100
# Only QQ interactions will be considered                                      =     0
--> Give number of gap-bins: # Number of gap-bins                              =    50
--> Give minimum # pts/bin: # Minimum number of points per bin                 =    30
--> Give alpha for state  2                                                     # Alpha for state  2              =-91.10
--> Number of off-diagonal elements: # Number of off-diagonal elements         =     1
#   i   j   A(i,j)  mu(i,j) eta(i,j) rxy0(i,j)
--> i, j, A_ij, mu_ij, eta_ij, r_xy0: #   1   2    91.40     0.00     0.00     0.00
--> linear combination of states defining reaction coord: # Linear combination coefficients=    1.00   -1.00


# Part 0: Average energies for all states in all files
# file             state   pts   lambda    EQtot   EQbond  EQang   EQtor   EQimp    EQel   EQvdW  Eel_qq  EvdW_qq Eel_qp  EvdW_qp Eel_qw EvdW_qw Eqrstr
--> Name of file number   1:                                                     
md_0000_1000.en        1    899 0.000000-2409.46-2400.30  100.17   32.74    5.81 -328.97  181.09   61.69  184.17 -302.79   -5.40  -87.88    2.32    0.00
md_0000_1000.en        2    899 1.000000-2798.97-2483.09   13.23   -6.54    1.30 -329.10    5.24   67.67    8.28 -310.24   -5.22  -86.53    2.17    0.00
--> Name of file number   2:                                                     
md_0020_0980.en        1    899 0.020000-2429.07-2402.82   97.28   31.76    5.79 -325.40  164.34   61.30  167.94 -308.47   -6.39  -78.23    2.78    0.00
md_0020_0980.en        2    899 0.980000-2795.05-2482.80   13.18   -6.62    1.51 -324.82    4.51   67.37    7.97 -315.05   -6.10  -77.13    2.64    0.00
--> Name of file number   3:                                                     
md_0040_0960.en        1    899 0.040000-2458.59-2404.98   88.13   30.21    5.67 -325.59  147.96   60.83  152.10 -302.43   -6.26  -83.98    2.12    0.00
md_0040_0960.en        2    899 0.960000-2793.30-2481.15   13.67   -5.87    1.55 -325.48    3.98   66.98    7.81 -309.66   -5.79  -82.80    1.97    0.00
--> Name of file number   4:                                                     
md_0060_0940.en        1    899 0.060000-2482.52-2407.91   82.15   28.22    5.19 -324.46  134.27   60.37  137.87 -298.35   -5.65  -86.47    2.05    0.00
md_0060_0940.en        2    899 0.940000-2790.36-2480.21   13.65   -5.55    1.44 -324.20    4.52   66.78    7.83 -305.45   -5.20  -85.54    1.89    0.00
--> Name of file number   5:                                                     
md_0080_0920.en        1    899 0.080000-2507.65-2410.25   77.99   27.50    4.87 -329.72  121.96   59.86  125.55 -304.47   -5.82  -85.11    2.23    0.00
md_0080_0920.en        2    899 0.920000-2793.48-2478.54   14.31   -5.71    1.37 -329.25    4.35   66.54    7.59 -312.06   -5.32  -83.73    2.09    0.00
--> Name of file number   6:                                                     
md_0100_0900.en        1    899 0.100000-2513.41-2411.98   76.20   27.57    4.54 -318.90  109.16   58.69  113.09 -309.48   -6.31  -68.12    2.37    0.00
md_0100_0900.en        2    899 0.900000-2779.09-2475.53   14.97   -5.52    1.28 -317.75    3.46   65.94    7.18 -316.69   -6.03  -67.00    2.31    0.00
--> Name of file number   7:                                                     
md_0120_0880.en        1    899 0.120000-2524.19-2414.87   72.95   27.21    3.98 -313.01   99.55   56.61  102.49 -302.94   -5.51  -66.68    2.57    0.00
md_0120_0880.en        2    899 0.880000-2770.74-2473.73   15.83   -5.88    1.08 -311.95    3.91   64.17    6.67 -309.52   -5.25  -66.60    2.49    0.00
--> Name of file number   8:                                                     
md_0140_0860.en        1    899 0.140000-2561.22-2417.53   67.76   25.13    4.24 -328.53   87.72   58.06   92.14 -295.44   -6.91  -91.16    2.48    0.00
md_0140_0860.en        2    899 0.860000-2782.17-2470.81   16.13   -4.91    1.50 -326.64    2.56   65.15    6.67 -302.91   -6.53  -88.88    2.42    0.00
--> Name of file number   9:                                                     
md_0160_0840.en        1    899 0.160000-2573.70-2420.62   64.74   23.88    3.56 -323.25   77.99   57.94   81.26 -297.66   -5.86  -83.54    2.59    0.00
md_0160_0840.en        2    899 0.840000-2773.71-2468.91   16.69   -4.79    1.19 -321.63    3.73   65.96    6.56 -305.61   -5.28  -81.97    2.45    0.00
--> Name of file number  10:                                                     
md_0180_0820.en        1    899 0.180000-2593.71-2422.96   60.45   22.42    3.47 -326.12   69.03   57.73   72.81 -304.22   -5.82  -79.62    2.04    0.00
md_0180_0820.en        2    899 0.820000-2770.39-2465.12   17.48   -3.95    1.28 -323.32    3.23   65.76    6.61 -311.63   -5.32  -77.44    1.95    0.00
--> Name of file number  11:                                                     
md_0200_0800.en        1    899 0.200000-2593.60-2424.62   57.32   22.00    3.31 -309.98   58.37   55.87   63.79 -304.67   -7.56  -61.17    2.15    0.00
md_0200_0800.en        2    899 0.800000-2750.76-2460.97   19.24   -3.69    1.36 -308.07    1.38   64.14    6.50 -312.72   -7.18  -59.49    2.06    0.00
--> Name of file number  12:                                                     
md_0220_0780.en        1    899 0.220000-2627.08-2428.01   53.10   20.15    3.27 -322.57   46.99   57.32   53.93 -314.80   -8.12  -65.09    1.18    0.00
md_0220_0780.en        2    899 0.780000-2760.65-2458.10   19.65   -3.10    1.53 -319.75   -0.89   65.09    5.85 -322.11   -7.75  -62.73    1.02    0.00
--> Name of file number  13:                                                     
md_0240_0760.en        1    899 0.240000-2642.10-2430.14   49.04   18.25    3.02 -322.88   40.62   57.50   46.66 -309.62   -7.38  -70.75    1.34    0.00
md_0240_0760.en        2    899 0.760000-2753.93-2453.97   20.57   -2.51    1.49 -319.83    0.32   65.43    6.08 -316.66   -6.99  -68.61    1.22    0.00
--> Name of file number  14:                                                     
md_0260_0740.en        1    899 0.260000-2656.43-2433.09   44.91   16.97    2.88 -324.82   36.72   57.29   41.94 -304.02   -6.94  -78.10    1.71    0.00
md_0260_0740.en        2    899 0.740000-2749.94-2450.91   21.64   -2.20    1.49 -321.72    1.76   65.49    6.54 -311.47   -6.39  -75.73    1.61    0.00
--> Name of file number  15:                                                     
md_0280_0720.en        1    899 0.280000-2669.50-2435.88   42.00   15.70    2.86 -324.59   30.41   57.19   35.34 -310.08   -6.84  -71.71    1.91    0.00
md_0280_0720.en        2    899 0.720000-2743.97-2446.91   22.89   -1.68    1.63 -321.84    1.93   65.62    6.45 -317.22   -6.37  -70.24    1.86    0.00
--> Name of file number  16:                                                     
md_0300_0700.en        1    899 0.300000-2682.88-2437.50   40.06   14.94    2.55 -328.30   25.36   56.59   31.26 -295.12   -6.81  -89.77    0.91    0.00
md_0300_0700.en        2    899 0.700000-2743.34-2443.40   24.59   -1.15    1.44 -325.54    0.72   65.41    6.33 -303.32   -6.38  -87.63    0.77    0.00
--> Name of file number  17:                                                     
md_0320_0680.en        1    899 0.320000-2695.36-2438.79   38.00   14.17    2.49 -332.61   21.39   56.75   26.82 -301.53   -7.29  -87.83    1.85    0.00
md_0320_0680.en        2    899 0.680000-2739.34-2439.04   26.45   -0.44    1.56 -329.04    1.17   65.65    6.28 -309.51   -6.89  -85.18    1.78    0.00
--> Name of file number  18:                                                     
md_0340_0660.en        1    899 0.340000-2698.09-2442.97   35.06   13.02    2.31 -323.54   18.04   56.07   23.46 -304.43   -6.93  -75.18    1.51    0.00
md_0340_0660.en        2    899 0.660000-2728.22-2437.78   26.82    0.06    1.46 -320.16    1.38   65.43    6.53 -312.24   -6.51  -73.35    1.35    0.00
--> Name of file number  19:                                                     
md_0360_0640.en        1    899 0.360000-2704.35-2444.99   33.11   11.59    2.14 -320.04   13.84   55.87   19.90 -311.79   -6.55  -64.13    0.49    0.00
md_0360_0640.en        2    899 0.640000-2719.37-2434.12   28.66    0.07    1.43 -316.15    0.74   65.35    6.53 -319.49   -6.13  -62.01    0.34    0.00
--> Name of file number  20:                                                     
md_0380_0620.en        1    899 0.380000-2716.09-2446.62   30.02   12.06    1.97 -324.27   10.76   53.83   16.87 -295.33   -7.46  -82.76    1.35    0.00
md_0380_0620.en        2    899 0.620000-2719.34-2430.79   29.84    0.24    1.34 -320.54    0.58   63.76    6.37 -302.82   -7.23  -81.49    1.45    0.00
--> Name of file number  21:                                                     
md_0400_0600.en        1    899 0.400000-2715.93-2449.87   28.05   12.14    1.98 -318.66   10.43   53.19   15.80 -290.02   -7.47  -81.83    2.10    0.00
md_0400_0600.en        2    899 0.600000-2707.40-2428.64   31.53    0.92    1.42 -315.00    2.37   63.48    7.43 -298.21   -7.07  -80.27    2.01    0.00
--> Name of file number  22:                                                     
md_0420_0580.en        1    899 0.420000-2729.86-2452.17   26.85   11.32    1.91 -328.76   10.99   53.96   15.27 -278.83   -5.77 -103.88    1.48    0.00
md_0420_0580.en        2    899 0.580000-2712.59-2426.96   32.63    1.07    1.43 -324.97    4.21   64.06    7.97 -287.17   -5.23 -101.87    1.48    0.00
--> Name of file number  23:                                                     
md_0440_0560.en        1    899 0.440000-2730.64-2454.73   25.30   11.02    2.06 -322.62    8.33   53.33   12.77 -276.49   -5.67  -99.46    1.23    0.00
md_0440_0560.en        2    899 0.560000-2700.68-2424.11   34.60    1.05    1.58 -318.21    4.42   63.82    8.40 -285.09   -5.13  -96.94    1.15    0.00
--> Name of file number  24:                                                     
md_0460_0540.en        1    899 0.460000-2747.59-2456.48   23.80   10.48    1.90 -334.94    7.65   52.62   11.44 -263.26   -5.43 -124.30    1.64    0.00
md_0460_0540.en        2    899 0.540000-2708.00-2420.98   35.27    1.23    1.53 -330.18    5.14   63.24    8.67 -271.76   -5.06 -121.66    1.53    0.00
--> Name of file number  25:                                                     
md_0480_0520.en        1    899 0.480000-2740.96-2460.24   21.00   10.04    1.71 -318.94    5.48   51.96   10.63 -245.45   -8.01 -125.46    2.86    0.00
md_0480_0520.en        2    899 0.520000-2688.15-2419.83   36.66    1.54    1.40 -313.27    5.36   62.65   10.05 -251.74   -7.49 -124.18    2.80    0.00
--> Name of file number  26:                                                     
md_0500_0500.en        1    899 0.500000-2746.70-2461.40   20.34    9.61    1.78 -321.89    4.84   52.81    9.45 -251.31   -8.08 -123.38    3.47    0.00
md_0500_0500.en        2    899 0.500000-2683.30-2417.03   39.61    2.46    1.55 -315.85    5.96   63.67   10.13 -257.43   -7.54 -122.09    3.36    0.00
--> Name of file number  27:                                                     
md_0520_0480.en        1    899 0.520000-2744.27-2463.77   17.91    9.59    1.59 -312.96    3.37   50.32    8.12 -256.54   -7.93 -106.73    3.19    0.00
md_0520_0480.en        2    899 0.480000-2666.59-2413.47   41.39    2.61    1.39 -306.09    7.58   61.78   12.01 -262.12   -7.46 -105.75    3.02    0.00
--> Name of file number  28:                                                     
md_0540_0460.en        1    899 0.540000-2754.39-2467.44   16.67    8.78    1.54 -315.71    1.77   51.37    7.56 -243.35  -10.30 -123.73    4.52    0.00
md_0540_0460.en        2    899 0.460000-2667.87-2413.08   42.27    2.92    1.40 -308.38    7.00   63.01   12.65 -248.95  -10.03 -122.45    4.39    0.00
--> Name of file number  29:                                                     
md_0560_0440.en        1    899 0.560000-2758.78-2469.83   15.82    8.66    1.56 -315.76    0.77   51.75    8.04 -240.67  -11.07 -126.83    3.80    0.00
md_0560_0440.en        2    899 0.440000-2664.46-2411.73   43.76    3.56    1.47 -308.31    6.79   63.31   13.98 -246.26  -10.90 -125.37    3.71    0.00
--> Name of file number  30:                                                     
md_0580_0420.en        1    899 0.580000-2758.57-2474.10   14.36    8.58    1.49 -310.21    1.31   51.54    8.33 -237.91  -10.59 -123.84    3.57    0.00
md_0580_0420.en        2    899 0.420000-2651.12-2410.60   46.33    4.42    1.45 -302.84   10.12   62.96   17.06 -243.09  -10.38 -122.71    3.44    0.00
--> Name of file number  31:                                                     
md_0600_0400.en        1    899 0.600000-2755.96-2478.45   13.22    7.87    1.35 -299.58   -0.37   49.60    6.56 -246.06  -10.15 -103.12    3.23    0.00
md_0600_0400.en        2    899 0.400000-2630.83-2407.00   48.86    4.67    1.35 -292.38   13.66   61.49   20.48 -250.80   -9.87 -103.07    3.05    0.00
--> Name of file number  32:                                                     
md_0620_0380.en        1    899 0.620000-2767.07-2482.39   12.25    7.92    1.50 -306.00   -0.35   50.22    6.74 -247.61   -9.65 -108.61    2.56    0.00
md_0620_0380.en        2    899 0.380000-2629.75-2405.62   50.67    5.33    1.55 -298.57   16.88   62.48   23.91 -253.42   -9.40 -107.63    2.38    0.00
--> Name of file number  33:                                                     
md_0640_0360.en        1    899 0.640000-2774.03-2485.06   11.94    7.94    1.38 -309.84   -0.39   50.49    6.81 -253.70   -9.59 -106.63    2.40    0.00
md_0640_0360.en        2    899 0.360000-2626.50-2403.61   52.58    5.70    1.46 -302.33   19.70   62.98   26.81 -259.02   -9.56 -106.29    2.46    0.00
--> Name of file number  34:                                                     
md_0660_0340.en        1    899 0.660000-2785.65-2490.15   10.92    7.51    1.43 -314.85   -0.52   50.81    6.82 -257.22  -10.25 -108.43    2.91    0.00
md_0660_0340.en        2    899 0.340000-2622.11-2401.80   55.32    6.22    1.57 -307.26   23.83   63.36   31.19 -262.96  -10.17 -107.66    2.81    0.00
--> Name of file number  35:                                                     
md_0680_0320.en        1    899 0.680000-2785.45-2495.10    9.88    7.28    1.63 -310.04    0.90   50.22    6.88 -246.39   -9.80 -113.88    3.81    0.00
md_0680_0320.en        2    899 0.320000-2604.69-2400.13   57.73    6.92    1.81 -302.37   31.35   63.13   37.28 -252.52   -9.61 -112.98    3.68    0.00
--> Name of file number  36:                                                     
md_0700_0300.en        1    899 0.700000-2789.93-2499.52    9.60    7.49    1.37 -307.95   -0.93   46.87    6.84 -242.62  -12.15 -112.20    4.37    0.00
md_0700_0300.en        2    899 0.300000-2589.68-2397.50   60.94    7.63    1.61 -299.79   37.42   60.85   45.21 -248.06  -12.04 -112.57    4.25    0.00
--> Name of file number  37:                                                     
md_0720_0280.en        1    899 0.720000-2790.16-2505.17    8.78    6.51    1.14 -299.40   -2.02   46.42    6.53 -213.81  -14.24 -132.01    5.69    0.00
md_0720_0280.en        2    899 0.280000-2570.85-2395.86   63.97    7.86    1.43 -291.31   43.05   60.27   51.47 -218.35  -13.94 -133.23    5.51    0.00
--> Name of file number  38:                                                     
md_0740_0260.en        1    899 0.740000-2795.36-2508.95    9.38    6.94    1.51 -301.53   -2.70   46.20    6.51 -210.16  -15.55 -137.58    6.33    0.00
md_0740_0260.en        2    899 0.260000-2551.80-2392.24   70.03    8.99    1.81 -291.75   51.37   60.50   60.45 -213.02  -15.24 -139.23    6.15    0.00
--> Name of file number  39:                                                     
md_0760_0240.en        1    899 0.760000-2801.32-2514.41    8.07    6.64    1.48 -301.93   -1.17   44.59    6.33 -209.31  -15.16 -137.21    7.67    0.00
md_0760_0240.en        2    899 0.240000-2533.60-2391.10   74.49    9.79    1.84 -291.27   62.65   59.91   69.96 -212.14  -14.83 -139.03    7.51    0.00
--> Name of file number  40:                                                     
md_0780_0220.en        1    899 0.780000-2806.27-2517.88    8.85    6.34    1.58 -302.14   -3.02   44.22    5.91 -205.60  -15.04 -140.77    6.11    0.00
md_0780_0220.en        2    899 0.220000-2518.78-2388.02   79.04   10.46    1.94 -291.35   69.16   59.94   77.89 -208.48  -14.65 -142.81    5.92    0.00
--> Name of file number  41:                                                     
md_0800_0200.en        1    899 0.800000-2807.77-2521.74    8.57    5.44    1.40 -297.35   -4.09   44.01    5.98 -192.29  -15.92 -149.07    5.85    0.00
md_0800_0200.en        2    899 0.200000-2499.66-2385.77   82.61   10.89    1.81 -284.76   75.55   59.83   85.62 -193.70  -15.72 -150.89    5.65    0.00
--> Name of file number  42:                                                     
md_0820_0180.en        1    899 0.820000-2809.91-2524.73    9.27    5.34    1.52 -297.87   -3.44   43.73    6.00 -197.72  -16.35 -143.88    6.91    0.00
md_0820_0180.en        2    899 0.180000-2480.50-2382.44   85.20   10.81    1.94 -282.73   86.73   60.56   96.23 -198.03  -16.19 -145.26    6.68    0.00
--> Name of file number  43:                                                     
md_0840_0160.en        1    899 0.840000-2811.88-2528.60    8.05    6.06    2.03 -296.75   -2.67   47.31    5.56 -198.08  -14.93 -145.98    6.70    0.00
md_0840_0160.en        2    899 0.160000-2464.88-2380.25   84.09   11.34    2.45 -280.32   97.82   63.98  106.12 -198.86  -14.74 -145.44    6.44    0.00
--> Name of file number  44:                                                     
md_0860_0140.en        1    899 0.860000-2817.88-2531.57    8.36    4.50    1.66 -297.88   -2.94   41.99    5.55 -188.42  -15.70 -151.45    7.21    0.00
md_0860_0140.en        2    899 0.140000-2438.58-2377.37   96.39   12.48    2.10 -280.90  108.72   60.12  117.34 -187.90  -15.56 -153.11    6.94    0.00
--> Name of file number  45:                                                     
md_0880_0120.en        1    899 0.880000-2819.38-2534.01    8.65    3.51    1.37 -295.99   -2.91   39.76    5.91 -194.75  -15.73 -141.00    6.91    0.00
md_0880_0120.en        2    899 0.120000-2412.34-2375.09  107.53   14.09    1.82 -279.73  119.03   58.79  127.95 -193.48  -15.63 -145.04    6.70    0.00
--> Name of file number  46:                                                     
md_0900_0100.en        1    899 0.900000-2820.55-2535.52    9.02    2.87    1.44 -294.77   -3.59   39.41    5.95 -195.92  -16.22 -138.26    6.68    0.00
md_0900_0100.en        2    899 0.100000-2386.83-2371.81  116.21   15.22    1.90 -277.60  129.25   58.83  138.89 -195.08  -16.13 -141.35    6.49    0.00
--> Name of file number  47:                                                     
md_0920_0080.en        1    899 0.920000-2822.03-2537.95    8.44    2.37    1.22 -293.39   -2.72   39.22    6.35 -187.33  -16.44 -145.28    7.36    0.00
md_0920_0080.en        2    899 0.080000-2371.52-2370.55  118.72   15.13    1.70 -277.69  141.17   58.81  149.98 -188.26  -15.96 -148.24    7.15    0.00
--> Name of file number  48:                                                     
md_0940_0060.en        1    899 0.940000-2822.16-2538.05    8.89    1.46    1.50 -293.02   -2.93   38.24    6.68 -200.86  -16.42 -130.40    6.81    0.00
md_0940_0060.en        2    899 0.060000-2342.34-2366.87  130.96   16.50    1.97 -277.55  152.63   58.60  161.88 -202.27  -15.88 -133.88    6.63    0.00
--> Name of file number  49:                                                     
md_0960_0040.en        1    899 0.960000-2817.52-2539.03    9.94   -0.49    1.35 -285.97   -3.32   36.80    7.21 -217.23  -15.71 -105.54    5.19    0.00
md_0960_0040.en        2    899 0.040000-2298.58-2364.01  152.55   19.00    1.84 -270.34  162.38   58.28  172.70 -219.51  -15.33 -109.11    5.01    0.00
--> Name of file number  50:                                                     
md_0980_0020.en        1    899 0.980000-2811.95-2540.71   10.25   -2.15    2.20 -276.85   -4.69   37.20    7.67 -209.09  -18.20 -104.96    5.83    0.00
md_0980_0020.en        2    899 0.020000-2252.24-2362.91  174.74   20.83    2.72 -259.02  171.41   59.83  183.81 -211.12  -18.03 -107.73    5.64    0.00
--> Name of file number  51:                                                     
md_1000_0000.en        1    899 1.000000-2812.81-2541.25   10.22   -2.97    2.41 -275.45   -5.76   37.49    9.02 -203.15  -20.00 -109.79    5.22    0.00
md_1000_0000.en        2    899 0.000000-2234.34-2360.53  175.39   22.76    2.93 -256.90  182.02   60.00  196.81 -204.40  -19.81 -112.49    5.02    0.00


# Part 1: Free energy perturbation summary:
# lambda(1)      dGf sum(dGf)      dGr sum(dGr)     <dG>
   0.000000    0.000    0.000   -9.395  -15.533    0.000
   0.020000    9.333    9.333   -8.755   -6.138    9.364
   0.040000    8.904   18.238   -8.200    2.616   18.194
   0.060000    8.282   26.520   -7.730   10.816   26.434
   0.080000    7.767   34.287   -7.351   18.546   34.183
   0.100000    7.337   41.624   -6.952   25.897   41.527
   0.120000    6.931   48.555   -6.459   32.850   48.469
   0.140000    6.562   55.117   -6.054   39.309   54.980
   0.160000    6.036   61.153   -5.557   45.363   61.025
   0.180000    5.619   66.773   -5.169   50.920   66.613
   0.200000    5.149   71.922   -4.684   56.088   71.772
   0.220000    4.767   76.688   -4.202   60.772   76.497
   0.240000    4.307   80.996   -3.827   64.975   80.752
   0.260000    3.920   84.915   -3.466   68.802   84.625
   0.280000    3.563   88.478   -3.179   72.267   88.139
   0.300000    3.158   91.636   -2.863   75.446   91.308
   0.320000    2.893   94.529   -2.557   78.309   94.185
   0.340000    2.545   97.074   -2.269   80.866   96.736
   0.360000    2.295   99.369   -2.006   83.135   99.019
   0.380000    1.982  101.351   -1.757   85.142  101.013
   0.400000    1.778  103.129   -1.573   86.899  102.780
   0.420000    1.547  104.676   -1.332   88.472  104.340
   0.440000    1.384  106.060   -1.129   89.804  105.698
   0.460000    1.122  107.182   -0.852   90.933  106.824
   0.480000    0.929  108.111   -0.666   91.784  107.714
   0.500000    0.682  108.793   -0.377   92.450  108.389
   0.520000    0.446  109.239   -0.187   92.827  108.800
   0.540000    0.159  109.398   -0.041   93.014  108.973
   0.560000   -0.005  109.393    0.211   93.055  108.991
   0.580000   -0.175  109.218    0.563   92.844  108.798
   0.600000   -0.448  108.770    0.806   92.281  108.292
   0.620000   -0.806  107.964    0.971   91.475  107.487
   0.640000   -1.051  106.913    1.315   90.505  106.476
   0.660000   -1.302  105.611    1.646   89.190  105.167
   0.680000   -1.589  104.022    1.993   87.544  103.549
   0.700000   -1.951  102.071    2.403   85.551  101.578
   0.720000   -2.373   99.699    2.882   83.148   99.190
   0.740000   -2.732   96.967    3.371   80.266   96.383
   0.760000   -3.231   93.736    3.732   76.895   93.082
   0.780000   -3.693   90.043    4.167   73.163   89.370
   0.800000   -4.133   85.910    4.538   68.996   85.220
   0.820000   -4.521   81.389    4.934   64.458   80.690
   0.840000   -4.987   76.402    5.578   59.523   75.730
   0.860000   -5.295   71.108    6.095   53.945   70.293
   0.880000   -5.956   65.151    6.628   47.851   64.268
   0.900000   -6.539   58.613    6.976   41.223   57.685
   0.920000   -7.092   51.520    7.521   34.247   50.650
   0.940000   -7.420   44.101    8.234   26.727   43.180
   0.960000   -8.045   36.056    9.061   18.493   35.041
   0.980000   -8.880   27.176    9.431    9.431   26.070
   1.000000   -9.646   17.529    0.000    0.000   16.531

# Min energy-gap is:   -572.78
# Max energy-gap is:    574.96


# Part 2: Reaction free energy summary:
# Lambda(1)  bin Energy gap      dGa     dGb     dGg    # pts    c1**2    c2**2
   0.000000   44     425.75   417.15     0.00   -18.74     51    0.040    0.960
   0.000000   45     448.70   439.21     0.00   -17.93    157    0.037    0.963
   0.000000   46     471.66   462.46     0.00   -17.12    266    0.034    0.966
   0.000000   47     494.61   485.14     0.00   -16.42    244    0.031    0.969
   0.000000   48     517.57   508.32     0.00   -15.73    125    0.029    0.971
   0.000000   49     540.52   530.83     0.00   -15.15     41    0.027    0.973
   0.020000   43     402.80   395.17     1.25   -18.42     40    0.044    0.956
   0.020000   44     425.75   417.41     0.79   -17.92    165    0.040    0.960
   0.020000   45     448.70   440.07     0.37   -17.52    297    0.037    0.963
   0.020000   46     471.66   462.34    -0.08   -17.18    247    0.034    0.966
   0.020000   47     494.61   484.66    -0.50   -16.91    109    0.031    0.969
   0.020000   48     517.57   507.27    -0.95   -16.68     33    0.029    0.971
   0.040000   42     379.84   374.45     2.83   -17.83     81    0.049    0.951
   0.040000   43     402.80   396.40     1.99   -17.69    211    0.045    0.955
   0.040000   44     425.75   418.22     1.12   -17.63    307    0.041    0.959
   0.040000   45     448.70   440.11     0.24   -17.66    192    0.037    0.963
   0.040000   46     471.66   461.63    -0.60   -17.75     87    0.034    0.966
   0.060000   41     356.89   354.55     4.78   -17.04     94    0.054    0.946
   0.060000   42     379.84   374.81     3.44   -17.23    238    0.049    0.951
   0.060000   43     402.80   396.49     2.18   -17.51    310    0.045    0.955
   0.060000   44     425.75   417.80     0.85   -17.89    181    0.041    0.959
   0.060000   45     448.70   439.27    -0.40   -18.33     54    0.038    0.962
   0.080000   40     333.93   333.75     7.12   -15.97     68    0.061    0.939
   0.080000   41     356.89   354.41     5.35   -16.47    231    0.055    0.945
   0.080000   42     379.84   375.32     3.60   -17.09    340    0.050    0.950
   0.080000   43     402.80   396.13     1.88   -17.79    191    0.045    0.955
   0.080000   44     425.75   417.22     0.25   -18.56     49    0.041    0.959
   0.100000   39     310.98   314.71     9.85   -14.59     55    0.068    0.932
   0.100000   40     333.93   334.18     7.67   -15.37    244    0.061    0.939
   0.100000   41     356.89   354.25     5.59   -16.24    299    0.055    0.945
   0.100000   42     379.84   375.04     3.28   -17.36    220    0.050    0.950
   0.100000   43     402.80   395.52     1.10   -18.51     61    0.045    0.955
   0.120000   38     288.02   296.00    13.09   -12.89     43    0.076    0.924
   0.120000   39     310.98   314.76    10.54   -13.91    191    0.068    0.932
   0.120000   40     333.93   334.42     7.91   -15.13    324    0.061    0.939
   0.120000   41     356.89   354.41     5.35   -16.46    247    0.055    0.945
   0.120000   42     379.84   374.84     2.76   -17.91     76    0.050    0.950
   0.140000   37     265.07   276.16    17.15   -10.78     60    0.087    0.913
   0.140000   38     288.02   295.31    13.92   -12.13    216    0.077    0.923
   0.140000   39     310.98   314.75    10.86   -13.60    317    0.069    0.931
   0.140000   40     333.93   334.31     7.78   -15.26    211    0.062    0.938
   0.140000   41     356.89   353.92     4.83   -17.01     78    0.056    0.944
   0.160000   36     242.11   258.70    21.08    -8.72     57    0.098    0.902
   0.160000   37     265.07   276.44    17.74   -10.13    203    0.088    0.912
   0.160000   38     288.02   295.59    14.23   -11.85    310    0.078    0.922
   0.160000   39     310.98   314.49    10.74   -13.74    224    0.070    0.930
   0.160000   40     333.93   333.95     7.12   -15.90     82    0.062    0.938
   0.180000   35     219.16   239.60    26.00    -6.24     55    0.115    0.885
   0.180000   36     242.11   258.01    22.01    -7.92    185    0.100    0.900
   0.180000   37     265.07   276.59    17.99    -9.86    325    0.088    0.912
   0.180000   38     288.02   295.13    14.04   -12.01    241    0.079    0.921
   0.180000   39     310.98   314.04    10.01   -14.42     77    0.070    0.930
   0.200000   34     196.20   225.47    31.00    -3.87     37    0.130    0.870
   0.200000   35     219.16   240.18    26.67    -5.56    171    0.115    0.885
   0.200000   36     242.11   258.60    22.22    -7.66    318    0.101    0.899
   0.200000   37     265.07   276.52    17.83   -10.01    263    0.089    0.911
   0.200000   38     288.02   294.70    13.31   -12.68     86    0.079    0.921
   0.220000   33     173.25   205.35    36.72    -1.32     38    0.152    0.848
   0.220000   34     196.20   223.14    31.86    -3.07    187    0.132    0.868
   0.220000   35     219.16   240.68    27.04    -5.24    316    0.116    0.884
   0.220000   36     242.11   258.30    22.28    -7.68    246    0.102    0.898
   0.220000   37     265.07   276.21    17.35   -10.52     99    0.090    0.910
   0.240000   33     173.25   206.35    37.40    -0.64    148    0.152    0.848
   0.240000   34     196.20   223.34    32.11    -2.77    362    0.134    0.866
   0.240000   35     219.16   240.35    27.03    -5.24    287    0.118    0.882
   0.240000   36     242.11   257.53    21.68    -8.22     78    0.103    0.897
   0.260000   32     150.29   190.16    43.51     1.87     97    0.178    0.822
   0.260000   33     173.25   206.95    37.86    -0.20    335    0.155    0.845
   0.260000   34     196.20   223.12    32.20    -2.74    356    0.136    0.864
   0.260000   35     219.16   239.88    26.64    -5.68     88    0.119    0.881
   0.280000   31     127.34   173.76    50.48     4.44     92    0.211    0.789
   0.280000   32     150.29   190.40    44.11     2.42    280    0.181    0.819
   0.280000   33     173.25   206.57    38.12     0.00    340    0.158    0.842
   0.280000   34     196.20   223.00    31.92    -3.03    156    0.137    0.863
   0.300000   30     104.38   159.27    57.44     6.55     33    0.242    0.758
   0.300000   31     127.34   174.48    50.93     4.98    212    0.212    0.788
   0.300000   32     150.29   190.40    44.22     2.55    390    0.183    0.817
   0.300000   33     173.25   206.21    37.67    -0.41    201    0.158    0.842
   0.300000   34     196.20   222.19    31.43    -3.67     62    0.138    0.862
   0.320000   30     104.38   159.65    58.29     7.35    161    0.248    0.752
   0.320000   31     127.34   175.09    51.27     5.32    329    0.214    0.786
   0.320000   32     150.29   190.41    44.00     2.34    300    0.183    0.817
   0.320000   33     173.25   205.92    36.97    -1.09     82    0.158    0.842
   0.340000   29      81.43   146.09    66.35     9.44     57    0.289    0.711
   0.340000   30     104.38   160.21    58.62     7.71    314    0.248    0.752
   0.340000   31     127.34   175.19    51.09     5.19    361    0.215    0.785
   0.340000   32     150.29   190.26    43.65     2.01    141    0.186    0.814
   0.360000   29      81.43   145.79    66.91    10.07    202    0.294    0.706
   0.360000   30     104.38   160.47    58.86     7.93    386    0.252    0.748
   0.360000   31     127.34   174.70    51.12     5.12    229    0.219    0.781
   0.360000   32     150.29   189.66    43.31     1.44     47    0.186    0.814
   0.380000   28      58.47   132.54    75.76    11.88     60    0.341    0.659
   0.380000   29      81.43   146.55    67.24    10.36    375    0.294    0.706
   0.380000   30     104.38   160.41    58.83     7.89    344    0.255    0.745
   0.380000   31     127.34   174.12    50.76     4.75    105    0.222    0.778
   0.400000   28      58.47   133.46    76.07    12.37    193    0.341    0.659
   0.400000   29      81.43   146.71    67.43    10.48    437    0.296    0.704
   0.400000   30     104.38   160.15    58.36     7.49    224    0.256    0.744
   0.420000   27      35.52   120.74    85.71    13.92     42    0.393    0.607
   0.420000   28      58.47   133.68    76.50    12.72    317    0.344    0.656
   0.420000   29      81.43   146.56    67.10    10.35    434    0.299    0.701
   0.420000   30     104.38   159.51    58.46     7.24     95    0.260    0.740
   0.440000   27      35.52   121.71    86.31    14.49    189    0.395    0.605
   0.440000   28      58.47   133.90    76.64    12.89    424    0.347    0.653
   0.440000   29      81.43   146.28    67.18    10.28    230    0.304    0.696
   0.440000   30     104.38   158.84    57.06     6.30     42    0.262    0.738
   0.460000   26      12.57   111.95    97.17    15.68     54    0.451    0.549
   0.460000   27      35.52   122.12    86.74    14.86    287    0.399    0.601
   0.460000   28      58.47   133.94    76.67    12.86    423    0.351    0.649
   0.460000   29      81.43   145.89    66.71     9.83    126    0.307    0.693
   0.480000   26      12.57   110.93    97.48    16.22    165    0.457    0.543
   0.480000   27      35.52   122.24    87.00    15.04    475    0.404    0.596
   0.480000   28      58.47   133.62    76.49    12.68    233    0.355    0.645
   0.500000   25     -10.39   100.23   109.12    16.91     56    0.513    0.487
   0.500000   26      12.57   111.05    97.98    16.60    311    0.461    0.539
   0.500000   27      35.52   121.91    86.81    15.01    404    0.409    0.591
   0.500000   28      58.47   133.24    76.64    12.36    114    0.356    0.644
   0.520000   25     -10.39   100.85   109.61    17.42    196    0.521    0.479
   0.520000   26      12.57   111.07    98.07    16.76    422    0.466    0.534
   0.520000   27      35.52   122.02    86.62    14.70    232    0.410    0.590
   0.540000   24     -33.34    90.38   122.14    17.38     43    0.581    0.419
   0.540000   25     -10.39   100.96   109.98    17.75    328    0.522    0.478
   0.540000   26      12.57   111.09    98.00    16.68    422    0.469    0.531
   0.540000   27      35.52   121.29    85.80    14.12     98    0.413    0.587
   0.560000   24     -33.34    92.09   122.91    18.09    122    0.582    0.418
   0.560000   25     -10.39   101.37   110.05    17.92    417    0.524    0.476
   0.560000   26      12.57   111.03    98.07    16.47    283    0.471    0.529
   0.560000   27      35.52   120.80    87.35    14.05     66    0.419    0.581
   0.580000   23     -56.30    83.35   136.20    17.80     56    0.637    0.363
   0.580000   24     -33.34    92.03   123.14    18.52    282    0.585    0.415
   0.580000   25     -10.39   101.19   110.21    17.96    393    0.530    0.470
   0.580000   26      12.57   110.47    97.88    16.16    152    0.476    0.524
   0.600000   22     -79.25    75.94   149.93    17.05     35    0.683    0.317
   0.600000   23     -56.30    83.08   136.85    18.26    237    0.642    0.358
   0.600000   24     -33.34    92.22   123.38    18.66    375    0.588    0.412
   0.600000   25     -10.39   101.05   109.88    17.68    232    0.533    0.467
   0.620000   22     -79.25    75.66   151.23    17.41    101    0.692    0.308
   0.620000   23     -56.30    83.51   137.00    18.56    348    0.644    0.356
   0.620000   24     -33.34    91.87   123.25    18.52    359    0.593    0.407
   0.620000   25     -10.39   100.58   109.93    17.12     75    0.536    0.464
   0.640000   21    -102.21    67.77   166.08    16.03     55    0.738    0.262
   0.640000   22     -79.25    75.74   151.65    17.88    204    0.695    0.305
   0.640000   23     -56.30    83.63   137.15    18.67    353    0.646    0.354
   0.640000   24     -33.34    91.72   122.68    18.18    234    0.594    0.406
   0.640000   25     -10.39    99.72   110.29    16.55     45    0.541    0.459
   0.660000   21    -102.21    68.67   166.59    16.82    149    0.738    0.262
   0.660000   22     -79.25    75.96   151.77    18.15    347    0.697    0.303
   0.660000   23     -56.30    83.52   137.04    18.50    306    0.650    0.350
   0.660000   24     -33.34    90.95   123.10    17.69     72    0.601    0.399
   0.680000   20    -125.16    62.01   182.54    15.27    101    0.778    0.222
   0.680000   21    -102.21    68.93   167.12    17.11    314    0.742    0.258
   0.680000   22     -79.25    75.90   151.60    18.12    336    0.700    0.300
   0.680000   23     -56.30    83.25   136.37    18.02    127    0.651    0.349
   0.700000   19    -148.12    55.61   198.67    13.42     95    0.810    0.190
   0.700000   20    -125.16    62.17   183.10    15.63    265    0.781    0.219
   0.700000   21    -102.21    68.85   167.11    17.17    334    0.744    0.256
   0.700000   22     -79.25    75.48   151.40    17.76    146    0.704    0.296
   0.700000   23     -56.30    82.41   135.23    17.25     41    0.655    0.345
   0.720000   18    -171.07    49.96   215.90    11.42     67    0.839    0.161
   0.720000   19    -148.12    56.44   199.32    14.04    242    0.812    0.188
   0.720000   20    -125.16    62.32   183.24    15.78    347    0.782    0.218
   0.720000   21    -102.21    68.53   166.84    16.84    203    0.748    0.252
   0.740000   17    -194.03    44.57   233.15     9.34     78    0.862    0.138
   0.740000   18    -171.07    50.58   216.40    12.07    258    0.840    0.160
   0.740000   19    -148.12    56.41   199.59    14.11    328    0.814    0.186
   0.740000   20    -125.16    62.02   182.88    15.47    194    0.785    0.215
   0.740000   21    -102.21    67.58   167.21    16.12     31    0.753    0.247
   0.760000   16    -216.98    40.26   251.01     7.59     80    0.880    0.120
   0.760000   17    -194.03    45.38   233.86    10.03    269    0.863    0.137
   0.760000   18    -171.07    50.54   216.41    12.10    346    0.842    0.158
   0.760000   19    -148.12    55.87   199.46    13.70    165    0.818    0.182
   0.760000   20    -125.16    61.17   184.01    14.70     31    0.789    0.211
   0.780000   15    -239.94    35.61   269.63     5.47     55    0.897    0.103
   0.780000   16    -216.98    40.56   251.46     8.02    239    0.881    0.119
   0.780000   17    -194.03    45.41   234.20    10.13    345    0.864    0.136
   0.780000   18    -171.07    50.29   216.79    11.84    194    0.843    0.157
   0.780000   19    -148.12    55.07   199.78    12.97     44    0.821    0.179
   0.800000   14    -262.89    32.28   287.91     4.09     51    0.908    0.092
   0.800000   15    -239.94    36.31   269.80     6.19    207    0.896    0.104
   0.800000   16    -216.98    40.68   251.62     8.16    354    0.883    0.117
   0.800000   17    -194.03    45.19   233.54     9.91    223    0.865    0.135
   0.800000   18    -171.07    49.67   215.06    11.19     52    0.844    0.156
   0.820000   13    -285.85    28.57   307.45     2.35     63    0.920    0.080
   0.820000   14    -262.89    32.46   288.83     4.43    203    0.910    0.090
   0.820000   15    -239.94    36.65   270.32     6.46    314    0.897    0.103
   0.820000   16    -216.98    40.61   251.51     8.05    223    0.883    0.117
   0.820000   17    -194.03    44.79   232.64     9.36     75    0.865    0.135
   0.840000   13    -285.85    29.64   307.61     3.25    166    0.920    0.080
   0.840000   14    -262.89    32.93   289.25     4.83    325    0.910    0.090
   0.840000   15    -239.94    36.53   270.00     6.33    269    0.898    0.102
   0.840000   16    -216.98    40.03   250.98     7.46     95    0.884    0.116
   0.860000   11    -331.76    23.73   347.42     0.40     68    0.937    0.063
   0.860000   12    -308.80    26.61   327.75     1.95    239    0.930    0.070
   0.860000   13    -285.85    29.77   308.36     3.44    327    0.921    0.079
   0.860000   14    -262.89    32.80   288.77     4.67    200    0.911    0.089
   0.860000   15    -239.94    35.82   270.49     5.65     50    0.900    0.100
   0.880000   10    -354.71    21.44   368.25    -0.48    122    0.944    0.056
   0.880000   11    -331.76    24.12   348.13     0.89    257    0.937    0.063
   0.880000   12    -308.80    26.68   327.78     2.05    287    0.930    0.070
   0.880000   13    -285.85    29.34   308.10     3.09    170    0.922    0.078
   0.880000   14    -262.89    32.00   289.52     3.92     40    0.912    0.088
   0.900000    8    -400.62    17.78   409.50    -2.08     39    0.954    0.046
   0.900000    9    -377.66    19.75   389.07    -1.04    127    0.950    0.050
   0.900000   10    -354.71    21.98   368.39     0.02    285    0.944    0.056
   0.900000   11    -331.76    24.19   348.04     0.94    252    0.938    0.062
   0.900000   12    -308.80    26.37   328.06     1.70    163    0.931    0.069
   0.920000    8    -400.62    18.53   410.37    -1.24     99    0.954    0.046
   0.920000    9    -377.66    20.34   389.55    -0.51    254    0.950    0.050
   0.920000   10    -354.71    22.03   368.55     0.07    292    0.944    0.056
   0.920000   11    -331.76    23.79   347.21     0.55    189    0.938    0.062
   0.920000   12    -308.80    25.54   326.68     0.88     52    0.931    0.069
   0.940000    6    -446.53    16.38   453.73    -1.58     40    0.962    0.038
   0.940000    7    -423.57    17.70   432.57    -1.11    123    0.959    0.041
   0.940000    8    -400.62    19.10   410.82    -0.72    271    0.955    0.045
   0.940000    9    -377.66    20.32   390.08    -0.46    257    0.950    0.050
   0.940000   10    -354.71    21.71   367.88    -0.28    162    0.945    0.055
   0.940000   11    -331.76    22.93   350.01    -0.24     32    0.939    0.061
   0.960000    5    -469.48    16.27   476.74    -0.90    113    0.966    0.034
   0.960000    6    -446.53    17.13   454.85    -0.81    231    0.963    0.037
   0.960000    7    -423.57    17.99   432.93    -0.79    243    0.959    0.041
   0.960000    8    -400.62    18.94   411.20    -0.85    174    0.955    0.045
   0.960000    9    -377.66    19.82   389.17    -1.02     89    0.950    0.050
   0.980000    3    -515.39    15.80   521.80     0.01     92    0.971    0.029
   0.980000    4    -492.44    16.22   499.49    -0.21    206    0.969    0.031
   0.980000    5    -469.48    16.66   477.38    -0.49    282    0.966    0.034
   0.980000    6    -446.53    17.08   455.21    -0.82    182    0.963    0.037
   0.980000    7    -423.57    17.53   432.52    -1.25     93    0.959    0.041
   1.000000    2    -538.35    16.53   545.02     1.33     68    0.973    0.027
   1.000000    3    -515.39    16.53   522.51     0.73    169    0.971    0.029
   1.000000    4    -492.44    16.53   499.63     0.07    307    0.969    0.031
   1.000000    5    -469.48    16.53   476.83    -0.64    219    0.966    0.034
   1.000000    6    -446.53    16.53   453.63    -1.44     85    0.963    0.037
   1.000000    7    -423.57    16.53   433.68    -2.25     33    0.960    0.040


# Part 3: Bin-averaged summary:
# bin  energy gap  <dGg> <dGg norm> pts  <c1**2> <c2**2> <r_xy>
   2   -538.35     1.33    19.22     68   0.973   0.027   1.404
   3   -515.39     0.48    18.37    261   0.971   0.029   1.423
   4   -492.44    -0.04    17.85    513   0.969   0.031   1.441
   5   -469.48    -0.62    17.27    614   0.966   0.034   1.461
   6   -446.53    -0.97    16.92    538   0.963   0.037   1.473
   7   -423.57    -1.05    16.84    492   0.959   0.041   1.486
   8   -400.62    -0.94    16.95    583   0.955   0.045   1.499
   9   -377.66    -0.65    17.24    727   0.950   0.050   1.521
  10   -354.71    -0.09    17.80    861   0.944   0.056   1.544
  11   -331.76     0.74    18.63    798   0.938   0.062   1.572
  12   -308.80     1.86    19.75    741   0.930   0.070   1.597
  13   -285.85     3.22    21.11    726   0.921   0.079   1.622
  14   -262.89     4.60    22.50    819   0.911   0.089   1.652
  15   -239.94     6.25    24.14    895   0.897   0.103   1.688
  16   -216.98     7.99    25.88    991   0.882   0.118   1.731
  17   -194.03     9.93    27.83    990   0.864   0.136   1.779
  18   -171.07    11.93    29.83    917   0.841   0.159   1.826
  19   -148.12    13.88    31.77    874   0.814   0.186   1.880
  20   -125.16    15.58    33.47    938   0.782   0.218   1.936
  21   -102.21    16.96    34.85   1086   0.743   0.257   2.012
  22    -79.25    17.95    35.84   1169   0.698   0.302   2.099
  23    -56.30    18.41    36.30   1468   0.646   0.354   2.197
  24    -33.34    18.39    36.29   1487   0.589   0.411   2.309
  25    -10.39    17.71    35.60   1742   0.526   0.474   2.442
  26     12.57    16.54    34.43   1809   0.466   0.534   2.553
  27     35.52    14.79    32.68   1793   0.405   0.595   2.646
  28     58.47    12.70    30.59   1764   0.348   0.652   2.749
  29     81.43    10.28    28.17   1861   0.298   0.702   2.833
  30    104.38     7.65    25.54   1599   0.253   0.747   2.911
  31    127.34     5.09    22.98   1328   0.215   0.785   2.969
  32    150.29     2.32    20.21   1255   0.182   0.818   2.999
  33    173.25    -0.33    17.56   1144   0.156   0.844   3.034
  34    196.20    -2.93    14.97   1160   0.135   0.865   3.090
  35    219.16    -5.40    12.49    917   0.116   0.884   3.127
  36    242.11    -7.84    10.05    884   0.101   0.899   3.157
  37    265.07   -10.09     7.81    950   0.088   0.912   3.183
  38    288.02   -12.09     5.80    896   0.078   0.922   3.222
  39    310.98   -13.84     4.05    864   0.069   0.931   3.247
  40    333.93   -15.35     2.54    929   0.061   0.939   3.269
  41    356.89   -16.50     1.40    949   0.055   0.945   3.300
  42    379.84   -17.31     0.58    955   0.049   0.951   3.334
  43    402.80   -17.74     0.15    813   0.045   0.955   3.376
  44    425.75   -17.89     0.00    753   0.041   0.959   3.425
  45    448.70   -17.71     0.18    700   0.037   0.963   3.484
  46    471.66   -17.23     0.66    600   0.034   0.966   3.543
  47    494.61   -16.57     1.32    353   0.031   0.969   3.577
  48    517.57   -15.93     1.96    158   0.029   0.971   3.611
  49    540.52   -15.15     2.75     41   0.027   0.973   3.645


# Part 4: Termodynamic integration:
# lambda(1)      dGti    sum(dGti) 
   0.000000    0.000    0.000
   0.020000 -480.604    9.377
   0.040000 -457.081   18.206
   0.060000 -425.804   26.453
   0.080000 -398.931   34.212
   0.100000 -376.929   41.549
   0.120000 -356.785   48.493
   0.140000 -337.656   54.990
   0.160000 -312.052   61.022
   0.180000 -291.118   66.611
   0.200000 -267.782   71.771
   0.220000 -248.256   76.501
   0.240000 -224.675   80.777
   0.260000 -202.938   84.652
   0.280000 -184.612   88.154
   0.300000 -165.568   91.325
   0.320000 -151.560   94.192
   0.340000 -135.079   96.755
   0.360000 -121.236   99.028
   0.380000 -106.120  101.033
   0.400000  -94.355  102.803
   0.420000  -82.576  104.367
   0.440000  -73.834  105.716
   0.460000  -61.141  106.843
   0.480000  -51.508  107.741
   0.500000  -38.289  108.401
   0.520000  -27.698  108.812
   0.540000  -13.421  108.992
   0.560000   -4.584  109.006
   0.580000    3.226  108.810
   0.600000   16.352  108.306
   0.620000   34.025  107.504
   0.640000   46.220  106.477
   0.660000   56.424  105.188
   0.680000   72.442  103.567
   0.700000   89.659  101.579
   0.720000  109.152   99.206
   0.740000  128.212   96.399
   0.760000  152.460   93.108
   0.780000  176.613   89.378
   0.800000  196.395   85.244
   0.820000  217.012   80.691
   0.840000  238.312   75.749
   0.860000  255.902   70.308
   0.880000  288.202   64.266
   0.900000  315.945   57.681
   0.920000  342.622   50.660
   0.940000  359.404   43.179
   0.960000  388.721   35.013
   0.980000  427.846   26.049
   1.000000  468.613   16.489


# Part 5: Overlap sampling Lu et al:
# lambda(1)      dG    sum(dG) 
   0.000000    0.000    0.000
   0.020000    9.368    9.368
   0.040000    8.828   18.197
   0.060000    8.243   26.440
   0.080000    7.753   34.193
   0.100000    7.341   41.534
   0.120000    6.942   48.476
   0.140000    6.503   54.979
   0.160000    6.036   61.014
   0.180000    5.587   66.602
   0.200000    5.159   71.761
   0.220000    4.727   76.488
   0.240000    4.264   80.753
   0.260000    3.874   84.626
   0.280000    3.508   88.134
   0.300000    3.169   91.304
   0.320000    2.871   94.175
   0.340000    2.556   96.731
   0.360000    2.277   99.008
   0.380000    1.998  101.007
   0.400000    1.768  102.775
   0.420000    1.562  104.336
   0.440000    1.353  105.689
   0.460000    1.126  106.815
   0.480000    0.894  107.709
   0.500000    0.666  108.376
   0.520000    0.411  108.787
   0.540000    0.176  108.964
   0.560000    0.016  108.980
   0.580000   -0.194  108.786
   0.600000   -0.503  108.283
   0.620000   -0.803  107.479
   0.640000   -1.017  106.462
   0.660000   -1.297  105.165
   0.680000   -1.618  103.546
   0.700000   -1.979  101.567
   0.720000   -2.381   99.187
   0.740000   -2.805   96.381
   0.760000   -3.295   93.086
   0.780000   -3.722   89.364
   0.800000   -4.140   85.224
   0.820000   -4.541   80.684
   0.840000   -4.952   75.731
   0.860000   -5.439   70.292
   0.880000   -6.033   64.259
   0.900000   -6.583   57.676
   0.920000   -7.026   50.650
   0.940000   -7.472   43.177
   0.960000   -8.151   35.027
   0.980000   -8.970   26.056
   1.000000   -9.556   16.500


# lambda(1)      dG    sum(dG) 
# Part 6: BAR Bennet:
   0.000000    0.000    0.000
   0.020000    9.372    9.372
   0.040000    8.826   18.198
   0.060000    8.244   26.442
   0.080000    7.757   34.199
   0.100000    7.338   41.537
   0.120000    6.941   48.478
   0.140000    6.497   54.976
   0.160000    6.028   61.004
   0.180000    5.586   66.590
   0.200000    5.160   71.751
   0.220000    4.728   76.479
   0.240000    4.272   80.750
   0.260000    3.874   84.624
   0.280000    3.503   88.128
   0.300000    3.170   91.298
   0.320000    2.866   94.163
   0.340000    2.561   96.724
   0.360000    2.273   98.997
   0.380000    2.002  100.999
   0.400000    1.768  102.768
   0.420000    1.563  104.331
   0.440000    1.349  105.680
   0.460000    1.126  106.806
   0.480000    0.897  107.703
   0.500000    0.660  108.363
   0.520000    0.411  108.774
   0.540000    0.180  108.954
   0.560000    0.015  108.969
   0.580000   -0.194  108.774
   0.600000   -0.502  108.272
   0.620000   -0.801  107.471
   0.640000   -1.023  106.448
   0.660000   -1.288  105.161
   0.680000   -1.619  103.542
   0.700000   -1.985  101.556
   0.720000   -2.375   99.182
   0.740000   -2.804   96.378
   0.760000   -3.290   93.088
   0.780000   -3.728   89.360
   0.800000   -4.133   85.226
   0.820000   -4.550   80.676
   0.840000   -4.946   75.731
   0.860000   -5.440   70.290
   0.880000   -6.039   64.252
   0.900000   -6.584   57.668
   0.920000   -7.020   50.648
   0.940000   -7.476   43.172
   0.960000   -8.158   35.014
   0.980000   -8.973   26.041
   1.000000   -9.568   16.473
