Starting job 5494462 on c11-55 at Fri Apr 22 20:25:29 CEST 2022

The following modules were not unloaded:
  (Use "module --force purge" to unload all):

  1) StdEnv

Task and CPU usage stats:
       JobID    JobName  AllocCPUS   NTasks     MinCPU MinCPUTask     AveCPU    Elapsed ExitCode 
------------ ---------- ---------- -------- ---------- ---------- ---------- ---------- -------- 
5494462          run.sh         20                                           1-15:05:05      0:0 
5494462.bat+      batch         20        1 1-15:03:20          0 1-15:03:20 1-15:05:05      0:0 
5494462.ext+     extern         20        1   00:00:00          0   00:00:00 1-15:05:05      0:0 

Memory usage stats:
       JobID     MaxRSS MaxRSSTask     AveRSS MaxPages   MaxPagesTask   AvePages 
------------ ---------- ---------- ---------- -------- -------------- ---------- 
5494462                                                                          
5494462.bat+     47640K          0     47640K        0              0          0 
5494462.ext+          0          0          0        0              0          0 

Disk usage stats:
       JobID  MaxDiskRead MaxDiskReadTask    AveDiskRead MaxDiskWrite MaxDiskWriteTask   AveDiskWrite 
------------ ------------ --------------- -------------- ------------ ---------------- -------------- 
5494462                                                                                               
5494462.bat+      174.84M               0        174.84M      826.81M                0        826.81M 
5494462.ext+        0.00M               0          0.00M            0                0              0 

Job 5494462 completed at Sun Apr 24 11:30:34 CEST 2022
