Starting job 5525457 on c11-49 at Tue Apr 26 11:26:45 CEST 2022

The following modules were not unloaded:
  (Use "module --force purge" to unload all):

  1) StdEnv
slurmstepd: error: *** JOB 5525457 ON c11-49 CANCELLED AT 2022-04-27T11:27:12 DUE TO TIME LIMIT ***

Task and CPU usage stats:
       JobID    JobName  AllocCPUS   NTasks     MinCPU MinCPUTask     AveCPU    Elapsed ExitCode 
------------ ---------- ---------- -------- ---------- ---------- ---------- ---------- -------- 
5525457          run.sh         20                                           1-00:00:27      0:0 
5525457.bat+      batch         20        1 1-00:00:05          0 1-00:00:05 1-00:00:29     0:15 
5525457.ext+     extern         20        1   00:00:00          0   00:00:00 1-00:00:29      0:0 

Memory usage stats:
       JobID     MaxRSS MaxRSSTask     AveRSS MaxPages   MaxPagesTask   AvePages 
------------ ---------- ---------- ---------- -------- -------------- ---------- 
5525457                                                                          
5525457.bat+     47608K          0     47608K        0              0          0 
5525457.ext+          0          0          0        0              0          0 

Disk usage stats:
       JobID  MaxDiskRead MaxDiskReadTask    AveDiskRead MaxDiskWrite MaxDiskWriteTask   AveDiskWrite 
------------ ------------ --------------- -------------- ------------ ---------------- -------------- 
5525457                                                                                               
5525457.bat+      102.00M               0        102.00M      512.80M                0        512.80M 
5525457.ext+        0.00M               0          0.00M            0                0              0 

Job 5525457 completed at Wed Apr 27 11:27:15 CEST 2022
