Starting job 5571119 on c2-39 at Thu May 5 08:45:36 CEST 2022

The following modules were not unloaded:
  (Use "module --force purge" to unload all):

  1) StdEnv

Task and CPU usage stats:
JobID           JobName  AllocCPUS   NTasks     MinCPU MinCPUTask     AveCPU    Elapsed ExitCode 
------------ ---------- ---------- -------- ---------- ---------- ---------- ---------- -------- 
5571119          run.sh         20                                           1-19:39:38      0:0 
5571119.bat+      batch         20        1 1-19:36:26          0 1-19:36:26 1-19:39:38      0:0 
5571119.ext+     extern         20        1   00:00:00          0   00:00:00 1-19:39:38      0:0 

Memory usage stats:
JobID            MaxRSS MaxRSSTask     AveRSS MaxPages   MaxPagesTask   AvePages 
------------ ---------- ---------- ---------- -------- -------------- ---------- 
5571119                                                                          
5571119.bat+     46844K          0     46844K        0              0          0 
5571119.ext+          0          0          0        0              0          0 

Disk usage stats:
JobID         MaxDiskRead MaxDiskReadTask    AveDiskRead MaxDiskWrite MaxDiskWriteTask   AveDiskWrite 
------------ ------------ --------------- -------------- ------------ ---------------- -------------- 
5571119                                                                                               
5571119.bat+      174.72M               0        174.72M      826.81M                0        826.81M 
5571119.ext+        0.00M               0          0.00M            0                0              0 

Job 5571119 completed at Sat May 7 04:25:15 CEST 2022
