Starting job 5571129 on c5-55 at Thu May 5 08:46:14 CEST 2022

The following modules were not unloaded:
  (Use "module --force purge" to unload all):

  1) StdEnv

Task and CPU usage stats:
JobID           JobName  AllocCPUS   NTasks     MinCPU MinCPUTask     AveCPU    Elapsed ExitCode 
------------ ---------- ---------- -------- ---------- ---------- ---------- ---------- -------- 
5571129          run.sh         20                                           1-18:51:08      0:0 
5571129.bat+      batch         20        1 1-18:48:54          0 1-18:48:54 1-18:51:08      0:0 
5571129.ext+     extern         20        1   00:00:00          0   00:00:00 1-18:51:08      0:0 

Memory usage stats:
JobID            MaxRSS MaxRSSTask     AveRSS MaxPages   MaxPagesTask   AvePages 
------------ ---------- ---------- ---------- -------- -------------- ---------- 
5571129                                                                          
5571129.bat+     46844K          0     46844K        0              0          0 
5571129.ext+          0          0          0        0              0          0 

Disk usage stats:
JobID         MaxDiskRead MaxDiskReadTask    AveDiskRead MaxDiskWrite MaxDiskWriteTask   AveDiskWrite 
------------ ------------ --------------- -------------- ------------ ---------------- -------------- 
5571129                                                                                               
5571129.bat+      174.72M               0        174.72M      826.81M                0        826.81M 
5571129.ext+        0.00M               0          0.00M            0                0              0 

Job 5571129 completed at Sat May 7 03:37:21 CEST 2022
