Starting job 5525468 on c10-19 at Tue Apr 26 11:27:09 CEST 2022

The following modules were not unloaded:
  (Use "module --force purge" to unload all):

  1) StdEnv
slurmstepd: error: *** JOB 5525468 ON c10-19 CANCELLED AT 2022-04-27T11:27:12 DUE TO TIME LIMIT ***

Task and CPU usage stats:
       JobID    JobName  AllocCPUS   NTasks     MinCPU MinCPUTask     AveCPU    Elapsed ExitCode 
------------ ---------- ---------- -------- ---------- ---------- ---------- ---------- -------- 
5525468          run.sh         20                                           1-00:00:03      0:0 
5525468.bat+      batch         20        1   23:59:43          0   23:59:43 1-00:00:05     0:15 
5525468.ext+     extern         20        1   00:00:00          0   00:00:00 1-00:00:05      0:0 

Memory usage stats:
       JobID     MaxRSS MaxRSSTask     AveRSS MaxPages   MaxPagesTask   AvePages 
------------ ---------- ---------- ---------- -------- -------------- ---------- 
5525468                                                                          
5525468.bat+     47300K          0     47300K        0              0          0 
5525468.ext+          0          0          0        0              0          0 

Disk usage stats:
       JobID  MaxDiskRead MaxDiskReadTask    AveDiskRead MaxDiskWrite MaxDiskWriteTask   AveDiskWrite 
------------ ------------ --------------- -------------- ------------ ---------------- -------------- 
5525468                                                                                               
5525468.bat+      102.00M               0        102.00M      512.80M                0        512.80M 
5525468.ext+        0.00M               0          0.00M            0                0              0 

Job 5525468 completed at Wed Apr 27 11:27:15 CEST 2022
