Starting job 5571121 on c2-48 at Thu May 5 08:45:45 CEST 2022

The following modules were not unloaded:
  (Use "module --force purge" to unload all):

  1) StdEnv

Task and CPU usage stats:
JobID           JobName  AllocCPUS   NTasks     MinCPU MinCPUTask     AveCPU    Elapsed ExitCode 
------------ ---------- ---------- -------- ---------- ---------- ---------- ---------- -------- 
5571121          run.sh         20                                           1-19:04:12      0:0 
5571121.bat+      batch         20        1 1-19:01:44          0 1-19:01:44 1-19:04:12      0:0 
5571121.ext+     extern         20        1   00:00:00          0   00:00:00 1-19:04:12      0:0 

Memory usage stats:
JobID            MaxRSS MaxRSSTask     AveRSS MaxPages   MaxPagesTask   AvePages 
------------ ---------- ---------- ---------- -------- -------------- ---------- 
5571121                                                                          
5571121.bat+     46864K          0     46864K        0              0          0 
5571121.ext+          0          0          0        0              0          0 

Disk usage stats:
JobID         MaxDiskRead MaxDiskReadTask    AveDiskRead MaxDiskWrite MaxDiskWriteTask   AveDiskWrite 
------------ ------------ --------------- -------------- ------------ ---------------- -------------- 
5571121                                                                                               
5571121.bat+      174.72M               0        174.72M      826.81M                0        826.81M 
5571121.ext+        0.00M               0          0.00M            0                0              0 

Job 5571121 completed at Sat May 7 03:49:58 CEST 2022
