--------------------------------------------------------------------------------
Welcome to qfep version: 6.0.1
 
This version was compiled using: GCC version 11.2.0
 
And using the following compiler options: 
-cpp -D G95=1 -mtune=generic -march=x86-64 -O3 -Wall -Wtabs -std=legacy -funroll-loops -ffree-line-length-none -fcray-pointer -fall-intrinsics -fstack-protector

 
For command line options type qfep --help  or qcalc -h at the terminal.
 
If you are using the interactive mode and want to quit type "quit" or Ctrl-C.
--------------------------------------------------------------------------------
--> Number of energy files: # Number of files                                  =    51
--> No. of states, no. of predefined off-diag elements: # Number of states     =     2
# Number of off-diagonal elements                                              =     0
--> Give kT & num. of pts to skip & calculation mode: # kT                     = 0.592
# Number of data points to skip                                                =   100
# Only QQ interactions will be considered                                      =     0
--> Give number of gap-bins: # Number of gap-bins                              =    50
--> Give minimum # pts/bin: # Minimum number of points per bin                 =    30
--> Give alpha for state  2                                                     # Alpha for state  2              =-91.10
--> Number of off-diagonal elements: # Number of off-diagonal elements         =     1
#   i   j   A(i,j)  mu(i,j) eta(i,j) rxy0(i,j)
--> i, j, A_ij, mu_ij, eta_ij, r_xy0: #   1   2    91.40     0.00     0.00     0.00
--> linear combination of states defining reaction coord: # Linear combination coefficients=    1.00   -1.00


# Part 0: Average energies for all states in all files
# file             state   pts   lambda    EQtot   EQbond  EQang   EQtor   EQimp    EQel   EQvdW  Eel_qq  EvdW_qq Eel_qp  EvdW_qp Eel_qw EvdW_qw Eqrstr
--> Name of file number   1:                                                     
md_0000_1000.en        1    899 0.000000-2389.15-2400.78  118.30   31.46    5.68 -323.68  179.86   55.15  185.14 -308.05   -8.20  -70.78    2.91    0.00
md_0000_1000.en        2    899 1.000000-2792.88-2483.20   13.15   -5.70    1.38 -320.85    2.34   63.03    7.54 -314.68   -8.11  -69.19    2.90    0.00
--> Name of file number   2:                                                     
md_0020_0980.en        1    899 0.020000-2404.42-2403.23  116.22   31.54    5.36 -317.41  163.09   54.99  168.44 -310.45   -8.50  -61.95    3.15    0.00
md_0020_0980.en        2    899 0.980000-2786.60-2483.22   13.18   -5.98    1.29 -313.94    2.07   63.13    7.22 -316.66   -8.12  -60.41    2.97    0.00
--> Name of file number   3:                                                     
md_0040_0960.en        1    899 0.040000-2426.86-2405.77   99.76   29.12    5.18 -301.98  146.83   53.87  152.15 -306.88   -6.02  -48.97    0.70    0.00
md_0040_0960.en        2    899 0.960000-2767.41-2481.33   13.99   -5.09    1.28 -298.60    2.34   62.31    7.52 -313.19   -5.89  -47.73    0.71    0.00
--> Name of file number   4:                                                     
md_0060_0940.en        1    899 0.060000-2463.18-2407.07   92.11   28.23    5.03 -311.99  130.51   54.01  136.43 -311.25   -7.14  -54.74    1.23    0.00
md_0060_0940.en        2    899 0.940000-2776.40-2479.08   14.23   -5.12    1.43 -309.25    1.39   62.32    7.19 -316.81   -6.95  -54.76    1.15    0.00
--> Name of file number   5:                                                     
md_0080_0920.en        1    899 0.080000-2493.33-2411.13   86.17   27.34    4.69 -318.61  118.23   54.24  123.39 -310.85   -7.48  -62.00    2.32    0.00
md_0080_0920.en        2    899 0.920000-2782.63-2478.96   14.02   -5.17    1.38 -315.71    1.81   62.66    6.79 -316.46   -7.27  -61.91    2.29    0.00
--> Name of file number   6:                                                     
md_0100_0900.en        1    899 0.100000-2516.99-2411.59   81.86   26.05    4.52 -321.83  104.02   54.14  109.80 -315.64   -8.23  -60.33    2.45    0.00
md_0100_0900.en        2    899 0.900000-2780.33-2474.86   15.09   -4.75    1.46 -318.29    1.03   62.73    6.60 -321.26   -8.09  -59.76    2.52    0.00
--> Name of file number   7:                                                     
md_0120_0880.en        1    899 0.120000-2531.43-2414.68   73.37   25.24    4.24 -312.31   92.72   53.62  100.02 -308.99   -8.27  -56.94    0.97    0.00
md_0120_0880.en        2    899 0.880000-2768.85-2472.55   15.94   -3.95    1.45 -309.71   -0.03   62.40    7.06 -315.77   -7.95  -56.34    0.86    0.00
--> Name of file number   8:                                                     
md_0140_0860.en        1    899 0.140000-2566.38-2417.72   69.89   24.01    3.73 -327.78   81.49   52.75   88.75 -307.71   -9.46  -72.82    2.20    0.00
md_0140_0860.en        2    899 0.860000-2781.31-2469.91   16.72   -4.21    1.21 -325.11   -0.01   62.41    7.10 -314.32   -9.38  -73.21    2.27    0.00
--> Name of file number   9:                                                     
md_0160_0840.en        1    899 0.160000-2582.13-2421.90   65.35   22.93    3.47 -323.24   71.26   52.19   77.98 -312.70   -8.68  -62.74    1.96    0.00
md_0160_0840.en        2    899 0.840000-2772.83-2468.31   17.27   -3.88    1.23 -319.68    0.54   62.12    7.05 -319.56   -8.55  -62.24    2.04    0.00
--> Name of file number  10:                                                     
md_0180_0820.en        1    899 0.180000-2602.19-2423.29   61.40   21.66    3.51 -328.36   62.88   52.72   69.83 -311.40   -9.15  -69.68    2.21    0.00
md_0180_0820.en        2    899 0.820000-2771.48-2464.22   18.03   -3.30    1.47 -323.87    0.41   62.24    7.13 -318.63   -8.90  -67.48    2.19    0.00
--> Name of file number  11:                                                     
md_0200_0800.en        1    899 0.200000-2614.78-2425.53   56.60   20.38    3.32 -325.24   55.69   52.54   61.77 -318.66   -8.55  -59.11    2.47    0.00
md_0200_0800.en        2    899 0.800000-2763.14-2460.52   18.97   -3.33    1.47 -321.22    1.49   62.35    7.15 -325.94   -8.09  -57.63    2.42    0.00
--> Name of file number  12:                                                     
md_0220_0780.en        1    899 0.220000-2632.38-2428.41   52.48   19.26    3.27 -326.34   47.37   52.04   53.52 -302.03   -9.07  -76.35    2.92    0.00
md_0220_0780.en        2    899 0.780000-2758.32-2456.82   19.82   -2.85    1.53 -321.68    1.67   61.95    7.34 -309.70   -8.62  -73.93    2.95    0.00
--> Name of file number  13:                                                     
md_0240_0760.en        1    899 0.240000-2633.75-2431.70   49.08   18.31    2.93 -311.60   39.22   51.70   46.84 -296.00   -9.10  -67.30    1.48    0.00
md_0240_0760.en        2    899 0.760000-2741.58-2454.07   20.56   -2.58    1.48 -307.09    0.12   62.02    7.30 -303.76   -8.58  -65.34    1.41    0.00
--> Name of file number  14:                                                     
md_0260_0740.en        1    899 0.260000-2646.51-2434.86   45.36   17.58    2.77 -310.94   33.58   51.20   41.21 -288.86   -8.79  -73.28    1.16    0.00
md_0260_0740.en        2    899 0.740000-2735.77-2451.26   21.64   -2.16    1.46 -305.94    0.48   61.61    7.44 -297.26   -8.13  -70.29    1.17    0.00
--> Name of file number  15:                                                     
md_0280_0720.en        1    899 0.280000-2661.22-2437.15   42.73   17.05    2.34 -311.72   25.52   50.14   33.42 -286.95   -8.22  -74.91    0.32    0.00
md_0280_0720.en        2    899 0.720000-2729.95-2446.28   23.24   -1.66    1.17 -306.43    0.01   61.05    7.45 -296.04   -7.59  -71.44    0.15    0.00
--> Name of file number  16:                                                     
md_0300_0700.en        1    899 0.300000-2668.29-2439.64   39.42   16.19    2.23 -309.98   23.49   49.99   29.72 -303.76   -7.31  -56.21    1.07    0.00
md_0300_0700.en        2    899 0.700000-2722.87-2443.77   24.47   -1.38    1.20 -304.76    1.38   60.82    7.19 -312.80   -6.87  -52.78    1.05    0.00
--> Name of file number  17:                                                     
md_0320_0680.en        1    899 0.320000-2675.63-2441.32   37.11   15.42    2.51 -308.12   18.77   50.17   25.83 -295.16   -7.82  -63.13    0.76    0.00
md_0320_0680.en        2    899 0.680000-2716.54-2439.98   26.05   -1.21    1.54 -303.34    0.40   60.99    7.16 -303.12   -7.30  -61.21    0.54    0.00
--> Name of file number  18:                                                     
md_0340_0660.en        1    899 0.340000-2687.81-2443.96   34.10   14.15    2.43 -308.21   13.68   50.75   21.61 -283.65   -8.65  -75.31    0.72    0.00
md_0340_0660.en        2    899 0.660000-2708.71-2436.01   27.55   -0.83    1.62 -301.45    0.40   62.08    7.76 -291.71   -8.14  -71.81    0.78    0.00
--> Name of file number  19:                                                     
md_0360_0640.en        1    899 0.360000-2700.36-2446.26   31.51   12.90    2.57 -312.63   11.54   51.84   18.99 -277.02   -8.11  -87.44    0.66    0.00
md_0360_0640.en        2    899 0.640000-2708.34-2432.96   28.71   -0.46    1.86 -306.79    1.29   63.14    8.04 -284.95   -7.36  -84.97    0.61    0.00
--> Name of file number  20:                                                     
md_0380_0620.en        1    899 0.380000-2707.75-2448.48   29.08   12.32    2.32 -312.42    9.44   51.51   16.57 -290.31   -7.41  -73.61    0.28    0.00
md_0380_0620.en        2    899 0.620000-2702.18-2430.05   30.09   -0.04    1.71 -306.01    2.11   63.20    8.39 -298.46   -6.51  -70.76    0.23    0.00
--> Name of file number  21:                                                     
md_0400_0600.en        1    899 0.400000-2722.36-2450.31   27.18   11.72    2.45 -319.93    6.53   51.76   13.86 -292.54   -8.09  -79.15    0.76    0.00
md_0400_0600.en        2    899 0.600000-2704.09-2426.81   31.38    0.56    1.93 -312.58    1.43   63.77    8.16 -300.46   -7.60  -75.89    0.87    0.00
--> Name of file number  22:                                                     
md_0420_0580.en        1    899 0.420000-2724.95-2452.14   25.32   11.02    2.47 -315.58    3.95   51.94   12.70 -309.33   -8.86  -58.19    0.11    0.00
md_0420_0580.en        2    899 0.580000-2697.09-2424.23   33.03    0.85    2.02 -309.08    0.34   63.77    8.49 -317.12   -8.31  -55.74    0.16    0.00
--> Name of file number  23:                                                     
md_0440_0560.en        1    899 0.440000-2741.00-2455.27   23.69   10.78    2.20 -325.43    3.04   50.48   11.27 -286.16   -8.83  -89.76    0.60    0.00
md_0440_0560.en        2    899 0.560000-2701.33-2422.39   34.59    1.26    1.79 -318.28    1.70   62.88    9.34 -294.53   -8.26  -86.63    0.61    0.00
--> Name of file number  24:                                                     
md_0460_0540.en        1    899 0.460000-2726.15-2457.78   21.92   11.00    1.83 -306.06    2.94   48.12   10.16 -272.69   -7.09  -81.50   -0.13    0.00
md_0460_0540.en        2    899 0.540000-2677.90-2420.38   35.88    1.50    1.47 -300.16    3.79   61.04   10.37 -281.43   -6.63  -79.77    0.04    0.00
--> Name of file number  25:                                                     
md_0480_0520.en        1    899 0.480000-2740.77-2458.13   20.28   10.16    1.78 -315.36    0.50   48.03    8.34 -274.07   -9.41  -89.32    1.57    0.00
md_0480_0520.en        2    899 0.520000-2680.88-2416.38   37.51    1.88    1.48 -308.14    2.77   61.33   10.01 -282.77   -8.98  -86.69    1.75    0.00
--> Name of file number  26:                                                     
md_0500_0500.en        1    899 0.500000-2748.69-2462.49   18.47    9.94    1.84 -315.97   -0.49   47.40    7.62 -283.81   -8.89  -79.56    0.79    0.00
md_0500_0500.en        2    899 0.500000-2677.01-2415.11   39.52    2.28    1.60 -309.37    4.07   61.14   11.72 -292.37   -8.34  -78.15    0.70    0.00
--> Name of file number  27:                                                     
md_0520_0480.en        1    899 0.520000-2750.50-2465.75   16.80    9.40    1.85 -312.92    0.13   47.98    7.99 -285.88   -8.17  -75.02    0.32    0.00
md_0520_0480.en        2    899 0.480000-2669.82-2414.55   40.65    2.74    1.68 -305.95    5.62   61.69   12.98 -294.75   -7.73  -72.90    0.37    0.00
--> Name of file number  28:                                                     
md_0540_0460.en        1    899 0.540000-2752.79-2467.94   15.96    8.33    2.07 -310.89   -0.32   50.12    8.83 -282.28   -8.95  -78.72   -0.20    0.00
md_0540_0460.en        2    899 0.460000-2664.47-2413.27   42.08    2.88    1.96 -303.96    5.83   62.76   14.46 -291.15   -8.58  -75.57   -0.05    0.00
--> Name of file number  29:                                                     
md_0560_0440.en        1    899 0.560000-2754.59-2472.50   14.56    8.38    1.72 -305.77   -0.97   48.14    7.77 -273.78   -8.56  -80.13   -0.18    0.00
md_0560_0440.en        2    899 0.440000-2651.60-2411.50   43.98    3.70    1.67 -298.25    8.81   61.79   16.93 -282.84   -7.97  -77.20   -0.16    0.00
--> Name of file number  30:                                                     
md_0580_0420.en        1    899 0.580000-2760.77-2473.99   13.05    7.96    1.76 -308.18   -1.38   48.08    6.92 -278.33   -8.04  -77.92   -0.26    0.00
md_0580_0420.en        2    899 0.420000-2648.61-2409.18   45.51    4.13    1.77 -300.14    9.29   62.28   17.22 -286.59   -7.68  -75.83   -0.25    0.00
--> Name of file number  31:                                                     
md_0600_0400.en        1    899 0.600000-2764.03-2477.90   12.45    8.05    1.88 -306.58   -1.93   48.40    7.00 -280.77   -8.66  -74.21   -0.26    0.00
md_0600_0400.en        2    899 0.400000-2638.47-2407.20   48.05    4.93    1.92 -298.37   12.21   62.56   20.76 -289.26   -8.30  -71.67   -0.25    0.00
--> Name of file number  32:                                                     
md_0620_0380.en        1    899 0.620000-2774.09-2483.94   11.17    7.57    1.86 -309.06   -1.69   48.20    7.05 -275.82   -8.91  -81.44    0.17    0.00
md_0620_0380.en        2    899 0.380000-2631.46-2406.13   50.27    5.43    1.95 -300.81   17.83   62.90   26.11 -284.67   -8.30  -79.04    0.02    0.00
--> Name of file number  33:                                                     
md_0640_0360.en        1    899 0.640000-2770.68-2486.34   11.14    7.69    1.64 -303.03   -1.80   47.30    7.15 -266.09   -8.73  -84.24   -0.22    0.00
md_0640_0360.en        2    899 0.360000-2616.70-2403.38   52.61    6.13    1.77 -294.59   20.77   62.16   29.26 -274.86   -8.35  -81.89   -0.14    0.00
--> Name of file number  34:                                                     
md_0660_0340.en        1    899 0.660000-2779.48-2489.32   10.48    7.94    2.00 -309.67   -0.90   49.41    7.03 -278.41   -8.57  -80.67    0.64    0.00
md_0660_0340.en        2    899 0.340000-2610.29-2400.38   55.08    6.63    2.15 -299.93   26.16   64.03   33.66 -286.48   -8.29  -77.47    0.78    0.00
--> Name of file number  35:                                                     
md_0680_0320.en        1    899 0.680000-2790.21-2495.05    9.51    8.03    2.06 -313.56   -1.19   49.48    6.85 -271.44   -8.98  -91.60    0.94    0.00
md_0680_0320.en        2    899 0.320000-2602.67-2398.76   58.19    7.06    2.23 -303.40   32.01   64.19   39.59 -279.11   -8.58  -88.47    1.00    0.00
--> Name of file number  36:                                                     
md_0700_0300.en        1    899 0.700000-2791.19-2500.45    9.17    7.05    1.92 -307.96   -0.92   48.79    6.86 -267.07   -9.05  -89.68    1.28    0.00
md_0700_0300.en        2    899 0.300000-2585.46-2397.15   60.49    7.49    2.17 -297.72   39.25   63.75   46.57 -274.40   -8.52  -87.08    1.20    0.00
--> Name of file number  37:                                                     
md_0720_0280.en        1    899 0.720000-2796.33-2506.03    8.63    7.25    1.83 -307.00   -1.00   48.39    6.68 -286.12   -8.03  -69.27    0.34    0.00
md_0720_0280.en        2    899 0.280000-2570.43-2395.39   63.36    7.97    2.09 -295.75   47.29   63.73   54.60 -292.30   -7.51  -67.18    0.19    0.00
--> Name of file number  38:                                                     
md_0740_0260.en        1    899 0.740000-2790.85-2510.49    8.55    6.59    1.65 -296.76   -0.39   47.26    6.86 -276.96   -6.51  -67.06   -0.73    0.00
md_0740_0260.en        2    899 0.260000-2549.74-2393.51   65.45    8.19    1.96 -286.06   54.22   63.25   61.00 -284.57   -5.92  -64.74   -0.87    0.00
--> Name of file number  39:                                                     
md_0760_0240.en        1    899 0.760000-2807.35-2514.40    8.25    6.48    1.80 -306.95   -2.53   48.63    6.41 -276.12   -8.49  -79.46   -0.46    0.00
md_0760_0240.en        2    899 0.240000-2546.67-2390.56   68.89    8.82    2.15 -295.05   59.08   64.60   67.77 -283.27   -8.20  -76.38   -0.49    0.00
--> Name of file number  40:                                                     
md_0780_0220.en        1    899 0.780000-2805.30-2517.33    8.20    6.52    1.88 -302.78   -1.79   48.44    6.53 -276.69   -8.57  -74.52    0.25    0.00
md_0780_0220.en        2    899 0.220000-2525.33-2387.23   72.07    9.22    2.22 -290.56   68.95   64.88   77.05 -283.92   -8.26  -71.52    0.16    0.00
--> Name of file number  41:                                                     
md_0800_0200.en        1    899 0.800000-2805.45-2520.91    8.46    5.78    1.63 -297.12   -3.29   46.28    6.63 -265.74   -9.16  -77.66   -0.76    0.00
md_0800_0200.en        2    899 0.200000-2510.17-2385.18   74.72    9.67    2.03 -285.63   74.21   63.25   84.04 -274.03   -9.02  -74.84   -0.80    0.00
--> Name of file number  42:                                                     
md_0820_0180.en        1    899 0.820000-2818.07-2525.63    8.00    5.55    1.66 -305.31   -2.34   46.49    6.81 -263.56   -8.03  -88.24   -1.12    0.00
md_0820_0180.en        2    899 0.180000-2502.80-2383.63   76.80   10.17    2.07 -293.93   85.71   63.79   94.82 -272.61   -7.93  -85.11   -1.18    0.00
--> Name of file number  43:                                                     
md_0840_0160.en        1    899 0.840000-2821.46-2528.59    8.01    5.20    1.71 -304.81   -2.98   46.55    6.90 -269.06   -9.53  -82.30   -0.34    0.00
md_0840_0160.en        2    899 0.160000-2488.02-2381.51   80.13   10.48    2.16 -292.11   92.84   63.67  102.67 -277.05   -9.50  -78.73   -0.34    0.00
--> Name of file number  44:                                                     
md_0860_0140.en        1    899 0.860000-2814.52-2530.57    8.48    4.87    1.48 -296.20   -2.57   45.78    6.56 -270.85   -9.57  -71.14    0.44    0.00
md_0860_0140.en        2    899 0.140000-2458.73-2377.94   85.67   10.64    1.93 -283.88  104.85   63.50  113.83 -278.04   -9.26  -69.34    0.28    0.00
--> Name of file number  45:                                                     
md_0880_0120.en        1    899 0.880000-2829.62-2533.45    8.44    4.69    1.78 -307.83   -3.26   45.31    6.60 -270.29   -9.44  -82.85   -0.43    0.00
md_0880_0120.en        2    899 0.120000-2454.05-2375.63   89.31   11.15    2.27 -294.88  113.73   63.23  123.48 -277.94   -9.17  -80.16   -0.58    0.00
--> Name of file number  46:                                                     
md_0900_0100.en        1    899 0.900000-2827.32-2535.38    8.28    4.87    1.79 -304.71   -2.17   45.90    7.12 -277.27   -8.51  -73.34   -0.78    0.00
md_0900_0100.en        2    899 0.100000-2434.19-2373.46   90.70   11.61    2.28 -290.67  125.35   64.07  134.61 -285.09   -8.45  -69.65   -0.80    0.00
--> Name of file number  47:                                                     
md_0920_0080.en        1    899 0.920000-2835.65-2536.74    8.06    4.87    1.63 -310.35   -3.12   46.27    6.73 -274.85   -9.66  -81.77   -0.18    0.00
md_0920_0080.en        2    899 0.080000-2419.17-2369.97   96.22   12.47    2.12 -296.34  136.32   65.01  146.24 -282.40   -9.56  -78.95   -0.36    0.00
--> Name of file number  48:                                                     
md_0940_0060.en        1    899 0.940000-2836.04-2538.88    8.50    4.78    1.80 -309.97   -2.27   47.61    7.17 -272.34  -10.18  -85.24    0.74    0.00
md_0940_0060.en        2    899 0.060000-2400.35-2368.46  100.44   12.58    2.33 -294.63  147.38   66.05  157.05 -278.93  -10.29  -81.75    0.62    0.00
--> Name of file number  49:                                                     
md_0960_0040.en        1    899 0.960000-2831.71-2539.99    8.33    5.14    1.74 -304.91   -2.03   47.93    7.23 -276.67   -9.88  -76.17    0.62    0.00
md_0960_0040.en        2    899 0.040000-2369.80-2365.58  106.69   13.06    2.25 -289.01  162.80   66.57  172.29 -281.75   -9.94  -73.83    0.45    0.00
--> Name of file number  50:                                                     
md_0980_0020.en        1    899 0.980000-2842.16-2541.01    7.86    4.99    1.85 -313.68   -2.16   47.40    7.52 -274.94  -10.18  -86.14    0.50    0.00
md_0980_0020.en        2    899 0.020000-2358.52-2363.60  110.36   13.65    2.37 -297.86  176.57   66.83  186.56 -281.54  -10.39  -83.15    0.40    0.00
--> Name of file number  51:                                                     
md_1000_0000.en        1    899 1.000000-2837.92-2540.92    8.29    4.22    1.89 -308.21   -3.20   44.60    7.41 -268.22  -10.77  -84.59    0.16    0.00
md_1000_0000.en        2    899 0.000000-2327.39-2360.36  119.25   14.56    2.43 -291.17  187.90   64.88  198.67 -274.23  -10.85  -81.82    0.08    0.00


# Part 1: Free energy perturbation summary:
# lambda(1)      dGf sum(dGf)      dGr sum(dGr)     <dG>
   0.000000    0.000    0.000   -9.722  -19.973    0.000
   0.020000    9.594    9.594   -8.887  -10.251    9.658
   0.040000    9.222   18.816   -8.359   -1.364   18.713
   0.060000    8.382   27.198   -7.832    6.995   27.083
   0.080000    7.814   35.012   -7.322   14.828   34.906
   0.100000    7.413   42.425   -6.757   22.149   42.274
   0.120000    6.873   49.298   -6.356   28.906   49.089
   0.140000    6.390   55.689   -5.854   35.262   55.462
   0.160000    5.904   61.593   -5.423   41.116   61.341
   0.180000    5.421   67.013   -4.975   46.539   66.762
   0.200000    5.020   72.033   -4.524   51.514   71.760
   0.220000    4.594   76.627   -4.126   56.038   76.319
   0.240000    4.158   80.785   -3.744   60.164   80.461
   0.260000    3.838   84.623   -3.346   63.908   84.252
   0.280000    3.475   88.098   -3.059   67.254   87.662
   0.300000    3.062   91.160   -2.774   70.313   90.723
   0.320000    2.776   93.936   -2.363   73.086   93.497
   0.340000    2.515   96.450   -2.095   75.450   95.936
   0.360000    2.123   98.573   -1.820   77.545   98.046
   0.380000    1.880  100.454   -1.562   79.365   99.896
   0.400000    1.602  102.056   -1.369   80.927  101.478
   0.420000    1.352  103.408   -1.132   82.296  102.839
   0.440000    1.167  104.575   -0.949   83.428  103.988
   0.460000    0.926  105.501   -0.709   84.377  104.925
   0.480000    0.764  106.265   -0.481   85.086  105.662
   0.500000    0.538  106.803   -0.297   85.567  106.171
   0.520000    0.296  107.099   -0.146   85.864  106.468
   0.540000    0.123  107.222    0.145   86.010  106.602
   0.560000   -0.043  107.179    0.319   85.865  106.508
   0.580000   -0.339  106.839    0.588   85.546  106.179
   0.600000   -0.529  106.310    0.921   84.958  105.620
   0.620000   -0.798  105.511    1.146   84.037  104.761
   0.640000   -1.143  104.368    1.416   82.891  103.616
   0.660000   -1.389  102.979    1.808   81.476  102.214
   0.680000   -1.727  101.252    2.153   79.668  100.446
   0.700000   -2.055   99.197    2.528   77.515   98.342
   0.720000   -2.437   96.759    2.849   74.986   95.859
   0.740000   -2.863   93.896    3.248   72.138   93.003
   0.760000   -3.161   90.735    3.619   68.889   89.799
   0.780000   -3.536   87.199    3.901   65.270   86.221
   0.800000   -3.938   83.261    4.329   61.369   82.302
   0.820000   -4.261   79.000    4.683   57.040   78.006
   0.840000   -4.637   74.363    5.107   52.357   73.346
   0.860000   -5.016   69.347    5.515   47.250   68.285
   0.880000   -5.482   63.865    5.837   41.735   62.786
   0.900000   -5.872   57.993    6.303   35.898   56.932
   0.920000   -6.269   51.724    6.693   29.595   50.646
   0.940000   -6.720   45.004    7.172   22.902   43.939
   0.960000   -7.111   37.893    7.624   15.730   36.798
   0.980000   -7.687   30.206    8.106    8.106   29.142
   1.000000   -8.098   22.108    0.000    0.000   21.040

# Min energy-gap is:   -511.04
# Max energy-gap is:    583.38


# Part 2: Reaction free energy summary:
# Lambda(1)  bin Energy gap      dGa     dGb     dGg    # pts    c1**2    c2**2
   0.000000   44     441.11   433.64     0.00   -18.12     55    0.038    0.962
   0.000000   45     462.99   454.21     0.00   -17.40    146    0.035    0.965
   0.000000   46     484.88   476.40     0.00   -16.68    260    0.032    0.968
   0.000000   47     506.77   497.67     0.00   -16.04    232    0.030    0.970
   0.000000   48     528.66   520.06     0.00   -15.41    121    0.028    0.972
   0.000000   49     550.55   541.15     0.00   -14.88     48    0.026    0.974
   0.020000   43     419.22   413.10     1.20   -17.74     43    0.041    0.959
   0.020000   44     441.11   433.48     0.79   -17.34    146    0.038    0.962
   0.020000   45     462.99   454.92     0.37   -16.99    273    0.035    0.965
   0.020000   46     484.88   476.38    -0.04   -16.71    253    0.032    0.968
   0.020000   47     506.77   497.77    -0.47   -16.47    129    0.030    0.970
   0.020000   48     528.66   518.91    -0.85   -16.30     40    0.028    0.972
   0.040000   41     375.44   373.27     3.50   -17.34     33    0.050    0.950
   0.040000   42     397.33   392.10     2.71   -17.19    139    0.045    0.955
   0.040000   43     419.22   412.59     1.90   -17.12    248    0.042    0.958
   0.040000   44     441.11   433.74     1.03   -17.12    259    0.038    0.962
   0.040000   45     462.99   454.39     0.21   -17.19    156    0.035    0.965
   0.040000   46     484.88   475.51    -0.66   -17.33     50    0.032    0.968
   0.060000   40     353.55   352.06     5.61   -16.38     62    0.055    0.945
   0.060000   41     375.44   372.24     4.36   -16.53    160    0.050    0.950
   0.060000   42     397.33   392.80     3.10   -16.79    258    0.046    0.954
   0.060000   43     419.22   412.75     1.90   -17.12    243    0.042    0.958
   0.060000   44     441.11   433.48     0.58   -17.56    119    0.038    0.962
   0.060000   45     462.99   453.74    -0.56   -18.02     35    0.035    0.965
   0.080000   39     331.66   332.83     7.93   -15.23     43    0.061    0.939
   0.080000   40     353.55   352.81     6.32   -15.67    186    0.055    0.945
   0.080000   41     375.44   372.41     4.66   -16.23    315    0.050    0.950
   0.080000   42     397.33   392.17     3.05   -16.88    231    0.046    0.954
   0.080000   43     419.22   412.32     1.28   -17.69     90    0.042    0.958
   0.100000   38     309.77   313.43    10.83   -13.77     71    0.069    0.931
   0.100000   39     331.66   332.88     8.67   -14.52    194    0.062    0.938
   0.100000   40     353.55   352.86     6.63   -15.38    316    0.056    0.944
   0.100000   41     375.44   372.14     4.52   -16.37    223    0.051    0.949
   0.100000   42     397.33   391.72     2.57   -17.37     57    0.047    0.953
   0.120000   37     287.89   295.49    13.90   -12.19     74    0.077    0.923
   0.120000   38     309.77   314.47    11.47   -13.15    246    0.069    0.931
   0.120000   39     331.66   333.51     8.93   -14.32    330    0.062    0.938
   0.120000   40     353.55   352.59     6.37   -15.64    181    0.056    0.944
   0.120000   41     375.44   371.48     4.01   -16.95     50    0.051    0.949
   0.140000   36     266.00   277.43    17.58   -10.32     95    0.087    0.913
   0.140000   37     287.89   296.02    14.54   -11.59    229    0.078    0.922
   0.140000   38     309.77   314.55    11.62   -12.98    300    0.070    0.930
   0.140000   39     331.66   333.07     8.67   -14.57    192    0.063    0.937
   0.140000   40     353.55   351.97     5.74   -16.28     51    0.057    0.943
   0.160000   35     244.11   259.44    21.42    -8.38    105    0.099    0.901
   0.160000   36     266.00   277.79    18.11    -9.78    250    0.088    0.912
   0.160000   37     287.89   295.93    14.62   -11.48    300    0.078    0.922
   0.160000   38     309.77   314.20    11.24   -13.32    158    0.070    0.930
   0.160000   39     331.66   332.38     7.92   -15.28     55    0.063    0.937
   0.180000   34     222.22   242.88    25.71    -6.29    108    0.112    0.888
   0.180000   35     244.11   260.02    21.88    -7.88    268    0.100    0.900
   0.180000   36     266.00   277.89    18.09    -9.74    290    0.088    0.912
   0.180000   37     287.89   295.76    14.30   -11.82    166    0.078    0.922
   0.180000   38     309.77   313.55    10.21   -14.26     47    0.070    0.930
   0.200000   33     200.33   225.74    30.39    -4.06     88    0.129    0.871
   0.200000   34     222.22   242.92    26.17    -5.79    236    0.113    0.887
   0.200000   35     244.11   260.35    22.05    -7.76    341    0.100    0.900
   0.200000   36     266.00   277.91    17.64   -10.15    172    0.088    0.912
   0.200000   37     287.89   294.78    13.73   -12.40     41    0.079    0.921
   0.220000   32     178.44   209.81    35.76    -1.74     82    0.149    0.851
   0.220000   33     200.33   226.20    30.98    -3.52    257    0.130    0.870
   0.220000   34     222.22   242.91    26.34    -5.63    324    0.115    0.885
   0.220000   35     244.11   260.07    21.74    -8.07    173    0.101    0.899
   0.220000   36     266.00   276.35    17.39   -10.54     36    0.090    0.910
   0.240000   31     156.56   194.20    41.28     0.48     49    0.171    0.829
   0.240000   32     178.44   210.27    36.11    -1.27    250    0.149    0.851
   0.240000   33     200.33   226.64    31.08    -3.42    356    0.131    0.869
   0.240000   34     222.22   242.64    26.05    -5.93    194    0.115    0.885
   0.240000   35     244.11   259.33    21.83    -8.38     44    0.102    0.898
   0.260000   30     134.67   179.67    47.28     2.67     40    0.197    0.803
   0.260000   31     156.56   194.46    41.80     1.07    191    0.172    0.828
   0.260000   32     178.44   210.26    36.32    -1.05    376    0.151    0.849
   0.260000   33     200.33   226.10    31.09    -3.49    236    0.133    0.867
   0.260000   34     222.22   242.33    25.44    -6.51     49    0.117    0.883
   0.280000   30     134.67   179.24    48.07     3.41    208    0.201    0.799
   0.280000   31     156.56   194.50    42.21     1.42    352    0.175    0.825
   0.280000   32     178.44   209.95    36.18    -1.18    249    0.152    0.848
   0.280000   33     200.33   225.55    30.75    -3.92     54    0.134    0.866
   0.300000   29     112.78   164.35    54.69     5.55    119    0.233    0.767
   0.300000   30     134.67   179.66    48.42     3.76    319    0.202    0.798
   0.300000   31     156.56   194.42    42.15     1.34    332    0.176    0.824
   0.300000   32     178.44   209.70    35.76    -1.64     96    0.153    0.847
   0.320000   28      90.89   150.39    61.91     7.54     48    0.271    0.729
   0.320000   29     112.78   164.80    55.11     6.02    253    0.235    0.765
   0.320000   30     134.67   179.53    48.49     3.86    377    0.205    0.795
   0.320000   31     156.56   193.98    41.63     0.95    186    0.178    0.822
   0.320000   32     178.44   209.16    35.69    -2.12     30    0.155    0.845
   0.340000   27      69.00   137.99    70.01     9.17     30    0.316    0.684
   0.340000   28      90.89   150.94    62.50     8.10    241    0.273    0.727
   0.340000   29     112.78   165.12    55.45     6.22    397    0.237    0.763
   0.340000   30     134.67   179.14    48.07     3.56    197    0.207    0.793
   0.360000   27      69.00   138.34    70.30     9.77    124    0.315    0.685
   0.360000   28      90.89   151.39    62.83     8.38    397    0.276    0.724
   0.360000   29     112.78   164.89    55.36     6.15    295    0.240    0.760
   0.360000   30     134.67   178.79    48.36     3.33     69    0.209    0.791
   0.380000   26      47.11   124.75    78.94    11.08     59    0.364    0.636
   0.380000   27      69.00   138.30    70.83    10.22    280    0.319    0.681
   0.380000   28      90.89   151.30    62.99     8.47    392    0.279    0.721
   0.380000   29     112.78   164.99    55.17     5.86    152    0.242    0.758
   0.400000   26      47.11   125.91    79.45    11.63    171    0.366    0.634
   0.400000   27      69.00   138.28    71.03    10.40    406    0.322    0.678
   0.400000   28      90.89   151.03    62.72     8.29    259    0.283    0.717
   0.400000   29     112.78   163.94    54.02     5.09     45    0.245    0.755
   0.420000   25      25.22   114.43    88.71    12.59     53    0.417    0.583
   0.420000   26      47.11   126.35    79.94    12.01    305    0.369    0.631
   0.420000   27      69.00   138.21    71.19    10.44    385    0.326    0.674
   0.420000   28      90.89   150.46    62.02     7.72    141    0.284    0.716
   0.440000   25      25.22   114.48    89.44    13.16    144    0.425    0.575
   0.440000   26      47.11   126.08    80.21    12.25    437    0.375    0.625
   0.440000   27      69.00   138.10    70.75    10.17    258    0.327    0.673
   0.440000   28      90.89   150.39    61.82     7.27     47    0.285    0.715
   0.460000   24       3.34   103.50    99.54    13.69     42    0.479    0.521
   0.460000   25      25.22   115.03    89.60    13.51    266    0.425    0.575
   0.460000   26      47.11   126.17    80.02    12.18    430    0.377    0.623
   0.460000   27      69.00   137.49    70.89     9.92    149    0.332    0.668
   0.480000   24       3.34   104.50    99.91    14.29    115    0.479    0.521
   0.480000   25      25.22   115.20    89.99    13.73    446    0.429    0.571
   0.480000   26      47.11   126.04    79.73    12.01    290    0.380    0.620
   0.480000   27      69.00   136.96    69.56     9.16     37    0.334    0.666
   0.500000   23     -18.55    94.54   111.01    14.48     45    0.535    0.465
   0.500000   24       3.34   104.47   100.49    14.68    303    0.486    0.514
   0.500000   25      25.22   114.99    89.93    13.74    397    0.434    0.566
   0.500000   26      47.11   125.52    79.75    11.75    146    0.385    0.615
   0.520000   23     -18.55    94.44   111.78    14.98    106    0.541    0.459
   0.520000   24       3.34   104.85   100.65    14.86    434    0.487    0.513
   0.520000   25      25.22   114.86    90.08    13.56    313    0.436    0.564
   0.520000   26      47.11   124.87    80.73    11.35     37    0.387    0.613
   0.540000   22     -40.44    85.38   123.65    14.55     32    0.601    0.399
   0.540000   23     -18.55    95.73   112.09    15.45    187    0.541    0.459
   0.540000   24       3.34   104.82   100.69    14.92    465    0.491    0.509
   0.540000   25      25.22   114.50    89.70    13.26    195    0.439    0.561
   0.560000   22     -40.44    85.83   124.41    15.35    110    0.600    0.400
   0.560000   23     -18.55    95.46   112.44    15.68    413    0.547    0.453
   0.560000   24       3.34   104.53   100.73    14.84    311    0.497    0.503
   0.560000   25      25.22   113.88    89.58    12.97     49    0.446    0.554
   0.580000   21     -62.33    77.33   137.49    14.61     39    0.653    0.347
   0.580000   22     -40.44    86.67   124.74    15.78    245    0.603    0.397
   0.580000   23     -18.55    95.43   112.51    15.72    393    0.551    0.449
   0.580000   24       3.34   104.22   100.15    14.46    208    0.499    0.501
   0.600000   21     -62.33    78.61   137.75    15.37    147    0.652    0.348
   0.600000   22     -40.44    86.78   125.07    16.01    374    0.607    0.393
   0.600000   23     -18.55    95.22   112.46    15.57    313    0.556    0.444
   0.600000   24       3.34   103.57    99.40    13.96     53    0.504    0.496
   0.620000   20     -84.22    70.42   151.69    14.17    100    0.703    0.297
   0.620000   21     -62.33    78.63   138.42    15.62    343    0.658    0.342
   0.620000   22     -40.44    86.70   125.09    15.96    352    0.610    0.390
   0.620000   23     -18.55    94.89   112.08    15.14     93    0.559    0.441
   0.640000   19    -106.11    63.17   165.62    12.59     45    0.744    0.256
   0.640000   20     -84.22    71.11   152.14    14.71    183    0.705    0.295
   0.640000   21     -62.33    78.97   138.35    15.72    416    0.661    0.339
   0.640000   22     -40.44    86.33   124.68    15.66    228    0.614    0.386
   0.660000   18    -128.00    57.24   180.68    11.20     34    0.780    0.220
   0.660000   19    -106.11    64.20   166.62    13.42    156    0.746    0.254
   0.660000   20     -84.22    71.42   152.24    14.97    315    0.707    0.293
   0.660000   21     -62.33    78.69   138.50    15.57    296    0.664    0.336
   0.660000   22     -40.44    85.82   124.25    15.11     87    0.616    0.384
   0.680000   18    -128.00    57.91   181.57    11.82    129    0.782    0.218
   0.680000   19    -106.11    64.68   166.79    13.75    329    0.749    0.251
   0.680000   20     -84.22    71.48   152.21    14.90    340    0.709    0.291
   0.680000   21     -62.33    77.91   137.95    15.11     82    0.671    0.329
   0.700000   17    -149.88    52.24   197.24    10.09     93    0.813    0.187
   0.700000   18    -128.00    58.35   182.13    12.20    302    0.785    0.215
   0.700000   19    -106.11    64.66   166.87    13.75    331    0.751    0.249
   0.700000   20     -84.22    70.87   151.73    14.47    141    0.715    0.285
   0.720000   16    -171.77    46.70   213.07     8.17     98    0.838    0.162
   0.720000   17    -149.88    52.49   197.68    10.46    279    0.815    0.185
   0.720000   18    -128.00    58.28   182.31    12.23    318    0.787    0.213
   0.720000   19    -106.11    64.29   166.89    13.40    151    0.754    0.246
   0.720000   20     -84.22    70.11   151.27    13.75     37    0.719    0.281
   0.740000   15    -193.66    41.46   229.64     6.13     50    0.861    0.139
   0.740000   16    -171.77    47.09   213.95     8.63    217    0.840    0.160
   0.740000   17    -149.88    52.65   197.57    10.61    347    0.816    0.184
   0.740000   18    -128.00    57.96   182.31    11.94    234    0.790    0.210
   0.740000   19    -106.11    63.64   165.90    12.72     38    0.756    0.244
   0.760000   14    -215.55    37.37   246.86     4.51     32    0.879    0.121
   0.760000   15    -193.66    42.27   230.42     6.86    204    0.861    0.139
   0.760000   16    -171.77    47.35   213.99     8.84    357    0.842    0.158
   0.760000   17    -149.88    52.32   197.52    10.36    242    0.819    0.181
   0.760000   18    -128.00    57.38   182.22    11.34     55    0.792    0.208
   0.780000   13    -237.44    33.13   264.38     2.73     36    0.894    0.106
   0.780000   14    -215.55    37.88   247.44     5.08    172    0.880    0.120
   0.780000   15    -193.66    42.55   230.69     7.12    349    0.863    0.137
   0.780000   16    -171.77    47.18   213.77     8.70    254    0.843    0.157
   0.780000   17    -149.88    51.78   198.38     9.84     76    0.820    0.180
   0.800000   13    -237.44    34.19   265.18     3.64    133    0.895    0.105
   0.800000   14    -215.55    38.25   247.89     5.47    272    0.881    0.119
   0.800000   15    -193.66    42.47   230.71     7.03    314    0.865    0.135
   0.800000   16    -171.77    46.62   213.27     8.22    127    0.845    0.155
   0.820000   12    -259.33    30.93   283.24     2.37     91    0.907    0.093
   0.820000   13    -237.44    34.63   265.62     4.06    319    0.895    0.105
   0.820000   14    -215.55    38.29   248.04     5.50    301    0.882    0.118
   0.820000   15    -193.66    42.13   230.34     6.68    155    0.865    0.135
   0.840000   11    -281.21    28.00   302.20     1.27     76    0.918    0.082
   0.840000   12    -259.33    31.32   284.00     2.79    268    0.908    0.092
   0.840000   13    -237.44    34.61   265.62     4.11    330    0.896    0.104
   0.840000   14    -215.55    38.10   247.71     5.21    174    0.882    0.118
   0.840000   15    -193.66    41.32   229.94     5.90     37    0.867    0.133
   0.860000   10    -303.10    25.65   321.16     0.48     89    0.927    0.073
   0.860000   11    -281.21    28.53   302.47     1.78    258    0.919    0.081
   0.860000   12    -259.33    31.38   284.22     2.90    310    0.909    0.091
   0.860000   13    -237.44    34.34   265.50     3.83    178    0.897    0.103
   0.860000   14    -215.55    37.26   248.78     4.46     38    0.884    0.116
   0.880000    9    -324.99    23.71   341.00    -0.10     75    0.935    0.065
   0.880000   10    -303.10    26.11   321.95     0.95    234    0.928    0.072
   0.880000   11    -281.21    28.69   302.82     1.91    339    0.919    0.081
   0.880000   12    -259.33    31.06   284.55     2.59    183    0.910    0.090
   0.880000   13    -237.44    33.63   265.50     3.12     48    0.898    0.102
   0.900000    8    -346.88    22.14   360.95    -0.33     73    0.942    0.058
   0.900000    9    -324.99    24.19   341.58     0.47    203    0.935    0.065
   0.900000   10    -303.10    26.35   321.66     1.17    291    0.928    0.072
   0.900000   11    -281.21    28.44   302.23     1.68    223    0.920    0.080
   0.900000   12    -259.33    30.44   284.01     1.98     88    0.911    0.089
   0.920000    7    -368.77    21.24   381.53    -0.19     85    0.947    0.053
   0.920000    8    -346.88    22.84   361.65     0.30    215    0.942    0.058
   0.920000    9    -324.99    24.48   341.77     0.70    291    0.936    0.064
   0.920000   10    -303.10    26.11   321.54     0.95    211    0.929    0.071
   0.920000   11    -281.21    27.81   301.78     1.05     78    0.920    0.080
   0.940000    6    -390.66    20.61   402.46     0.21     55    0.952    0.048
   0.940000    7    -368.77    21.84   382.10     0.41    170    0.947    0.053
   0.940000    8    -346.88    23.03   361.96     0.51    333    0.942    0.058
   0.940000    9    -324.99    24.26   341.77     0.50    228    0.936    0.064
   0.940000   10    -303.10    25.56   321.33     0.33     84    0.929    0.071
   0.960000    5    -412.55    20.31   424.69     0.94     87    0.957    0.043
   0.960000    6    -390.66    21.16   403.32     0.83    213    0.953    0.047
   0.960000    7    -368.77    22.00   382.46     0.63    276    0.948    0.052
   0.960000    8    -346.88    22.82   361.72     0.32    204    0.943    0.057
   0.960000    9    -324.99    23.60   340.87    -0.07     71    0.937    0.063
   0.980000    4    -434.43    20.51   445.91     1.93     89    0.960    0.040
   0.980000    5    -412.55    20.90   424.67     1.50    203    0.957    0.043
   0.980000    6    -390.66    21.30   403.54     1.00    303    0.953    0.047
   0.980000    7    -368.77    21.72   382.22     0.37    196    0.948    0.052
   0.980000    8    -346.88    22.13   362.34    -0.33     77    0.943    0.057
   1.000000    2    -478.21    21.04   491.11     4.14     46    0.967    0.033
   1.000000    3    -456.32    21.04   468.55     3.32    127    0.964    0.036
   1.000000    4    -434.43    21.04   446.55     2.50    215    0.961    0.039
   1.000000    5    -412.55    21.04   424.91     1.64    248    0.957    0.043
   1.000000    6    -390.66    21.04   403.34     0.70    168    0.953    0.047
   1.000000    7    -368.77    21.04   381.67    -0.32     74    0.949    0.051


# Part 3: Bin-averaged summary:
# bin  energy gap  <dGg> <dGg norm> pts  <c1**2> <c2**2> <r_xy>
   2   -478.21     4.14    21.50     46   0.967   0.033   1.415
   3   -456.32     3.32    20.68    127   0.964   0.036   1.421
   4   -434.43     2.34    19.70    304   0.961   0.039   1.436
   5   -412.55     1.47    18.84    538   0.957   0.043   1.453
   6   -390.66     0.82    18.19    739   0.953   0.047   1.472
   7   -368.77     0.34    17.71    801   0.948   0.052   1.494
   8   -346.88     0.28    17.64    902   0.942   0.058   1.517
   9   -324.99     0.46    17.82    868   0.936   0.064   1.544
  10   -303.10     0.92    18.28    909   0.928   0.072   1.575
  11   -281.21     1.70    19.06    974   0.919   0.081   1.608
  12   -259.33     2.67    20.03    940   0.909   0.091   1.640
  13   -237.44     3.89    21.26   1044   0.896   0.104   1.680
  14   -215.55     5.29    22.66    989   0.881   0.119   1.720
  15   -193.66     6.90    24.26   1109   0.863   0.137   1.767
  16   -171.77     8.63    25.99   1053   0.842   0.158   1.819
  17   -149.88    10.41    27.77   1037   0.816   0.184   1.873
  18   -128.00    12.03    29.39   1072   0.786   0.214   1.936
  19   -106.11    13.56    30.92   1050   0.750   0.250   2.007
  20    -84.22    14.73    32.09   1116   0.708   0.292   2.089
  21    -62.33    15.55    32.91   1323   0.660   0.340   2.172
  22    -40.44    15.76    33.13   1428   0.608   0.392   2.273
  23    -18.55    15.53    32.89   1550   0.549   0.451   2.395
  24      3.34    14.72    32.08   1931   0.491   0.509   2.498
  25     25.22    13.53    30.89   1863   0.432   0.568   2.604
  26     47.11    12.01    29.37   1875   0.375   0.625   2.694
  27     69.00    10.20    27.57   1669   0.324   0.676   2.755
  28     90.89     8.22    25.58   1525   0.278   0.722   2.804
  29    112.78     6.02    23.38   1261   0.238   0.762   2.840
  30    134.67     3.64    21.00   1210   0.204   0.796   2.888
  31    156.56     1.21    18.58   1110   0.175   0.825   2.912
  32    178.44    -1.27    16.10   1083   0.151   0.849   2.941
  33    200.33    -3.55    13.81    991   0.131   0.869   2.970
  34    222.22    -5.86    11.50    911   0.114   0.886   3.012
  35    244.11    -7.95     9.41    931   0.100   0.900   3.045
  36    266.00    -9.93     7.43    843   0.088   0.912   3.075
  37    287.89   -11.69     5.67    810   0.078   0.922   3.117
  38    309.77   -13.24     4.12    822   0.070   0.930   3.156
  39    331.66   -14.54     2.82    814   0.062   0.938   3.210
  40    353.55   -15.64     1.72    796   0.056   0.944   3.256
  41    375.44   -16.43     0.93    781   0.050   0.950   3.297
  42    397.33   -16.95     0.41    685   0.046   0.954   3.345
  43    419.22   -17.24     0.12    624   0.042   0.958   3.375
  44    441.11   -17.36     0.00    579   0.038   0.962   3.421
  45    462.99   -17.20     0.16    610   0.035   0.965   3.487
  46    484.88   -16.75     0.61    563   0.032   0.968   3.541
  47    506.77   -16.20     1.17    361   0.030   0.970   3.594
  48    528.66   -15.63     1.73    161   0.028   0.972   3.656
  49    550.55   -14.88     2.48     48   0.026   0.974   3.642


# Part 4: Termodynamic integration:
# lambda(1)      dGti    sum(dGti) 
   0.000000    0.000    0.000
   0.020000 -494.838    9.681
   0.040000 -473.281   18.731
   0.060000 -431.659   27.090
   0.080000 -404.320   34.938
   0.100000 -380.403   42.286
   0.120000 -354.439   49.116
   0.140000 -328.521   55.461
   0.160000 -306.032   61.339
   0.180000 -281.798   66.761
   0.200000 -260.392   71.760
   0.220000 -239.466   76.325
   0.240000 -217.036   80.485
   0.260000 -198.928   84.278
   0.280000 -180.365   87.679
   0.300000 -159.827   90.734
   0.320000 -145.677   93.511
   0.340000 -132.013   95.952
   0.360000 -112.004   98.062
   0.380000  -99.078   99.908
   0.400000  -85.534  101.492
   0.420000  -72.825  102.853
   0.440000  -63.233  103.999
   0.460000  -51.432  104.942
   0.480000  -42.855  105.683
   0.500000  -31.209  106.189
   0.520000  -19.418  106.487
   0.540000  -10.416  106.619
   0.560000   -2.776  106.528
   0.580000   11.894  106.199
   0.600000   21.055  105.643
   0.620000   34.464  104.783
   0.640000   51.539  103.639
   0.660000   62.886  102.229
   0.680000   78.093  100.484
   0.700000   96.440   98.373
   0.720000  114.627   95.879
   0.740000  134.800   93.031
   0.760000  150.006   89.835
   0.780000  169.589   86.251
   0.800000  188.864   82.320
   0.820000  204.173   78.037
   0.840000  224.171   73.372
   0.860000  242.346   68.301
   0.880000  264.696   62.809
   0.900000  284.477   56.944
   0.920000  302.033   50.670
   0.940000  325.384   43.971
   0.960000  344.587   36.816
   0.980000  370.816   29.183
   1.000000  392.541   21.063


# Part 5: Overlap sampling Lu et al:
# lambda(1)      dG    sum(dG) 
   0.000000    0.000    0.000
   0.020000    9.667    9.667
   0.040000    9.052   18.719
   0.060000    8.365   27.084
   0.080000    7.833   34.917
   0.100000    7.354   42.271
   0.120000    6.822   49.093
   0.140000    6.357   55.449
   0.160000    5.878   61.328
   0.180000    5.420   66.748
   0.200000    4.996   71.744
   0.220000    4.563   76.307
   0.240000    4.150   80.457
   0.260000    3.791   84.248
   0.280000    3.405   87.653
   0.300000    3.056   90.710
   0.320000    2.775   93.485
   0.340000    2.438   95.923
   0.360000    2.109   98.032
   0.380000    1.847   99.879
   0.400000    1.583  101.462
   0.420000    1.360  102.822
   0.440000    1.148  103.970
   0.460000    0.940  104.910
   0.480000    0.739  105.649
   0.500000    0.508  106.157
   0.520000    0.297  106.454
   0.540000    0.133  106.587
   0.560000   -0.092  106.496
   0.580000   -0.328  106.168
   0.600000   -0.556  105.611
   0.620000   -0.859  104.752
   0.640000   -1.143  103.609
   0.660000   -1.403  102.206
   0.680000   -1.755  100.451
   0.700000   -2.107   98.344
   0.720000   -2.488   95.856
   0.740000   -2.852   93.004
   0.760000   -3.199   89.804
   0.780000   -3.581   86.224
   0.800000   -3.925   82.299
   0.820000   -4.290   78.009
   0.840000   -4.662   73.347
   0.860000   -5.066   68.281
   0.880000   -5.495   62.787
   0.900000   -5.858   56.929
   0.920000   -6.278   50.651
   0.940000   -6.703   43.949
   0.960000   -7.144   36.804
   0.980000   -7.642   29.162
   1.000000   -8.105   21.057


# lambda(1)      dG    sum(dG) 
# Part 6: BAR Bennet:
   0.000000    0.000    0.000
   0.020000    9.674    9.674
   0.040000    9.050   18.723
   0.060000    8.360   27.084
   0.080000    7.840   34.924
   0.100000    7.346   42.270
   0.120000    6.826   49.096
   0.140000    6.346   55.442
   0.160000    5.877   61.319
   0.180000    5.418   66.737
   0.200000    4.996   71.733
   0.220000    4.566   76.299
   0.240000    4.157   80.456
   0.260000    3.791   84.247
   0.280000    3.401   87.648
   0.300000    3.053   90.701
   0.320000    2.775   93.476
   0.340000    2.438   95.914
   0.360000    2.109   98.022
   0.380000    1.845   99.867
   0.400000    1.583  101.450
   0.420000    1.360  102.810
   0.440000    1.146  103.956
   0.460000    0.943  104.898
   0.480000    0.741  105.639
   0.500000    0.507  106.146
   0.520000    0.298  106.443
   0.540000    0.133  106.576
   0.560000   -0.089  106.487
   0.580000   -0.328  106.159
   0.600000   -0.554  105.605
   0.620000   -0.859  104.746
   0.640000   -1.142  103.604
   0.660000   -1.404  102.200
   0.680000   -1.745  100.456
   0.700000   -2.109   98.347
   0.720000   -2.492   95.855
   0.740000   -2.848   93.006
   0.760000   -3.196   89.811
   0.780000   -3.583   86.228
   0.800000   -3.930   82.298
   0.820000   -4.285   78.013
   0.840000   -4.664   73.348
   0.860000   -5.069   68.280
   0.880000   -5.491   62.789
   0.900000   -5.860   56.928
   0.920000   -6.272   50.656
   0.940000   -6.698   43.958
   0.960000   -7.146   36.811
   0.980000   -7.632   29.179
   1.000000   -8.111   21.068
