Starting job 5494467 on c3-8 at Fri Apr 22 21:19:14 CEST 2022

The following modules were not unloaded:
  (Use "module --force purge" to unload all):

  1) StdEnv

Task and CPU usage stats:
       JobID    JobName  AllocCPUS   NTasks     MinCPU MinCPUTask     AveCPU    Elapsed ExitCode 
------------ ---------- ---------- -------- ---------- ---------- ---------- ---------- -------- 
5494467          run.sh         20                                           1-19:00:08      0:0 
5494467.bat+      batch         20        1 1-18:58:21          0 1-18:58:21 1-19:00:08      0:0 
5494467.ext+     extern         20        1   00:00:00          0   00:00:00 1-19:00:08      0:0 

Memory usage stats:
       JobID     MaxRSS MaxRSSTask     AveRSS MaxPages   MaxPagesTask   AvePages 
------------ ---------- ---------- ---------- -------- -------------- ---------- 
5494467                                                                          
5494467.bat+     47464K          0     47464K        0              0          0 
5494467.ext+          0          0          0        0              0          0 

Disk usage stats:
       JobID  MaxDiskRead MaxDiskReadTask    AveDiskRead MaxDiskWrite MaxDiskWriteTask   AveDiskWrite 
------------ ------------ --------------- -------------- ------------ ---------------- -------------- 
5494467                                                                                               
5494467.bat+      174.80M               0        174.80M      826.81M                0        826.81M 
5494467.ext+        0.00M               0          0.00M            0                0              0 

Job 5494467 completed at Sun Apr 24 16:19:22 CEST 2022
