Starting job 5571114 on c2-24 at Thu May 5 08:45:12 CEST 2022

The following modules were not unloaded:
  (Use "module --force purge" to unload all):

  1) StdEnv

Task and CPU usage stats:
JobID           JobName  AllocCPUS   NTasks     MinCPU MinCPUTask     AveCPU    Elapsed ExitCode 
------------ ---------- ---------- -------- ---------- ---------- ---------- ---------- -------- 
5571114          run.sh         20                                           1-19:30:55      0:0 
5571114.bat+      batch         20        1 1-19:28:45          0 1-19:28:45 1-19:30:55      0:0 
5571114.ext+     extern         20        1   00:00:00          0   00:00:00 1-19:30:55      0:0 

Memory usage stats:
JobID            MaxRSS MaxRSSTask     AveRSS MaxPages   MaxPagesTask   AvePages 
------------ ---------- ---------- ---------- -------- -------------- ---------- 
5571114                                                                          
5571114.bat+     47444K          0     47444K        0              0          0 
5571114.ext+          0          0          0        0              0          0 

Disk usage stats:
JobID         MaxDiskRead MaxDiskReadTask    AveDiskRead MaxDiskWrite MaxDiskWriteTask   AveDiskWrite 
------------ ------------ --------------- -------------- ------------ ---------------- -------------- 
5571114                                                                                               
5571114.bat+      174.72M               0        174.72M      826.81M                0        826.81M 
5571114.ext+        0.00M               0          0.00M            0                0              0 

Job 5571114 completed at Sat May 7 04:16:07 CEST 2022
