--------------------------------------------------------------------------------
Welcome to Q
This version was compiled using: GCC version 11.2.0
And the following compiler options: 
-cpp -D G95=1 -mtune=generic -march=x86-64 -O3 -Wall -Wtabs -std=legacy -funroll-loops -ffree-line-length-none -fcray-pointer -fall-intrinsics -fstack-protector

qdyn version 6.0.1 initializing
--------------------------------------------------------------------------------
Current date 2022- 4-24 and time  4:52:45
--------------------- Reading input from md_0320_0680.inp --------------------
Boundary: sphere
Number of MD steps  =     10000
Stepsize (fs)       =     1.000
Target temperature  =    298.00
T-relax time        =    100.00
Solute and solvent atoms coupled together to heat bath.
Initial velocities will be generated from Maxwells distribution
SHAKE all solvent bonds        = on 
SHAKE all solute bonds         = off
SHAKE all bonds to hydrogen    = off
Nonbonded method    = LRF Taylor expansion outside cut-off
Cut-off radii for non-bonded interactions:
Solute-solute       =     10.00
Solvent-solvent     =     10.00
Solute-solvent      =     10.00
Q-atom-non-Q-atom   =     99.00
LRF                 =     99.00
Radius of inner restrained shell       =   28.10
Shell restraint force constant         =   10.00
Solvent polarization force constant set to default
temperature print-out interval set to default.
Non-bonded pair list update interval   =      25
Energy summary print-out interval      =       5
Temperature print-out interval         =      10
Trajectory write interval              =    1000
Energy file write interval             =      10
Topology file      = bsCM_new.top
Initial coord. file= md_0340_0660.re
Final coord. file  = md_0320_0680.re
Trajectory file    = md_0320_0680.dcd
Energy output file = md_0320_0680.en
FEP input file     = bsCM_new_top.fep

lambda-values      =  0.32000 0.68000

Listing of restraining data:

No. of sequence restraints =         1
  atom_i  atom_j      fc  H-flag to_center
    5713    5736    0.50       0         1
---------------------------- Reading topology file ---------------------------
/home/ogol/Documents/PHD/Courses/C8/biomolmod/practicals/EVB/enzyme/bsCM_new top

No. of solute atoms     =       5736
No. of solvent atoms    =       9657
No. of coordinates      =      46179
No. of atom type codes  =      15393
No. of solute bonds     =       5775
No. of solvent bonds    =       9657
No. of solute angles    =      10535
No. of solvent angles   =       3219
No. of solute torsions  =      21353
No. of solvent torsions =          0
No. of solute impropers =       1016
No. of solvent impropers=          0
No. of atomic charges   =      15393
No. of solute chargegrps=       1609
No. of solvent chargegps=       3219
Charge group cut-off    : Switching atoms
vdW  rule [ 1=G / 2=A ] =          1
El-static 1-4 damping   =      0.500
Coulomb constant        =   332.0716
No. of atom types       =         93
No. of LJ type 2 pairs  =          0
No. of heavy atoms      =       6034
No. of 1-4 neighbours   =      15290
No. long-range 1-4 nbrs =          3
No. of nbor exclusions  =      29186
No. of long-range excls =          0
No. of residues         =       3571
No of solute residues   =        352
No. of molecules        =       3223
Atom type names         =         93
SYBYL atom types        =         93
Boundary: sphere
Exclusion radius        =     33.000
Eff. solvent radius     =     32.570
Solute center           =     12.679    -2.364     4.159
Solvent center          =     12.679    -2.364     4.159
No. of excluded atoms   =          0
Molecular topology read successfully.

Found        0 solute atoms in the restrained shell region ( 28.10 to  33.00)
----------------------------- Reading restart file ----------------------------
Total number of atoms        =   15393
Number of waters encountered =    3219

----------------------------- Reading Q atom list ----------------------------
No. of fep/evb states    =     2
No. of fep/evb atoms     =    24
Atom nos.:  5713  5714  5715  5716  5717  5718  5719  5720  5721  5722
Atom nos.:  5723  5724  5725  5726  5727  5728  5729  5730  5731  5732
Atom nos.:  5733  5734  5735  5736
--------------------------- Reading fep/evb strategy --------------------------

No. of changing charges  =    24
Effective Q-atom charges for all Q-atoms
Q atom    charge in state 1 state 2
     1               -0.310  -0.100
     2               -0.800  -0.800
     3               -0.115  -0.115
     4               -0.800  -0.800
     5               -0.115  -0.115
     6               -0.800  -0.800
     7                0.205   0.205
     8               -0.800  -0.800
     9                0.239  -0.115
    10               -0.683  -0.683
    11               -0.184  -0.115
    12               -0.285  -0.470
    13               -0.225   0.470
    14               -0.230  -0.120
    15                0.910   0.700
    16                0.910   0.600
    17                0.115   0.115
    18                0.115   0.115
    19                0.060   0.060
    20                0.030   0.115
    21                0.418   0.418
    22                0.115   0.115
    23                0.115   0.060
    24                0.115   0.060

   SUM               -2.000  -2.000

No. of Q-atom types  =    10
Name            Ai      Bi      Ci     ai Ai(1-4) Bi(1-4)    Mass
QCM        1103.59   24.67   70.00  1.60   780.35   17.44   12.01
QCT         944.52   22.03   70.00  1.60   667.88   15.58   12.01
QO2Z        616.44   23.77   70.00  1.60   435.89   16.81   16.00
QOH         760.65   25.04   70.00  1.60   537.86   17.71   16.00
QOS         401.02   17.32   70.00  1.60   283.56   12.25   16.00
QO          616.44   23.77   70.00  1.60   435.89   16.81   16.00
QCO4       1802.24   34.18   70.00  1.60  1274.38   24.17   12.01
QCO3       1802.24   34.18   70.00  1.60  1274.38   24.17   12.01
QHC          49.20    3.47    7.00  1.60    34.79    2.45    1.01
QHO           0.01    0.04    7.00  1.60     0.00    0.03    1.01

Assigning Q-atom types to all Q atoms:
Q atom    atom type in  state 1  state 2
     1                  QCM      QCT     
     2                  QO2Z     QO2Z    
     3                  QCM      QCM     
     4                  QO2Z     QO2Z    
     5                  QCM      QCM     
     6                  QO2Z     QO2Z    
     7                  QCT      QCT     
     8                  QO2Z     QO2Z    
     9                  QCT      QCM     
    10                  QOH      QOH     
    11                  QCM      QCM     
    12                  QOS      QO      
    13                  QCM      QCO4    
    14                  QCM      QCT     
    15                  QCO3     QCO3    
    16                  QCO3     QCO3    
    17                  QHC      QHC     
    18                  QHC      QHC     
    19                  QHC      QHC     
    20                  QHC      QHC     
    21                  QHO      QHO     
    22                  QHC      QHC     
    23                  QHC      QHC     
    24                  QHC      QHC     

No. of soft repulsion non-bonded pairs =     2
q-atom_i q-atom_j
       9       12
       1       14

Q-bond types:
type #  Morse E_diss    alpha       b0  Harmonic force_k 
     1        137.25     2.00     1.34
     2         57.50     2.00     1.54
     3         79.25     2.00     1.51
     4         79.25     2.00     1.52
     5         67.00     2.00     1.53
     6         95.00     2.00     1.44
     7         57.50     2.00     1.54
     8        164.00     2.00     1.25
     9        164.00     2.00     1.25
    10         85.00     2.00     1.08
    11         85.00     2.00     1.08
    12         79.25     2.00     1.51
    13         80.00     2.00     1.41
    14         85.00     2.00     1.09
    15         67.00     2.00     1.53
    16         80.00     2.00     1.41
    17         85.00     2.00     1.09
    18         80.00     2.00     1.41
    19         80.00     2.00     1.41
    20        138.25     2.00     0.94
    21        138.25     2.00     0.94
    22        110.00     2.00     1.36
    23        142.50     2.00     1.23
    24        110.00     2.00     1.36
    25         79.25     2.00     1.52
    26         62.50     2.00     1.52


No. of changing bonds    =    25
atom_i atom_j   bond type in state 1 state 2
  5713   5715                      1       3
  5713   5723                      1       3
  5713   5727                      2       4
  5713   5726                      0       5
  5714   5727                      8       8
  5715   5717                      1       1
  5715   5729                     10      10
  5716   5727                      8       8
  5717   5719                      3       3
  5717   5730                     10      10
  5718   5728                      8       8
  5719   5721                      5       3
  5719   5722                     13      13
  5719   5731                     14      14
  5720   5728                      8       8
  5721   5723                      3       1
  5721   5724                     18       0
  5721   5732                     14      10
  5722   5733                     20      20
  5723   5734                     10      10
  5724   5725                     22      23
  5725   5726                      1      25
  5725   5728                      2      26
  5726   5735                     10      14
  5726   5736                     10      14

Q-angle types:
type #       force-k   theta0
     1        140.00   123.02
     2         70.00   120.00
     3        140.00   124.00
     4        170.00   113.83
     5         70.00   117.00
     6        140.00   117.00
     7        126.00   111.10
     8         75.00   110.70
     9        110.00   124.75
    10        140.00   110.12
    11        130.00   111.94
    12        140.00   112.03
    13        170.00   112.82
    14        100.00   109.50
    15        100.00   109.50
    16        180.00   111.18
    17        180.00   110.39
    18         70.00   109.50
    19        170.00   110.90
    20         70.00   109.50
    21        160.00   120.01
    22        160.00   119.00
    23        160.00   120.40
    24        160.00   120.92
    25         70.00   109.50
    26        130.00   114.64
    27        140.00   109.69
    28         70.00   117.00
    29         66.00   107.80


No. of changing angles   =    34
atom_i atom_j atom_k    angle type in state 1 state 2
  5713   5715   5717                        1       3
  5713   5715   5729                        2       5
  5713   5723   5721                        3       3
  5713   5723   5734                        2       5
  5713   5727   5714                        4       6
  5713   5727   5716                        4       6
  5713   5726   5725                        0       7
  5713   5726   5735                        0       8
  5713   5726   5736                        0       8
  5715   5713   5723                        1      10
  5715   5713   5727                        9      11
  5715   5713   5726                        0      12
  5717   5719   5721                       12      10
  5718   5728   5725                        4      13
  5719   5721   5723                       12       3
  5719   5721   5724                       14       0
  5719   5721   5732                        8       5
  5720   5728   5725                        4      13
  5721   5719   5722                       15      17
  5721   5719   5731                        8      18
  5721   5723   5734                        5       2
  5721   5724   5725                       16       0
  5723   5713   5727                        9      11
  5723   5721   5724                       19       0
  5723   5721   5732                       18       2
  5723   5713   5726                        0      12
  5724   5721   5732                       20       0
  5724   5725   5726                       21      23
  5724   5725   5728                       22      24
  5725   5726   5735                        2      25
  5725   5726   5736                        2      25
  5726   5725   5728                        9      26
  5726   5713   5727                        0      27
  5735   5726   5736                       28      29

Q-torsion types:
type #       force-k     mult    delta
     1         -0.28    -1.00     0.00
     2          0.27    -2.00   180.00
     3         -0.63     3.00     0.00
     4          0.00    -1.00     0.00
     5          7.00    -2.00   180.00
     6          0.00     3.00     0.00
     7          0.10    -1.00     0.00
     8          0.15    -2.00   180.00
     9         -0.51     3.00     0.00
    10          0.39    -1.00     0.00
    11         -0.06    -2.00   180.00
    12         -0.55     3.00     0.00
    13          0.00    -1.00     0.00
    14          0.00    -2.00   180.00
    15          0.00     3.00     0.00
    16          0.00    -1.00     0.00
    17          7.00    -2.00   180.00
    18          0.00     3.00     0.00
    19          0.00    -1.00     0.00
    20          7.00    -2.00   180.00
    21          0.00     3.00     0.00
    22          0.00    -1.00     0.00
    23          0.30    -2.00   180.00
    24          0.00     3.00     0.00
    25          0.65    -1.00     0.00
    26         -0.04    -2.00   180.00
    27          0.34     3.00     0.00
    28          0.00    -1.00     0.00
    29         -0.04    -2.00   180.00
    30         -0.29     3.00     0.00
    31          0.00    -1.00     0.00
    32          0.30    -2.00   180.00
    33          0.00     3.00     0.00
    34          0.00    -1.00     0.00
    35          0.41    -2.00   180.00
    36          0.00     3.00     0.00
    37         -0.28    -1.00     0.00
    38          0.27    -2.00   180.00
    39         -0.63     3.00     0.00
    40          0.00    -1.00     0.00
    41          0.00    -2.00   180.00
    42          0.00     3.00     0.00
    43         -0.99    -1.00     0.00
    44          0.49    -2.00   180.00
    45          0.77     3.00     0.00
    46          0.00    -1.00     0.00
    47          0.00    -2.00   180.00
    48          0.15     3.00     0.00
    49          0.29    -1.00     0.00
    50          2.61    -2.00   180.00
    51          0.78     3.00     0.00
    52          0.00    -1.00     0.00
    53          0.00    -2.00   180.00
    54         -0.19     3.00     0.00
    55          0.31    -1.00     0.00
    56          0.15    -2.00   180.00
    57          0.08     3.00     0.00
    58          0.62    -1.00     0.00
    59         -0.23    -2.00   180.00
    60          0.15     3.00     0.00
    61         -0.51    -1.00     0.00
    62         -0.89    -2.00   180.00
    63          0.09     3.00     0.00
    64         -0.12    -1.00     0.00
    65          0.77    -2.00   180.00
    66          0.14     3.00     0.00
    67          0.00    -1.00     0.00
    68          0.06    -2.00   180.00
    69          0.00     3.00     0.00
    70          0.00    -1.00     0.00
    71          0.50    -2.00   180.00
    72          0.00     3.00     0.00
    73          0.00    -1.00     0.00
    74          0.00    -2.00   180.00
    75          0.00     3.00     0.00
    76         -0.47    -1.00     0.00
    77          0.09    -2.00   180.00
    78         -0.13     3.00     0.00
    79         -0.12    -1.00     0.00
    80         -0.09    -2.00   180.00
    81          0.21     3.00     0.00
    82          0.00    -1.00     0.00
    83          7.00    -2.00   180.00
    84          0.00     3.00     0.00
    85         -2.27    -1.00     0.00
    86          3.39    -2.00   180.00
    87          0.00     3.00     0.00
    88          0.00    -1.00     0.00
    89          0.15    -2.00   180.00
    90          0.00     3.00     0.00
    91         -0.08    -1.00     0.00
    92         -0.21    -2.00   180.00
    93         -0.03     3.00     0.00
    94          1.06    -1.00     0.00
    95          0.16    -2.00   180.00
    96          0.53     3.00     0.00
    97          3.69    -1.00     0.00
    98         -1.83    -2.00   180.00
    99          0.00     3.00     0.00
   100          0.00    -1.00     0.00
   101          0.00    -2.00   180.00
   102          0.23     3.00     0.00
   103          0.68    -1.00     0.00
   104          0.47    -2.00   180.00
   105         -0.62     3.00     0.00
   106          0.00    -1.00     0.00
   107          0.00    -2.00   180.00
   108          0.00     3.00     0.00
   109         -0.48    -1.00     0.00
   110          0.09    -2.00   180.00
   111         -0.13     3.00     0.00
   112          0.00    -1.00     0.00
   113          0.00    -2.00   180.00
   114          0.23     3.00     0.00
   115          0.00    -1.00     0.00
   116          0.00    -2.00   180.00
   117          0.00     3.00     0.00
   118          0.00    -1.00     0.00
   119          7.00    -2.00   180.00
   120          0.00     3.00     0.00
   121          0.00    -1.00     0.00
   122          0.00    -2.00   180.00
   123          0.00     3.00     0.00
   124          0.00    -1.00     0.00
   125          0.00    -2.00   180.00
   126          0.08     3.00     0.00
   127         -0.31    -1.00     0.00
   128          1.11    -2.00   180.00
   129          0.40     3.00     0.00
   130          0.00    -1.00     0.00
   131          7.00    -2.00   180.00
   132          0.00     3.00     0.00
   133          0.00    -1.00     0.00
   134          0.00    -2.00   180.00
   135          0.00     3.00     0.00
   136          0.00    -1.00     0.00
   137          0.00    -2.00   180.00
   138         -0.11     3.00     0.00
   139          0.00    -1.00     0.00
   140          0.00    -2.00   180.00
   141          0.00     3.00     0.00
   142          0.00    -1.00     0.00
   143          0.00    -2.00   180.00
   144          0.15     3.00     0.00
   145          0.00    -1.00     0.00
   146          0.00    -2.00   180.00
   147          0.33     3.00     0.00
   148          0.00    -1.00     0.00
   149          7.00    -2.00   180.00
   150          0.00     3.00     0.00


No. of changing torsions =   186
atom_i atom_j atom_k atom_l    torsion type in state 1 state 2
  5713   5715   5717   5719                          1      16
  5713   5715   5717   5719                          2      17
  5713   5715   5717   5719                          3      18
  5713   5715   5717   5730                          4      19
  5713   5715   5717   5730                          5      20
  5713   5715   5717   5730                          6      21
  5713   5723   5721   5719                          7      16
  5713   5723   5721   5719                          8      17
  5713   5723   5721   5719                          9      18
  5713   5723   5721   5724                         10       0
  5713   5723   5721   5724                         11       0
  5713   5723   5721   5724                         12       0
  5713   5723   5721   5732                         13      19
  5713   5723   5721   5732                         14      20
  5713   5723   5721   5732                         15      21
  5713   5726   5725   5724                          0      22
  5713   5726   5725   5724                          0      23
  5713   5726   5725   5724                          0      24
  5713   5726   5725   5728                          0      25
  5713   5726   5725   5728                          0      26
  5713   5726   5725   5728                          0      27
  5714   5727   5713   5715                         28      31
  5714   5727   5713   5715                         29      32
  5714   5727   5713   5715                         30      33
  5714   5727   5713   5723                         28      31
  5714   5727   5713   5723                         29      32
  5714   5727   5713   5723                         30      33
  5714   5727   5713   5726                          0      34
  5714   5727   5713   5726                          0      35
  5714   5727   5713   5726                          0      36
  5715   5713   5723   5721                          1      37
  5715   5713   5723   5721                          2      38
  5715   5713   5723   5721                          3      39
  5715   5713   5723   5734                          4      40
  5715   5713   5723   5734                          5      41
  5715   5713   5723   5734                          6      42
  5715   5713   5727   5716                         28      31
  5715   5713   5727   5716                         29      32
  5715   5713   5727   5716                         30      33
  5715   5717   5719   5721                          7      37
  5715   5717   5719   5721                          8      38
  5715   5717   5719   5721                          9      39
  5715   5713   5726   5725                          0      43
  5715   5713   5726   5725                          0      44
  5715   5713   5726   5725                          0      45
  5715   5713   5726   5735                          0      46
  5715   5713   5726   5735                          0      47
  5715   5713   5726   5735                          0      48
  5715   5713   5726   5736                          0      46
  5715   5713   5726   5736                          0      47
  5715   5713   5726   5736                          0      48
  5716   5727   5713   5723                         28      31
  5716   5727   5713   5723                         29      32
  5716   5727   5713   5723                         30      33
  5716   5727   5713   5726                          0      34
  5716   5727   5713   5726                          0      35
  5716   5727   5713   5726                          0      36
  5717   5715   5713   5723                         49      37
  5717   5715   5713   5723                         50      38
  5717   5715   5713   5723                         51      39
  5717   5715   5713   5727                         52      61
  5717   5715   5713   5727                         53      62
  5717   5715   5713   5727                         54      63
  5717   5719   5721   5723                         55      37
  5717   5719   5721   5723                         56      38
  5717   5719   5721   5723                         57      39
  5717   5719   5721   5724                         58       0
  5717   5719   5721   5724                         59       0
  5717   5719   5721   5724                         60       0
  5717   5719   5721   5732                         46      40
  5717   5719   5721   5732                         47      41
  5717   5719   5721   5732                         48      42
  5717   5715   5713   5726                          0       7
  5717   5715   5713   5726                          0       8
  5717   5715   5713   5726                          0       9
  5718   5728   5725   5724                         64      67
  5718   5728   5725   5724                         65      68
  5718   5728   5725   5724                         66      69
  5718   5728   5725   5726                         28      70
  5718   5728   5725   5726                         29      71
  5718   5728   5725   5726                         30      72
  5719   5721   5723   5734                         73      19
  5719   5721   5723   5734                         74      20
  5719   5721   5723   5734                         75      21
  5719   5721   5724   5725                         76       0
  5719   5721   5724   5725                         77       0
  5719   5721   5724   5725                         78       0
  5720   5728   5725   5724                         64      67
  5720   5728   5725   5724                         65      68
  5720   5728   5725   5724                         66      69
  5720   5728   5725   5726                         28      70
  5720   5728   5725   5726                         29      71
  5720   5728   5725   5726                         30      72
  5721   5719   5717   5730                         73      40
  5721   5719   5717   5730                         74      41
  5721   5719   5717   5730                         75      42
  5721   5719   5722   5733                         79      91
  5721   5719   5722   5733                         80      92
  5721   5719   5722   5733                         81      93
  5721   5723   5713   5727                         82      61
  5721   5723   5713   5727                         83      62
  5721   5723   5713   5727                         84      63
  5721   5724   5725   5726                         85       0
  5721   5724   5725   5726                         86       0
  5721   5724   5725   5726                         87       0
  5721   5724   5725   5728                         88       0
  5721   5724   5725   5728                         89       0
  5721   5724   5725   5728                         90       0
  5721   5723   5713   5726                          0       7
  5721   5723   5713   5726                          0       8
  5721   5723   5713   5726                          0       9
  5722   5719   5721   5723                         94     103
  5722   5719   5721   5723                         95     104
  5722   5719   5721   5723                         96     105
  5722   5719   5721   5724                         97       0
  5722   5719   5721   5724                         98       0
  5722   5719   5721   5724                         99       0
  5722   5719   5721   5732                        100     106
  5722   5719   5721   5732                        101     107
  5722   5719   5721   5732                        102     108
  5723   5713   5715   5729                          4      40
  5723   5713   5715   5729                          5      41
  5723   5713   5715   5729                          6      42
  5723   5721   5719   5731                         46      13
  5723   5721   5719   5731                         47      14
  5723   5721   5719   5731                         48      15
  5723   5721   5724   5725                        109       0
  5723   5721   5724   5725                        110       0
  5723   5721   5724   5725                        111       0
  5723   5713   5726   5725                          0      43
  5723   5713   5726   5725                          0      44
  5723   5713   5726   5725                          0      45
  5723   5713   5726   5735                          0      46
  5723   5713   5726   5735                          0      47
  5723   5713   5726   5735                          0      48
  5723   5713   5726   5736                          0      46
  5723   5713   5726   5736                          0      47
  5723   5713   5726   5736                          0      48
  5724   5721   5719   5731                        112       0
  5724   5721   5719   5731                        113       0
  5724   5721   5719   5731                        114       0
  5724   5721   5723   5734                        115       0
  5724   5721   5723   5734                        116       0
  5724   5721   5723   5734                        117       0
  5724   5725   5726   5735                        118     121
  5724   5725   5726   5735                        119     122
  5724   5725   5726   5735                        120     123
  5724   5725   5726   5736                        118     121
  5724   5725   5726   5736                        119     122
  5724   5725   5726   5736                        120     123
  5725   5724   5721   5732                        124       0
  5725   5724   5721   5732                        125       0
  5725   5724   5721   5732                        126       0
  5725   5726   5713   5727                          0     127
  5725   5726   5713   5727                          0     128
  5725   5726   5713   5727                          0     129
  5726   5713   5715   5729                          0      73
  5726   5713   5715   5729                          0      74
  5726   5713   5715   5729                          0      75
  5726   5713   5723   5734                          0      73
  5726   5713   5723   5734                          0      74
  5726   5713   5723   5734                          0      75
  5727   5713   5715   5729                        130     133
  5727   5713   5715   5729                        131     134
  5727   5713   5715   5729                        132     135
  5727   5713   5723   5734                        130     133
  5727   5713   5723   5734                        131     134
  5727   5713   5723   5734                        132     135
  5727   5713   5726   5735                          0     136
  5727   5713   5726   5735                          0     137
  5727   5713   5726   5735                          0     138
  5727   5713   5726   5736                          0     136
  5727   5713   5726   5736                          0     137
  5727   5713   5726   5736                          0     138
  5728   5725   5726   5735                        130     139
  5728   5725   5726   5735                        131     140
  5728   5725   5726   5735                        132     141
  5728   5725   5726   5736                        130     139
  5728   5725   5726   5736                        131     140
  5728   5725   5726   5736                        132     141
  5731   5719   5721   5732                        142     145
  5731   5719   5721   5732                        143     146
  5731   5719   5721   5732                        144     147
  5732   5721   5723   5734                        145     148
  5732   5721   5723   5734                        146     149
  5732   5721   5723   5734                        147     150

Q-improper types:
type #       force-k     imp0
     1          1.10   180.00
     2          1.10   180.00
     3          1.10   180.00
     4          1.10   180.00
     5         15.00   180.00
     6         10.50   180.00
     7         15.00   180.00
     8         10.50   180.00
     9         10.50   180.00
    10         10.50   180.00
    11          1.10   180.00


No. of changing impropers=    10
atom_i atom_j atom_k atom_l    improper type in state 1 state 2
  5727   5713   5715   5723                           1       0
  5729   5715   5713   5717                           2       3
  5734   5723   5713   5721                           4       3
  5724   5725   5728   5726                           5       6
  5716   5714   5713   5727                           0       0
  5718   5720   5728   5725                           0       0
  5735   5726   5736   5725                           7       0
  5714   5727   5713   5716                           8       9
  5720   5728   5725   5718                           8      10
  5719   5721   5732   5723                           0      11

No. of offdiagonal (Hij) functions =     1
state_i state_j atom_k atom_l     Aij mu_ij
      1       2      9     12    0.00  0.00
No softcore section found. Using normal LJ potentials.

---------------- Removing redefined interactions from topology ---------------
type      atom1 atom2 atom3 atom4
bond       5713  5715
bond       5713  5723
bond       5713  5727
bond       5714  5727
bond       5715  5717
bond       5715  5729
bond       5716  5727
bond       5717  5719
bond       5717  5730
bond       5718  5728
bond       5719  5721
bond       5719  5722
bond       5719  5731
bond       5720  5728
bond       5721  5723
bond       5721  5724
bond       5721  5732
bond       5722  5733
bond       5723  5734
bond       5724  5725
bond       5725  5726
bond       5725  5728
bond       5726  5735
bond       5726  5736
angle      5715  5713  5723
angle      5715  5713  5727
angle      5713  5715  5717
angle      5713  5715  5729
angle      5723  5713  5727
angle      5713  5723  5721
angle      5713  5723  5734
angle      5713  5727  5714
angle      5713  5727  5716
angle      5717  5719  5721
angle      5718  5728  5725
angle      5721  5719  5722
angle      5721  5719  5731
angle      5719  5721  5723
angle      5719  5721  5724
angle      5719  5721  5732
angle      5720  5728  5725
angle      5723  5721  5724
angle      5723  5721  5732
angle      5721  5723  5734
angle      5724  5721  5732
angle      5721  5724  5725
angle      5724  5725  5726
angle      5724  5725  5728
angle      5726  5725  5728
angle      5725  5726  5735
angle      5725  5726  5736
angle      5735  5726  5736
torsion    5723  5713  5715  5717
torsion    5723  5713  5715  5717
torsion    5723  5713  5715  5717
torsion    5723  5713  5715  5729
torsion    5727  5713  5715  5717
torsion    5727  5713  5715  5729
torsion    5715  5713  5723  5721
torsion    5715  5713  5723  5734
torsion    5727  5713  5723  5721
torsion    5727  5713  5723  5734
torsion    5715  5713  5727  5714
torsion    5715  5713  5727  5714
torsion    5715  5713  5727  5716
torsion    5715  5713  5727  5716
torsion    5723  5713  5727  5714
torsion    5723  5713  5727  5714
torsion    5723  5713  5727  5716
torsion    5723  5713  5727  5716
torsion    5713  5715  5717  5719
torsion    5713  5715  5717  5730
torsion    5715  5717  5719  5721
torsion    5715  5717  5719  5721
torsion    5715  5717  5719  5721
torsion    5730  5717  5719  5721
torsion    5717  5719  5721  5723
torsion    5717  5719  5721  5723
torsion    5717  5719  5721  5723
torsion    5717  5719  5721  5724
torsion    5717  5719  5721  5724
torsion    5717  5719  5721  5724
torsion    5717  5719  5721  5732
torsion    5722  5719  5721  5723
torsion    5722  5719  5721  5723
torsion    5722  5719  5721  5723
torsion    5722  5719  5721  5724
torsion    5722  5719  5721  5724
torsion    5722  5719  5721  5732
torsion    5731  5719  5721  5723
torsion    5731  5719  5721  5724
torsion    5731  5719  5721  5732
torsion    5721  5719  5722  5733
torsion    5721  5719  5722  5733
torsion    5721  5719  5722  5733
torsion    5719  5721  5723  5713
torsion    5719  5721  5723  5713
torsion    5719  5721  5723  5713
torsion    5719  5721  5723  5734
torsion    5724  5721  5723  5713
torsion    5724  5721  5723  5713
torsion    5724  5721  5723  5713
torsion    5724  5721  5723  5734
torsion    5732  5721  5723  5713
torsion    5732  5721  5723  5734
torsion    5719  5721  5724  5725
torsion    5719  5721  5724  5725
torsion    5719  5721  5724  5725
torsion    5723  5721  5724  5725
torsion    5723  5721  5724  5725
torsion    5723  5721  5724  5725
torsion    5732  5721  5724  5725
torsion    5721  5724  5725  5726
torsion    5721  5724  5725  5726
torsion    5721  5724  5725  5728
torsion    5724  5725  5726  5735
torsion    5724  5725  5726  5736
torsion    5728  5725  5726  5735
torsion    5728  5725  5726  5736
torsion    5724  5725  5728  5718
torsion    5724  5725  5728  5718
torsion    5724  5725  5728  5718
torsion    5724  5725  5728  5720
torsion    5724  5725  5728  5720
torsion    5724  5725  5728  5720
torsion    5726  5725  5728  5718
torsion    5726  5725  5728  5718
torsion    5726  5725  5728  5720
torsion    5726  5725  5728  5720
improper   5727  5713  5715  5723
improper   5729  5715  5713  5717
improper   5734  5723  5713  5721
improper   5716  5714  5713  5727
improper   5718  5720  5728  5725

---------------------------- Initializing dynamics ---------------------------
Total charge of non-Q atoms             =      -2.61
Total charge of excluded atoms          =       0.00
Total charge of system                  =      -4.61
Target water sphere radius              =      32.57
Surface inward harmonic force constant  =      60.00
Surface attraction well depth           =       0.75
Surface attraction well width           =       0.31
Water polarization restraints           : ON, Born correction enabled
Radial polarization force constant      =      20.00

Setting up 3 water shells for polarization restraints.
Loaded polarization restraint data from restart file.
Shell #    outer radius    inner radius
      1           32.57           32.07
      2           32.07           31.07
      3           31.07           29.57

Number of shake constraints             =       9657
No. molecules with shake constraints    =       3219
No. of Rcq indep. nb pairs involving q-atoms =   214 in state :  1
No. of Rcq indep. nb pairs involving q-atoms =   212 in state :  2

Coordinates for 15393 atoms will be written to the trajectory.
------------------------ Distribution of charge groups -----------------------
node value solute-solute solute-water  water-water     Q-solute      Q-water
     total          1609         1609         3219         1609         3219
----------------------------- End of distribution ----------------------------
>>> WARNING: hot atom, i =      1889 Temp(i)= 553728.58
>>> WARNING: hot atom, i =      1890 Temp(i)= 359486.41
>>> WARNING: hot atom, i =      1891 Temp(i)=2566550.69
>>> WARNING: hot atom, i =      1895 Temp(i)=**********
>>> WARNING: hot atom, i =      1903 Temp(i)= 262826.41
>>> WARNING: hot atom, i =      4827 Temp(i)= 831135.68
>>> WARNING: hot atom, i =      9307 Temp(i)= 325765.77
>>> WARNING: hot atom, i =      9958 Temp(i)=**********

Initial temperatures are : Ttot =********** Tfree =**********
Solvent temperatures are : Ttot =********** Tfree =**********
 Solute temperatures are : Ttot =********** Tfree =**********

------------------------ Nonbonded pair list generation -----------------------
>>> Shake failed, i,j,d,d0 =   5737  5738   0.95702   0.95700
>>> Shake failed, i,j,d,d0 =   5737  5739   0.95702   0.95700
>>> Shake failed, i,j,d,d0 =   5738  5739   1.51400   1.51400

!!!!!!!!!!!!!!!!!!!!!!!!!!!!! ABNORMAL TERMINATION !!!!!!!!!!!!!!!!!!!!!!!!!!!!
 restart file written at step           0
!!!!!!!!!!!!!!!!!!!!!!!!!!!!!!!!!!!!!!!!!!!!!!!!!!!!!!!!!!!!!!!!!!!!!!!!!!!!!!!
ABNORMAL TERMINATION of qdyn
Terminating due to shake failure
!!!!!!!!!!!!!!!!!!!!!!!!!!!!!!!!!!!!!!!!!!!!!!!!!!!!!!!!!!!!!!!!!!!!!!!!!!!!!!!
