Starting job 5571131 on c5-1 at Thu May 5 08:46:21 CEST 2022

The following modules were not unloaded:
  (Use "module --force purge" to unload all):

  1) StdEnv

Task and CPU usage stats:
JobID           JobName  AllocCPUS   NTasks     MinCPU MinCPUTask     AveCPU    Elapsed ExitCode 
------------ ---------- ---------- -------- ---------- ---------- ---------- ---------- -------- 
5571131          run.sh         20                                           1-19:08:56      0:0 
5571131.bat+      batch         20        1 1-19:06:52          0 1-19:06:52 1-19:08:56      0:0 
5571131.ext+     extern         20        1   00:00:00          0   00:00:00 1-19:08:56      0:0 

Memory usage stats:
JobID            MaxRSS MaxRSSTask     AveRSS MaxPages   MaxPagesTask   AvePages 
------------ ---------- ---------- ---------- -------- -------------- ---------- 
5571131                                                                          
5571131.bat+     47240K          0     47240K        0              0          0 
5571131.ext+          0          0          0        0              0          0 

Disk usage stats:
JobID         MaxDiskRead MaxDiskReadTask    AveDiskRead MaxDiskWrite MaxDiskWriteTask   AveDiskWrite 
------------ ------------ --------------- -------------- ------------ ---------------- -------------- 
5571131                                                                                               
5571131.bat+      174.72M               0        174.72M      826.81M                0        826.81M 
5571131.ext+        0.00M               0          0.00M            0                0              0 

Job 5571131 completed at Sat May 7 03:55:42 CEST 2022
