Starting job 5571118 on c1-25 at Thu May 5 08:45:30 CEST 2022

The following modules were not unloaded:
  (Use "module --force purge" to unload all):

  1) StdEnv

Task and CPU usage stats:
JobID           JobName  AllocCPUS   NTasks     MinCPU MinCPUTask     AveCPU    Elapsed ExitCode 
------------ ---------- ---------- -------- ---------- ---------- ---------- ---------- -------- 
5571118          run.sh         20                                           1-19:05:52      0:0 
5571118.bat+      batch         20        1 1-19:03:32          0 1-19:03:32 1-19:05:52      0:0 
5571118.ext+     extern         20        1   00:00:00          0   00:00:00 1-19:05:53      0:0 

Memory usage stats:
JobID            MaxRSS MaxRSSTask     AveRSS MaxPages   MaxPagesTask   AvePages 
------------ ---------- ---------- ---------- -------- -------------- ---------- 
5571118                                                                          
5571118.bat+     47388K          0     47388K        0              0          0 
5571118.ext+          0          0          0        0              0          0 

Disk usage stats:
JobID         MaxDiskRead MaxDiskReadTask    AveDiskRead MaxDiskWrite MaxDiskWriteTask   AveDiskWrite 
------------ ------------ --------------- -------------- ------------ ---------------- -------------- 
5571118                                                                                               
5571118.bat+      174.72M               0        174.72M      826.81M                0        826.81M 
5571118.ext+        0.00M               0          0.00M            0                0              0 

Job 5571118 completed at Sat May 7 03:51:23 CEST 2022
