Starting job 5571110 on c1-50 at Thu May 5 08:44:56 CEST 2022

The following modules were not unloaded:
  (Use "module --force purge" to unload all):

  1) StdEnv

Task and CPU usage stats:
JobID           JobName  AllocCPUS   NTasks     MinCPU MinCPUTask     AveCPU    Elapsed ExitCode 
------------ ---------- ---------- -------- ---------- ---------- ---------- ---------- -------- 
5571110          run.sh         20                                           1-19:03:43      0:0 
5571110.bat+      batch         20        1 1-19:01:27          0 1-19:01:27 1-19:03:43      0:0 
5571110.ext+     extern         20        1   00:00:00          0   00:00:00 1-19:03:43      0:0 

Memory usage stats:
JobID            MaxRSS MaxRSSTask     AveRSS MaxPages   MaxPagesTask   AvePages 
------------ ---------- ---------- ---------- -------- -------------- ---------- 
5571110                                                                          
5571110.bat+     47428K          0     47428K        0              0          0 
5571110.ext+          0          0          0        0              0          0 

Disk usage stats:
JobID         MaxDiskRead MaxDiskReadTask    AveDiskRead MaxDiskWrite MaxDiskWriteTask   AveDiskWrite 
------------ ------------ --------------- -------------- ------------ ---------------- -------------- 
5571110                                                                                               
5571110.bat+      174.72M               0        174.72M      826.81M                0        826.81M 
5571110.ext+        0.00M               0          0.00M            0                0              0 

Job 5571110 completed at Sat May 7 03:48:39 CEST 2022
