--------------------------------------------------------------------------------
Welcome to qfep version: 6.0.1
 
This version was compiled using: GCC version 11.2.0
 
And using the following compiler options: 
-cpp -D G95=1 -mtune=generic -march=x86-64 -O3 -Wall -Wtabs -std=legacy -funroll-loops -ffree-line-length-none -fcray-pointer -fall-intrinsics -fstack-protector

 
For command line options type qfep --help  or qcalc -h at the terminal.
 
If you are using the interactive mode and want to quit type "quit" or Ctrl-C.
--------------------------------------------------------------------------------
--> Number of energy files: # Number of files                                  =    51
--> No. of states, no. of predefined off-diag elements: # Number of states     =     2
# Number of off-diagonal elements                                              =     0
--> Give kT & num. of pts to skip & calculation mode: # kT                     = 0.592
# Number of data points to skip                                                =   100
# Only QQ interactions will be considered                                      =     0
--> Give number of gap-bins: # Number of gap-bins                              =    50
--> Give minimum # pts/bin: # Minimum number of points per bin                 =    30
--> Give alpha for state  2                                                     # Alpha for state  2              =-91.10
--> Number of off-diagonal elements: # Number of off-diagonal elements         =     1
#   i   j   A(i,j)  mu(i,j) eta(i,j) rxy0(i,j)
--> i, j, A_ij, mu_ij, eta_ij, r_xy0: #   1   2    91.40     0.00     0.00     0.00
--> linear combination of states defining reaction coord: # Linear combination coefficients=    1.00   -1.00


# Part 0: Average energies for all states in all files
# file             state   pts   lambda    EQtot   EQbond  EQang   EQtor   EQimp    EQel   EQvdW  Eel_qq  EvdW_qq Eel_qp  EvdW_qp Eel_qw EvdW_qw Eqrstr
--> Name of file number   1:                                                     
md_0000_1000.en        1    899 0.000000-2351.78-2399.00  139.72   36.03    5.67 -316.40  182.19   56.54  186.89 -321.36   -7.00  -51.58    2.30    0.00
md_0000_1000.en        2    899 1.000000-2783.99-2482.44   13.57   -7.27    1.29 -311.72    2.59   64.73    7.27 -326.74   -6.92  -49.71    2.24    0.00
--> Name of file number   2:                                                     
md_0020_0980.en        1    899 0.020000-2392.45-2402.54  119.99   34.50    5.27 -313.64  163.97   57.09  169.01 -306.36   -6.16  -64.36    1.12    0.00
md_0020_0980.en        2    899 0.980000-2783.41-2482.78   13.47   -7.26    1.30 -310.33    2.19   65.38    7.35 -312.79   -6.07  -62.92    0.90    0.00
--> Name of file number   3:                                                     
md_0040_0960.en        1    899 0.040000-2422.07-2404.66  105.34   31.43    5.06 -308.89  149.66   56.07  153.14 -295.61   -5.90  -69.35    2.42    0.00
md_0040_0960.en        2    899 0.960000-2773.60-2481.19   13.75   -6.37    1.34 -305.11    3.98   64.26    7.38 -302.61   -5.79  -66.75    2.39    0.00
--> Name of file number   4:                                                     
md_0060_0940.en        1    899 0.060000-2452.89-2406.94  102.18   30.93    4.90 -317.81  133.85   55.95  137.32 -288.19   -5.54  -85.58    2.07    0.00
md_0060_0940.en        2    899 0.940000-2781.67-2479.50   14.65   -6.48    1.24 -315.02    3.43   64.48    6.94 -295.43   -5.47  -84.07    1.96    0.00
--> Name of file number   5:                                                     
md_0080_0920.en        1    899 0.080000-2483.46-2408.99   94.57   29.14    4.68 -321.38  118.52   55.30  122.73 -298.01   -6.50  -78.67    2.29    0.00
md_0080_0920.en        2    899 0.920000-2781.24-2477.31   14.89   -5.54    1.28 -317.28    2.73   64.04    6.83 -304.47   -6.47  -76.85    2.37    0.00
--> Name of file number   6:                                                     
md_0100_0900.en        1    899 0.100000-2496.47-2411.78   87.57   27.54    4.50 -309.68  105.38   54.74  111.00 -296.36   -7.74  -68.05    2.12    0.00
md_0100_0900.en        2    899 0.900000-2767.31-2475.31   15.94   -5.47    1.35 -305.20    1.37   63.81    6.99 -304.21   -7.72  -64.80    2.10    0.00
--> Name of file number   7:                                                     
md_0120_0880.en        1    899 0.120000-2528.68-2415.49   75.86   25.90    4.30 -315.16   95.91   54.76  100.84 -291.83   -6.05  -78.09    1.12    0.00
md_0120_0880.en        2    899 0.880000-2770.14-2473.48   15.68   -4.90    1.53 -311.34    2.38   63.50    7.08 -300.67   -5.93  -74.18    1.22    0.00
--> Name of file number   8:                                                     
md_0140_0860.en        1    899 0.140000-2535.94-2416.73   74.05   25.65    4.05 -308.14   85.19   54.61   90.28 -288.49   -6.14  -74.26    1.05    0.00
md_0140_0860.en        2    899 0.860000-2757.92-2470.02   16.70   -4.51    1.52 -303.42    1.81   63.45    6.66 -295.95   -6.03  -70.92    1.18    0.00
--> Name of file number   9:                                                     
md_0160_0840.en        1    899 0.160000-2567.89-2420.08   69.35   24.04    3.66 -318.91   74.05   53.71   79.01 -285.93   -7.26  -86.70    2.30    0.00
md_0160_0840.en        2    899 0.840000-2764.78-2467.44   17.67   -4.18    1.28 -314.41    2.30   63.01    6.87 -294.05   -6.82  -83.38    2.25    0.00
--> Name of file number  10:                                                     
md_0180_0820.en        1    899 0.180000-2588.76-2422.91   62.09   21.76    3.50 -319.45   66.25   54.52   70.74 -299.65   -7.27  -74.32    2.78    0.00
md_0180_0820.en        2    899 0.820000-2761.67-2464.31   17.60   -4.34    1.41 -314.59    2.55   64.04    6.91 -307.14   -7.07  -71.49    2.71    0.00
--> Name of file number  11:                                                     
md_0200_0800.en        1    899 0.200000-2595.09-2425.13   59.92   21.41    3.19 -313.28   58.80   53.01   61.33 -297.60   -6.56  -68.69    4.03    0.00
md_0200_0800.en        2    899 0.800000-2747.43-2460.61   19.29   -3.15    1.34 -308.69    4.38   62.93    6.80 -305.62   -6.31  -66.00    3.89    0.00
--> Name of file number  12:                                                     
md_0220_0780.en        1    899 0.220000-2611.04-2427.23   54.60   20.24    3.10 -310.24   48.50   53.30   52.30 -300.31   -6.81  -63.22    3.01    0.00
md_0220_0780.en        2    899 0.780000-2739.84-2455.98   19.84   -3.13    1.45 -305.15    3.14   63.38    6.82 -308.53   -6.65  -60.00    2.98    0.00
--> Name of file number  13:                                                     
md_0240_0760.en        1    899 0.240000-2626.18-2430.29   48.86   19.64    3.23 -310.93   43.30   53.93   47.78 -303.76   -6.85  -61.09    2.37    0.00
md_0240_0760.en        2    899 0.760000-2737.18-2453.74   21.06   -2.91    1.68 -305.53    2.26   63.44    6.77 -311.00   -6.85  -57.97    2.33    0.00
--> Name of file number  14:                                                     
md_0260_0740.en        1    899 0.260000-2646.99-2432.72   45.80   18.27    3.13 -316.27   34.81   53.22   40.04 -299.42   -7.90  -70.07    2.67    0.00
md_0260_0740.en        2    899 0.740000-2736.96-2449.55   21.76   -2.40    1.77 -309.93    1.40   63.35    6.71 -306.59   -7.99  -66.69    2.68    0.00
--> Name of file number  15:                                                     
md_0280_0720.en        1    899 0.280000-2655.93-2435.17   42.73   17.21    2.68 -311.70   28.32   52.60   33.70 -300.15   -8.03  -64.15    2.64    0.00
md_0280_0720.en        2    899 0.720000-2728.28-2445.74   23.23   -1.97    1.45 -306.32    1.07   63.10    6.63 -307.74   -8.11  -61.68    2.55    0.00
--> Name of file number  16:                                                     
md_0300_0700.en        1    899 0.300000-2673.10-2436.95   39.91   16.21    2.48 -319.43   24.68   52.29   29.87 -289.35   -8.04  -82.37    2.85    0.00
md_0300_0700.en        2    899 0.700000-2726.98-2441.44   25.34   -0.70    1.41 -313.68    2.10   63.10    7.09 -297.76   -7.80  -79.02    2.82    0.00
--> Name of file number  17:                                                     
md_0320_0680.en        1    899 0.320000-2685.22-2439.77   37.43   15.61    2.36 -320.00   19.15   51.07   23.86 -288.99   -6.78  -82.08    2.07    0.00
md_0320_0680.en        2    899 0.680000-2722.55-2438.10   25.83   -0.83    1.39 -312.97    2.12   62.49    6.68 -296.79   -6.71  -78.67    2.14    0.00
--> Name of file number  18:                                                     
md_0340_0660.en        1    899 0.340000-2703.64-2442.21   33.92   14.44    2.30 -329.37   17.28   51.76   22.11 -275.19   -7.79 -105.93    2.96    0.00
md_0340_0660.en        2    899 0.660000-2727.44-2435.31   26.62   -0.51    1.46 -322.48    2.79   63.05    7.35 -282.95   -7.84 -102.58    3.27    0.00
--> Name of file number  19:                                                     
md_0360_0640.en        1    899 0.360000-2705.48-2445.97   31.36   13.49    2.13 -321.02   14.52   50.84   18.68 -290.69   -7.26  -81.17    3.10    0.00
md_0360_0640.en        2    899 0.640000-2714.35-2433.35   28.24   -0.31    1.44 -314.29    3.91   62.62    7.74 -298.97   -7.10  -77.95    3.27    0.00
--> Name of file number  20:                                                     
md_0380_0620.en        1    899 0.380000-2716.28-2447.83   29.69   13.26    1.84 -324.06   10.82   49.15   14.70 -290.97   -7.33  -82.25    3.45    0.00
md_0380_0620.en        2    899 0.620000-2711.49-2429.16   29.54   -0.03    1.20 -317.23    4.19   61.68    7.69 -300.12   -7.06  -78.79    3.56    0.00
--> Name of file number  21:                                                     
md_0400_0600.en        1    899 0.400000-2723.74-2449.66   27.04   12.52    1.77 -323.53    8.11   49.27   12.51 -286.11   -7.14  -86.69    2.74    0.00
md_0400_0600.en        2    899 0.600000-2705.50-2425.51   31.56    0.16    1.18 -317.11    4.21   62.03    8.09 -295.96   -6.51  -83.19    2.63    0.00
--> Name of file number  22:                                                     
md_0420_0580.en        1    899 0.420000-2721.48-2451.41   25.56   12.23    1.77 -316.86    7.22   48.75   11.53 -294.01   -6.40  -71.60    2.10    0.00
md_0420_0580.en        2    899 0.580000-2694.34-2423.48   32.52    0.70    1.26 -309.95    4.61   61.81    8.44 -303.08   -5.96  -68.67    2.14    0.00
--> Name of file number  23:                                                     
md_0440_0560.en        1    899 0.440000-2739.83-2453.86   23.30   11.53    1.61 -327.36    4.95   47.58    8.73 -292.76   -7.02  -82.17    3.25    0.00
md_0440_0560.en        2    899 0.560000-2697.95-2419.72   34.29    1.17    1.18 -320.13    5.26   61.13    8.63 -301.10   -6.62  -80.16    3.25    0.00
--> Name of file number  24:                                                     
md_0460_0540.en        1    899 0.460000-2729.88-2455.09   22.03   10.75    1.64 -311.83    2.62   48.02    8.24 -306.73   -7.52  -53.12    1.90    0.00
md_0460_0540.en        2    899 0.540000-2678.06-2417.14   36.61    1.69    1.31 -304.55    4.03   61.39    9.27 -314.39   -7.24  -51.54    2.00    0.00
--> Name of file number  25:                                                     
md_0480_0520.en        1    899 0.480000-2743.03-2459.84   19.41   10.08    2.10 -318.27    3.50   49.72    8.97 -315.79   -7.55  -52.21    2.07    0.00
md_0480_0520.en        2    899 0.520000-2681.84-2418.43   37.11    2.11    1.84 -309.96    5.49   62.84   10.43 -323.36   -7.10  -49.45    2.16    0.00
--> Name of file number  26:                                                     
md_0500_0500.en        1    899 0.500000-2745.64-2460.89   18.46   10.11    1.80 -318.59    3.46   48.33    8.21 -312.71   -7.72  -54.21    2.97    0.00
md_0500_0500.en        2    899 0.500000-2674.56-2415.11   39.68    2.71    1.59 -310.42    7.01   61.51   11.42 -319.94   -7.48  -51.99    3.06    0.00
--> Name of file number  27:                                                     
md_0520_0480.en        1    899 0.520000-2753.48-2464.55   16.50    9.31    1.70 -318.75    2.31   48.35    8.02 -300.70   -8.73  -66.39    3.02    0.00
md_0520_0480.en        2    899 0.480000-2672.64-2413.91   40.16    2.81    1.53 -310.55    7.32   61.85   12.98 -308.60   -8.76  -63.80    3.10    0.00
--> Name of file number  28:                                                     
md_0540_0460.en        1    899 0.540000-2758.39-2467.89   15.57    9.39    1.75 -318.82    1.60   47.50    6.80 -307.33   -8.80  -58.99    3.60    0.00
md_0540_0460.en        2    899 0.460000-2664.63-2411.56   42.58    3.21    1.65 -310.60   10.10   61.72   14.96 -315.80   -8.56  -56.53    3.70    0.00
--> Name of file number  29:                                                     
md_0560_0440.en        1    899 0.560000-2762.22-2471.04   14.36    8.66    1.63 -318.08    2.25   47.89    6.86 -295.64   -8.16  -70.33    3.55    0.00
md_0560_0440.en        2    899 0.440000-2657.99-2410.31   44.41    3.66    1.57 -309.65   12.33   62.19   16.66 -303.94   -7.99  -67.90    3.66    0.00
--> Name of file number  30:                                                     
md_0580_0420.en        1    899 0.580000-2765.53-2475.00   13.39    8.33    1.68 -315.17    1.24   48.33    6.47 -291.66   -7.71  -71.84    2.48    0.00
md_0580_0420.en        2    899 0.420000-2650.02-2408.57   45.90    4.33    1.66 -307.14   13.80   62.55   18.90 -299.58   -7.55  -70.10    2.44    0.00
--> Name of file number  31:                                                     
md_0600_0400.en        1    899 0.600000-2770.72-2477.84   12.54    8.47    1.70 -316.49    0.89   48.29    6.40 -292.06   -7.79  -72.71    2.28    0.00
md_0600_0400.en        2    899 0.400000-2643.06-2406.15   48.82    4.71    1.72 -308.32   16.17   62.37   21.46 -298.51   -7.65  -72.18    2.36    0.00
--> Name of file number  32:                                                     
md_0620_0380.en        1    899 0.620000-2785.34-2481.45   11.03    7.91    1.53 -325.14    0.78   48.21    6.38 -285.97   -8.41  -87.37    2.80    0.00
md_0620_0380.en        2    899 0.380000-2645.87-2404.91   50.28    5.27    1.61 -316.73   18.60   62.57   24.16 -292.75   -8.56  -86.54    3.00    0.00
--> Name of file number  33:                                                     
md_0640_0360.en        1    899 0.640000-2786.93-2486.11   10.52    8.27    1.71 -321.74    0.41   48.06    6.36 -291.75   -8.23  -78.05    2.28    0.00
md_0640_0360.en        2    899 0.360000-2630.12-2402.94   52.94    6.18    1.83 -311.60   23.47   62.75   29.24 -298.00   -8.23  -76.35    2.46    0.00
--> Name of file number  34:                                                     
md_0660_0340.en        1    899 0.660000-2784.99-2490.71    9.79    7.13    1.50 -312.93    0.24   47.60    6.52 -293.42   -7.92  -67.10    1.65    0.00
md_0660_0340.en        2    899 0.340000-2613.21-2400.56   54.65    6.36    1.67 -303.57   28.24   62.20   34.25 -300.08   -7.75  -65.69    1.74    0.00
--> Name of file number  35:                                                     
md_0680_0320.en        1    899 0.680000-2797.29-2493.91    9.78    7.37    1.56 -321.62   -0.49   46.59    6.46 -299.81  -10.34  -68.40    3.39    0.00
md_0680_0320.en        2    899 0.320000-2612.11-2398.26   57.29    7.05    1.76 -312.05   32.11   61.75   38.88 -306.40  -10.27  -67.39    3.50    0.00
--> Name of file number  36:                                                     
md_0700_0300.en        1    899 0.700000-2802.34-2498.46    9.55    7.00    1.60 -322.37    0.35   46.23    6.61 -291.40   -9.64  -77.20    3.37    0.00
md_0700_0300.en        2    899 0.300000-2598.66-2395.98   60.80    7.67    1.86 -312.00   38.98   61.59   45.15 -298.95   -9.64  -74.64    3.48    0.00
--> Name of file number  37:                                                     
md_0720_0280.en        1    899 0.720000-2800.91-2502.24    9.48    6.56    1.57 -316.04   -0.24   47.22    6.63 -311.10   -9.51  -52.15    2.64    0.00
md_0720_0280.en        2    899 0.280000-2580.45-2393.00   63.72    8.18    1.85 -305.74   44.55   62.68   51.45 -317.95   -9.58  -50.47    2.67    0.00
--> Name of file number  38:                                                     
md_0740_0260.en        1    899 0.740000-2799.69-2507.54    9.14    6.88    1.53 -309.97    0.27   47.49    6.65 -296.08   -8.56  -61.38    2.17    0.00
md_0740_0260.en        2    899 0.260000-2559.85-2391.23   66.63    8.56    1.82 -299.36   53.73   63.25   60.22 -303.37   -8.51  -59.24    2.02    0.00
--> Name of file number  39:                                                     
md_0760_0240.en        1    899 0.760000-2801.64-2512.02    8.48    6.64    1.77 -307.88    1.39   48.04    6.77 -276.31   -9.06  -79.61    3.68    0.00
md_0760_0240.en        2    899 0.240000-2543.33-2389.47   68.16    8.92    2.12 -295.85   62.78   63.85   68.19 -283.03   -9.20  -76.68    3.80    0.00
--> Name of file number  40:                                                     
md_0780_0220.en        1    899 0.780000-2810.82-2518.18    8.06    5.77    1.74 -309.49    1.28   46.37    6.60 -282.50   -8.63  -73.37    3.31    0.00
md_0780_0220.en        2    899 0.220000-2530.86-2388.29   71.79    9.04    2.11 -297.54   72.04   63.06   77.53 -289.64   -8.76  -70.96    3.27    0.00
--> Name of file number  41:                                                     
md_0800_0200.en        1    899 0.800000-2827.86-2520.52    8.12    6.23    2.16 -322.44   -1.42   46.59    6.28 -294.25   -9.23  -74.78    1.53    0.00
md_0800_0200.en        2    899 0.200000-2532.03-2384.64   74.57    9.50    2.53 -310.66   76.68   63.49   84.48 -301.58   -9.40  -72.58    1.61    0.00
--> Name of file number  42:                                                     
md_0820_0180.en        1    899 0.820000-2831.97-2523.67    8.41    6.28    2.03 -323.58   -1.43   46.47    6.11 -286.62   -9.18  -83.43    1.63    0.00
md_0820_0180.en        2    899 0.180000-2517.60-2382.29   77.85   10.02    2.45 -310.77   85.13   63.47   92.82 -293.30   -9.47  -80.94    1.78    0.00
--> Name of file number  43:                                                     
md_0840_0160.en        1    899 0.840000-2842.98-2527.52    8.07    5.98    1.94 -330.33   -1.11   46.68    5.82 -290.78   -8.77  -86.23    1.84    0.00
md_0840_0160.en        2    899 0.160000-2504.74-2379.56   82.38   10.36    2.36 -316.78   96.49   64.32  103.43 -297.68   -8.85  -83.42    1.91    0.00
--> Name of file number  44:                                                     
md_0860_0140.en        1    899 0.860000-2844.68-2529.98    8.03    6.00    1.98 -329.00   -1.71   48.27    6.20 -293.61   -9.84  -83.66    1.94    0.00
md_0860_0140.en        2    899 0.140000-2489.55-2377.27   83.89   10.91    2.44 -315.03  105.50   65.74  113.38 -300.76   -9.89  -80.01    2.02    0.00
--> Name of file number  45:                                                     
md_0880_0120.en        1    899 0.880000-2844.57-2533.16    8.03    5.51    2.04 -325.87   -1.11   46.96    6.25 -295.91   -9.67  -76.92    2.31    0.00
md_0880_0120.en        2    899 0.120000-2467.83-2375.48   89.32   11.47    2.51 -311.60  115.96   65.14  123.36 -302.74   -9.86  -74.01    2.46    0.00
--> Name of file number  46:                                                     
md_0900_0100.en        1    899 0.900000-2843.53-2535.15    7.54    5.46    2.31 -321.95   -1.74   48.58    6.69 -294.65  -10.07  -75.88    1.63    0.00
md_0900_0100.en        2    899 0.100000-2450.05-2373.24   91.88   11.65    2.80 -307.46  124.31   66.17  132.95 -300.21  -10.35  -73.43    1.71    0.00
--> Name of file number  47:                                                     
md_0920_0080.en        1    899 0.920000-2844.11-2535.97    8.31    6.10    2.32 -323.00   -1.86   48.63    7.15 -294.16  -10.22  -77.47    1.21    0.00
md_0920_0080.en        2    899 0.080000-2433.45-2370.31   93.49   12.19    2.80 -308.03  136.40   66.44  145.60 -300.21  -10.42  -74.25    1.22    0.00
--> Name of file number  48:                                                     
md_0940_0060.en        1    899 0.940000-2842.63-2538.19    8.39    4.51    2.02 -319.66    0.30   44.03    7.04 -284.64   -9.03  -79.04    2.29    0.00
md_0940_0060.en        2    899 0.060000-2401.46-2368.04  101.78   12.75    2.54 -303.21  152.72   63.31  159.60 -289.76   -9.01  -76.76    2.13    0.00
--> Name of file number  49:                                                     
md_0960_0040.en        1    899 0.960000-2854.80-2540.29    7.76    4.94    2.08 -327.18   -2.10   47.33    6.66 -272.49   -9.68 -102.03    0.92    0.00
md_0960_0040.en        2    899 0.040000-2387.81-2365.28  109.42   13.23    2.60 -310.98  163.20   66.62  172.28 -278.49   -9.96  -99.10    0.89    0.00
--> Name of file number  50:                                                     
md_0980_0020.en        1    899 0.980000-2842.02-2540.88    8.03    5.02    1.99 -315.16   -1.02   47.53    7.03 -277.03   -8.75  -85.67    0.71    0.00
md_0980_0020.en        2    899 0.020000-2345.41-2362.64  120.91   14.37    2.50 -298.97  178.43   67.56  186.76 -282.85   -8.93  -83.68    0.60    0.00
--> Name of file number  51:                                                     
md_1000_0000.en        1    899 1.000000-2844.31-2541.07    8.14    4.84    2.08 -318.07   -0.24   48.28    7.04 -275.77   -9.11  -90.58    1.84    0.00
md_1000_0000.en        2    899 0.000000-2316.96-2359.84  131.95   15.55    2.59 -301.28  194.08   69.02  201.64 -282.31   -9.69  -88.00    2.13    0.00


# Part 1: Free energy perturbation summary:
# lambda(1)      dGf sum(dGf)      dGr sum(dGr)     <dG>
   0.000000    0.000    0.000   -9.926  -21.481    0.000
   0.020000   10.101   10.101   -9.168  -11.554   10.014
   0.040000    9.362   19.463   -8.671   -2.387   19.278
   0.060000    8.565   28.027   -8.025    6.284   27.896
   0.080000    8.135   36.162   -7.512   14.309   35.976
   0.100000    7.538   43.700   -6.904   21.821   43.501
   0.120000    6.963   50.663   -6.515   28.726   50.435
   0.140000    6.404   57.067   -5.957   35.240   56.894
   0.160000    5.997   63.064   -5.487   41.197   62.871
   0.180000    5.564   68.628   -5.089   46.685   68.397
   0.200000    5.099   73.728   -4.588   51.774   73.491
   0.220000    4.657   78.384   -4.222   56.362   78.114
   0.240000    4.220   82.604   -3.817   60.585   82.335
   0.260000    3.866   86.470   -3.428   64.402   86.177
   0.280000    3.432   89.902   -3.066   67.830   89.607
   0.300000    3.123   93.025   -2.720   70.896   92.701
   0.320000    2.748   95.773   -2.428   73.616   95.435
   0.340000    2.424   98.197   -2.140   76.044   97.861
   0.360000    2.176  100.374   -1.841   78.185  100.020
   0.380000    1.872  102.246   -1.582   80.026  101.876
   0.400000    1.615  103.861   -1.382   81.608  103.475
   0.420000    1.339  105.200   -1.087   82.989  104.835
   0.440000    1.180  106.380   -0.877   84.077  105.969
   0.460000    0.882  107.262   -0.699   84.954  106.848
   0.480000    0.687  107.949   -0.500   85.653  107.541
   0.500000    0.502  108.451   -0.287   86.153  108.042
   0.520000    0.298  108.749   -0.026   86.440  108.335
   0.540000    0.124  108.873    0.148   86.466  108.410
   0.560000   -0.135  108.738    0.397   86.318  108.268
   0.580000   -0.393  108.345    0.613   85.921  107.873
   0.600000   -0.580  107.765    0.853   85.308  107.277
   0.620000   -0.859  106.906    1.209   84.456  106.421
   0.640000   -1.087  105.819    1.465   83.247  105.273
   0.660000   -1.432  104.387    1.707   81.782  103.825
   0.680000   -1.758  102.629    2.084   80.075  102.093
   0.700000   -2.053  100.576    2.422   77.992  100.024
   0.720000   -2.428   98.147    2.777   75.570   97.599
   0.740000   -2.782   95.366    3.185   72.792   94.819
   0.760000   -3.169   92.197    3.634   69.607   91.643
   0.780000   -3.501   88.696    3.924   65.973   88.075
   0.800000   -3.919   84.777    4.268   62.049   84.153
   0.820000   -4.260   80.517    4.764   57.781   79.889
   0.840000   -4.656   75.861    5.111   53.017   75.179
   0.860000   -5.116   70.745    5.540   47.907   70.066
   0.880000   -5.447   65.298    5.849   42.366   64.572
   0.900000   -5.893   59.405    6.177   36.517   58.702
   0.920000   -6.230   53.175    6.777   30.340   52.498
   0.940000   -6.609   46.566    7.331   23.564   45.805
   0.960000   -7.244   39.322    7.797   16.232   38.517
   0.980000   -7.709   31.613    8.435    8.435   30.764
   1.000000   -8.491   23.121    0.000    0.000   22.301

# Min energy-gap is:   -536.14
# Max energy-gap is:    620.84


# Part 2: Reaction free energy summary:
# Lambda(1)  bin Energy gap      dGa     dGb     dGg    # pts    c1**2    c2**2
   0.000000   44     470.43   460.91     0.00   -17.13     75    0.034    0.966
   0.000000   45     493.57   484.26     0.00   -16.38    155    0.031    0.969
   0.000000   46     516.71   507.60     0.00   -15.73    245    0.029    0.971
   0.000000   47     539.85   530.45     0.00   -15.10    239    0.027    0.973
   0.000000   48     562.99   553.17     0.00   -14.55    100    0.025    0.975
   0.000000   49     586.13   576.65     0.00   -13.97     49    0.023    0.977
   0.020000   42     424.15   420.23     1.42   -17.24     40    0.040    0.960
   0.020000   43     447.29   439.11     1.02   -16.88    139    0.037    0.963
   0.020000   44     470.43   461.67     0.60   -16.55    272    0.034    0.966
   0.020000   45     493.57   484.52     0.13   -16.25    245    0.031    0.969
   0.020000   46     516.71   506.77    -0.29   -16.04    134    0.029    0.971
   0.020000   47     539.85   529.18    -0.72   -15.87     56    0.027    0.973
   0.040000   41     401.01   395.95     3.08   -16.60    116    0.045    0.955
   0.040000   42     424.15   417.72     2.21   -16.55    223    0.041    0.959
   0.040000   43     447.29   439.84     1.35   -16.57    263    0.037    0.963
   0.040000   44     470.43   461.79     0.49   -16.66    183    0.034    0.966
   0.040000   45     493.57   483.67    -0.46   -16.84     61    0.031    0.969
   0.060000   40     377.87   376.15     4.96   -15.76    104    0.049    0.951
   0.060000   41     401.01   396.33     3.68   -16.03    233    0.045    0.955
   0.060000   42     424.15   417.64     2.32   -16.42    276    0.041    0.959
   0.060000   43     447.29   439.64     1.00   -16.89    180    0.037    0.963
   0.060000   44     470.43   461.17    -0.35   -17.44     66    0.034    0.966
   0.080000   38     331.59   333.02     9.08   -14.14     44    0.061    0.939
   0.080000   39     354.73   354.31     7.22   -14.66    144    0.055    0.945
   0.080000   40     377.87   375.09     5.47   -15.26    262    0.050    0.950
   0.080000   41     401.01   396.33     3.73   -15.97    275    0.045    0.955
   0.080000   42     424.15   417.42     1.99   -16.79    140    0.041    0.959
   0.100000   37     308.45   313.10    11.99   -12.56     58    0.068    0.932
   0.100000   38     331.59   333.92     9.88   -13.31    159    0.062    0.938
   0.100000   39     354.73   354.72     7.67   -14.23    282    0.055    0.945
   0.100000   40     377.87   375.28     5.48   -15.28    231    0.050    0.950
   0.100000   41     401.01   396.40     3.21   -16.48    125    0.045    0.955
   0.120000   36     285.31   293.62    15.54   -10.72     74    0.078    0.922
   0.120000   37     308.45   314.12    12.78   -11.82    198    0.069    0.931
   0.120000   38     331.59   334.26    10.14   -13.04    306    0.062    0.938
   0.120000   39     354.73   354.31     7.57   -14.35    219    0.056    0.944
   0.120000   40     377.87   375.20     4.74   -15.96     73    0.050    0.950
   0.140000   35     262.18   274.94    19.36    -8.74     54    0.089    0.911
   0.140000   36     285.31   294.60    16.18   -10.05    179    0.078    0.922
   0.140000   37     308.45   314.64    13.12   -11.52    295    0.070    0.930
   0.140000   38     331.59   334.19     9.84   -13.29    239    0.062    0.938
   0.140000   39     354.73   354.15     6.90   -15.00     97    0.056    0.944
   0.160000   34     239.04   256.62    23.42    -6.68     49    0.100    0.900
   0.160000   35     262.18   275.76    20.04    -8.07    209    0.089    0.911
   0.160000   36     285.31   294.79    16.52    -9.77    306    0.079    0.921
   0.160000   37     308.45   314.48    12.92   -11.71    245    0.070    0.930
   0.160000   38     331.59   333.27     9.43   -13.77     75    0.063    0.937
   0.180000   33     215.90   238.18    28.25    -4.30     43    0.116    0.884
   0.180000   34     239.04   257.54    24.29    -5.90    228    0.102    0.898
   0.180000   35     262.18   276.27    20.34    -7.77    328    0.090    0.910
   0.180000   36     285.31   294.64    16.33    -9.93    212    0.080    0.920
   0.180000   37     308.45   313.35    12.31   -12.31     72    0.071    0.929
   0.200000   32     192.76   223.02    33.65    -1.82     43    0.134    0.866
   0.200000   33     215.90   239.36    29.08    -3.52    206    0.118    0.882
   0.200000   34     239.04   257.71    24.56    -5.61    287    0.103    0.897
   0.200000   35     262.18   275.95    20.03    -8.01    255    0.090    0.910
   0.200000   36     285.31   294.44    15.82   -10.49     87    0.080    0.920
   0.220000   31     169.62   204.36    39.22     0.59     41    0.156    0.844
   0.220000   32     192.76   221.81    34.34    -1.09    182    0.136    0.864
   0.220000   33     215.90   239.54    29.36    -3.23    334    0.119    0.881
   0.220000   34     239.04   257.59    24.45    -5.74    261    0.104    0.896
   0.220000   35     262.18   275.65    19.59    -8.51     66    0.091    0.909
   0.240000   31     169.62   205.44    39.91     1.30    129    0.157    0.843
   0.240000   32     192.76   222.14    34.53    -0.82    329    0.137    0.863
   0.240000   33     215.90   239.57    29.23    -3.37    302    0.119    0.881
   0.240000   34     239.04   256.61    24.03    -6.19     93    0.105    0.895
   0.260000   30     146.48   188.41    46.12     3.81    128    0.184    0.816
   0.260000   31     169.62   205.04    40.37     1.79    312    0.160    0.840
   0.260000   32     192.76   222.22    34.51    -0.84    305    0.138    0.862
   0.260000   33     215.90   238.96    28.89    -3.76    101    0.120    0.880
   0.260000   34     239.04   256.06    23.21    -7.06     35    0.105    0.895
   0.280000   29     123.34   174.17    52.91     6.14     84    0.215    0.785
   0.280000   30     146.48   189.17    46.58     4.25    283    0.185    0.815
   0.280000   31     169.62   205.28    40.32     1.74    367    0.160    0.840
   0.280000   32     192.76   221.95    34.43    -1.11    137    0.139    0.861
   0.300000   28     100.20   157.00    60.36     8.33     41    0.256    0.744
   0.300000   29     123.34   173.41    53.49     6.70    251    0.217    0.783
   0.300000   30     146.48   188.99    46.98     4.54    357    0.189    0.811
   0.300000   31     169.62   204.95    40.53     1.73    197    0.163    0.837
   0.300000   32     192.76   220.96    33.16    -2.15     46    0.140    0.860
   0.320000   28     100.20   158.45    61.03     8.96    190    0.256    0.744
   0.320000   29     123.34   173.61    53.64     6.94    354    0.220    0.780
   0.320000   30     146.48   188.96    46.66     4.24    260    0.189    0.811
   0.320000   31     169.62   204.82    39.37     0.82     76    0.163    0.837
   0.340000   27      77.06   144.49    68.94    10.80     69    0.298    0.702
   0.340000   28     100.20   158.79    61.21     9.27    320    0.257    0.743
   0.340000   29     123.34   173.55    53.71     6.95    383    0.222    0.778
   0.340000   30     146.48   188.43    46.13     3.79    104    0.191    0.809
   0.360000   27      77.06   144.31    69.52    11.38    244    0.302    0.698
   0.360000   28     100.20   158.82    61.32     9.41    384    0.260    0.740
   0.360000   29     123.34   173.14    53.47     6.70    203    0.225    0.775
   0.360000   30     146.48   187.71    45.40     2.99     38    0.192    0.808
   0.380000   26      53.92   131.68    78.16    12.87    111    0.347    0.653
   0.380000   27      77.06   144.48    69.57    11.57    384    0.303    0.697
   0.380000   28     100.20   158.52    61.35     9.35    319    0.263    0.737
   0.380000   29     123.34   172.38    52.66     6.03     71    0.228    0.772
   0.400000   25      30.78   117.10    87.68    13.87     41    0.403    0.597
   0.400000   26      53.92   130.86    78.73    13.37    264    0.354    0.646
   0.400000   27      77.06   144.51    69.94    11.73    408    0.308    0.692
   0.400000   28     100.20   157.99    60.67     8.90    163    0.266    0.734
   0.420000   25      30.78   118.65    88.07    14.52     95    0.404    0.596
   0.420000   26      53.92   131.53    78.88    13.60    394    0.356    0.644
   0.420000   27      77.06   144.44    69.52    11.51    325    0.310    0.690
   0.420000   28     100.20   157.50    61.82     8.79     81    0.269    0.731
   0.440000   24       7.64   107.25    98.83    15.01     38    0.468    0.532
   0.440000   25      30.78   119.17    88.77    14.99    279    0.410    0.590
   0.440000   26      53.92   131.45    78.91    13.66    418    0.361    0.639
   0.440000   27      77.06   144.15    69.32    11.31    152    0.315    0.685
   0.460000   24       7.64   106.84    99.42    15.64     90    0.473    0.527
   0.460000   25      30.78   119.25    88.89    15.20    416    0.414    0.586
   0.460000   26      53.92   131.35    78.89    13.53    339    0.364    0.636
   0.460000   27      77.06   143.42    70.32    11.02     48    0.318    0.682
   0.480000   24       7.64   107.77    99.80    16.15    225    0.473    0.527
   0.480000   25      30.78   119.36    89.02    15.28    443    0.418    0.582
   0.480000   26      53.92   130.91    78.37    13.15    193    0.368    0.632
   0.500000   23     -15.50    97.53   111.43    16.40     79    0.531    0.469
   0.500000   24       7.64   108.12   100.07    16.46    334    0.476    0.524
   0.500000   25      30.78   119.12    88.91    15.17    406    0.421    0.579
   0.500000   26      53.92   130.46    77.93    12.61     76    0.368    0.632
   0.520000   23     -15.50    97.85   111.64    16.93    158    0.531    0.469
   0.520000   24       7.64   108.46   100.12    16.56    488    0.477    0.523
   0.520000   25      30.78   118.92    88.69    14.96    224    0.426    0.574
   0.540000   22     -38.64    87.71   124.26    16.65     59    0.590    0.410
   0.540000   23     -15.50    98.25   112.13    17.25    351    0.536    0.464
   0.540000   24       7.64   108.07   100.28    16.55    420    0.484    0.516
   0.540000   25      30.78   118.54    90.36    14.80     68    0.431    0.569
   0.560000   22     -38.64    88.90   124.91    17.20    164    0.595    0.405
   0.560000   23     -15.50    97.94   112.32    17.39    428    0.542    0.458
   0.560000   24       7.64   108.00    99.71    16.23    246    0.486    0.514
   0.560000   25      30.78   117.73    88.80    14.08     35    0.434    0.566
   0.580000   21     -61.78    80.09   138.90    16.41     47    0.651    0.349
   0.580000   22     -38.64    88.87   125.31    17.52    349    0.598    0.402
   0.580000   23     -15.50    98.08   112.25    17.32    407    0.545    0.455
   0.580000   24       7.64   107.28    99.29    15.81     92    0.492    0.508
   0.600000   21     -61.78    80.36   138.85    17.02    178    0.651    0.349
   0.600000   22     -38.64    88.96   125.39    17.67    403    0.603    0.397
   0.600000   23     -15.50    97.83   111.98    17.07    252    0.549    0.451
   0.600000   24       7.64   107.06   104.45    15.64     33    0.496    0.504
   0.620000   20     -84.92    71.82   153.48    15.81     73    0.703    0.297
   0.620000   21     -61.78    80.46   139.28    17.32    336    0.656    0.344
   0.620000   22     -38.64    88.83   125.55    17.61    360    0.608    0.392
   0.620000   23     -15.50    97.34   112.12    16.65    118    0.553    0.447
   0.640000   19    -108.06    64.37   168.63    14.10     39    0.749    0.251
   0.640000   20     -84.92    72.76   153.84    16.38    256    0.705    0.295
   0.640000   21     -61.78    80.51   139.22    17.37    419    0.660    0.340
   0.640000   22     -38.64    88.36   125.71    17.29    171    0.612    0.388
   0.660000   19    -108.06    64.96   169.45    14.74    174    0.752    0.248
   0.660000   20     -84.92    72.52   154.25    16.50    372    0.710    0.290
   0.660000   21     -61.78    80.21   138.98    17.17    263    0.664    0.336
   0.660000   22     -38.64    87.86   124.13    16.62     60    0.613    0.387
   0.680000   18    -131.20    58.28   184.97    13.03    114    0.787    0.213
   0.680000   19    -108.06    65.50   169.57    15.22    269    0.752    0.248
   0.680000   20     -84.92    72.61   154.14    16.48    344    0.713    0.287
   0.680000   21     -61.78    79.79   139.34    16.74    135    0.667    0.333
   0.700000   17    -154.34    52.36   201.88    11.15     79    0.819    0.181
   0.700000   18    -131.20    58.87   185.74    13.54    244    0.789    0.211
   0.700000   19    -108.06    65.61   169.82    15.30    344    0.755    0.245
   0.700000   20     -84.92    72.35   153.66    16.15    192    0.715    0.285
   0.700000   21     -61.78    79.03   139.18    15.96     30    0.669    0.331
   0.720000   16    -177.48    46.68   219.08     9.02     48    0.846    0.154
   0.720000   17    -154.34    52.73   202.15    11.68    185    0.820    0.180
   0.720000   18    -131.20    59.10   185.80    13.75    334    0.791    0.209
   0.720000   19    -108.06    65.32   169.50    15.05    258    0.757    0.243
   0.720000   20     -84.92    71.52   155.00    15.49     65    0.720    0.280
   0.740000   15    -200.62    42.74   236.21     7.56     37    0.865    0.135
   0.740000   16    -177.48    47.45   219.39     9.85    187    0.846    0.154
   0.740000   17    -154.34    53.24   202.37    12.05    315    0.821    0.179
   0.740000   18    -131.20    58.88   185.80    13.58    237    0.794    0.206
   0.740000   19    -108.06    64.81   168.86    14.49    105    0.760    0.240
   0.760000   15    -200.62    42.72   236.89     8.11    119    0.866    0.134
   0.760000   16    -177.48    47.78   219.56    10.21    340    0.847    0.153
   0.760000   17    -154.34    53.06   202.39    11.91    310    0.824    0.176
   0.760000   18    -131.20    58.41   185.67    13.08     91    0.796    0.204
   0.780000   14    -223.76    38.16   255.20     6.26    118    0.884    0.116
   0.780000   15    -200.62    42.73   237.30     8.34    310    0.868    0.132
   0.780000   16    -177.48    47.57   219.78    10.09    339    0.850    0.150
   0.780000   17    -154.34    52.46   201.90    11.42    106    0.827    0.173
   0.800000   13    -246.90    34.09   274.10     4.55     69    0.900    0.100
   0.800000   14    -223.76    38.44   255.94     6.63    269    0.886    0.114
   0.800000   15    -200.62    42.93   237.71     8.41    327    0.870    0.130
   0.800000   16    -177.48    47.37   219.54     9.81    188    0.850    0.150
   0.800000   17    -154.34    51.71   202.43    10.69     40    0.827    0.173
   0.820000   12    -270.04    30.90   293.98     3.32     60    0.912    0.088
   0.820000   13    -246.90    34.56   274.80     5.07    215    0.902    0.098
   0.820000   14    -223.76    38.79   255.85     6.89    328    0.887    0.113
   0.820000   15    -200.62    42.61   237.16     8.17    218    0.871    0.129
   0.820000   16    -177.48    46.85   218.18     9.18     68    0.850    0.150
   0.840000   11    -293.18    27.94   313.42     2.13     49    0.923    0.077
   0.840000   12    -270.04    31.44   294.15     3.87    229    0.913    0.087
   0.840000   13    -246.90    34.92   275.15     5.37    341    0.902    0.098
   0.840000   14    -223.76    38.39   256.03     6.59    220    0.889    0.111
   0.840000   15    -200.62    42.03   237.64     7.54     47    0.872    0.128
   0.860000   10    -316.32    25.97   333.84     1.46     32    0.931    0.069
   0.860000   11    -293.18    28.83   313.98     2.91    156    0.923    0.077
   0.860000   12    -270.04    31.66   294.48     4.12    347    0.914    0.086
   0.860000   13    -246.90    34.79   274.80     5.23    281    0.902    0.098
   0.860000   14    -223.76    37.89   255.28     6.03     74    0.889    0.111
   0.880000   10    -316.32    26.39   334.56     2.11    147    0.932    0.068
   0.880000   11    -293.18    29.09   314.28     3.22    333    0.924    0.076
   0.880000   12    -270.04    31.56   294.48     4.03    284    0.915    0.085
   0.880000   13    -246.90    34.19   274.59     4.68     90    0.904    0.096
   0.900000    9    -339.45    24.71   355.55     1.77    120    0.939    0.061
   0.900000   10    -316.32    26.86   334.89     2.56    288    0.932    0.068
   0.900000   11    -293.18    28.96   314.46     3.16    298    0.925    0.075
   0.900000   12    -270.04    31.15   294.04     3.61    143    0.915    0.085
   0.900000   13    -246.90    33.40   274.67     3.84     31    0.904    0.096
   0.920000    8    -362.59    23.50   377.28     1.80     74    0.946    0.054
   0.920000    9    -339.45    25.27   356.03     2.31    239    0.940    0.060
   0.920000   10    -316.32    26.95   335.63     2.66    324    0.933    0.067
   0.920000   11    -293.18    28.77   313.84     2.87    187    0.925    0.075
   0.920000   12    -270.04    30.42   294.39     2.88     47    0.916    0.084
   0.940000    6    -408.87    21.38   420.87     1.82     45    0.956    0.044
   0.940000    7    -385.73    22.71   399.21     2.13    111    0.951    0.049
   0.940000    8    -362.59    23.97   377.89     2.31    265    0.946    0.054
   0.940000    9    -339.45    25.25   356.21     2.39    300    0.940    0.060
   0.940000   10    -316.32    26.62   335.54     2.32    138    0.933    0.067
   0.940000   11    -293.18    27.90   315.27     2.09     37    0.926    0.074
   0.960000    6    -408.87    22.14   421.92     2.65    137    0.956    0.044
   0.960000    7    -385.73    23.08   399.68     2.51    315    0.951    0.049
   0.960000    8    -362.59    23.94   377.74     2.27    286    0.947    0.053
   0.960000    9    -339.45    24.76   356.65     1.94    115    0.941    0.059
   0.980000    4    -455.15    21.72   467.45     3.93     81    0.963    0.037
   0.980000    5    -432.01    22.14   444.68     3.53    157    0.960    0.040
   0.980000    6    -408.87    22.58   422.48     3.05    254    0.956    0.044
   0.980000    7    -385.73    23.02   400.32     2.49    231    0.952    0.048
   0.980000    8    -362.59    23.47   377.01     1.78    109    0.947    0.053
   0.980000    9    -339.45    23.91   355.75     0.99     31    0.941    0.059
   1.000000    2    -501.43    22.30   514.14     6.03     31    0.969    0.031
   1.000000    3    -478.29    22.30   491.19     5.38     96    0.967    0.033
   1.000000    4    -455.15    22.30   467.80     4.54    236    0.964    0.036
   1.000000    5    -432.01    22.30   444.86     3.69    243    0.960    0.040
   1.000000    6    -408.87    22.30   422.31     2.79    196    0.957    0.043
   1.000000    7    -385.73    22.30   399.51     1.76     77    0.952    0.048


# Part 3: Bin-averaged summary:
# bin  energy gap  <dGg> <dGg norm> pts  <c1**2> <c2**2> <r_xy>
   2   -501.43     6.03    22.79     31   0.969   0.031   1.408
   3   -478.29     5.38    22.13     96   0.967   0.033   1.421
   4   -455.15     4.38    21.14    317   0.964   0.036   1.434
   5   -432.01     3.63    20.38    400   0.960   0.040   1.451
   6   -408.87     2.80    19.55    632   0.956   0.044   1.464
   7   -385.73     2.36    19.12    734   0.952   0.048   1.484
   8   -362.59     2.16    18.92    734   0.946   0.054   1.505
   9   -339.45     2.16    18.91    805   0.940   0.060   1.529
  10   -316.32     2.45    19.21    929   0.933   0.067   1.559
  11   -293.18     3.01    19.76   1060   0.924   0.076   1.592
  12   -270.04     3.88    20.64   1110   0.914   0.086   1.628
  13   -246.90     5.11    21.86   1027   0.902   0.098   1.664
  14   -223.76     6.62    23.37   1009   0.887   0.113   1.710
  15   -200.62     8.24    24.99   1058   0.869   0.131   1.755
  16   -177.48     9.94    26.70   1170   0.848   0.152   1.804
  17   -154.34    11.76    28.51   1035   0.823   0.177   1.861
  18   -131.20    13.52    30.28   1020   0.791   0.209   1.927
  19   -108.06    15.03    31.79   1189   0.755   0.245   1.998
  20    -84.92    16.33    33.09   1302   0.710   0.290   2.084
  21    -61.78    17.15    33.91   1408   0.659   0.341   2.179
  22    -38.64    17.45    34.21   1566   0.603   0.397   2.286
  23    -15.50    17.17    33.93   1793   0.542   0.458   2.400
  24      7.64    16.33    33.08   1966   0.480   0.520   2.518
  25     30.78    15.06    31.82   2007   0.417   0.583   2.636
  26     53.92    13.43    30.19   1795   0.359   0.641   2.727
  27     77.06    11.50    28.25   1630   0.307   0.693   2.785
  28    100.20     9.19    25.95   1498   0.260   0.740   2.836
  29    123.34     6.77    23.52   1346   0.221   0.779   2.882
  30    146.48     4.21    20.96   1170   0.188   0.812   2.914
  31    169.62     1.60    18.35   1122   0.160   0.840   2.959
  32    192.76    -1.01    15.74   1042   0.137   0.863   2.989
  33    215.90    -3.44    13.32    986   0.119   0.881   3.031
  34    239.04    -5.88    10.87    953   0.103   0.897   3.062
  35    262.18    -8.02     8.74    912   0.090   0.910   3.102
  36    285.31   -10.02     6.73    858   0.079   0.921   3.132
  37    308.45   -11.78     4.98    868   0.070   0.930   3.175
  38    331.59   -13.29     3.47    823   0.062   0.938   3.222
  39    354.73   -14.45     2.31    742   0.056   0.944   3.266
  40    377.87   -15.42     1.34    670   0.050   0.950   3.327
  41    401.01   -16.17     0.58    749   0.045   0.955   3.374
  42    424.15   -16.59     0.17    679   0.041   0.959   3.413
  43    447.29   -16.74     0.01    582   0.037   0.963   3.453
  44    470.43   -16.76     0.00    596   0.034   0.966   3.520
  45    493.57   -16.37     0.38    461   0.031   0.969   3.589
  46    516.71   -15.84     0.92    379   0.029   0.971   3.669
  47    539.85   -15.25     1.51    295   0.027   0.973   3.759
  48    562.99   -14.55     2.21    100   0.025   0.975   3.787
  49    586.13   -13.97     2.78     49   0.023   0.977   3.841


# Part 4: Termodynamic integration:
# lambda(1)      dGti    sum(dGti) 
   0.000000    0.000    0.000
   0.020000 -523.304   10.054
   0.040000 -482.054   19.300
   0.060000 -442.632   27.926
   0.080000 -419.880   36.013
   0.100000 -388.880   43.521
   0.120000 -361.934   50.466
   0.140000 -332.567   56.923
   0.160000 -313.074   62.933
   0.180000 -287.996   68.454
   0.200000 -264.018   73.528
   0.220000 -243.441   78.162
   0.240000 -219.898   82.382
   0.260000 -202.107   86.213
   0.280000 -181.078   89.659
   0.300000 -163.451   92.743
   0.320000 -144.982   95.477
   0.340000 -128.433   97.911
   0.360000 -114.902  100.059
   0.380000  -99.967  101.922
   0.400000  -86.310  103.514
   0.420000  -72.858  104.882
   0.440000  -63.961  106.014
   0.460000  -49.221  106.899
   0.480000  -39.271  107.590
   0.500000  -29.906  108.090
   0.520000  -20.012  108.392
   0.540000  -10.261  108.468
   0.560000    2.664  108.310
   0.580000   13.122  107.935
   0.600000   24.411  107.325
   0.620000   36.568  106.476
   0.640000   48.371  105.335
   0.660000   65.715  103.871
   0.680000   80.676  102.123
   0.700000   94.087  100.057
   0.720000  112.576   97.637
   0.740000  129.363   94.856
   0.760000  148.738   91.697
   0.780000  167.202   88.136
   0.800000  188.863   84.200
   0.820000  204.734   79.920
   0.840000  223.261   75.216
   0.860000  247.137   70.105
   0.880000  264.028   64.608
   0.900000  285.639   58.728
   0.920000  302.374   52.509
   0.940000  319.563   45.812
   0.960000  350.061   38.553
   0.980000  375.893   30.739
   1.000000  405.513   22.321


# Part 5: Overlap sampling Lu et al:
# lambda(1)      dG    sum(dG) 
   0.000000    0.000    0.000
   0.020000   10.034   10.034
   0.040000    9.253   19.287
   0.060000    8.620   27.907
   0.080000    8.082   35.989
   0.100000    7.516   43.505
   0.120000    6.938   50.443
   0.140000    6.458   56.902
   0.160000    5.995   62.897
   0.180000    5.521   68.418
   0.200000    5.083   73.500
   0.220000    4.626   78.127
   0.240000    4.219   82.346
   0.260000    3.836   86.182
   0.280000    3.437   89.619
   0.300000    3.087   92.706
   0.320000    2.734   95.440
   0.340000    2.428   97.868
   0.360000    2.152  100.020
   0.380000    1.858  101.879
   0.400000    1.594  103.473
   0.420000    1.364  104.837
   0.440000    1.132  105.970
   0.460000    0.883  106.852
   0.480000    0.693  107.545
   0.500000    0.500  108.045
   0.520000    0.298  108.342
   0.540000    0.076  108.418
   0.560000   -0.149  108.269
   0.580000   -0.384  107.885
   0.600000   -0.602  107.283
   0.620000   -0.852  106.431
   0.640000   -1.143  105.288
   0.660000   -1.455  103.832
   0.680000   -1.741  102.092
   0.700000   -2.067  100.025
   0.720000   -2.420   97.605
   0.740000   -2.778   94.826
   0.760000   -3.169   91.657
   0.780000   -3.564   88.093
   0.800000   -3.929   84.164
   0.820000   -4.273   79.892
   0.840000   -4.708   75.183
   0.860000   -5.113   70.070
   0.880000   -5.495   64.575
   0.900000   -5.875   58.700
   0.920000   -6.213   52.487
   0.940000   -6.693   45.794
   0.960000   -7.272   38.522
   0.980000   -7.780   30.742
   1.000000   -8.433   22.309


# lambda(1)      dG    sum(dG) 
# Part 6: BAR Bennet:
   0.000000    0.000    0.000
   0.020000   10.045   10.045
   0.040000    9.245   19.290
   0.060000    8.621   27.912
   0.080000    8.084   35.995
   0.100000    7.510   43.505
   0.120000    6.942   50.448
   0.140000    6.458   56.906
   0.160000    6.008   62.914
   0.180000    5.517   68.431
   0.200000    5.073   73.504
   0.220000    4.629   78.134
   0.240000    4.218   82.352
   0.260000    3.832   86.183
   0.280000    3.441   89.625
   0.300000    3.082   92.707
   0.320000    2.732   95.439
   0.340000    2.430   97.869
   0.360000    2.147  100.016
   0.380000    1.860  101.876
   0.400000    1.591  103.468
   0.420000    1.367  104.834
   0.440000    1.131  105.966
   0.460000    0.885  106.851
   0.480000    0.692  107.543
   0.500000    0.499  108.042
   0.520000    0.302  108.344
   0.540000    0.076  108.421
   0.560000   -0.155  108.266
   0.580000   -0.375  107.890
   0.600000   -0.608  107.283
   0.620000   -0.848  106.434
   0.640000   -1.140  105.295
   0.660000   -1.461  103.833
   0.680000   -1.747  102.086
   0.700000   -2.066  100.021
   0.720000   -2.416   97.605
   0.740000   -2.778   94.827
   0.760000   -3.163   91.665
   0.780000   -3.562   88.103
   0.800000   -3.935   84.168
   0.820000   -4.279   79.888
   0.840000   -4.707   75.181
   0.860000   -5.113   70.069
   0.880000   -5.496   64.573
   0.900000   -5.880   58.693
   0.920000   -6.220   52.474
   0.940000   -6.693   45.781
   0.960000   -7.260   38.520
   0.980000   -7.798   30.723
   1.000000   -8.413   22.310
