Starting job 5494470 on c11-16 at Fri Apr 22 21:19:14 CEST 2022

The following modules were not unloaded:
  (Use "module --force purge" to unload all):

  1) StdEnv

Task and CPU usage stats:
       JobID    JobName  AllocCPUS   NTasks     MinCPU MinCPUTask     AveCPU    Elapsed ExitCode 
------------ ---------- ---------- -------- ---------- ---------- ---------- ---------- -------- 
5494470          run.sh         20                                           1-14:37:12      0:0 
5494470.bat+      batch         20        1 1-14:35:29          0 1-14:35:29 1-14:37:12      0:0 
5494470.ext+     extern         20        1   00:00:00          0   00:00:00 1-14:37:12      0:0 

Memory usage stats:
       JobID     MaxRSS MaxRSSTask     AveRSS MaxPages   MaxPagesTask   AvePages 
------------ ---------- ---------- ---------- -------- -------------- ---------- 
5494470                                                                          
5494470.bat+     47564K          0     47564K        0              0          0 
5494470.ext+          0          0          0        0              0          0 

Disk usage stats:
       JobID  MaxDiskRead MaxDiskReadTask    AveDiskRead MaxDiskWrite MaxDiskWriteTask   AveDiskWrite 
------------ ------------ --------------- -------------- ------------ ---------------- -------------- 
5494470                                                                                               
5494470.bat+      174.84M               0        174.84M      826.81M                0        826.81M 
5494470.ext+        0.00M               0          0.00M            0                0              0 

Job 5494470 completed at Sun Apr 24 11:56:26 CEST 2022
