--------------------------------------------------------------------------------
Welcome to qfep version: 6.0.1
 
This version was compiled using: GCC version 11.2.0
 
And using the following compiler options: 
-cpp -D G95=1 -mtune=generic -march=x86-64 -O3 -Wall -Wtabs -std=legacy -funroll-loops -ffree-line-length-none -fcray-pointer -fall-intrinsics -fstack-protector

 
For command line options type qfep --help  or qcalc -h at the terminal.
 
If you are using the interactive mode and want to quit type "quit" or Ctrl-C.
--------------------------------------------------------------------------------
--> Number of energy files: # Number of files                                  =    51
--> No. of states, no. of predefined off-diag elements: # Number of states     =     2
# Number of off-diagonal elements                                              =     0
--> Give kT & num. of pts to skip & calculation mode: # kT                     = 0.592
# Number of data points to skip                                                =   100
# Only QQ interactions will be considered                                      =     0
--> Give number of gap-bins: # Number of gap-bins                              =    50
--> Give minimum # pts/bin: # Minimum number of points per bin                 =    30
--> Give alpha for state  2                                                     # Alpha for state  2              =-91.10
--> Number of off-diagonal elements: # Number of off-diagonal elements         =     1
#   i   j   A(i,j)  mu(i,j) eta(i,j) rxy0(i,j)
--> i, j, A_ij, mu_ij, eta_ij, r_xy0: #   1   2    91.40     0.00     0.00     0.00
--> linear combination of states defining reaction coord: # Linear combination coefficients=    1.00   -1.00


# Part 0: Average energies for all states in all files
# file             state   pts   lambda    EQtot   EQbond  EQang   EQtor   EQimp    EQel   EQvdW  Eel_qq  EvdW_qq Eel_qp  EvdW_qp Eel_qw EvdW_qw Eqrstr
--> Name of file number   1:                                                     
md_0000_1000.en        1    899 0.000000-2370.51-2400.44  134.74   35.16    5.85 -319.15  173.33   54.99  183.04 -285.40  -10.69  -88.74    0.98    0.00
md_0000_1000.en        2    899 1.000000-2792.49-2483.56   13.36   -6.07    1.39 -315.05   -2.56   62.65    6.94 -291.90  -10.40  -85.80    0.90    0.00
--> Name of file number   2:                                                     
md_0020_0980.en        1    899 0.020000-2399.88-2402.48  117.60   32.99    5.84 -313.11  159.28   56.35  168.90 -296.00   -8.99  -73.47   -0.63    0.00
md_0020_0980.en        2    899 0.980000-2784.08-2482.49   13.49   -6.20    1.64 -307.93   -2.59   63.51    6.80 -300.61   -8.74  -70.83   -0.65    0.00
--> Name of file number   3:                                                     
md_0040_0960.en        1    899 0.040000-2427.78-2404.16  108.29   31.15    5.39 -312.89  144.43   56.03  153.21 -277.25   -9.40  -91.66    0.63    0.00
md_0040_0960.en        2    899 0.960000-2780.52-2480.51   13.55   -6.03    1.50 -307.17   -1.86   63.55    6.43 -284.10   -8.99  -86.63    0.69    0.00
--> Name of file number   4:                                                     
md_0060_0940.en        1    899 0.060000-2447.84-2407.51  103.68   31.03    5.30 -308.42  128.09   55.76  137.20 -300.02   -9.57  -64.16    0.46    0.00
md_0060_0940.en        2    899 0.940000-2776.42-2479.99   14.22   -6.15    1.64 -303.85   -2.30   63.40    6.31 -305.47   -9.02  -61.77    0.41    0.00
--> Name of file number   5:                                                     
md_0080_0920.en        1    899 0.080000-2476.09-2409.70   91.47   29.36    4.54 -306.61  114.86   54.37  122.69 -274.81   -9.96  -86.17    2.13    0.00
md_0080_0920.en        2    899 0.920000-2771.15-2477.39   15.40   -5.42    1.23 -304.26   -0.72   62.66    6.68 -282.61   -9.40  -84.31    2.00    0.00
--> Name of file number   6:                                                     
md_0100_0900.en        1    899 0.100000-2516.73-2412.04   82.35   27.09    4.42 -323.61  105.07   54.01  111.30 -270.99   -9.24 -106.63    3.01    0.00
md_0100_0900.en        2    899 0.900000-2782.42-2474.89   15.68   -4.92    1.33 -320.70    1.09   62.59    7.02 -280.54   -8.90 -102.75    2.98    0.00
--> Name of file number   7:                                                     
md_0120_0880.en        1    899 0.120000-2528.86-2416.48   72.89   25.32    4.40 -308.84   93.84   55.01  101.15 -291.19   -9.82  -72.66    2.52    0.00
md_0120_0880.en        2    899 0.880000-2768.59-2473.89   15.38   -4.64    1.58 -307.22    0.20   63.47    7.26 -300.40   -9.49  -70.28    2.43    0.00
--> Name of file number   8:                                                     
md_0140_0860.en        1    899 0.140000-2565.70-2418.70   67.91   23.96    4.36 -324.84   81.63   55.60   90.70 -283.25  -11.44  -97.19    2.36    0.00
md_0140_0860.en        2    899 0.860000-2779.09-2470.96   17.03   -4.14    1.74 -321.23   -1.53   63.79    7.23 -291.31  -11.18  -93.70    2.42    0.00
--> Name of file number   9:                                                     
md_0160_0840.en        1    899 0.160000-2574.37-2421.53   63.92   22.95    4.04 -313.80   70.05   54.69   79.24 -287.93  -11.23  -80.55    2.05    0.00
md_0160_0840.en        2    899 0.840000-2766.71-2467.57   16.97   -3.95    1.68 -311.68   -2.17   63.34    6.89 -297.17  -11.05  -77.85    1.99    0.00
--> Name of file number  10:                                                     
md_0180_0820.en        1    899 0.180000-2592.33-2424.34   59.07   21.27    3.89 -315.37   63.16   54.56   71.12 -286.37  -10.54  -83.56    2.57    0.00
md_0180_0820.en        2    899 0.820000-2762.25-2464.97   17.60   -3.49    1.78 -312.86   -0.30   63.47    7.41 -294.87  -10.09  -81.47    2.38    0.00
--> Name of file number  11:                                                     
md_0200_0800.en        1    899 0.200000-2601.40-2426.00   57.20   21.41    3.34 -312.54   55.18   52.85   60.89 -283.06   -8.82  -82.32    3.11    0.00
md_0200_0800.en        2    899 0.800000-2752.06-2461.17   18.91   -3.36    1.48 -309.20    1.29   62.66    6.94 -291.33   -8.58  -80.53    2.93    0.00
--> Name of file number  12:                                                     
md_0220_0780.en        1    899 0.220000-2628.89-2426.80   54.44   20.12    3.23 -325.34   45.47   52.94   54.01 -282.28   -9.86  -96.00    1.31    0.00
md_0220_0780.en        2    899 0.780000-2759.73-2456.40   20.71   -2.97    1.58 -320.68   -1.97   62.17    6.22 -289.70   -9.35  -93.15    1.16    0.00
--> Name of file number  13:                                                     
md_0240_0760.en        1    899 0.240000-2642.84-2431.02   50.31   19.16    2.87 -322.81   38.66   52.13   48.16 -281.44  -11.14  -93.50    1.63    0.00
md_0240_0760.en        2    899 0.760000-2753.81-2454.55   21.59   -2.43    1.43 -317.40   -2.46   61.49    6.53 -288.90  -10.51  -90.00    1.52    0.00
--> Name of file number  14:                                                     
md_0260_0740.en        1    899 0.260000-2659.04-2434.28   46.17   18.11    3.00 -321.32   29.29   52.62   40.07 -293.47  -10.48  -80.48   -0.31    0.00
md_0260_0740.en        2    899 0.740000-2748.88-2450.36   22.07   -2.28    1.65 -315.90   -4.06   62.22    6.39 -299.67  -10.11  -78.45   -0.34    0.00
--> Name of file number  15:                                                     
md_0280_0720.en        1    899 0.280000-2667.66-2435.78   43.50   16.21    2.91 -319.78   25.28   54.07   34.29 -277.89  -11.55  -95.96    2.54    0.00
md_0280_0720.en        2    899 0.720000-2738.69-2446.01   23.24   -2.23    1.77 -313.22   -2.24   63.89    6.35 -283.40  -11.03  -93.71    2.44    0.00
--> Name of file number  16:                                                     
md_0300_0700.en        1    899 0.300000-2676.20-2436.67   40.69   15.40    2.87 -316.52   18.04   53.68   28.75 -272.80  -10.69  -97.39   -0.02    0.00
md_0300_0700.en        2    899 0.700000-2729.76-2440.65   24.83   -1.51    1.81 -310.06   -4.18   63.82    6.29 -278.98  -10.36  -94.89   -0.10    0.00
--> Name of file number  17:                                                     
md_0320_0680.en        1    899 0.320000-2693.43-2441.44   36.05   14.17    2.59 -318.69   13.90   52.94   25.21 -259.99  -11.16 -111.64   -0.14    0.00
md_0320_0680.en        2    899 0.680000-2730.40-2439.59   25.18   -1.23    1.65 -312.43   -3.99   63.30    6.83 -266.39  -10.58 -109.34   -0.24    0.00
--> Name of file number  18:                                                     
md_0340_0660.en        1    899 0.340000-2695.94-2443.09   34.83   13.31    2.43 -314.72   11.31   52.46   21.49 -268.83  -10.06  -98.35   -0.12    0.00
md_0340_0660.en        2    899 0.660000-2718.23-2435.84   26.93   -0.75    1.65 -307.21   -3.01   63.38    6.76 -275.20   -9.57  -95.38   -0.20    0.00
--> Name of file number  19:                                                     
md_0360_0640.en        1    899 0.360000-2701.03-2444.79   32.62   13.11    2.22 -312.02    7.82   51.42   18.38 -267.63  -10.27  -95.81   -0.29    0.00
md_0360_0640.en        2    899 0.640000-2710.02-2431.82   29.04   -0.50    1.47 -305.18   -3.03   62.88    7.26 -273.88  -10.03  -94.18   -0.26    0.00
--> Name of file number  20:                                                     
md_0380_0620.en        1    899 0.380000-2710.22-2447.15   29.83   12.98    2.04 -313.86    5.94   50.18   15.50 -280.26  -10.17  -83.77    0.60    0.00
md_0380_0620.en        2    899 0.620000-2707.52-2429.37   30.10   -0.40    1.38 -307.20   -2.03   61.87    7.19 -286.25   -9.71  -82.81    0.48    0.00
--> Name of file number  21:                                                     
md_0400_0600.en        1    899 0.400000-2720.86-2448.79   28.39   12.49    1.74 -317.56    2.87   48.65   11.98 -264.41   -9.67 -101.80    0.55    0.00
md_0400_0600.en        2    899 0.600000-2706.24-2425.27   31.82   -0.10    1.14 -312.34   -1.48   61.02    7.09 -272.05   -9.05 -101.31    0.48    0.00
--> Name of file number  22:                                                     
md_0420_0580.en        1    899 0.420000-2714.35-2451.74   26.28   11.99    1.89 -306.91    4.14   48.76   12.04 -282.16   -8.18  -73.51    0.28    0.00
md_0420_0580.en        2    899 0.580000-2687.30-2423.93   33.20    0.52    1.41 -299.72    1.21   61.16    8.45 -289.12   -7.69  -71.75    0.45    0.00
--> Name of file number  23:                                                     
md_0440_0560.en        1    899 0.440000-2723.11-2454.53   24.09   10.97    1.73 -305.65    0.28   48.96   10.34 -284.41   -9.73  -70.21   -0.32    0.00
md_0440_0560.en        2    899 0.560000-2685.55-2422.39   33.94    0.71    1.33 -297.78   -1.37   61.73    8.20 -291.63   -9.29  -67.87   -0.28    0.00
--> Name of file number  24:                                                     
md_0460_0540.en        1    899 0.460000-2737.34-2457.02   21.79   10.13    1.84 -314.07   -0.02   50.25   10.10 -287.69   -9.61  -76.63   -0.51    0.00
md_0460_0540.en        2    899 0.540000-2688.32-2421.00   35.39    1.40    1.52 -305.15   -0.48   62.87    9.23 -294.09   -9.26  -73.93   -0.45    0.00
--> Name of file number  25:                                                     
md_0480_0520.en        1    899 0.480000-2745.79-2458.64   20.33    9.61    1.74 -318.33   -0.50   48.82    8.44 -286.22   -8.89  -80.93   -0.05    0.00
md_0480_0520.en        2    899 0.520000-2686.79-2417.53   37.45    1.32    1.47 -310.56    1.05   61.99    9.58 -293.19   -8.39  -79.36   -0.14    0.00
--> Name of file number  26:                                                     
md_0500_0500.en        1    899 0.500000-2751.84-2461.35   19.76    9.71    1.79 -320.88   -0.87   49.63    8.32 -277.45  -10.02  -93.06    0.83    0.00
md_0500_0500.en        2    899 0.500000-2683.56-2415.74   39.26    1.82    1.56 -312.72    2.26   62.78   11.09 -284.35   -9.65  -91.14    0.82    0.00
--> Name of file number  27:                                                     
md_0520_0480.en        1    899 0.520000-2754.34-2464.03   17.83    9.00    1.78 -317.91   -1.01   49.63    8.59 -275.73   -9.55  -91.81   -0.05    0.00
md_0520_0480.en        2    899 0.480000-2677.00-2414.97   40.38    2.29    1.63 -309.23    2.90   62.61   11.99 -283.65   -9.04  -88.19   -0.05    0.00
--> Name of file number  28:                                                     
md_0540_0460.en        1    899 0.540000-2758.06-2467.00   16.31    8.79    1.62 -314.98   -2.80   48.09    7.44 -267.73  -11.84  -95.33    1.60    0.00
md_0540_0460.en        2    899 0.460000-2670.20-2413.08   42.19    2.76    1.50 -306.76    3.21   61.61   13.00 -275.33  -11.55  -93.05    1.75    0.00
--> Name of file number  29:                                                     
md_0560_0440.en        1    899 0.560000-2762.72-2469.13   15.60    8.62    1.75 -317.18   -2.37   48.42    7.51 -271.25  -10.67  -94.36    0.79    0.00
md_0560_0440.en        2    899 0.440000-2666.63-2411.09   44.24    3.40    1.65 -309.71    4.88   61.71   14.42 -278.68  -10.37  -92.74    0.83    0.00
--> Name of file number  30:                                                     
md_0580_0420.en        1    899 0.580000-2763.94-2471.42   14.57    8.46    1.53 -314.55   -2.53   46.24    6.71 -270.82  -10.54  -89.97    1.31    0.00
md_0580_0420.en        2    899 0.420000-2655.48-2408.38   46.62    3.89    1.48 -306.29    7.19   60.82   16.09 -279.16  -10.22  -87.95    1.32    0.00
--> Name of file number  31:                                                     
md_0600_0400.en        1    899 0.600000-2771.07-2475.65   13.33    7.91    1.76 -314.67   -3.75   48.84    7.13 -278.24  -10.77  -85.27   -0.11    0.00
md_0600_0400.en        2    899 0.400000-2647.65-2406.46   48.02    4.37    1.76 -304.59    9.23   62.70   19.80 -285.26  -10.66  -82.02    0.09    0.00
--> Name of file number  32:                                                     
md_0620_0380.en        1    899 0.620000-2779.45-2481.23   12.10    7.28    1.80 -317.30   -2.10   49.44    7.50 -283.64   -9.16  -83.10   -0.45    0.00
md_0620_0380.en        2    899 0.380000-2639.29-2405.00   50.39    5.22    1.88 -307.39   15.61   63.48   24.80 -290.65   -8.78  -80.22   -0.41    0.00
--> Name of file number  33:                                                     
md_0640_0360.en        1    899 0.640000-2787.73-2486.41   10.87    7.53    1.76 -316.95   -4.53   49.28    6.94 -279.16  -11.74  -87.07    0.27    0.00
md_0640_0360.en        2    899 0.360000-2629.65-2402.57   52.81    5.77    1.87 -306.09   18.55   63.45   29.73 -285.13  -11.82  -84.41    0.63    0.00
--> Name of file number  34:                                                     
md_0660_0340.en        1    899 0.660000-2784.62-2491.26   10.12    7.14    1.61 -308.05   -4.18   48.07    7.23 -276.60  -11.30  -79.52   -0.10    0.00
md_0660_0340.en        2    899 0.340000-2613.77-2401.74   54.52    6.03    1.77 -297.39   23.04   62.36   34.34 -283.66  -11.35  -76.09    0.05    0.00
--> Name of file number  35:                                                     
md_0680_0320.en        1    899 0.680000-2789.16-2494.55    9.91    6.99    1.36 -308.41   -4.47   45.50    6.50 -272.55  -12.13  -81.36    1.17    0.00
md_0680_0320.en        2    899 0.320000-2602.23-2398.86   58.18    6.56    1.57 -297.39   27.70   60.62   38.60 -280.83  -11.95  -77.18    1.05    0.00
--> Name of file number  36:                                                     
md_0700_0300.en        1    899 0.700000-2793.50-2498.60   10.38    7.32    1.42 -309.92   -4.10   45.25    6.72 -266.75  -11.17  -88.42    0.35    0.00
md_0700_0300.en        2    899 0.300000-2590.62-2395.79   61.34    7.39    1.62 -299.87   34.70   60.82   45.34 -274.54  -11.08  -86.15    0.44    0.00
--> Name of file number  37:                                                     
md_0720_0280.en        1    899 0.720000-2803.61-2502.53    9.19    6.85    1.41 -314.20   -4.33   45.06    6.63 -257.30  -11.52 -101.96    0.56    0.00
md_0720_0280.en        2    899 0.280000-2585.14-2393.17   62.13    7.68    1.68 -304.46   41.00   60.84   51.84 -265.64  -11.50  -99.67    0.66    0.00
--> Name of file number  38:                                                     
md_0740_0260.en        1    899 0.740000-2804.88-2508.82    9.10    6.89    1.29 -309.73   -3.59   44.67    6.68 -253.04  -10.95 -101.36    0.68    0.00
md_0740_0260.en        2    899 0.260000-2567.29-2392.25   65.36    8.15    1.56 -300.14   50.03   60.72   60.08 -261.54  -10.91  -99.31    0.85    0.00
--> Name of file number  39:                                                     
md_0760_0240.en        1    899 0.760000-2812.73-2513.36    8.42    6.20    1.46 -312.49   -2.95   45.28    6.22 -260.73  -10.66  -97.04    1.48    0.00
md_0760_0240.en        2    899 0.240000-2555.43-2390.08   68.77    8.61    1.78 -302.17   57.67   61.41   66.76 -268.71  -10.60  -94.88    1.51    0.00
--> Name of file number  40:                                                     
md_0780_0220.en        1    899 0.780000-2823.80-2517.55    7.78    6.26    1.70 -320.80   -1.19   47.81    6.32 -267.72   -9.51 -100.89    2.01    0.00
md_0780_0220.en        2    899 0.220000-2548.77-2387.97   70.79    9.06    2.06 -310.19   67.49   63.66   74.91 -274.98   -9.64  -98.88    2.22    0.00
--> Name of file number  41:                                                     
md_0800_0200.en        1    899 0.800000-2822.84-2521.04    8.43    6.13    1.37 -317.26   -0.46   45.64    6.52 -268.42   -9.98  -94.48    3.00    0.00
md_0800_0200.en        2    899 0.200000-2527.84-2385.84   74.60    9.68    1.76 -306.27   78.23   62.18   85.10 -276.26   -9.93  -92.19    3.06    0.00
--> Name of file number  42:                                                     
md_0820_0180.en        1    899 0.820000-2826.86-2524.24    8.93    5.66    1.50 -319.06    0.34   45.81    6.26 -277.56   -8.49  -87.31    2.57    0.00
md_0820_0180.en        2    899 0.180000-2509.58-2382.35   79.53   10.02    1.90 -308.31   89.63   62.55   95.36 -285.27   -8.12  -85.59    2.38    0.00
--> Name of file number  43:                                                     
md_0840_0160.en        1    899 0.840000-2823.51-2526.93    8.87    5.22    1.54 -312.86    0.65   45.40    6.14 -280.81   -8.35  -77.45    2.85    0.00
md_0840_0160.en        2    899 0.160000-2486.27-2379.56   83.42   10.64    1.99 -300.76   98.01   62.60  103.31 -288.65   -8.11  -74.71    2.82    0.00
--> Name of file number  44:                                                     
md_0860_0140.en        1    899 0.860000-2822.27-2528.35    8.64    4.84    1.54 -310.32    1.38   43.90    7.02 -262.56   -8.68  -91.66    3.05    0.00
md_0860_0140.en        2    899 0.140000-2471.01-2376.52   84.47   10.72    1.99 -298.98  107.30   61.57  112.87 -270.69   -8.67  -89.86    3.10    0.00
--> Name of file number  45:                                                     
md_0880_0120.en        1    899 0.880000-2820.92-2532.36    8.86    4.93    1.53 -301.84   -2.04   44.10    7.21 -261.42  -11.28  -84.52    2.03    0.00
md_0880_0120.en        2    899 0.120000-2452.51-2375.44   85.41   10.86    2.00 -289.52  114.18   61.67  123.34 -268.38  -11.44  -82.80    2.29    0.00
--> Name of file number  46:                                                     
md_0900_0100.en        1    899 0.900000-2828.64-2534.63    8.22    4.55    1.60 -306.15   -2.22   44.50    7.32 -258.25  -11.67  -92.41    2.13    0.00
md_0900_0100.en        2    899 0.100000-2440.36-2373.01   88.69   11.44    2.05 -292.54  123.01   62.57  132.71 -265.67  -11.84  -89.44    2.14    0.00
--> Name of file number  47:                                                     
md_0920_0080.en        1    899 0.920000-2839.57-2536.57    8.50    4.55    1.79 -314.01   -3.83   44.79    6.95 -253.39  -13.06 -105.41    2.28    0.00
md_0920_0080.en        2    899 0.080000-2426.61-2370.41   94.72   11.94    2.27 -298.50  133.38   63.33  144.36 -260.19  -13.24 -101.65    2.26    0.00
--> Name of file number  48:                                                     
md_0940_0060.en        1    899 0.940000-2831.38-2538.89    8.03    4.77    1.83 -303.06   -4.06   46.88    6.99 -267.14  -12.61  -82.80    1.56    0.00
md_0940_0060.en        2    899 0.060000-2390.27-2367.84  102.57   12.39    2.32 -287.30  147.60   65.67  158.94 -272.83  -12.81  -80.14    1.47    0.00
--> Name of file number  49:                                                     
md_0960_0040.en        1    899 0.960000-2829.62-2541.23    7.64    4.44    1.72 -298.17   -4.02   47.06    7.26 -269.38  -11.75  -75.85    0.47    0.00
md_0960_0040.en        2    899 0.040000-2367.18-2366.60  106.09   12.89    2.23 -282.31  160.51   66.09  172.10 -274.64  -11.82  -73.75    0.23    0.00
--> Name of file number  50:                                                     
md_0980_0020.en        1    899 0.980000-2830.34-2542.19    7.77    4.77    1.77 -298.89   -3.57   48.31    7.01 -268.48  -11.48  -78.72    0.91    0.00
md_0980_0020.en        2    899 0.020000-2333.01-2363.58  119.60   13.98    2.28 -281.37  176.08   68.12  186.96 -273.04  -11.55  -76.45    0.67    0.00
--> Name of file number  51:                                                     
md_1000_0000.en        1    899 1.000000-2837.31-2542.06    8.04    4.63    1.93 -306.68   -3.17   46.82    7.69 -271.11  -10.91  -82.38    0.04    0.00
md_1000_0000.en        2    899 0.000000-2316.54-2361.47  125.09   14.60    2.45 -289.22  192.02   67.21  203.17 -275.77  -10.99  -80.66   -0.17    0.00


# Part 1: Free energy perturbation summary:
# lambda(1)      dGf sum(dGf)      dGr sum(dGr)     <dG>
   0.000000    0.000    0.000   -9.762  -22.009    0.000
   0.020000    9.969    9.969   -9.106  -12.247    9.865
   0.040000    9.241   19.210   -8.640   -3.141   19.039
   0.060000    8.650   27.861   -8.016    5.498   27.684
   0.080000    8.154   36.015   -7.388   13.514   35.769
   0.100000    7.452   43.467   -6.817   20.902   43.189
   0.120000    6.922   50.389   -6.299   27.719   50.058
   0.140000    6.415   56.804   -5.884   34.018   56.416
   0.160000    5.876   62.679   -5.395   39.902   62.295
   0.180000    5.472   68.151   -5.036   45.297   67.729
   0.200000    5.054   73.205   -4.632   50.333   72.774
   0.220000    4.645   77.850   -4.222   54.965   77.412
   0.240000    4.241   82.091   -3.785   59.186   81.643
   0.260000    3.869   85.960   -3.427   62.971   85.470
   0.280000    3.462   89.423   -3.040   66.398   88.915
   0.300000    3.053   92.476   -2.690   69.438   91.962
   0.320000    2.753   95.230   -2.421   72.128   94.683
   0.340000    2.443   97.672   -2.136   74.549   97.115
   0.360000    2.129   99.801   -1.868   76.685   99.248
   0.380000    1.877  101.679   -1.622   78.554  101.121
   0.400000    1.669  103.348   -1.387   80.175  102.766
   0.420000    1.442  104.790   -1.159   81.562  104.180
   0.440000    1.180  105.970   -0.923   82.722  105.350
   0.460000    0.986  106.956   -0.723   83.645  106.305
   0.480000    0.764  107.720   -0.562   84.368  107.049
   0.500000    0.559  108.279   -0.360   84.930  107.609
   0.520000    0.351  108.630   -0.148   85.291  107.965
   0.540000    0.185  108.815   -0.007   85.439  108.131
   0.560000   -0.020  108.795    0.245   85.445  108.124
   0.580000   -0.203  108.591    0.529   85.200  107.900
   0.600000   -0.452  108.139    0.863   84.671  107.410
   0.620000   -0.768  107.371    1.221   83.809  106.594
   0.640000   -1.105  106.266    1.470   82.588  105.431
   0.660000   -1.466  104.800    1.738   81.118  103.963
   0.680000   -1.732  103.068    2.032   79.379  102.228
   0.700000   -2.095  100.973    2.365   77.348  100.165
   0.720000   -2.448   98.525    2.786   74.982   97.758
   0.740000   -2.731   95.794    3.163   72.197   95.000
   0.760000   -3.061   92.733    3.540   69.034   91.888
   0.780000   -3.484   89.249    3.905   65.494   88.376
   0.800000   -3.819   85.430    4.332   61.589   84.514
   0.820000   -4.257   81.174    4.730   57.257   80.220
   0.840000   -4.710   76.464    5.024   52.528   75.500
   0.860000   -5.109   71.354    5.346   47.503   70.433
   0.880000   -5.386   65.968    5.740   42.158   65.067
   0.900000   -5.747   60.221    6.240   36.418   59.324
   0.920000   -6.154   54.067    6.789   30.178   53.127
   0.940000   -6.644   47.424    7.236   23.389   46.411
   0.960000   -7.220   40.203    7.890   16.153   39.183
   0.980000   -7.628   32.575    8.263    8.263   31.424
   1.000000   -8.380   24.195    0.000    0.000   23.102

# Min energy-gap is:   -519.30
# Max energy-gap is:    621.37


# Part 2: Reaction free energy summary:
# Lambda(1)  bin Energy gap      dGa     dGb     dGg    # pts    c1**2    c2**2
   0.000000   43     450.27   443.11     0.00   -17.75     42    0.036    0.964
   0.000000   44     473.08   463.71     0.00   -17.00     99    0.033    0.967
   0.000000   45     495.89   487.00     0.00   -16.32    247    0.031    0.969
   0.000000   46     518.71   509.52     0.00   -15.67    254    0.028    0.972
   0.000000   47     541.52   532.22     0.00   -15.09    170    0.026    0.974
   0.000000   48     564.34   555.08     0.00   -14.53     58    0.025    0.975
   0.020000   42     427.45   420.44     1.24   -17.35     75    0.040    0.960
   0.020000   43     450.27   442.53     0.83   -16.99    177    0.037    0.963
   0.020000   44     473.08   464.68     0.40   -16.65    283    0.034    0.966
   0.020000   45     495.89   486.82    -0.04   -16.38    222    0.031    0.969
   0.020000   46     518.71   508.80    -0.47   -16.17    102    0.029    0.971
   0.040000   41     404.64   398.79     2.73   -16.83    108    0.044    0.956
   0.040000   42     427.45   421.10     1.81   -16.79    275    0.040    0.960
   0.040000   43     450.27   442.34     0.99   -16.82    269    0.037    0.963
   0.040000   44     473.08   464.20     0.14   -16.92    169    0.034    0.966
   0.040000   45     495.89   485.72    -0.74   -17.09     54    0.031    0.969
   0.060000   40     381.83   378.17     4.54   -16.01    113    0.049    0.951
   0.060000   41     404.64   399.61     3.22   -16.31    261    0.044    0.956
   0.060000   42     427.45   420.87     1.93   -16.70    293    0.040    0.960
   0.060000   43     450.27   442.05     0.66   -17.16    148    0.037    0.963
   0.060000   44     473.08   463.19    -0.48   -17.63     43    0.034    0.966
   0.080000   38     336.20   337.55     8.48   -14.44     78    0.060    0.940
   0.080000   39     359.01   358.07     6.75   -14.94    167    0.054    0.946
   0.080000   40     381.83   378.53     5.01   -15.56    272    0.049    0.951
   0.080000   41     404.64   399.36     3.28   -16.29    243    0.045    0.955
   0.080000   42     427.45   420.39     1.46   -17.15    101    0.041    0.959
   0.100000   37     313.39   317.88    11.32   -12.99     87    0.067    0.933
   0.100000   38     336.20   337.87     9.10   -13.80    253    0.060    0.940
   0.100000   39     359.01   358.07     6.95   -14.73    299    0.054    0.946
   0.100000   40     381.83   378.65     4.88   -15.75    173    0.049    0.951
   0.100000   41     404.64   399.35     2.75   -16.89     62    0.045    0.955
   0.120000   36     290.57   298.72    14.52   -11.36     97    0.076    0.924
   0.120000   37     313.39   318.12    11.96   -12.39    257    0.068    0.932
   0.120000   38     336.20   338.14     9.25   -13.67    309    0.061    0.939
   0.120000   39     359.01   358.33     6.63   -15.06    178    0.055    0.945
   0.120000   40     381.83   378.37     4.14   -16.47     42    0.050    0.950
   0.140000   35     267.76   279.37    18.15    -9.48    107    0.087    0.913
   0.140000   36     290.57   298.75    15.07   -10.81    268    0.077    0.923
   0.140000   37     313.39   317.93    12.04   -12.29    316    0.068    0.932
   0.140000   38     336.20   337.40     8.99   -13.98    145    0.061    0.939
   0.140000   39     359.01   357.99     6.03   -15.74     34    0.055    0.945
   0.160000   34     244.95   261.73    22.16    -7.50    110    0.098    0.902
   0.160000   35     267.76   279.94    18.67    -9.00    263    0.087    0.913
   0.160000   36     290.57   298.92    15.17   -10.74    309    0.077    0.923
   0.160000   37     313.39   317.70    11.69   -12.67    156    0.069    0.931
   0.160000   38     336.20   337.29     8.32   -14.70     40    0.062    0.938
   0.180000   33     222.13   244.16    26.52    -5.39     88    0.112    0.888
   0.180000   34     244.95   261.61    22.66    -7.02    302    0.098    0.902
   0.180000   35     267.76   280.03    18.74    -8.92    301    0.087    0.913
   0.180000   36     290.57   298.35    14.77   -11.13    169    0.078    0.922
   0.200000   32     199.32   226.75    31.55    -3.02     76    0.129    0.871
   0.200000   33     222.13   243.84    27.17    -4.76    243    0.113    0.887
   0.200000   34     244.95   261.74    22.84    -6.84    337    0.100    0.900
   0.200000   35     267.76   279.73    18.25    -9.34    175    0.088    0.912
   0.200000   36     290.57   297.90    14.09   -11.80     52    0.078    0.922
   0.220000   31     176.51   209.10    37.03    -0.60     75    0.149    0.851
   0.220000   32     199.32   226.21    32.18    -2.39    193    0.130    0.870
   0.220000   33     222.13   244.07    27.28    -4.62    341    0.114    0.886
   0.220000   34     244.95   261.49    22.61    -7.07    218    0.100    0.900
   0.220000   35     267.76   279.36    17.68    -9.94     58    0.088    0.912
   0.240000   30     153.69   196.08    43.39     1.93     34    0.175    0.825
   0.240000   31     176.51   209.33    37.78     0.12    206    0.152    0.848
   0.240000   32     199.32   226.48    32.36    -2.19    347    0.132    0.868
   0.240000   33     222.13   243.68    27.30    -4.71    226    0.115    0.885
   0.240000   34     244.95   260.96    22.05    -7.69     75    0.101    0.899
   0.260000   29     130.88   180.44    49.47     4.15     31    0.203    0.797
   0.260000   30     153.69   193.05    43.55     2.48    174    0.175    0.825
   0.260000   31     176.51   209.89    37.95     0.35    378    0.152    0.848
   0.260000   32     199.32   226.48    32.35    -2.27    228    0.133    0.867
   0.260000   33     222.13   242.85    26.95    -5.12     73    0.117    0.883
   0.280000   29     130.88   177.44    50.38     4.98    149    0.206    0.794
   0.280000   30     153.69   193.47    44.10     2.94    315    0.178    0.822
   0.280000   31     176.51   209.92    37.89     0.28    280    0.154    0.846
   0.280000   32     199.32   225.84    31.86    -2.67    104    0.135    0.865
   0.300000   28     108.07   161.70    57.40     7.15     84    0.242    0.758
   0.300000   29     130.88   177.81    50.60     5.32    323    0.207    0.793
   0.300000   30     153.69   193.55    44.17     2.93    341    0.180    0.820
   0.300000   31     176.51   209.26    37.81    -0.04    128    0.156    0.844
   0.320000   27      85.25   147.28    64.70     8.93     46    0.279    0.721
   0.320000   28     108.07   162.78    57.72     7.55    259    0.241    0.759
   0.320000   29     130.88   177.79    50.97     5.51    395    0.210    0.790
   0.320000   30     153.69   193.23    43.75     2.54    171    0.181    0.819
   0.340000   27      85.25   148.16    65.52     9.63    176    0.283    0.717
   0.340000   28     108.07   162.70    58.02     7.89    365    0.246    0.754
   0.340000   29     130.88   177.72    50.55     5.27    263    0.212    0.788
   0.340000   30     153.69   192.47    43.49     2.06     72    0.182    0.818
   0.360000   26      62.44   135.13    73.85    11.24     78    0.329    0.671
   0.360000   27      85.25   148.55    65.88    10.04    311    0.287    0.713
   0.360000   28     108.07   163.03    58.15     7.88    359    0.247    0.753
   0.360000   29     130.88   177.13    50.16     4.82    133    0.214    0.786
   0.380000   26      62.44   135.17    74.31    11.77    178    0.331    0.669
   0.380000   27      85.25   149.24    65.97    10.13    432    0.287    0.713
   0.380000   28     108.07   162.70    57.70     7.61    246    0.251    0.749
   0.380000   29     130.88   176.44    49.09     3.98     33    0.216    0.784
   0.400000   25      39.63   122.40    83.42    13.10     47    0.382    0.618
   0.400000   26      62.44   135.83    74.70    12.15    352    0.334    0.666
   0.400000   27      85.25   148.80    65.97    10.12    408    0.291    0.709
   0.400000   28     108.07   162.31    57.69     7.22     84    0.253    0.747
   0.420000   25      39.63   123.19    84.04    13.66    179    0.386    0.614
   0.420000   26      62.44   135.69    74.85    12.31    450    0.339    0.661
   0.420000   27      85.25   148.52    65.76     9.89    223    0.295    0.705
   0.440000   24      16.81   113.52    93.99    14.58     51    0.438    0.562
   0.440000   25      39.63   123.71    84.29    13.97    351    0.388    0.612
   0.440000   26      62.44   135.61    74.77    12.24    408    0.342    0.658
   0.440000   27      85.25   148.40    65.33     9.34     84    0.295    0.705
   0.460000   24      16.81   111.53    94.55    15.10    156    0.444    0.556
   0.460000   25      39.63   123.54    84.65    14.16    498    0.394    0.606
   0.460000   26      62.44   135.34    74.81    12.10    215    0.346    0.654
   0.480000   23      -6.00   101.70   105.48    15.56     32    0.502    0.498
   0.480000   24      16.81   112.13    94.87    15.44    341    0.447    0.553
   0.480000   25      39.63   123.55    84.61    14.13    418    0.397    0.603
   0.480000   26      62.44   134.82    74.45    11.76    103    0.349    0.651
   0.500000   23      -6.00   101.62   106.26    16.16    143    0.505    0.495
   0.500000   24      16.81   112.30    95.16    15.64    407    0.452    0.548
   0.500000   25      39.63   123.18    84.19    13.85    286    0.400    0.600
   0.500000   26      62.44   134.22    74.93    11.25     51    0.351    0.649
   0.520000   22     -28.81    92.11   118.25    16.15     30    0.565    0.435
   0.520000   23      -6.00   101.95   106.58    16.56    236    0.508    0.492
   0.520000   24      16.81   112.23    95.17    15.63    472    0.454    0.546
   0.520000   25      39.63   122.72    84.71    13.62    154    0.404    0.596
   0.540000   22     -28.81    92.79   118.60    16.85     74    0.564    0.436
   0.540000   23      -6.00   101.98   106.70    16.80    408    0.512    0.488
   0.540000   24      16.81   111.95    95.52    15.64    358    0.462    0.538
   0.540000   25      39.63   122.12    82.72    12.89     50    0.408    0.592
   0.560000   22     -28.81    92.44   119.43    17.30    192    0.571    0.429
   0.560000   23      -6.00   102.16   107.07    16.90    441    0.516    0.484
   0.560000   24      16.81   111.78    95.16    15.25    214    0.463    0.537
   0.560000   25      39.63   121.78    87.09    12.93     30    0.409    0.591
   0.580000   21     -51.63    83.48   132.80    17.07     88    0.628    0.372
   0.580000   22     -28.81    92.91   119.72    17.62    346    0.573    0.427
   0.580000   23      -6.00   102.04   106.90    16.83    377    0.521    0.479
   0.580000   24      16.81   111.29    94.14    14.71     82    0.466    0.534
   0.600000   20     -74.44    75.40   146.73    16.17     45    0.680    0.320
   0.600000   21     -51.63    83.98   133.21    17.55    246    0.631    0.369
   0.600000   22     -28.81    92.97   119.85    17.70    418    0.578    0.422
   0.600000   23      -6.00   101.70   106.64    16.49    170    0.524    0.476
   0.620000   20     -74.44    75.94   147.23    16.79    179    0.683    0.317
   0.620000   21     -51.63    84.34   133.34    17.76    410    0.634    0.366
   0.620000   22     -28.81    92.75   119.84    17.48    248    0.582    0.418
   0.620000   23      -6.00   101.15   107.02    16.00     35    0.530    0.470
   0.640000   19     -97.25    68.45   162.16    15.42    127    0.730    0.270
   0.640000   20     -74.44    76.26   147.76    17.07    380    0.687    0.313
   0.640000   21     -51.63    84.19   133.38    17.64    308    0.639    0.361
   0.640000   22     -28.81    91.87   119.03    17.06     69    0.591    0.409
   0.660000   18    -120.07    61.49   177.30    13.73     70    0.769    0.231
   0.660000   19     -97.25    69.02   162.44    15.95    263    0.730    0.270
   0.660000   20     -74.44    76.35   147.57    17.11    377    0.689    0.311
   0.660000   21     -51.63    83.77   132.88    17.25    169    0.643    0.357
   0.680000   17    -142.88    55.54   193.50    12.04     49    0.802    0.198
   0.680000   18    -120.07    61.93   177.72    14.34    212    0.770    0.230
   0.680000   19     -97.25    68.87   162.63    16.03    328    0.735    0.265
   0.680000   20     -74.44    76.07   147.70    16.87    226    0.693    0.307
   0.680000   21     -51.63    83.12   132.68    16.59     74    0.644    0.356
   0.700000   16    -165.69    48.69   209.85     9.52     32    0.834    0.166
   0.700000   17    -142.88    55.45   194.00    12.44    169    0.805    0.195
   0.700000   18    -120.07    62.36   178.01    14.67    293    0.773    0.227
   0.700000   19     -97.25    68.96   162.39    15.98    259    0.736    0.264
   0.700000   20     -74.44    75.59   146.32    16.33    127    0.693    0.307
   0.720000   16    -165.69    50.23   210.46    10.84     95    0.831    0.169
   0.720000   17    -142.88    56.02   194.32    12.95    283    0.806    0.194
   0.720000   18    -120.07    62.31   178.06    14.65    310    0.775    0.225
   0.720000   19     -97.25    68.66   161.94    15.56    164    0.737    0.263
   0.740000   15    -188.51    46.16   227.47     9.26     48    0.854    0.146
   0.740000   16    -165.69    50.63   210.91    11.26    290    0.833    0.167
   0.740000   17    -142.88    56.19   194.27    13.06    346    0.808    0.192
   0.740000   18    -120.07    61.90   177.85    14.29    183    0.778    0.222
   0.760000   14    -211.32    40.24   245.30     6.94     43    0.876    0.124
   0.760000   15    -188.51    45.52   228.26     9.42    238    0.857    0.143
   0.760000   16    -165.69    50.73   211.12    11.39    343    0.836    0.164
   0.760000   17    -142.88    55.97   194.47    12.80    216    0.812    0.188
   0.760000   18    -120.07    61.46   177.55    13.67     52    0.779    0.221
   0.780000   14    -211.32    41.03   246.06     7.72    166    0.876    0.124
   0.780000   15    -188.51    45.73   228.65     9.66    372    0.859    0.141
   0.780000   16    -165.69    50.51   211.08    11.18    273    0.838    0.162
   0.780000   17    -142.88    55.45   193.38    12.24     61    0.812    0.188
   0.800000   12    -256.95    32.81   282.90     3.98     38    0.906    0.094
   0.800000   13    -234.13    36.99   264.24     6.19    137    0.892    0.108
   0.800000   14    -211.32    41.24   246.42     8.01    328    0.878    0.122
   0.800000   15    -188.51    45.63   228.40     9.57    297    0.860    0.140
   0.800000   16    -165.69    49.95   210.26    10.67     83    0.839    0.161
   0.820000   12    -256.95    33.32   283.17     4.68    158    0.906    0.094
   0.820000   13    -234.13    37.28   265.00     6.46    324    0.894    0.106
   0.820000   14    -211.32    41.36   246.44     8.00    268    0.878    0.122
   0.820000   15    -188.51    45.09   227.86     9.08    103    0.861    0.139
   0.840000   11    -279.76    30.17   302.77     3.43    131    0.918    0.082
   0.840000   12    -256.95    33.87   283.83     5.13    335    0.907    0.093
   0.840000   13    -234.13    37.26   264.88     6.43    269    0.895    0.105
   0.840000   14    -211.32    40.73   245.60     7.49    120    0.880    0.120
   0.860000   10    -302.57    27.70   322.47     2.59     83    0.927    0.073
   0.860000   11    -279.76    30.91   303.04     4.04    238    0.918    0.082
   0.860000   12    -256.95    33.80   283.89     5.14    308    0.908    0.092
   0.860000   13    -234.13    36.85   264.55     6.06    215    0.896    0.104
   0.860000   14    -211.32    39.94   247.50     6.70     43    0.881    0.119
   0.880000    9    -325.39    25.87   342.94     2.17     50    0.935    0.065
   0.880000   10    -302.57    28.49   323.15     3.29    196    0.927    0.073
   0.880000   11    -279.76    31.06   303.27     4.22    330    0.918    0.082
   0.880000   12    -256.95    33.68   283.40     4.96    227    0.908    0.092
   0.880000   13    -234.13    36.29   263.89     5.46     73    0.896    0.104
   0.900000    8    -348.20    24.51   363.68     2.05     44    0.942    0.058
   0.900000    9    -325.39    26.63   343.72     2.89    180    0.935    0.065
   0.900000   10    -302.57    28.77   323.20     3.57    308    0.928    0.072
   0.900000   11    -279.76    30.95   303.13     4.10    241    0.919    0.081
   0.900000   12    -256.95    33.08   283.12     4.40    104    0.909    0.091
   0.920000    7    -371.01    23.66   385.66     2.26     52    0.947    0.053
   0.920000    8    -348.20    25.21   364.79     2.76    193    0.942    0.058
   0.920000    9    -325.39    26.95   344.07     3.18    294    0.936    0.064
   0.920000   10    -302.57    28.62   323.43     3.43    264    0.928    0.072
   0.920000   11    -279.76    30.28   302.88     3.53     75    0.920    0.080
   0.940000    6    -393.83    22.86   407.55     2.64     79    0.953    0.047
   0.940000    7    -371.01    24.13   386.44     2.86    215    0.948    0.052
   0.940000    8    -348.20    25.38   365.32     2.98    325    0.943    0.057
   0.940000    9    -325.39    26.69   344.01     2.97    199    0.936    0.064
   0.940000   10    -302.57    27.98   322.76     2.81     59    0.929    0.071
   0.960000    5    -416.64    22.59   430.58     3.34     69    0.957    0.043
   0.960000    6    -393.83    23.44   408.27     3.23    221    0.953    0.047
   0.960000    7    -371.01    24.30   386.64     3.03    313    0.948    0.052
   0.960000    8    -348.20    25.14   364.57     2.73    229    0.943    0.057
   0.960000    9    -325.39    25.99   344.16     2.31     53    0.937    0.063
   0.980000    3    -462.27    22.20   475.11     4.72     38    0.965    0.035
   0.980000    4    -439.46    22.66   452.97     4.33    141    0.961    0.039
   0.980000    5    -416.64    23.09   430.53     3.88    278    0.958    0.042
   0.980000    6    -393.83    23.52   408.28     3.36    266    0.954    0.046
   0.980000    7    -371.01    23.96   386.43     2.71    132    0.949    0.051
   0.980000    8    -348.20    24.36   366.04     2.07     36    0.944    0.056
   1.000000    2    -485.08    23.10   498.85     6.36     66    0.968    0.032
   1.000000    3    -462.27    23.10   475.73     5.58    156    0.965    0.035
   1.000000    4    -439.46    23.10   453.48     4.79    195    0.962    0.038
   1.000000    5    -416.64    23.10   430.90     3.89    252    0.958    0.042
   1.000000    6    -393.83    23.10   407.76     2.90    151    0.954    0.046
   1.000000    7    -371.01    23.10   386.06     1.87     46    0.949    0.051


# Part 3: Bin-averaged summary:
# bin  energy gap  <dGg> <dGg norm> pts  <c1**2> <c2**2> <r_xy>
   2   -485.08     6.36    23.36     66   0.968   0.032   1.413
   3   -462.27     5.41    22.41    194   0.965   0.035   1.428
   4   -439.46     4.60    21.61    336   0.961   0.039   1.441
   5   -416.64     3.82    20.83    599   0.958   0.042   1.454
   6   -393.83     3.14    20.15    717   0.953   0.047   1.474
   7   -371.01     2.81    19.81    758   0.948   0.052   1.494
   8   -348.20     2.77    19.78    827   0.943   0.057   1.517
   9   -325.39     2.93    19.94    776   0.936   0.064   1.543
  10   -302.57     3.33    20.34    910   0.928   0.072   1.572
  11   -279.76     4.00    21.00   1015   0.918   0.082   1.606
  12   -256.95     4.94    21.94   1170   0.907   0.093   1.644
  13   -234.13     6.26    23.27   1018   0.894   0.106   1.683
  14   -211.32     7.79    24.80    968   0.878   0.122   1.729
  15   -188.51     9.51    26.51   1058   0.859   0.141   1.776
  16   -165.69    11.15    28.16   1116   0.835   0.165   1.828
  17   -142.88    12.80    29.81   1124   0.808   0.192   1.887
  18   -120.07    14.44    31.44   1120   0.774   0.226   1.959
  19    -97.25    15.86    32.87   1141   0.734   0.266   2.038
  20    -74.44    16.91    33.92   1334   0.688   0.312   2.129
  21    -51.63    17.51    34.52   1295   0.636   0.364   2.227
  22    -28.81    17.47    34.48   1377   0.576   0.424   2.353
  23     -6.00    16.69    33.69   1842   0.515   0.485   2.478
  24     16.81    15.46    32.47   2081   0.454   0.546   2.591
  25     39.63    13.92    30.92   2013   0.395   0.605   2.689
  26     62.44    12.08    29.09   1835   0.339   0.661   2.773
  27     85.25     9.96    26.96   1680   0.289   0.711   2.824
  28    108.07     7.69    24.69   1397   0.246   0.754   2.872
  29    130.88     5.22    22.22   1327   0.210   0.790   2.922
  30    153.69     2.71    19.72   1107   0.179   0.821   2.976
  31    176.51     0.17    17.18   1067   0.153   0.847   2.991
  32    199.32    -2.37    14.64    948   0.132   0.868   3.022
  33    222.13    -4.78    12.22    971   0.114   0.886   3.038
  34    244.95    -7.07     9.93   1042   0.099   0.901   3.066
  35    267.76    -9.16     7.85    904   0.087   0.913   3.099
  36    290.57   -10.96     6.04    895   0.077   0.923   3.130
  37    313.39   -12.47     4.54    816   0.068   0.932   3.158
  38    336.20   -13.89     3.12    825   0.061   0.939   3.208
  39    359.01   -14.92     2.09    678   0.054   0.946   3.247
  40    381.83   -15.76     1.24    600   0.049   0.951   3.321
  41    404.64   -16.44     0.56    674   0.044   0.956   3.404
  42    427.45   -16.86     0.15    744   0.040   0.960   3.483
  43    450.27   -17.01     0.00    636   0.037   0.963   3.541
  44    473.08   -16.86     0.15    594   0.034   0.966   3.590
  45    495.89   -16.43     0.58    523   0.031   0.969   3.643
  46    518.71   -15.81     1.20    356   0.029   0.971   3.698
  47    541.52   -15.09     1.91    170   0.026   0.974   3.747
  48    564.34   -14.53     2.48     58   0.025   0.975   3.807


# Part 4: Termodynamic integration:
# lambda(1)      dGti    sum(dGti) 
   0.000000    0.000    0.000
   0.020000 -513.080    9.884
   0.040000 -475.300   19.075
   0.060000 -443.841   27.710
   0.080000 -419.682   35.769
   0.100000 -386.158   43.198
   0.120000 -356.784   50.074
   0.140000 -330.829   56.428
   0.160000 -304.492   62.307
   0.180000 -283.436   67.751
   0.200000 -261.023   72.779
   0.220000 -241.757   77.416
   0.240000 -221.943   81.656
   0.260000 -202.071   85.486
   0.280000 -180.937   88.917
   0.300000 -162.127   91.985
   0.320000 -144.657   94.712
   0.340000 -128.075   97.127
   0.360000 -113.395   99.262
   0.380000 -100.090  101.147
   0.400000  -88.398  102.795
   0.420000  -76.477  104.201
   0.440000  -64.055  105.377
   0.460000  -53.539  106.333
   0.480000  -42.074  107.075
   0.500000  -32.101  107.624
   0.520000  -22.816  107.990
   0.540000  -13.759  108.160
   0.560000   -3.238  108.142
   0.580000    4.992  107.918
   0.600000   17.363  107.422
   0.620000   32.321  106.608
   0.640000   49.053  105.448
   0.660000   66.975  103.980
   0.680000   79.759  102.224
   0.700000   95.831  100.148
   0.720000  111.785   97.757
   0.740000  127.371   95.018
   0.760000  146.488   91.891
   0.780000  166.206   88.390
   0.800000  183.936   84.511
   0.820000  203.902   80.210
   0.840000  226.180   75.487
   0.860000  246.140   70.424
   0.880000  260.156   65.050
   0.900000  277.308   59.305
   0.920000  297.177   53.114
   0.940000  321.858   46.396
   0.960000  350.011   39.182
   0.980000  371.344   31.406
   1.000000  406.230   23.047


# Part 5: Overlap sampling Lu et al:
# lambda(1)      dG    sum(dG) 
   0.000000    0.000    0.000
   0.020000    9.875    9.875
   0.040000    9.182   19.057
   0.060000    8.639   27.696
   0.080000    8.070   35.765
   0.100000    7.421   43.186
   0.120000    6.872   50.058
   0.140000    6.355   56.413
   0.160000    5.879   62.291
   0.180000    5.437   67.729
   0.200000    5.035   72.764
   0.220000    4.637   77.401
   0.240000    4.236   81.637
   0.260000    3.827   85.464
   0.280000    3.437   88.902
   0.300000    3.057   91.959
   0.320000    2.724   94.682
   0.340000    2.422   97.104
   0.360000    2.132   99.236
   0.380000    1.878  101.114
   0.400000    1.647  102.761
   0.420000    1.409  104.170
   0.440000    1.172  105.343
   0.460000    0.955  106.297
   0.480000    0.743  107.040
   0.500000    0.555  107.595
   0.520000    0.361  107.956
   0.540000    0.168  108.124
   0.560000   -0.012  108.112
   0.580000   -0.224  107.889
   0.600000   -0.493  107.395
   0.620000   -0.814  106.581
   0.640000   -1.161  105.420
   0.660000   -1.466  103.954
   0.680000   -1.745  102.209
   0.700000   -2.069  100.141
   0.720000   -2.399   97.742
   0.740000   -2.749   94.992
   0.760000   -3.120   91.872
   0.780000   -3.507   88.365
   0.800000   -3.870   84.495
   0.820000   -4.297   80.198
   0.840000   -4.723   75.476
   0.860000   -5.064   70.411
   0.880000   -5.370   65.041
   0.900000   -5.743   59.298
   0.920000   -6.193   53.105
   0.940000   -6.717   46.388
   0.960000   -7.219   39.169
   0.980000   -7.765   31.403
   1.000000   -8.336   23.068


# lambda(1)      dG    sum(dG) 
# Part 6: BAR Bennet:
   0.000000    0.000    0.000
   0.020000    9.880    9.880
   0.040000    9.188   19.068
   0.060000    8.635   27.703
   0.080000    8.061   35.764
   0.100000    7.422   43.185
   0.120000    6.872   50.057
   0.140000    6.354   56.411
   0.160000    5.878   62.289
   0.180000    5.440   67.730
   0.200000    5.027   72.757
   0.220000    4.636   77.393
   0.240000    4.239   81.632
   0.260000    3.827   85.459
   0.280000    3.431   88.891
   0.300000    3.065   91.956
   0.320000    2.725   94.680
   0.340000    2.413   97.094
   0.360000    2.132   99.226
   0.380000    1.883  101.109
   0.400000    1.648  102.756
   0.420000    1.405  104.161
   0.440000    1.174  105.336
   0.460000    0.955  106.291
   0.480000    0.741  107.032
   0.500000    0.550  107.582
   0.520000    0.366  107.948
   0.540000    0.170  108.118
   0.560000   -0.017  108.101
   0.580000   -0.223  107.878
   0.600000   -0.495  107.383
   0.620000   -0.813  106.570
   0.640000   -1.159  105.411
   0.660000   -1.465  103.946
   0.680000   -1.752  102.193
   0.700000   -2.074  100.119
   0.720000   -2.392   97.727
   0.740000   -2.742   94.985
   0.760000   -3.127   91.858
   0.780000   -3.503   88.355
   0.800000   -3.875   84.479
   0.820000   -4.299   80.180
   0.840000   -4.725   75.455
   0.860000   -5.063   70.392
   0.880000   -5.374   65.018
   0.900000   -5.744   59.275
   0.920000   -6.190   53.085
   0.940000   -6.716   46.369
   0.960000   -7.213   39.155
   0.980000   -7.769   31.386
   1.000000   -8.348   23.038
