Starting job 5494463 on c5-28 at Fri Apr 22 20:35:04 CEST 2022

The following modules were not unloaded:
  (Use "module --force purge" to unload all):

  1) StdEnv

Task and CPU usage stats:
       JobID    JobName  AllocCPUS   NTasks     MinCPU MinCPUTask     AveCPU    Elapsed ExitCode 
------------ ---------- ---------- -------- ---------- ---------- ---------- ---------- -------- 
5494463          run.sh         20                                           1-18:56:17      0:0 
5494463.bat+      batch         20        1 1-18:54:29          0 1-18:54:29 1-18:56:17      0:0 
5494463.ext+     extern         20        1   00:00:00          0   00:00:00 1-18:56:17      0:0 

Memory usage stats:
       JobID     MaxRSS MaxRSSTask     AveRSS MaxPages   MaxPagesTask   AvePages 
------------ ---------- ---------- ---------- -------- -------------- ---------- 
5494463                                                                          
5494463.bat+     47332K          0     47332K        0              0          0 
5494463.ext+          0          0          0        0              0          0 

Disk usage stats:
       JobID  MaxDiskRead MaxDiskReadTask    AveDiskRead MaxDiskWrite MaxDiskWriteTask   AveDiskWrite 
------------ ------------ --------------- -------------- ------------ ---------------- -------------- 
5494463                                                                                               
5494463.bat+      174.80M               0        174.80M      826.81M                0        826.81M 
5494463.ext+        0.00M               0          0.00M            0                0              0 

Job 5494463 completed at Sun Apr 24 15:31:20 CEST 2022
