Starting job 5571132 on c5-3 at Thu May 5 08:46:25 CEST 2022

The following modules were not unloaded:
  (Use "module --force purge" to unload all):

  1) StdEnv

Task and CPU usage stats:
JobID           JobName  AllocCPUS   NTasks     MinCPU MinCPUTask     AveCPU    Elapsed ExitCode 
------------ ---------- ---------- -------- ---------- ---------- ---------- ---------- -------- 
5571132          run.sh         20                                           1-19:09:38      0:0 
5571132.bat+      batch         20        1 1-19:07:19          0 1-19:07:19 1-19:09:38      0:0 
5571132.ext+     extern         20        1   00:00:00          0   00:00:00 1-19:09:38      0:0 

Memory usage stats:
JobID            MaxRSS MaxRSSTask     AveRSS MaxPages   MaxPagesTask   AvePages 
------------ ---------- ---------- ---------- -------- -------------- ---------- 
5571132                                                                          
5571132.bat+     46848K          0     46848K        0              0          0 
5571132.ext+          0          0          0        0              0          0 

Disk usage stats:
JobID         MaxDiskRead MaxDiskReadTask    AveDiskRead MaxDiskWrite MaxDiskWriteTask   AveDiskWrite 
------------ ------------ --------------- -------------- ------------ ---------------- -------------- 
5571132                                                                                               
5571132.bat+      174.72M               0        174.72M      826.81M                0        826.81M 
5571132.ext+        0.00M               0          0.00M            0                0              0 

Job 5571132 completed at Sat May 7 03:56:03 CEST 2022
