Starting job 5571126 on c5-47 at Thu May 5 08:46:04 CEST 2022

The following modules were not unloaded:
  (Use "module --force purge" to unload all):

  1) StdEnv

Task and CPU usage stats:
JobID           JobName  AllocCPUS   NTasks     MinCPU MinCPUTask     AveCPU    Elapsed ExitCode 
------------ ---------- ---------- -------- ---------- ---------- ---------- ---------- -------- 
5571126          run.sh         20                                           1-19:01:31      0:0 
5571126.bat+      batch         20        1 1-18:59:03          0 1-18:59:03 1-19:01:31      0:0 
5571126.ext+     extern         20        1   00:00:00          0   00:00:00 1-19:01:31      0:0 

Memory usage stats:
JobID            MaxRSS MaxRSSTask     AveRSS MaxPages   MaxPagesTask   AvePages 
------------ ---------- ---------- ---------- -------- -------------- ---------- 
5571126                                                                          
5571126.bat+     46856K          0     46856K        0              0          0 
5571126.ext+          0          0          0        0              0          0 

Disk usage stats:
JobID         MaxDiskRead MaxDiskReadTask    AveDiskRead MaxDiskWrite MaxDiskWriteTask   AveDiskWrite 
------------ ------------ --------------- -------------- ------------ ---------------- -------------- 
5571126                                                                                               
5571126.bat+      174.72M               0        174.72M      826.81M                0        826.81M 
5571126.ext+        0.00M               0          0.00M            0                0              0 

Job 5571126 completed at Sat May 7 03:47:34 CEST 2022
