Starting job 5525479 on c10-21 at Tue Apr 26 11:27:39 CEST 2022

The following modules were not unloaded:
  (Use "module --force purge" to unload all):

  1) StdEnv
slurmstepd: error: *** JOB 5525479 ON c10-21 CANCELLED AT 2022-04-27T11:27:42 DUE TO TIME LIMIT ***

Task and CPU usage stats:
       JobID    JobName  AllocCPUS   NTasks     MinCPU MinCPUTask     AveCPU    Elapsed ExitCode 
------------ ---------- ---------- -------- ---------- ---------- ---------- ---------- -------- 
5525479          run.sh         20                                           1-00:00:03      0:0 
5525479.bat+      batch         20        1   23:59:44          0   23:59:44 1-00:00:04     0:15 
5525479.ext+     extern         20        1   00:00:00          0   00:00:00 1-00:00:04      0:0 

Memory usage stats:
       JobID     MaxRSS MaxRSSTask     AveRSS MaxPages   MaxPagesTask   AvePages 
------------ ---------- ---------- ---------- -------- -------------- ---------- 
5525479                                                                          
5525479.bat+     46844K          0     46844K        0              0          0 
5525479.ext+          0          0          0        0              0          0 

Disk usage stats:
       JobID  MaxDiskRead MaxDiskReadTask    AveDiskRead MaxDiskWrite MaxDiskWriteTask   AveDiskWrite 
------------ ------------ --------------- -------------- ------------ ---------------- -------------- 
5525479                                                                                               
5525479.bat+      102.00M               0        102.00M      512.80M                0        512.80M 
5525479.ext+        0.00M               0          0.00M            0                0              0 

Job 5525479 completed at Wed Apr 27 11:27:44 CEST 2022
