Starting job 5571133 on c5-4 at Thu May 5 08:46:30 CEST 2022

The following modules were not unloaded:
  (Use "module --force purge" to unload all):

  1) StdEnv

Task and CPU usage stats:
JobID           JobName  AllocCPUS   NTasks     MinCPU MinCPUTask     AveCPU    Elapsed ExitCode 
------------ ---------- ---------- -------- ---------- ---------- ---------- ---------- -------- 
5571133          run.sh         20                                           1-20:25:37      0:0 
5571133.bat+      batch         20        1 1-20:23:22          0 1-20:23:22 1-20:25:37      0:0 
5571133.ext+     extern         20        1   00:00:00          0   00:00:00 1-20:25:37      0:0 

Memory usage stats:
JobID            MaxRSS MaxRSSTask     AveRSS MaxPages   MaxPagesTask   AvePages 
------------ ---------- ---------- ---------- -------- -------------- ---------- 
5571133                                                                          
5571133.bat+     47352K          0     47352K        0              0          0 
5571133.ext+          0          0          0        0              0          0 

Disk usage stats:
JobID         MaxDiskRead MaxDiskReadTask    AveDiskRead MaxDiskWrite MaxDiskWriteTask   AveDiskWrite 
------------ ------------ --------------- -------------- ------------ ---------------- -------------- 
5571133                                                                                               
5571133.bat+      174.72M               0        174.72M      826.81M                0        826.81M 
5571133.ext+        0.00M               0          0.00M            0                0              0 

Job 5571133 completed at Sat May 7 05:12:07 CEST 2022
