--------------------------------------------------------------------------------
Welcome to qfep version: 6.0.1
 
This version was compiled using: GCC version 11.2.0
 
And using the following compiler options: 
-cpp -D G95=1 -mtune=generic -march=x86-64 -O3 -Wall -Wtabs -std=legacy -funroll-loops -ffree-line-length-none -fcray-pointer -fall-intrinsics -fstack-protector

 
For command line options type qfep --help  or qcalc -h at the terminal.
 
If you are using the interactive mode and want to quit type "quit" or Ctrl-C.
--------------------------------------------------------------------------------
--> Number of energy files: # Number of files                                  =    51
--> No. of states, no. of predefined off-diag elements: # Number of states     =     2
# Number of off-diagonal elements                                              =     0
--> Give kT & num. of pts to skip & calculation mode: # kT                     = 0.592
# Number of data points to skip                                                =   100
# Only QQ interactions will be considered                                      =     0
--> Give number of gap-bins: # Number of gap-bins                              =    50
--> Give minimum # pts/bin: # Minimum number of points per bin                 =    30
--> Give alpha for state  2                                                     # Alpha for state  2              =-91.10
--> Number of off-diagonal elements: # Number of off-diagonal elements         =     1
#   i   j   A(i,j)  mu(i,j) eta(i,j) rxy0(i,j)
--> i, j, A_ij, mu_ij, eta_ij, r_xy0: #   1   2    91.40     0.00     0.00     0.00
--> linear combination of states defining reaction coord: # Linear combination coefficients=    1.00   -1.00


# Part 0: Average energies for all states in all files
# file             state   pts   lambda    EQtot   EQbond  EQang   EQtor   EQimp    EQel   EQvdW  Eel_qq  EvdW_qq Eel_qp  EvdW_qp Eel_qw EvdW_qw Eqrstr
--> Name of file number   1:                                                     
md_0000_1000.en        1    899 0.000000-2364.59-2399.86  133.91   34.66    5.73 -320.45  181.42   55.90  185.21 -320.63   -6.37  -55.72    2.58    0.00
md_0000_1000.en        2    899 1.000000-2788.32-2483.15   13.81   -6.73    1.30 -317.09    3.55   63.37    7.14 -327.60   -5.93  -52.86    2.33    0.00
--> Name of file number   2:                                                     
md_0020_0980.en        1    899 0.020000-2401.20-2401.11  120.67   32.31    5.27 -319.78  161.45   55.18  166.26 -311.83   -7.39  -63.14    2.57    0.00
md_0020_0980.en        2    899 0.980000-2787.15-2481.43   14.28   -6.39    1.12 -316.79    2.06   63.01    6.73 -319.93   -7.05  -59.87    2.37    0.00
--> Name of file number   3:                                                     
md_0040_0960.en        1    899 0.040000-2426.70-2403.76  114.01   31.48    5.17 -319.42  145.82   55.14  150.46 -304.88   -7.56  -69.68    2.92    0.00
md_0040_0960.en        2    899 0.960000-2784.89-2480.66   14.33   -6.19    1.23 -315.83    2.22   63.22    6.68 -312.65   -7.27  -66.40    2.81    0.00
--> Name of file number   4:                                                     
md_0060_0940.en        1    899 0.060000-2443.01-2405.32  108.53   30.85    4.94 -311.45  129.44   54.20  134.80 -311.71   -8.14  -53.95    2.78    0.00
md_0060_0940.en        2    899 0.940000-2773.43-2478.22   15.32   -5.92    1.25 -307.34    1.48   62.48    6.57 -319.78   -7.75  -50.04    2.66    0.00
--> Name of file number   5:                                                     
md_0080_0920.en        1    899 0.080000-2483.20-2409.24   94.56   28.94    4.47 -320.10  118.17   54.32  123.13 -306.37   -7.30  -68.05    2.34    0.00
md_0080_0920.en        2    899 0.920000-2781.14-2477.51   15.51   -5.56    1.16 -316.73    1.99   62.62    6.61 -314.87   -6.85  -64.48    2.23    0.00
--> Name of file number   6:                                                     
md_0100_0900.en        1    899 0.100000-2509.24-2411.23   85.06   27.88    4.23 -321.45  106.26   54.02  110.73 -295.25   -7.02  -80.21    2.54    0.00
md_0100_0900.en        2    899 0.900000-2778.50-2474.59   16.43   -5.01    1.09 -319.07    2.66   62.35    6.68 -303.53   -6.44  -77.90    2.43    0.00
--> Name of file number   7:                                                     
md_0120_0880.en        1    899 0.120000-2535.45-2414.35   78.46   26.62    4.04 -322.64   92.41   53.74   97.30 -297.35   -7.88  -79.03    2.99    0.00
md_0120_0880.en        2    899 0.880000-2778.17-2472.64   16.38   -5.12    1.15 -320.01    2.07   62.23    6.44 -305.82   -7.27  -76.42    2.90    0.00
--> Name of file number   8:                                                     
md_0140_0860.en        1    899 0.140000-2545.51-2414.88   74.01   26.08    3.67 -313.29   78.89   53.09   85.86 -292.78   -9.53  -73.60    2.56    0.00
md_0140_0860.en        2    899 0.860000-2763.39-2467.46   17.73   -4.64    1.05 -310.64    0.57   62.03    6.84 -302.31   -8.74  -70.37    2.47    0.00
--> Name of file number   9:                                                     
md_0160_0840.en        1    899 0.160000-2569.76-2417.62   69.24   24.35    3.57 -318.99   69.70   52.08   75.51 -279.79   -9.77  -91.28    3.96    0.00
md_0160_0840.en        2    899 0.840000-2763.42-2464.25   18.80   -3.67    1.05 -316.54    1.18   61.24    6.48 -289.53   -9.20  -88.24    3.90    0.00
--> Name of file number  10:                                                     
md_0180_0820.en        1    899 0.180000-2580.93-2422.72   62.62   22.44    3.13 -310.02   63.60   52.12   68.68 -280.22   -7.94  -81.91    2.86    0.00
md_0180_0820.en        2    899 0.820000-2754.42-2464.18   18.32   -3.83    1.00 -308.03    2.31   61.61    6.88 -290.12   -7.29  -79.52    2.72    0.00
--> Name of file number  11:                                                     
md_0200_0800.en        1    899 0.200000-2598.70-2424.46   59.50   21.72    2.95 -312.41   54.01   52.01   59.92 -270.50   -8.46  -93.92    2.55    0.00
md_0200_0800.en        2    899 0.800000-2751.30-2459.94   19.23   -3.59    1.09 -309.46    1.37   61.87    6.79 -280.32   -7.88  -91.01    2.46    0.00
--> Name of file number  12:                                                     
md_0220_0780.en        1    899 0.220000-2620.40-2426.76   56.32   20.72    2.74 -319.57   46.15   51.66   51.11 -262.15   -7.65 -109.09    2.70    0.00
md_0220_0780.en        2    899 0.780000-2751.34-2455.87   20.67   -2.96    0.93 -316.40    2.28   61.57    6.68 -271.13   -6.95 -106.84    2.55    0.00
--> Name of file number  13:                                                     
md_0240_0760.en        1    899 0.240000-2633.61-2430.00   51.07   19.47    2.63 -318.36   41.58   51.75   45.95 -266.79   -7.34 -103.33    2.97    0.00
md_0240_0760.en        2    899 0.760000-2744.19-2452.62   21.27   -2.69    1.08 -314.51    3.28   61.60    6.98 -275.94   -6.50 -100.17    2.81    0.00
--> Name of file number  14:                                                     
md_0260_0740.en        1    899 0.260000-2650.94-2431.96   47.64   17.41    2.75 -320.72   33.95   53.16   40.28 -279.45   -9.69  -94.43    3.36    0.00
md_0260_0740.en        2    899 0.740000-2743.74-2448.84   22.04   -2.45    1.34 -316.48    0.66   63.27    6.50 -289.25   -9.16  -90.51    3.32    0.00
--> Name of file number  15:                                                     
md_0280_0720.en        1    899 0.280000-2662.68-2437.17   42.41   16.88    2.27 -314.26   27.19   50.82   34.34 -278.05   -9.48  -87.02    2.33    0.00
md_0280_0720.en        2    899 0.720000-2735.10-2447.50   22.99   -2.14    1.03 -309.83    0.34   61.27    7.03 -286.73   -8.96  -84.37    2.27    0.00
--> Name of file number  16:                                                     
md_0300_0700.en        1    899 0.300000-2672.24-2439.91   38.55   15.79    2.29 -313.68   24.73   51.44   30.38 -294.57   -8.48  -70.55    2.82    0.00
md_0300_0700.en        2    899 0.700000-2726.83-2444.15   24.29   -1.67    1.23 -309.04    2.52   61.75    7.65 -301.93   -7.90  -68.86    2.76    0.00
--> Name of file number  17:                                                     
md_0320_0680.en        1    899 0.320000-2690.99-2442.64   34.96   15.25    2.38 -321.17   20.24   51.23   25.80 -283.21   -8.16  -89.19    2.60    0.00
md_0320_0680.en        2    899 0.680000-2728.18-2440.22   25.33   -1.16    1.41 -316.57    3.02   61.54    8.05 -291.05   -7.58  -87.06    2.54    0.00
--> Name of file number  18:                                                     
md_0340_0660.en        1    899 0.340000-2700.02-2442.85   33.60   14.37    2.34 -322.78   15.30   51.59   21.60 -288.13   -8.80  -86.24    2.50    0.00
md_0340_0660.en        2    899 0.660000-2722.89-2435.13   27.08   -0.82    1.49 -317.41    1.91   62.38    7.75 -295.97   -8.32  -83.82    2.48    0.00
--> Name of file number  19:                                                     
md_0360_0640.en        1    899 0.360000-2706.19-2445.98   30.60   13.68    2.15 -318.22   11.59   51.27   18.04 -286.08   -7.81  -83.42    1.36    0.00
md_0360_0640.en        2    899 0.640000-2712.69-2432.40   28.64   -0.44    1.40 -311.83    1.94   62.30    7.81 -294.06   -7.28  -80.08    1.40    0.00
--> Name of file number  20:                                                     
md_0380_0620.en        1    899 0.380000-2715.53-2448.90   28.48   12.98    2.02 -321.84   11.72   51.26   16.52 -289.13   -6.61  -83.97    1.81    0.00
md_0380_0620.en        2    899 0.620000-2711.96-2430.93   29.56   -0.12    1.37 -315.76    3.93   62.33    8.17 -296.49   -5.98  -81.60    1.75    0.00
--> Name of file number  21:                                                     
md_0400_0600.en        1    899 0.400000-2729.83-2451.96   26.52   12.31    2.25 -330.16   11.20   51.95   14.92 -284.18   -5.94  -97.94    2.23    0.00
md_0400_0600.en        2    899 0.600000-2714.64-2428.97   30.71    0.10    1.69 -323.60    5.43   62.75    8.59 -290.87   -5.47  -95.47    2.31    0.00
--> Name of file number  22:                                                     
md_0420_0580.en        1    899 0.420000-2725.27-2451.83   25.29   11.93    1.81 -320.60    8.13   49.44   11.91 -297.59   -6.25  -72.44    2.46    0.00
md_0420_0580.en        2    899 0.580000-2698.56-2424.12   32.92    0.44    1.32 -314.23    5.10   61.72    8.38 -305.13   -5.85  -70.82    2.57    0.00
--> Name of file number  23:                                                     
md_0440_0560.en        1    899 0.440000-2732.98-2453.63   23.68   11.92    1.70 -322.83    6.19   49.05   11.12 -294.85   -7.51  -77.04    2.58    0.00
md_0440_0560.en        2    899 0.560000-2694.38-2421.31   35.38    1.44    1.30 -316.32    5.14   61.22    9.39 -303.03   -6.76  -74.51    2.51    0.00
--> Name of file number  24:                                                     
md_0460_0540.en        1    899 0.460000-2749.37-2456.79   20.94   11.09    1.67 -330.02    3.74   48.26    8.73 -307.01   -8.16  -71.26    3.18    0.00
md_0460_0540.en        2    899 0.540000-2697.03-2418.21   35.81    1.57    1.34 -323.08    5.54   61.06   10.06 -315.00   -7.76  -69.14    3.24    0.00
--> Name of file number  25:                                                     
md_0480_0520.en        1    899 0.480000-2750.52-2458.73   20.41   11.06    1.48 -328.45    3.71   47.12    7.79 -304.24   -6.77  -71.32    2.69    0.00
md_0480_0520.en        2    899 0.520000-2686.12-2414.85   39.30    2.10    1.19 -321.91    8.05   60.14   11.54 -312.23   -6.01  -69.82    2.52    0.00
--> Name of file number  26:                                                     
md_0500_0500.en        1    899 0.500000-2756.01-2461.30   18.56   10.03    1.39 -328.04    3.36   47.55    7.34 -305.04   -6.83  -70.55    2.85    0.00
md_0500_0500.en        2    899 0.500000-2681.52-2413.18   40.10    2.35    1.19 -320.92    8.95   60.76   12.35 -312.54   -6.23  -69.14    2.82    0.00
--> Name of file number  27:                                                     
md_0520_0480.en        1    899 0.520000-2759.38-2464.94   16.87    9.95    1.31 -324.59    2.01   46.89    6.92 -295.71   -7.09  -75.77    2.17    0.00
md_0520_0480.en        2    899 0.480000-2675.06-2412.34   41.60    2.70    1.14 -317.62    9.45   60.57   13.74 -304.17   -6.49  -74.02    2.21    0.00
--> Name of file number  28:                                                     
md_0540_0460.en        1    899 0.540000-2758.28-2468.31   15.39    9.51    1.25 -318.11    1.99   46.65    6.60 -297.45   -7.30  -67.31    2.69    0.00
md_0540_0460.en        2    899 0.460000-2662.84-2410.73   43.16    3.14    1.13 -310.95   11.41   60.85   15.53 -305.87   -6.74  -65.93    2.61    0.00
--> Name of file number  29:                                                     
md_0560_0440.en        1    899 0.560000-2762.51-2470.06   14.87    8.79    1.21 -318.79    1.46   46.25    6.38 -297.21   -7.37  -67.83    2.45    0.00
md_0560_0440.en        2    899 0.440000-2657.45-2408.30   45.34    3.35    1.14 -311.88   12.89   60.41   17.08 -306.37   -6.60  -65.91    2.41    0.00
--> Name of file number  30:                                                     
md_0580_0420.en        1    899 0.580000-2770.15-2473.46   13.85    8.75    1.17 -322.03    1.57   46.28    6.06 -293.69   -7.00  -74.63    2.52    0.00
md_0580_0420.en        2    899 0.420000-2652.95-2406.76   47.73    4.15    1.14 -314.16   14.95   60.90   18.88 -302.34   -6.27  -72.71    2.34    0.00
--> Name of file number  31:                                                     
md_0600_0400.en        1    899 0.600000-2777.76-2478.51   12.82    8.79    1.24 -323.63    1.53   45.82    6.30 -288.55   -7.62  -80.91    2.84    0.00
md_0600_0400.en        2    899 0.400000-2645.90-2405.52   50.16    4.88    1.26 -315.94   19.26   60.45   23.36 -297.45   -6.77  -78.94    2.68    0.00
--> Name of file number  32:                                                     
md_0620_0380.en        1    899 0.620000-2785.61-2482.95   11.68    8.38    1.20 -324.48    0.56   45.75    5.93 -281.37   -8.03  -88.87    2.66    0.00
md_0620_0380.en        2    899 0.380000-2639.10-2403.51   52.12    5.16    1.28 -316.00   21.84   60.15   26.61 -289.22   -7.30  -86.92    2.53    0.00
--> Name of file number  33:                                                     
md_0640_0360.en        1    899 0.640000-2786.55-2486.56   11.48    8.57    1.41 -321.19   -0.26   46.02    6.11 -278.10   -8.33  -89.11    1.96    0.00
md_0640_0360.en        2    899 0.360000-2629.40-2402.45   54.28    6.03    1.52 -312.66   23.88   60.44   29.84 -285.93   -7.83  -87.17    1.87    0.00
--> Name of file number  34:                                                     
md_0660_0340.en        1    899 0.660000-2802.88-2492.17    9.69    7.20    1.32 -328.11   -0.81   46.23    6.00 -280.48   -9.64  -93.86    2.83    0.00
md_0660_0340.en        2    899 0.340000-2630.34-2401.80   55.73    6.03    1.50 -319.21   27.41   60.31   33.83 -286.63   -9.47  -92.89    3.06    0.00
--> Name of file number  35:                                                     
md_0680_0320.en        1    899 0.680000-2797.45-2496.67    9.65    7.51    1.25 -317.95   -1.24   45.26    5.89 -277.34   -9.66  -85.87    2.53    0.00
md_0680_0320.en        2    899 0.320000-2606.27-2399.21   59.19    6.97    1.46 -308.10   33.42   60.62   40.24 -284.90   -9.29  -83.82    2.47    0.00
--> Name of file number  36:                                                     
md_0700_0300.en        1    899 0.700000-2799.02-2499.65    9.56    7.48    1.21 -317.71    0.09   45.94    6.02 -284.06   -8.19  -79.59    2.26    0.00
md_0700_0300.en        2    899 0.300000-2593.50-2395.86   61.20    7.47    1.45 -308.39   40.62   61.05   46.07 -290.99   -7.89  -78.44    2.45    0.00
--> Name of file number  37:                                                     
md_0720_0280.en        1    899 0.720000-2804.90-2503.41    9.79    7.34    1.44 -320.11    0.05   45.70    6.18 -282.91   -8.18  -82.91    2.04    0.00
md_0720_0280.en        2    899 0.280000-2581.43-2393.07   64.91    8.39    1.71 -310.56   47.20   60.98   52.93 -290.68   -7.64  -80.86    1.90    0.00
--> Name of file number  38:                                                     
md_0740_0260.en        1    899 0.740000-2801.06-2507.82    9.77    6.56    1.28 -310.13   -0.72   44.78    5.95 -282.53   -8.09  -72.38    1.43    0.00
md_0740_0260.en        2    899 0.260000-2559.84-2391.14   68.71    8.46    1.59 -300.57   53.11   60.55   59.44 -290.92   -7.62  -70.19    1.29    0.00
--> Name of file number  39:                                                     
md_0760_0240.en        1    899 0.760000-2818.81-2513.12    9.38    6.46    1.28 -322.47   -0.34   43.78    5.80 -286.22   -8.56  -80.03    2.42    0.00
md_0760_0240.en        2    899 0.240000-2557.05-2389.08   72.27    9.05    1.62 -312.55   61.64   60.17   67.51 -294.98   -8.27  -77.74    2.40    0.00
--> Name of file number  40:                                                     
md_0780_0220.en        1    899 0.780000-2812.34-2518.19    8.52    5.80    1.32 -308.46   -1.33   46.60    6.01 -287.73   -7.83  -67.33    0.49    0.00
md_0780_0220.en        2    899 0.220000-2535.40-2387.99   71.72    9.33    1.70 -297.81   67.65   62.23   74.82 -296.17   -7.57  -63.87    0.40    0.00
--> Name of file number  41:                                                     
md_0800_0200.en        1    899 0.800000-2828.31-2521.05    8.43    5.95    1.45 -322.24   -0.85   45.93    6.01 -291.97   -8.21  -76.20    1.35    0.00
md_0800_0200.en        2    899 0.200000-2533.04-2384.97   74.80    9.49    1.84 -311.00   76.79   61.69   83.46 -299.02   -8.16  -73.67    1.49    0.00
--> Name of file number  42:                                                     
md_0820_0180.en        1    899 0.820000-2824.44-2524.47    8.76    5.38    1.28 -315.61    0.22   44.13    6.24 -297.07   -7.71  -62.67    1.69    0.00
md_0820_0180.en        2    899 0.180000-2508.22-2382.85   79.74   10.26    1.71 -304.66   87.58   60.80   93.53 -304.43   -7.65  -61.04    1.70    0.00
--> Name of file number  43:                                                     
md_0840_0160.en        1    899 0.840000-2829.66-2527.75    8.63    5.73    1.57 -315.73   -2.10   43.65    6.02 -285.00   -8.35  -74.38    0.23    0.00
md_0840_0160.en        2    899 0.160000-2487.91-2379.80   84.48   11.03    2.00 -302.19   96.58   61.36  104.72 -291.91   -8.45  -71.64    0.31    0.00
--> Name of file number  44:                                                     
md_0860_0140.en        1    899 0.860000-2830.38-2530.97    9.04    5.15    1.59 -313.98   -1.21   44.64    6.09 -296.21   -8.06  -62.41    0.76    0.00
md_0860_0140.en        2    899 0.140000-2466.13-2377.49   89.37   11.33    2.05 -299.71  108.33   62.65  115.39 -302.67   -7.65  -59.69    0.58    0.00
--> Name of file number  45:                                                     
md_0880_0120.en        1    899 0.880000-2831.52-2532.11    8.89    5.34    1.26 -311.56   -3.34   44.15    5.86 -292.47   -9.70  -63.24    0.50    0.00
md_0880_0120.en        2    899 0.120000-2448.96-2373.64   92.58   11.99    1.70 -297.05  115.45   62.49  124.54 -299.19   -9.64  -60.36    0.54    0.00
--> Name of file number  46:                                                     
md_0900_0100.en        1    899 0.900000-2838.60-2536.79    8.33    4.49    1.40 -313.67   -2.35   42.59    6.11 -269.77   -9.44  -86.49    0.98    0.00
md_0900_0100.en        2    899 0.100000-2437.99-2374.04   95.34   12.35    1.90 -300.41  126.87   61.25  135.16 -277.07   -9.14  -84.59    0.85    0.00
--> Name of file number  47:                                                     
md_0920_0080.en        1    899 0.920000-2833.01-2537.56    8.70    4.32    1.46 -307.59   -2.35   43.19    6.00 -277.05   -8.32  -73.73   -0.04    0.00
md_0920_0080.en        2    899 0.080000-2404.18-2369.94  103.12   12.81    1.97 -291.58  139.43   62.77  147.51 -283.78   -7.82  -70.56   -0.26    0.00
--> Name of file number  48:                                                     
md_0940_0060.en        1    899 0.940000-2829.04-2538.66    8.57    3.84    1.33 -302.88   -1.24   41.23    6.46 -273.14   -7.75  -70.97    0.04    0.00
md_0940_0060.en        2    899 0.060000-2381.14-2367.63  106.96   13.58    1.85 -287.98  152.08   61.77  159.54 -281.81   -7.32  -67.94   -0.13    0.00
--> Name of file number  49:                                                     
md_0960_0040.en        1    899 0.960000-2828.83-2541.29    8.58    2.93    1.40 -299.74   -0.71   38.47    6.40 -264.48   -9.97  -73.74    2.87    0.00
md_0960_0040.en        2    899 0.040000-2350.06-2366.93  120.53   14.81    1.95 -285.53  165.12   60.40  172.06 -273.56   -9.58  -72.37    2.64    0.00
--> Name of file number  50:                                                     
md_0980_0020.en        1    899 0.980000-2842.95-2541.99    8.81    3.84    1.56 -315.80    0.63   41.23    6.56 -284.08   -6.61  -72.95    0.69    0.00
md_0980_0020.en        2    899 0.020000-2339.10-2363.84  125.75   15.43    2.09 -300.73  182.20   63.07  188.00 -292.20   -6.28  -71.60    0.49    0.00
--> Name of file number  51:                                                     
md_1000_0000.en        1    899 1.000000-2834.35-2541.59    9.31    3.55    1.78 -307.65    0.26   43.17    6.27 -276.64   -5.15  -74.19   -0.85    0.00
md_1000_0000.en        2    899 0.000000-2281.50-2359.49  151.94   18.38    2.30 -291.18  196.54   65.87  202.40 -285.05   -4.77  -72.00   -1.09    0.00


# Part 1: Free energy perturbation summary:
# lambda(1)      dGf sum(dGf)      dGr sum(dGr)     <dG>
   0.000000    0.000    0.000   -9.893  -19.146    0.000
   0.020000   10.004   10.004   -9.375   -9.252    9.948
   0.040000    9.241   19.245   -8.762    0.123   19.256
   0.060000    8.604   27.849   -8.083    8.885   27.939
   0.080000    8.086   35.935   -7.455   16.967   36.024
   0.100000    7.496   43.431   -6.937   24.422   43.500
   0.120000    6.952   50.383   -6.413   31.359   50.444
   0.140000    6.421   56.805   -5.945   37.773   56.861
   0.160000    5.944   62.749   -5.462   43.718   62.806
   0.180000    5.457   68.206   -5.085   49.179   68.265
   0.200000    5.129   73.334   -4.627   54.264   73.372
   0.220000    4.671   78.005   -4.186   58.891   78.021
   0.240000    4.253   82.258   -3.916   63.077   82.240
   0.260000    3.878   86.136   -3.403   66.993   86.138
   0.280000    3.465   89.601   -3.034   70.396   89.571
   0.300000    3.136   92.738   -2.710   73.430   92.657
   0.320000    2.794   95.532   -2.397   76.141   95.409
   0.340000    2.439   97.971   -2.078   78.537   97.827
   0.360000    2.172  100.143   -1.888   80.615   99.952
   0.380000    1.826  101.969   -1.615   82.504  101.809
   0.400000    1.621  103.590   -1.394   84.118  103.427
   0.420000    1.422  105.012   -1.160   85.513  104.835
   0.440000    1.180  106.193   -0.862   86.673  106.006
   0.460000    0.944  107.137   -0.627   87.535  106.909
   0.480000    0.689  107.826   -0.437   88.162  107.566
   0.500000    0.442  108.268   -0.230   88.599  108.006
   0.520000    0.234  108.502    0.014   88.829  108.238
   0.540000    0.043  108.545    0.171   88.815  108.253
   0.560000   -0.161  108.383    0.413   88.644  108.086
   0.580000   -0.389  107.995    0.698   88.231  107.686
   0.600000   -0.638  107.356    0.986   87.533  107.018
   0.620000   -0.945  106.412    1.164   86.547  106.052
   0.640000   -1.238  105.173    1.515   85.383  104.851
   0.660000   -1.480  103.694    1.856   83.868  103.354
   0.680000   -1.751  101.943    2.119   82.012  101.550
   0.700000   -2.152   99.791    2.484   79.893   99.415
   0.720000   -2.452   97.339    2.775   77.409   96.947
   0.740000   -2.820   94.520    3.257   74.634   94.150
   0.760000   -3.239   91.281    3.563   71.377   90.902
   0.780000   -3.576   87.705    3.906   67.814   87.332
   0.800000   -3.874   83.831    4.331   63.908   83.442
   0.820000   -4.272   79.560    4.844   59.576   79.141
   0.840000   -4.680   74.880    5.276   54.732   74.379
   0.860000   -5.178   69.702    5.609   49.457   69.152
   0.880000   -5.646   64.056    6.003   43.847   63.524
   0.900000   -6.042   58.014    6.562   37.844   57.502
   0.920000   -6.374   51.640    6.946   31.282   51.034
   0.940000   -6.956   44.684    7.547   24.336   44.083
   0.960000   -7.329   37.355    7.971   16.789   36.645
   0.980000   -7.956   29.399    8.818    8.818   28.681
   1.000000   -8.622   20.776    0.000    0.000   19.961

# Min energy-gap is:   -570.48
# Max energy-gap is:    642.88


# Part 2: Reaction free energy summary:
# Lambda(1)  bin Energy gap      dGa     dGb     dGg    # pts    c1**2    c2**2
   0.000000   43     460.88   451.17     0.00   -17.39     60    0.035    0.965
   0.000000   44     485.15   475.45     0.00   -16.66    192    0.032    0.968
   0.000000   45     509.41   499.71     0.00   -15.92    274    0.029    0.971
   0.000000   46     533.68   523.76     0.00   -15.28    224    0.027    0.973
   0.000000   47     557.95   548.02     0.00   -14.69    108    0.025    0.975
   0.020000   41     412.34   404.76     1.63   -17.60     33    0.042    0.958
   0.020000   42     436.61   428.11     1.15   -17.12    119    0.038    0.962
   0.020000   43     460.88   451.75     0.70   -16.74    263    0.035    0.965
   0.020000   44     485.15   475.58     0.24   -16.42    270    0.032    0.968
   0.020000   45     509.41   499.30    -0.23   -16.16    137    0.030    0.970
   0.020000   46     533.68   522.97    -0.70   -15.96     58    0.027    0.973
   0.040000   40     388.08   382.62     3.53   -16.69     60    0.047    0.953
   0.040000   41     412.34   405.65     2.67   -16.59    144    0.043    0.957
   0.040000   42     436.61   429.25     1.71   -16.57    225    0.039    0.961
   0.040000   43     460.88   452.08     0.78   -16.64    231    0.035    0.965
   0.040000   44     485.15   475.60    -0.15   -16.79    151    0.032    0.968
   0.040000   45     509.41   498.26    -1.10   -17.01     62    0.030    0.970
   0.060000   39     363.81   360.92     5.82   -15.59     62    0.053    0.947
   0.060000   40     388.08   383.90     4.42   -15.83    153    0.047    0.953
   0.060000   41     412.34   406.65     3.01   -16.19    265    0.043    0.957
   0.060000   42     436.61   429.24     1.62   -16.63    233    0.039    0.961
   0.060000   43     460.88   451.86     0.19   -17.18    125    0.035    0.965
   0.060000   44     485.15   474.05    -1.04   -17.72     43    0.033    0.967
   0.080000   38     339.54   340.48     8.51   -14.24     79    0.059    0.941
   0.080000   39     363.81   361.77     6.56   -14.84    211    0.053    0.947
   0.080000   40     388.08   383.90     4.75   -15.51    279    0.048    0.952
   0.080000   41     412.34   406.21     2.89   -16.33    218    0.043    0.957
   0.080000   42     436.61   428.17     1.08   -17.22     75    0.039    0.961
   0.100000   37     315.27   318.72    11.35   -12.76     81    0.067    0.933
   0.100000   38     339.54   340.64     9.07   -13.62    240    0.059    0.941
   0.100000   39     363.81   362.27     6.76   -14.65    314    0.053    0.947
   0.100000   40     388.08   383.80     4.39   -15.83    180    0.048    0.952
   0.100000   41     412.34   405.65     2.13   -17.08     60    0.043    0.957
   0.120000   36     291.01   298.58    14.80   -10.99     88    0.076    0.924
   0.120000   37     315.27   319.62    12.01   -12.15    259    0.067    0.933
   0.120000   38     339.54   340.46     9.26   -13.45    311    0.060    0.940
   0.120000   39     363.81   361.94     6.50   -14.93    164    0.054    0.946
   0.120000   40     388.08   382.66     3.80   -16.49     47    0.049    0.951
   0.140000   35     266.74   278.04    18.66    -9.03    106    0.087    0.913
   0.140000   36     291.01   299.09    15.33   -10.45    244    0.076    0.924
   0.140000   37     315.27   319.67    12.14   -12.03    306    0.068    0.932
   0.140000   38     339.54   340.61     9.00   -13.75    175    0.061    0.939
   0.140000   39     363.81   360.86     5.73   -15.70     48    0.054    0.946
   0.160000   34     242.47   258.49    23.02    -6.84    105    0.100    0.900
   0.160000   35     266.74   278.78    19.18    -8.49    253    0.087    0.913
   0.160000   36     291.01   299.18    15.54   -10.27    296    0.077    0.923
   0.160000   37     315.27   319.60    11.83   -12.35    174    0.068    0.932
   0.160000   38     339.54   340.08     8.26   -14.52     49    0.061    0.939
   0.180000   33     218.20   240.92    27.62    -4.63     50    0.114    0.886
   0.180000   34     242.47   259.36    23.42    -6.38    255    0.099    0.901
   0.180000   35     266.74   279.27    19.33    -8.36    352    0.088    0.912
   0.180000   36     291.01   298.60    15.29   -10.55    197    0.078    0.922
   0.180000   37     315.27   318.46    11.07   -13.08     40    0.069    0.931
   0.200000   32     193.94   224.24    33.00    -2.11     51    0.133    0.867
   0.200000   33     218.20   240.87    28.37    -3.91    223    0.115    0.885
   0.200000   34     242.47   259.73    23.74    -6.08    323    0.101    0.899
   0.200000   35     266.74   278.83    18.97    -8.65    224    0.088    0.912
   0.200000   36     291.01   298.05    14.52   -11.36     68    0.078    0.922
   0.220000   31     169.67   203.49    39.03     0.47     43    0.156    0.844
   0.220000   32     193.94   222.61    33.61    -1.45    180    0.133    0.867
   0.220000   33     218.20   240.79    28.55    -3.68    356    0.117    0.883
   0.220000   34     242.47   259.75    23.42    -6.36    242    0.101    0.899
   0.220000   35     266.74   278.15    18.77    -9.00     71    0.090    0.910
   0.240000   31     169.67   205.56    39.63     1.19    159    0.157    0.843
   0.240000   32     193.94   222.62    34.01    -1.11    324    0.135    0.865
   0.240000   33     218.20   240.67    28.71    -3.63    327    0.118    0.882
   0.240000   34     242.47   258.81    22.98    -6.85     69    0.103    0.897
   0.260000   30     145.40   187.34    46.36     3.84    135    0.185    0.815
   0.260000   31     169.67   204.68    40.25     1.72    300    0.160    0.840
   0.260000   32     193.94   222.64    33.97    -1.13    264    0.137    0.863
   0.260000   33     218.20   240.42    27.93    -4.32    148    0.118    0.882
   0.260000   34     242.47   257.92    22.15    -7.58     36    0.104    0.896
   0.280000   29     121.14   172.08    53.26     6.22     47    0.218    0.782
   0.280000   30     145.40   187.77    46.75     4.31    290    0.187    0.813
   0.280000   31     169.67   205.01    40.37     1.79    394    0.161    0.839
   0.280000   32     193.94   222.30    33.61    -1.47    152    0.139    0.861
   0.300000   29     121.14   171.27    53.88     6.80    223    0.220    0.780
   0.300000   30     145.40   187.92    46.83     4.42    405    0.189    0.811
   0.300000   31     169.67   204.63    40.02     1.54    233    0.163    0.837
   0.320000   28      96.87   155.44    61.64     9.07    123    0.261    0.739
   0.320000   29     121.14   171.46    54.33     7.16    423    0.223    0.777
   0.320000   30     145.40   187.82    46.86     4.42    279    0.192    0.808
   0.320000   31     169.67   204.36    39.08     0.65     61    0.163    0.837
   0.340000   27      72.60   145.58    70.19    10.88     40    0.303    0.697
   0.340000   28      96.87   156.21    62.16     9.51    334    0.262    0.738
   0.340000   29     121.14   171.69    54.32     7.15    387    0.225    0.775
   0.340000   30     145.40   187.24    46.78     4.16    129    0.194    0.806
   0.360000   27      72.60   141.54    70.88    11.53    213    0.310    0.690
   0.360000   28      96.87   156.25    62.27     9.65    415    0.265    0.735
   0.360000   29     121.14   171.40    54.31     7.05    214    0.229    0.771
   0.360000   30     145.40   186.35    45.77     3.47     34    0.198    0.802
   0.380000   26      48.33   127.83    80.07    12.95     78    0.360    0.640
   0.380000   27      72.60   141.34    71.13    11.86    327    0.312    0.688
   0.380000   28      96.87   156.20    62.22     9.60    360    0.269    0.731
   0.380000   29     121.14   170.99    53.37     6.28    123    0.229    0.771
   0.400000   26      48.33   127.81    80.45    13.50    162    0.362    0.638
   0.400000   27      72.60   141.71    71.20    11.97    464    0.314    0.686
   0.400000   28      96.87   155.94    61.91     9.28    247    0.271    0.729
   0.420000   25      24.07   114.27    90.89    14.56     61    0.421    0.579
   0.420000   26      48.33   128.19    80.88    13.89    302    0.366    0.634
   0.420000   27      72.60   141.51    71.20    11.99    420    0.319    0.681
   0.420000   28      96.87   155.32    61.60     8.86    112    0.274    0.726
   0.440000   25      24.07   115.23    91.41    15.17    150    0.425    0.575
   0.440000   26      48.33   128.07    81.23    14.12    455    0.372    0.628
   0.440000   27      72.60   141.56    70.90    11.68    246    0.321    0.679
   0.440000   28      96.87   154.91    64.10     9.23     40    0.280    0.720
   0.460000   24      -0.20   102.84   102.47    15.59     32    0.485    0.515
   0.460000   25      24.07   115.72    91.70    15.51    377    0.427    0.573
   0.460000   26      48.33   128.09    81.18    14.11    398    0.377    0.623
   0.460000   27      72.60   140.83    71.31    11.59     88    0.328    0.672
   0.480000   24      -0.20   104.81   103.16    16.17    163    0.489    0.511
   0.480000   25      24.07   115.78    92.04    15.70    463    0.434    0.566
   0.480000   26      48.33   127.80    81.21    13.96    247    0.382    0.618
   0.500000   23     -24.47    96.51   115.27    16.14     38    0.547    0.453
   0.500000   24      -0.20   104.01   103.70    16.54    316    0.496    0.504
   0.500000   25      24.07   115.74    92.19    15.71    419    0.439    0.561
   0.500000   26      48.33   127.40    80.46    13.32    120    0.383    0.617
   0.520000   23     -24.47    93.73   115.69    16.67    118    0.549    0.451
   0.520000   24      -0.20   104.31   103.74    16.72    444    0.496    0.504
   0.520000   25      24.07   115.48    92.01    15.47    297    0.441    0.559
   0.520000   26      48.33   126.72    81.56    12.95     32    0.388    0.612
   0.540000   23     -24.47    94.16   116.34    17.03    246    0.556    0.444
   0.540000   24      -0.20   104.38   103.86    16.76    523    0.502    0.498
   0.540000   25      24.07   114.91    92.89    15.32    115    0.449    0.551
   0.560000   22     -48.74    84.06   129.97    16.48     91    0.618    0.382
   0.560000   23     -24.47    94.00   116.74    17.28    374    0.563    0.437
   0.560000   24      -0.20   104.20   103.56    16.60    374    0.505    0.495
   0.560000   25      24.07   114.54    90.14    14.36     54    0.447    0.553
   0.580000   22     -48.74    84.24   130.30    16.97    220    0.621    0.379
   0.580000   23     -24.47    93.97   116.73    17.36    448    0.567    0.433
   0.580000   24      -0.20   103.84   103.43    16.27    192    0.509    0.491
   0.600000   21     -73.00    75.17   144.83    15.92    110    0.676    0.324
   0.600000   22     -48.74    84.51   130.73    17.24    395    0.626    0.374
   0.600000   23     -24.47    93.81   116.74    17.21    326    0.571    0.429
   0.600000   24      -0.20   103.25   103.74    15.70     50    0.514    0.486
   0.620000   20     -97.27    66.99   160.24    14.22     55    0.726    0.274
   0.620000   21     -73.00    75.81   145.49    16.29    276    0.681    0.319
   0.620000   22     -48.74    84.53   130.79    17.24    420    0.630    0.370
   0.620000   23     -24.47    93.48   116.16    16.80    134    0.575    0.425
   0.640000   20     -97.27    67.74   160.85    14.92    154    0.728    0.272
   0.640000   21     -73.00    75.92   145.74    16.55    357    0.684    0.316
   0.640000   22     -48.74    84.44   130.61    17.03    294    0.632    0.368
   0.640000   23     -24.47    93.11   115.38    15.99     68    0.573    0.427
   0.660000   19    -121.54    60.48   177.24    13.12     56    0.769    0.231
   0.660000   20     -97.27    68.13   161.25    15.31    320    0.730    0.270
   0.660000   21     -73.00    75.77   145.68    16.50    384    0.688    0.312
   0.660000   22     -48.74    83.73   131.43    16.62    130    0.641    0.359
   0.680000   18    -145.81    53.38   194.09    10.64     43    0.808    0.192
   0.680000   19    -121.54    60.65   177.75    13.45    234    0.774    0.226
   0.680000   20     -97.27    68.06   161.47    15.35    423    0.735    0.265
   0.680000   21     -73.00    75.65   145.34    16.20    170    0.690    0.310
   0.700000   18    -145.81    54.27   194.78    11.53    174    0.808    0.192
   0.700000   19    -121.54    60.91   177.78    13.75    331    0.775    0.225
   0.700000   20     -97.27    67.94   161.32    15.19    294    0.737    0.263
   0.700000   21     -73.00    75.14   146.16    15.61     71    0.694    0.306
   0.720000   17    -170.07    48.13   212.31     9.43    108    0.836    0.164
   0.720000   18    -145.81    54.47   195.12    11.89    291    0.810    0.190
   0.720000   19    -121.54    60.84   177.75    13.70    345    0.778    0.222
   0.720000   20     -97.27    67.43   161.04    14.70    128    0.741    0.259
   0.740000   16    -194.34    42.03   230.68     6.97     89    0.862    0.138
   0.740000   17    -170.07    48.63   212.82     9.94    238    0.838    0.162
   0.740000   18    -145.81    54.39   195.22    11.93    314    0.813    0.187
   0.740000   19    -121.54    60.57   177.76    13.40    177    0.780    0.220
   0.740000   20     -97.27    66.72   159.80    13.93     64    0.744    0.256
   0.760000   15    -218.61    37.95   249.26     5.28     49    0.881    0.119
   0.760000   16    -194.34    42.92   231.06     7.78    207    0.862    0.138
   0.760000   17    -170.07    48.46   213.00     9.96    378    0.841    0.159
   0.760000   18    -145.81    54.08   194.82    11.64    229    0.814    0.186
   0.760000   19    -121.54    59.73   176.35    12.60     33    0.784    0.216
   0.780000   15    -218.61    38.46   250.20     5.99    135    0.881    0.119
   0.780000   16    -194.34    43.38   231.43     8.14    365    0.863    0.137
   0.780000   17    -170.07    48.49   212.92     9.88    291    0.842    0.158
   0.780000   18    -145.81    53.47   195.64    11.04     88    0.817    0.183
   0.800000   14    -242.87    34.22   270.22     4.27     88    0.898    0.102
   0.800000   15    -218.61    38.72   250.45     6.36    299    0.882    0.118
   0.800000   16    -194.34    43.31   231.25     8.11    344    0.865    0.135
   0.800000   17    -170.07    48.03   212.38     9.44    128    0.843    0.157
   0.820000   13    -267.14    30.69   290.50     2.83     81    0.911    0.089
   0.820000   14    -242.87    34.72   270.30     4.78    266    0.898    0.102
   0.820000   15    -218.61    38.68   250.76     6.38    351    0.884    0.116
   0.820000   16    -194.34    42.90   231.57     7.71    168    0.867    0.133
   0.840000   12    -291.41    27.32   310.71     1.46     68    0.922    0.078
   0.840000   13    -267.14    30.94   290.64     3.21    314    0.912    0.088
   0.840000   14    -242.87    34.56   270.59     4.75    337    0.900    0.100
   0.840000   15    -218.61    38.41   249.87     6.05    153    0.885    0.115
   0.860000   11    -315.68    24.75   331.89     0.46     85    0.931    0.069
   0.860000   12    -291.41    27.87   311.32     1.98    267    0.923    0.077
   0.860000   13    -267.14    31.08   290.92     3.34    338    0.913    0.087
   0.860000   14    -242.87    34.23   269.99     4.41    163    0.901    0.099
   0.860000   15    -218.61    37.49   253.27     5.22     37    0.887    0.113
   0.880000   10    -339.94    22.65   353.96    -0.23     62    0.939    0.061
   0.880000   11    -315.68    25.28   332.78     1.04    209    0.932    0.068
   0.880000   12    -291.41    28.08   311.51     2.19    338    0.923    0.077
   0.880000   13    -267.14    30.77   290.15     3.07    219    0.914    0.086
   0.880000   14    -242.87    33.55   271.74     3.72     57    0.902    0.098
   0.900000    9    -364.21    21.04   375.80    -0.49     31    0.946    0.054
   0.900000   10    -339.94    23.44   354.33     0.55    167    0.939    0.061
   0.900000   11    -315.68    25.62   332.70     1.35    350    0.932    0.068
   0.900000   12    -291.41    27.91   311.07     2.00    258    0.924    0.076
   0.900000   13    -267.14    30.24   289.35     2.46     85    0.914    0.086
   0.920000    8    -388.48    19.80   399.12    -0.48     48    0.952    0.048
   0.920000    9    -364.21    21.84   376.76     0.28    198    0.946    0.054
   0.920000   10    -339.94    23.65   354.71     0.81    347    0.940    0.060
   0.920000   11    -315.68    25.45   332.49     1.19    236    0.933    0.067
   0.920000   12    -291.41    27.32   311.75     1.41     62    0.925    0.075
   0.940000    8    -388.48    20.82   399.66     0.37    151    0.952    0.048
   0.940000    9    -364.21    22.10   377.23     0.57    340    0.947    0.053
   0.940000   10    -339.94    23.49   354.51     0.66    277    0.941    0.059
   0.940000   11    -315.68    24.80   331.75     0.60     88    0.934    0.066
   0.960000    6    -437.01    19.27   446.16     0.82     63    0.961    0.039
   0.960000    7    -412.75    20.11   423.36     0.79    204    0.957    0.043
   0.960000    8    -388.48    21.03   400.14     0.67    329    0.952    0.048
   0.960000    9    -364.21    21.94   377.45     0.44    233    0.947    0.053
   0.960000   10    -339.94    22.85   355.69     0.08     62    0.941    0.059
   0.980000    5    -461.28    19.46   470.53     1.97     70    0.965    0.035
   0.980000    6    -437.01    19.95   447.43     1.56    204    0.961    0.039
   0.980000    7    -412.75    20.41   423.43     1.06    282    0.957    0.043
   0.980000    8    -388.48    20.88   399.84     0.47    234    0.953    0.047
   0.980000    9    -364.21    21.33   376.73    -0.21     71    0.947    0.053
   1.000000    2    -534.08    19.96   544.51     4.70     47    0.973    0.027
   1.000000    3    -509.81    19.96   519.70     4.02     92    0.971    0.029
   1.000000    4    -485.55    19.96   495.15     3.24    177    0.968    0.032
   1.000000    5    -461.28    19.96   471.12     2.45    219    0.965    0.035
   1.000000    6    -437.01    19.96   447.12     1.57    201    0.961    0.039
   1.000000    7    -412.75    19.96   422.79     0.65    114    0.958    0.042
   1.000000    8    -388.48    19.96   398.55    -0.43     32    0.953    0.047


# Part 3: Bin-averaged summary:
# bin  energy gap  <dGg> <dGg norm> pts  <c1**2> <c2**2> <r_xy>
   2   -534.08     4.70    21.55     47   0.973   0.027   1.411
   3   -509.81     4.02    20.87     92   0.971   0.029   1.418
   4   -485.55     3.24    20.08    177   0.968   0.032   1.433
   5   -461.28     2.33    19.18    289   0.965   0.035   1.440
   6   -437.01     1.46    18.31    468   0.961   0.039   1.449
   7   -412.75     0.89    17.74    600   0.957   0.043   1.464
   8   -388.48     0.44    17.28    794   0.952   0.048   1.483
   9   -364.21     0.37    17.22    873   0.947   0.053   1.507
  10   -339.94     0.60    17.44    915   0.940   0.060   1.534
  11   -315.68     1.10    17.94    968   0.933   0.067   1.564
  12   -291.41     1.99    18.83    993   0.923   0.077   1.598
  13   -267.14     3.13    19.98   1037   0.913   0.087   1.633
  14   -242.87     4.59    21.43    911   0.900   0.100   1.672
  15   -218.61     6.18    23.03   1024   0.883   0.117   1.717
  16   -194.34     7.91    24.76   1173   0.864   0.136   1.767
  17   -170.07     9.83    26.67   1143   0.840   0.160   1.823
  18   -145.81    11.68    28.53   1139   0.812   0.188   1.886
  19   -121.54    13.56    30.41   1176   0.776   0.224   1.955
  20    -97.27    15.10    31.94   1438   0.734   0.266   2.038
  21    -73.00    16.34    33.18   1368   0.685   0.315   2.131
  22    -48.74    17.07    33.91   1550   0.628   0.372   2.233
  23    -24.47    17.10    33.94   1752   0.565   0.435   2.351
  24     -0.20    16.56    33.40   2094   0.500   0.500   2.466
  25     24.07    15.49    32.34   1936   0.435   0.565   2.584
  26     48.33    13.87    30.72   1794   0.373   0.627   2.675
  27     72.60    11.82    28.67   1798   0.316   0.684   2.743
  28     96.87     9.45    26.29   1631   0.267   0.733   2.796
  29    121.14     6.98    23.83   1417   0.225   0.775   2.822
  30    145.40     4.28    21.13   1272   0.190   0.810   2.878
  31    169.67     1.54    18.38   1190   0.161   0.839   2.935
  32    193.94    -1.29    15.56    971   0.136   0.864   2.985
  33    218.20    -3.84    13.00   1104   0.117   0.883   3.027
  34    242.47    -6.40    10.44   1030   0.101   0.899   3.057
  35    266.74    -8.57     8.28   1006   0.088   0.912   3.094
  36    291.01   -10.54     6.31    893   0.077   0.923   3.131
  37    315.27   -12.25     4.60    860   0.068   0.932   3.175
  38    339.54   -13.69     3.15    854   0.060   0.940   3.227
  39    363.81   -14.89     1.95    799   0.053   0.947   3.290
  40    388.08   -15.82     1.03    719   0.048   0.952   3.354
  41    412.34   -16.45     0.40    720   0.043   0.957   3.430
  42    436.61   -16.77     0.08    652   0.039   0.961   3.483
  43    460.88   -16.85     0.00    679   0.035   0.965   3.546
  44    485.15   -16.66     0.19    656   0.032   0.968   3.592
  45    509.41   -16.13     0.71    473   0.029   0.971   3.641
  46    533.68   -15.42     1.42    282   0.027   0.973   3.720
  47    557.95   -14.69     2.15    108   0.025   0.975   3.744


# Part 4: Termodynamic integration:
# lambda(1)      dGti    sum(dGti) 
   0.000000    0.000    0.000
   0.020000 -514.829    9.919
   0.040000 -477.055   19.182
   0.060000 -449.289   27.890
   0.080000 -421.520   35.996
   0.100000 -389.036   43.490
   0.120000 -360.360   50.432
   0.140000 -333.813   56.860
   0.160000 -308.976   62.797
   0.180000 -284.762   68.290
   0.200000 -264.584   73.373
   0.220000 -243.693   78.030
   0.240000 -222.034   82.268
   0.260000 -201.685   86.123
   0.280000 -183.897   89.598
   0.300000 -163.525   92.690
   0.320000 -145.691   95.430
   0.340000 -128.297   97.852
   0.360000 -113.974   99.968
   0.380000  -97.597  101.819
   0.400000  -87.527  103.454
   0.420000  -75.905  104.857
   0.440000  -64.390  106.025
   0.460000  -52.500  106.938
   0.480000  -38.764  107.593
   0.500000  -26.698  108.026
   0.520000  -16.611  108.260
   0.540000   -6.778  108.284
   0.560000    4.346  108.101
   0.580000   13.957  107.700
   0.600000   26.096  107.032
   0.620000   40.765  106.070
   0.640000   55.416  104.855
   0.660000   66.052  103.380
   0.680000   81.441  101.565
   0.700000  100.076   99.420
   0.720000  114.416   96.953
   0.740000  132.369   94.128
   0.760000  150.123   90.920
   0.780000  170.656   87.355
   0.800000  185.840   83.455
   0.820000  204.176   79.162
   0.840000  225.115   74.404
   0.860000  250.646   69.166
   0.880000  273.144   63.520
   0.900000  291.460   57.511
   0.920000  309.509   51.038
   0.940000  337.739   44.093
   0.960000  356.802   36.648
   0.980000  387.664   28.644
   1.000000  412.749   19.899


# Part 5: Overlap sampling Lu et al:
# lambda(1)      dG    sum(dG) 
   0.000000    0.000    0.000
   0.020000    9.929    9.929
   0.040000    9.285   19.213
   0.060000    8.695   27.908
   0.080000    8.094   36.002
   0.100000    7.485   43.487
   0.120000    6.942   50.429
   0.140000    6.424   56.853
   0.160000    5.940   62.793
   0.180000    5.475   68.268
   0.200000    5.094   73.362
   0.220000    4.652   78.014
   0.240000    4.229   82.243
   0.260000    3.876   86.119
   0.280000    3.452   89.571
   0.300000    3.089   92.660
   0.320000    2.744   95.404
   0.340000    2.419   97.823
   0.360000    2.120   99.943
   0.380000    1.854  101.797
   0.400000    1.626  103.422
   0.420000    1.405  104.828
   0.440000    1.170  105.997
   0.460000    0.907  106.904
   0.480000    0.656  107.561
   0.500000    0.436  107.997
   0.520000    0.232  108.229
   0.540000    0.019  108.248
   0.560000   -0.174  108.074
   0.580000   -0.400  107.674
   0.600000   -0.667  107.006
   0.620000   -0.962  106.044
   0.640000   -1.207  104.837
   0.660000   -1.486  103.351
   0.680000   -1.809  101.543
   0.700000   -2.140   99.403
   0.720000   -2.468   96.935
   0.740000   -2.810   94.126
   0.760000   -3.227   90.898
   0.780000   -3.567   87.332
   0.800000   -3.894   83.437
   0.820000   -4.296   79.141
   0.840000   -4.759   74.382
   0.860000   -5.233   69.149
   0.880000   -5.638   63.511
   0.900000   -6.017   57.494
   0.920000   -6.470   51.024
   0.940000   -6.948   44.077
   0.960000   -7.441   36.636
   0.980000   -7.983   28.654
   1.000000   -8.716   19.937


# lambda(1)      dG    sum(dG) 
# Part 6: BAR Bennet:
   0.000000    0.000    0.000
   0.020000    9.915    9.915
   0.040000    9.265   19.180
   0.060000    8.704   27.884
   0.080000    8.101   35.985
   0.100000    7.490   43.474
   0.120000    6.941   50.415
   0.140000    6.427   56.843
   0.160000    5.938   62.780
   0.180000    5.487   68.268
   0.200000    5.084   73.352
   0.220000    4.655   78.007
   0.240000    4.236   82.243
   0.260000    3.858   86.101
   0.280000    3.466   89.567
   0.300000    3.092   92.658
   0.320000    2.739   95.397
   0.340000    2.420   97.817
   0.360000    2.116   99.932
   0.380000    1.851  101.783
   0.400000    1.632  103.415
   0.420000    1.403  104.818
   0.440000    1.169  105.987
   0.460000    0.911  106.898
   0.480000    0.655  107.552
   0.500000    0.433  107.985
   0.520000    0.233  108.218
   0.540000    0.024  108.241
   0.560000   -0.181  108.060
   0.580000   -0.399  107.661
   0.600000   -0.667  106.994
   0.620000   -0.960  106.034
   0.640000   -1.213  104.822
   0.660000   -1.476  103.345
   0.680000   -1.812  101.533
   0.700000   -2.144   99.389
   0.720000   -2.467   96.922
   0.740000   -2.820   94.102
   0.760000   -3.211   90.891
   0.780000   -3.564   87.326
   0.800000   -3.898   83.428
   0.820000   -4.292   79.137
   0.840000   -4.758   74.379
   0.860000   -5.237   69.141
   0.880000   -5.645   63.496
   0.900000   -6.011   57.485
   0.920000   -6.471   51.013
   0.940000   -6.945   44.069
   0.960000   -7.443   36.626
   0.980000   -7.995   28.631
   1.000000   -8.715   19.916
