Starting job 5494461 on c10-10 at Fri Apr 22 19:09:28 CEST 2022

The following modules were not unloaded:
  (Use "module --force purge" to unload all):

  1) StdEnv

Task and CPU usage stats:
       JobID    JobName  AllocCPUS   NTasks     MinCPU MinCPUTask     AveCPU    Elapsed ExitCode 
------------ ---------- ---------- -------- ---------- ---------- ---------- ---------- -------- 
5494461          run.sh         20                                           1-14:41:20      0:0 
5494461.bat+      batch         20        1 1-14:40:08          0 1-14:40:08 1-14:41:20      0:0 
5494461.ext+     extern         20        1   00:00:00          0   00:00:00 1-14:41:21      0:0 

Memory usage stats:
       JobID     MaxRSS MaxRSSTask     AveRSS MaxPages   MaxPagesTask   AvePages 
------------ ---------- ---------- ---------- -------- -------------- ---------- 
5494461                                                                          
5494461.bat+     47516K          0     47516K        0              0          0 
5494461.ext+          0          0          0        0              0          0 

Disk usage stats:
       JobID  MaxDiskRead MaxDiskReadTask    AveDiskRead MaxDiskWrite MaxDiskWriteTask   AveDiskWrite 
------------ ------------ --------------- -------------- ------------ ---------------- -------------- 
5494461                                                                                               
5494461.bat+      174.84M               0        174.84M      826.81M                0        826.81M 
5494461.ext+        0.00M               0          0.00M            0                0              0 

Job 5494461 completed at Sun Apr 24 09:50:48 CEST 2022
