Starting job 5571113 on c2-20 at Thu May 5 08:45:07 CEST 2022

The following modules were not unloaded:
  (Use "module --force purge" to unload all):

  1) StdEnv

Task and CPU usage stats:
JobID           JobName  AllocCPUS   NTasks     MinCPU MinCPUTask     AveCPU    Elapsed ExitCode 
------------ ---------- ---------- -------- ---------- ---------- ---------- ---------- -------- 
5571113          run.sh         20                                           1-19:10:12      0:0 
5571113.bat+      batch         20        1 1-19:07:49          0 1-19:07:49 1-19:10:12      0:0 
5571113.ext+     extern         20        1   00:00:00          0   00:00:00 1-19:10:12      0:0 

Memory usage stats:
JobID            MaxRSS MaxRSSTask     AveRSS MaxPages   MaxPagesTask   AvePages 
------------ ---------- ---------- ---------- -------- -------------- ---------- 
5571113                                                                          
5571113.bat+     47364K          0     47364K        0              0          0 
5571113.ext+          0          0          0        0              0          0 

Disk usage stats:
JobID         MaxDiskRead MaxDiskReadTask    AveDiskRead MaxDiskWrite MaxDiskWriteTask   AveDiskWrite 
------------ ------------ --------------- -------------- ------------ ---------------- -------------- 
5571113                                                                                               
5571113.bat+      174.72M               0        174.72M      826.81M                0        826.81M 
5571113.ext+        0.00M               0          0.00M            0                0              0 

Job 5571113 completed at Sat May 7 03:55:42 CEST 2022
