Starting job 5525459 on c11-49 at Tue Apr 26 11:27:09 CEST 2022

The following modules were not unloaded:
  (Use "module --force purge" to unload all):

  1) StdEnv
slurmstepd: error: *** JOB 5525459 ON c11-49 CANCELLED AT 2022-04-27T11:27:12 DUE TO TIME LIMIT ***

Task and CPU usage stats:
       JobID    JobName  AllocCPUS   NTasks     MinCPU MinCPUTask     AveCPU    Elapsed ExitCode 
------------ ---------- ---------- -------- ---------- ---------- ---------- ---------- -------- 
5525459          run.sh         20                                           1-00:00:03      0:0 
5525459.bat+      batch         20        1   23:59:41          0   23:59:41 1-00:00:05     0:15 
5525459.ext+     extern         20        1   00:00:00          0   00:00:00 1-00:00:05      0:0 

Memory usage stats:
       JobID     MaxRSS MaxRSSTask     AveRSS MaxPages   MaxPagesTask   AvePages 
------------ ---------- ---------- ---------- -------- -------------- ---------- 
5525459                                                                          
5525459.bat+     47636K          0     47636K        0              0          0 
5525459.ext+          0          0          0        0              0          0 

Disk usage stats:
       JobID  MaxDiskRead MaxDiskReadTask    AveDiskRead MaxDiskWrite MaxDiskWriteTask   AveDiskWrite 
------------ ------------ --------------- -------------- ------------ ---------------- -------------- 
5525459                                                                                               
5525459.bat+      102.00M               0        102.00M      512.80M                0        512.80M 
5525459.ext+        0.00M               0          0.00M            0                0              0 

Job 5525459 completed at Wed Apr 27 11:27:15 CEST 2022
