Starting job 5571123 on c5-35 at Thu May 5 08:45:52 CEST 2022

The following modules were not unloaded:
  (Use "module --force purge" to unload all):

  1) StdEnv

Task and CPU usage stats:
JobID           JobName  AllocCPUS   NTasks     MinCPU MinCPUTask     AveCPU    Elapsed ExitCode 
------------ ---------- ---------- -------- ---------- ---------- ---------- ---------- -------- 
5571123          run.sh         20                                           1-19:06:49      0:0 
5571123.bat+      batch         20        1 1-19:04:02          0 1-19:04:02 1-19:06:49      0:0 
5571123.ext+     extern         20        1   00:00:00          0   00:00:00 1-19:06:49      0:0 

Memory usage stats:
JobID            MaxRSS MaxRSSTask     AveRSS MaxPages   MaxPagesTask   AvePages 
------------ ---------- ---------- ---------- -------- -------------- ---------- 
5571123                                                                          
5571123.bat+     46844K          0     46844K        0              0          0 
5571123.ext+          0          0          0        0              0          0 

Disk usage stats:
JobID         MaxDiskRead MaxDiskReadTask    AveDiskRead MaxDiskWrite MaxDiskWriteTask   AveDiskWrite 
------------ ------------ --------------- -------------- ------------ ---------------- -------------- 
5571123                                                                                               
5571123.bat+      174.72M               0        174.72M      826.81M                0        826.81M 
5571123.ext+        0.00M               0          0.00M            0                0              0 

Job 5571123 completed at Sat May 7 03:52:41 CEST 2022
