--------------------------------------------------------------------------------
Welcome to qfep version: 6.0.1
 
This version was compiled using: GCC version 11.2.0
 
And using the following compiler options: 
-cpp -D G95=1 -mtune=generic -march=x86-64 -O3 -Wall -Wtabs -std=legacy -funroll-loops -ffree-line-length-none -fcray-pointer -fall-intrinsics -fstack-protector

 
For command line options type qfep --help  or qcalc -h at the terminal.
 
If you are using the interactive mode and want to quit type "quit" or Ctrl-C.
--------------------------------------------------------------------------------
--> Number of energy files: # Number of files                                  =    51
--> No. of states, no. of predefined off-diag elements: # Number of states     =     2
# Number of off-diagonal elements                                              =     0
--> Give kT & num. of pts to skip & calculation mode: # kT                     = 0.592
# Number of data points to skip                                                =   100
# Only QQ interactions will be considered                                      =     0
--> Give number of gap-bins: # Number of gap-bins                              =    50
--> Give minimum # pts/bin: # Minimum number of points per bin                 =    30
--> Give alpha for state  2                                                     # Alpha for state  2              =-91.10
--> Number of off-diagonal elements: # Number of off-diagonal elements         =     1
#   i   j   A(i,j)  mu(i,j) eta(i,j) rxy0(i,j)
--> i, j, A_ij, mu_ij, eta_ij, r_xy0: #   1   2    91.40     0.00     0.00     0.00
--> linear combination of states defining reaction coord: # Linear combination coefficients=    1.00   -1.00


# Part 0: Average energies for all states in all files
# file             state   pts   lambda    EQtot   EQbond  EQang   EQtor   EQimp    EQel   EQvdW  Eel_qq  EvdW_qq Eel_qp  EvdW_qp Eel_qw EvdW_qw Eqrstr
--> Name of file number   1:                                                     
md_0000_1000.en        1    899 0.000000-2358.59-2401.42  121.06   44.49    5.52 -311.00  182.76   62.30  188.55 -275.82   -5.82  -97.48    0.03    0.00
md_0000_1000.en        2    899 1.000000-2785.80-2484.71   13.18   -7.57    1.38 -309.64    1.55   69.30    7.43 -279.00   -5.81  -99.94   -0.06    0.00
--> Name of file number   2:                                                     
md_0020_0980.en        1    899 0.020000-2404.95-2403.34  104.47   38.03    5.23 -311.64  162.29   59.81  169.02 -281.76   -5.59  -89.69   -1.14    0.00
md_0020_0980.en        2    899 0.980000-2784.47-2483.39   13.23   -7.33    1.31 -308.55    0.26   66.87    7.12 -286.24   -5.72  -89.18   -1.15    0.00
--> Name of file number   3:                                                     
md_0040_0960.en        1    899 0.040000-2441.89-2404.74   92.44   31.59    5.35 -308.76  142.23   58.09  151.18 -281.45   -6.97  -85.41   -1.98    0.00
md_0040_0960.en        2    899 0.960000-2778.93-2480.74   13.85   -5.95    1.53 -305.37   -2.25   64.92    7.00 -286.96   -7.30  -83.33   -1.95    0.00
--> Name of file number   4:                                                     
md_0060_0940.en        1    899 0.060000-2455.91-2407.26   84.56   30.23    5.49 -295.60  126.67   57.76  136.55 -278.56   -8.04  -74.81   -1.84    0.00
md_0060_0940.en        2    899 0.940000-2764.01-2479.09   14.08   -5.47    1.79 -292.15   -3.17   64.32    6.87 -282.79   -8.20  -73.69   -1.84    0.00
--> Name of file number   5:                                                     
md_0080_0920.en        1    899 0.080000-2474.45-2410.03   78.26   29.56    5.44 -295.22  117.54   58.14  125.68 -284.35   -6.71  -69.01   -1.43    0.00
md_0080_0920.en        2    899 0.920000-2760.74-2478.02   13.99   -5.27    2.04 -291.73   -1.75   64.43    6.66 -287.24   -6.94  -68.92   -1.47    0.00
--> Name of file number   6:                                                     
md_0100_0900.en        1    899 0.100000-2502.85-2412.92   74.11   27.29    5.00 -299.34  103.00   57.79  111.58 -259.87   -7.50  -97.26   -1.08    0.00
md_0100_0900.en        2    899 0.900000-2762.53-2475.80   14.66   -4.75    1.86 -296.48   -2.02   64.72    6.75 -264.81   -7.71  -96.38   -1.06    0.00
--> Name of file number   7:                                                     
md_0120_0880.en        1    899 0.120000-2526.21-2413.94   71.03   25.96    4.70 -305.00   91.04   58.36  100.41 -252.31   -8.98 -111.05   -0.39    0.00
md_0120_0880.en        2    899 0.880000-2765.34-2472.06   15.36   -4.54    1.89 -302.85   -3.14   65.44    6.38 -258.20   -9.09 -110.09   -0.43    0.00
--> Name of file number   8:                                                     
md_0140_0860.en        1    899 0.140000-2545.05-2416.51   67.31   25.40    4.53 -305.95   80.17   57.32   89.00 -266.49   -7.97  -96.78   -0.85    0.00
md_0140_0860.en        2    899 0.860000-2761.17-2469.47   16.25   -4.33    1.94 -302.61   -2.95   64.52    6.04 -271.37   -8.25  -95.76   -0.73    0.00
--> Name of file number   9:                                                     
md_0160_0840.en        1    899 0.160000-2562.13-2420.05   62.65   23.49    4.42 -303.43   70.78   56.98   79.47 -264.94   -7.32  -95.47   -1.37    0.00
md_0160_0840.en        2    899 0.840000-2754.98-2467.33   16.56   -3.50    2.04 -300.21   -2.54   64.30    6.24 -270.50   -7.49  -94.00   -1.28    0.00
--> Name of file number  10:                                                     
md_0180_0820.en        1    899 0.180000-2573.11-2423.86   59.09   21.98    4.13 -295.60   61.16   56.66   70.16 -258.25   -7.94  -94.02   -1.06    0.00
md_0180_0820.en        2    899 0.820000-2744.06-2465.00   17.17   -3.55    2.08 -291.97   -2.79   64.17    6.23 -263.59   -8.04  -92.56   -0.98    0.00
--> Name of file number  11:                                                     
md_0200_0800.en        1    899 0.200000-2596.66-2424.84   56.20   20.29    4.16 -305.49   53.02   57.26   61.43 -258.98   -7.81 -103.77   -0.60    0.00
md_0200_0800.en        2    899 0.800000-2744.62-2460.14   18.61   -2.44    2.23 -301.01   -1.87   64.95    6.38 -265.22   -7.66 -100.74   -0.59    0.00
--> Name of file number  12:                                                     
md_0220_0780.en        1    899 0.220000-2615.38-2428.47   52.09   18.49    3.85 -305.54   44.20   56.72   52.42 -272.82   -7.54  -89.44   -0.68    0.00
md_0220_0780.en        2    899 0.780000-2741.13-2456.38   19.41   -2.71    2.17 -301.81   -1.81   65.00    6.27 -278.59   -7.39  -88.23   -0.70    0.00
--> Name of file number  13:                                                     
md_0240_0760.en        1    899 0.240000-2625.00-2431.12   49.79   18.80    3.64 -304.31   38.20   55.19   45.80 -259.67   -6.52  -99.83   -1.07    0.00
md_0240_0760.en        2    899 0.760000-2736.03-2454.05   19.86   -2.35    2.13 -299.98   -1.64   63.83    5.87 -266.23   -6.38  -97.59   -1.13    0.00
--> Name of file number  14:                                                     
md_0260_0740.en        1    899 0.260000-2628.55-2433.13   46.30   18.26    3.29 -295.74   32.46   54.86   40.23 -263.31   -7.05  -87.28   -0.72    0.00
md_0260_0740.en        2    899 0.740000-2721.34-2449.87   22.05   -2.30    1.88 -291.40   -1.71   63.12    5.96 -268.09   -6.90  -86.43   -0.77    0.00
--> Name of file number  15:                                                     
md_0280_0720.en        1    899 0.280000-2652.84-2435.56   44.04   16.56    3.26 -305.41   24.27   54.73   33.47 -266.31   -9.09  -93.83   -0.11    0.00
md_0280_0720.en        2    899 0.720000-2726.44-2445.58   23.22   -1.72    2.06 -301.18   -3.24   63.54    5.86 -271.11   -9.06  -93.61   -0.04    0.00
--> Name of file number  16:                                                     
md_0300_0700.en        1    899 0.300000-2648.44-2435.95   40.81   15.94    3.26 -293.51   21.01   55.22   30.20 -263.33   -8.66  -85.40   -0.54    0.00
md_0300_0700.en        2    899 0.700000-2709.06-2441.75   24.72   -0.79    2.20 -289.60   -3.84   63.56    5.43 -267.45   -8.71  -85.72   -0.56    0.00
--> Name of file number  17:                                                     
md_0320_0680.en        1    899 0.320000-2674.48-2440.59   38.09   14.42    3.06 -307.34   17.89   54.72   26.40 -268.30   -8.07  -93.76   -0.44    0.00
md_0320_0680.en        2    899 0.680000-2718.75-2440.10   25.48   -1.03    2.14 -303.03   -2.21   63.63    6.01 -272.57   -7.95  -94.09   -0.28    0.00
--> Name of file number  18:                                                     
md_0340_0660.en        1    899 0.340000-2687.37-2442.20   35.42   13.17    3.01 -308.70   11.92   53.95   21.35 -274.22   -9.16  -88.43   -0.27    0.00
md_0340_0660.en        2    899 0.660000-2713.04-2434.52   27.18   -0.86    2.19 -304.42   -2.62   63.86    6.56 -279.48   -8.99  -88.80   -0.18    0.00
--> Name of file number  19:                                                     
md_0360_0640.en        1    899 0.360000-2682.34-2444.56   33.37   12.92    2.78 -296.67    9.83   53.25   19.15 -272.54   -8.21  -77.38   -1.11    0.00
md_0360_0640.en        2    899 0.640000-2695.43-2432.82   28.93   -0.03    2.11 -290.86   -2.76   63.57    6.51 -278.32   -8.19  -76.11   -1.09    0.00
--> Name of file number  20:                                                     
md_0380_0620.en        1    899 0.380000-2694.75-2446.96   30.76   11.24    2.77 -302.05    9.49   55.03   17.65 -275.94   -8.23  -81.15    0.06    0.00
md_0380_0620.en        2    899 0.620000-2697.45-2431.06   29.80    0.49    2.16 -297.26   -1.58   64.90    6.57 -280.06   -8.26  -82.10    0.10    0.00
--> Name of file number  21:                                                     
md_0400_0600.en        1    899 0.400000-2712.36-2447.93   29.71   10.40    2.60 -313.18    6.05   54.98   14.90 -284.96   -8.17  -83.20   -0.68    0.00
md_0400_0600.en        2    899 0.600000-2702.39-2427.57   31.43    0.81    2.05 -306.79   -2.33   65.35    6.26 -289.62   -8.21  -82.52   -0.37    0.00
--> Name of file number  22:                                                     
md_0420_0580.en        1    899 0.420000-2730.83-2449.70   26.73   10.19    2.72 -322.30    1.53   53.02   11.22 -297.46   -8.78  -77.86   -0.91    0.00
md_0420_0580.en        2    899 0.580000-2705.93-2422.90   32.53    0.50    2.26 -315.26   -3.05   64.02    6.38 -302.17   -8.69  -77.12   -0.74    0.00
--> Name of file number  23:                                                     
md_0440_0560.en        1    899 0.440000-2732.67-2450.41   25.80    9.98    2.62 -323.24    2.58   53.32   11.37 -286.40   -8.01  -90.16   -0.79    0.00
md_0440_0560.en        2    899 0.560000-2702.38-2421.26   34.39    1.27    2.23 -316.69   -2.31   63.97    6.34 -290.61   -8.01  -90.06   -0.64    0.00
--> Name of file number  24:                                                     
md_0460_0540.en        1    899 0.460000-2740.64-2454.90   23.77    9.01    2.52 -321.90    0.86   53.40   10.20 -271.44   -8.92 -103.86   -0.43    0.00
md_0460_0540.en        2    899 0.540000-2698.43-2420.00   35.66    1.54    2.17 -316.07   -1.74   64.85    7.56 -276.21   -9.08 -104.70   -0.21    0.00
--> Name of file number  25:                                                     
md_0480_0520.en        1    899 0.480000-2715.14-2457.56   21.19    9.45    2.17 -292.56    2.16   50.07    9.78 -268.30   -8.21  -74.33    0.60    0.00
md_0480_0520.en        2    899 0.520000-2659.51-2417.66   37.70    1.40    1.87 -285.12    2.31   62.30    9.70 -273.67   -8.13  -73.76    0.75    0.00
--> Name of file number  26:                                                     
md_0500_0500.en        1    899 0.500000-2734.26-2459.22   20.17    8.37    2.62 -306.39    0.17   51.90    8.70 -260.72   -9.96  -97.56    1.43    0.00
md_0500_0500.en        2    899 0.500000-2667.58-2415.34   39.61    2.13    2.38 -297.57    1.20   63.81    9.56 -264.91  -10.01  -96.47    1.65    0.00
--> Name of file number  27:                                                     
md_0520_0480.en        1    899 0.520000-2727.99-2462.20   18.33    8.41    2.41 -293.63   -1.32   50.97    8.25 -253.89  -11.27  -90.72    1.70    0.00
md_0520_0480.en        2    899 0.480000-2648.39-2412.56   41.42    2.42    2.24 -284.26    2.36   63.23   11.64 -257.96  -11.02  -89.54    1.75    0.00
--> Name of file number  28:                                                     
md_0540_0460.en        1    899 0.540000-2744.04-2466.39   16.15    9.51    1.78 -302.99   -2.09   47.18    6.90 -256.33  -11.51  -93.84    2.52    0.00
md_0540_0460.en        2    899 0.460000-2650.73-2411.06   43.53    3.26    1.66 -293.28    5.17   61.15   13.61 -260.55  -10.92  -93.88    2.49    0.00
--> Name of file number  29:                                                     
md_0560_0440.en        1    899 0.560000-2755.92-2469.32   14.97    8.20    2.00 -308.98   -2.80   49.66    7.51 -270.52  -11.34  -88.12    1.03    0.00
md_0560_0440.en        2    899 0.440000-2653.83-2409.90   44.83    3.51    1.93 -299.63    5.42   62.71   15.31 -274.00  -11.04  -88.34    1.15    0.00
--> Name of file number  30:                                                     
md_0580_0420.en        1    899 0.580000-2760.51-2473.72   14.26    8.14    1.85 -309.21   -1.82   49.27    7.42 -272.36  -11.40  -86.12    2.17    0.00
md_0580_0420.en        2    899 0.420000-2646.83-2408.96   47.23    3.84    1.81 -299.93    9.18   62.63   18.04 -275.32  -11.03  -87.24    2.17    0.00
--> Name of file number  31:                                                     
md_0600_0400.en        1    899 0.600000-2759.69-2477.40   12.02    8.04    1.51 -300.86   -3.00   46.26    6.84 -269.02  -11.92  -78.10    2.09    0.00
md_0600_0400.en        2    899 0.400000-2632.15-2407.01   48.79    4.40    1.54 -291.20   11.34   60.73   20.82 -271.80  -11.52  -80.13    2.04    0.00
--> Name of file number  32:                                                     
md_0620_0380.en        1    899 0.620000-2771.86-2482.60   11.53    8.28    1.75 -309.41   -1.42   47.34    7.43 -275.07  -11.45  -81.68    2.61    0.00
md_0620_0380.en        2    899 0.380000-2630.89-2405.70   50.37    5.16    1.82 -299.81   17.27   61.16   25.74 -278.08  -11.17  -82.88    2.71    0.00
--> Name of file number  33:                                                     
md_0640_0360.en        1    899 0.640000-2774.31-2486.43   11.03    7.92    1.42 -305.78   -2.46   47.39    7.26 -262.87  -11.97  -90.30    2.26    0.00
md_0640_0360.en        2    899 0.360000-2617.93-2403.15   52.98    5.67    1.52 -295.55   20.60   61.89   30.07 -266.21  -11.93  -91.22    2.46    0.00
--> Name of file number  34:                                                     
md_0660_0340.en        1    899 0.660000-2779.94-2490.79   10.30    8.22    1.69 -306.44   -2.92   46.30    6.71 -262.37  -12.20  -90.36    2.57    0.00
md_0660_0340.en        2    899 0.340000-2607.26-2400.85   56.40    6.10    1.82 -295.84   25.10   61.10   34.44 -265.15  -11.88  -91.79    2.55    0.00
--> Name of file number  35:                                                     
md_0680_0320.en        1    899 0.680000-2782.73-2495.68    9.50    7.56    1.62 -301.96   -3.77   46.94    6.96 -265.28  -12.64  -83.61    1.91    0.00
md_0680_0320.en        2    899 0.320000-2596.08-2399.80   57.07    6.61    1.82 -290.66   28.87   61.83   39.32 -268.08  -12.43  -84.41    1.98    0.00
--> Name of file number  36:                                                     
md_0700_0300.en        1    899 0.700000-2793.97-2500.84    8.84    6.60    1.20 -304.77   -5.00   45.51    6.29 -268.99  -13.58  -81.29    2.29    0.00
md_0700_0300.en        2    899 0.300000-2586.82-2397.33   60.36    7.25    1.44 -293.52   34.98   61.57   45.85 -271.90  -13.33  -83.18    2.45    0.00
--> Name of file number  37:                                                     
md_0720_0280.en        1    899 0.720000-2799.69-2504.76    9.05    6.73    1.14 -305.69   -6.15   44.95    6.09 -257.65  -14.22  -92.99    1.98    0.00
md_0720_0280.en        2    899 0.280000-2575.59-2393.96   62.84    7.70    1.41 -294.16   40.58   61.44   52.69 -260.76  -14.32  -94.84    2.20    0.00
--> Name of file number  38:                                                     
md_0740_0260.en        1    899 0.740000-2799.19-2509.05    8.70    6.40    1.10 -300.65   -5.68   44.87    6.22 -251.77  -14.10  -93.75    2.20    0.00
md_0740_0260.en        2    899 0.260000-2557.89-2391.99   65.55    8.34    1.41 -288.84   47.64   61.55   59.51 -255.33  -14.14  -95.06    2.26    0.00
--> Name of file number  39:                                                     
md_0760_0240.en        1    899 0.760000-2807.47-2514.35    8.08    5.68    1.09 -303.05   -4.90   44.83    6.42 -255.07  -13.74  -92.82    2.42    0.00
md_0760_0240.en        2    899 0.240000-2544.95-2390.17   68.51    8.46    1.43 -290.39   57.20   61.51   68.31 -257.71  -13.74  -94.19    2.63    0.00
--> Name of file number  40:                                                     
md_0780_0220.en        1    899 0.780000-2807.99-2518.11    8.20    5.79    1.42 -300.97   -4.31   45.69    6.72 -263.13  -13.30  -83.53    2.26    0.00
md_0780_0220.en        2    899 0.220000-2529.61-2388.41   70.71    9.04    1.79 -287.56   64.81   61.99   75.59 -265.92  -13.27  -83.63    2.49    0.00
--> Name of file number  41:                                                     
md_0800_0200.en        1    899 0.800000-2813.25-2521.52    8.10    5.36    1.47 -302.29   -4.36   44.92    6.74 -263.67  -13.40  -83.54    2.30    0.00
md_0800_0200.en        2    899 0.200000-2515.45-2385.89   73.68    9.28    1.87 -288.68   74.30   61.74   85.12 -265.94  -13.41  -84.48    2.59    0.00
--> Name of file number  42:                                                     
md_0820_0180.en        1    899 0.820000-2818.92-2524.39    8.12    5.56    1.39 -303.10   -6.49   43.89    6.33 -264.84  -14.92  -82.16    2.10    0.00
md_0820_0180.en        2    899 0.180000-2500.43-2382.54   78.40   10.03    1.81 -289.30   81.17   61.62   93.85 -267.94  -14.96  -82.98    2.28    0.00
--> Name of file number  43:                                                     
md_0840_0160.en        1    899 0.840000-2817.41-2527.52    8.08    5.24    1.60 -298.84   -5.97   44.36    6.96 -263.26  -14.72  -79.93    1.79    0.00
md_0840_0160.en        2    899 0.160000-2482.85-2380.90   80.56   10.62    2.05 -284.34   89.15   61.80  102.16 -267.34  -14.85  -78.80    1.85    0.00
--> Name of file number  44:                                                     
md_0860_0140.en        1    899 0.860000-2818.18-2531.07    8.10    4.75    1.39 -295.92   -5.44   43.30    6.70 -256.36  -14.31  -82.86    2.17    0.00
md_0860_0140.en        2    899 0.140000-2462.38-2378.47   84.69   10.88    1.86 -281.77  100.43   61.56  112.66 -260.27  -14.48  -83.06    2.25    0.00
--> Name of file number  45:                                                     
md_0880_0120.en        1    899 0.880000-2821.04-2533.05    8.91    4.61    1.14 -295.97   -6.69   42.60    6.15 -252.24  -14.15  -86.33    1.31    0.00
md_0880_0120.en        2    899 0.120000-2443.52-2375.25   90.55   11.75    1.62 -281.65  109.46   61.72  122.42 -256.35  -14.29  -87.02    1.32    0.00
--> Name of file number  46:                                                     
md_0900_0100.en        1    899 0.900000-2831.61-2535.84    8.21    4.56    1.16 -304.38   -5.32   42.70    6.40 -261.82  -14.08  -85.26    2.36    0.00
md_0900_0100.en        2    899 0.100000-2435.49-2373.83   92.14   12.06    1.67 -289.49  121.96   61.90  133.71 -264.90  -14.20  -86.49    2.45    0.00
--> Name of file number  47:                                                     
md_0920_0080.en        1    899 0.920000-2817.95-2537.28    8.25    4.08    1.33 -290.59   -3.74   42.21    6.88 -268.48  -12.47  -64.32    1.86    0.00
md_0920_0080.en        2    899 0.080000-2399.46-2371.09   97.60   12.53    1.82 -275.62  135.29   61.67  145.77 -272.02  -12.20  -65.27    1.72    0.00
--> Name of file number  48:                                                     
md_0940_0060.en        1    899 0.940000-2828.60-2539.39    8.64    3.42    1.38 -298.62   -4.03   40.96    7.07 -262.16  -13.21  -77.43    2.12    0.00
md_0940_0060.en        2    899 0.060000-2384.99-2368.97  105.77   13.14    1.89 -283.74  146.92   61.00  157.97 -265.41  -13.02  -79.33    1.97    0.00
--> Name of file number  49:                                                     
md_0960_0040.en        1    899 0.960000-2837.09-2541.40    8.15    3.75    1.57 -305.78   -3.38   41.88    7.39 -252.31  -12.83  -95.34    2.06    0.00
md_0960_0040.en        2    899 0.040000-2373.77-2367.66  107.05   13.51    2.10 -289.10  160.32   61.93  171.00 -256.55  -12.76  -94.47    2.08    0.00
--> Name of file number  50:                                                     
md_0980_0020.en        1    899 0.980000-2831.71-2541.61    7.99    2.56    1.76 -298.34   -4.08   39.78    7.50 -251.74  -12.82  -86.38    1.24    0.00
md_0980_0020.en        2    899 0.020000-2332.27-2364.37  122.73   15.27    2.30 -281.34  173.14   61.25  184.75 -256.80  -12.69  -85.80    1.07    0.00
--> Name of file number  51:                                                     
md_1000_0000.en        1    899 1.000000-2827.59-2542.73    7.91    1.63    2.24 -294.17   -2.47   38.55    7.81 -266.24  -11.37  -66.48    1.10    0.00
md_1000_0000.en        2    899 0.000000-2296.18-2363.09  134.88   16.89    2.77 -277.86  190.22   60.80  200.44 -272.01  -11.19  -66.66    0.97    0.00


# Part 1: Free energy perturbation summary:
# lambda(1)      dGf sum(dGf)      dGr sum(dGr)     <dG>
   0.000000    0.000    0.000   -9.691  -19.972    0.000
   0.020000   10.075   10.075   -8.830  -10.281    9.883
   0.040000    9.139   19.214   -8.278   -1.451   18.867
   0.060000    8.304   27.518   -7.738    6.826   27.158
   0.080000    7.730   35.248   -7.226   14.565   34.892
   0.100000    7.372   42.620   -6.820   21.790   42.191
   0.120000    6.799   49.419   -6.350   28.611   49.001
   0.140000    6.405   55.824   -5.864   34.960   55.378
   0.160000    5.946   61.770   -5.431   40.824   61.283
   0.180000    5.492   67.262   -4.958   46.256   66.745
   0.200000    5.054   72.315   -4.541   51.213   71.750
   0.220000    4.599   76.914   -4.236   55.755   76.321
   0.240000    4.140   81.055   -3.866   59.991   80.509
   0.260000    3.856   84.911   -3.484   63.856   84.370
   0.280000    3.494   88.405   -3.173   67.340   87.859
   0.300000    3.108   91.512   -2.832   70.513   90.999
   0.320000    2.897   94.409   -2.475   73.345   93.864
   0.340000    2.593   97.003   -2.212   75.821   96.398
   0.360000    2.201   99.203   -2.001   78.032   98.604
   0.380000    1.957  101.160   -1.746   80.034  100.583
   0.400000    1.758  102.918   -1.414   81.779  102.335
   0.420000    1.507  104.425   -1.316   83.193  103.795
   0.440000    1.241  105.665   -1.073   84.509  105.073
   0.460000    1.118  106.783   -0.803   85.582  106.169
   0.480000    0.888  107.671   -0.584   86.385  107.014
   0.500000    0.621  108.292   -0.316   86.968  107.616
   0.520000    0.394  108.687   -0.054   87.284  107.971
   0.540000    0.140  108.826    0.123   87.338  108.068
   0.560000   -0.150  108.676    0.345   87.216  107.932
   0.580000   -0.318  108.358    0.617   86.870  107.600
   0.600000   -0.563  107.795    0.879   86.253  107.010
   0.620000   -0.843  106.952    1.179   85.375  106.149
   0.640000   -1.119  105.833    1.479   84.196  105.000
   0.660000   -1.439  104.393    1.757   82.716  103.541
   0.680000   -1.783  102.611    2.176   80.960  101.771
   0.700000   -2.067  100.544    2.502   78.784   99.650
   0.720000   -2.474   98.070    2.831   76.282   97.162
   0.740000   -2.819   95.251    3.299   73.451   94.337
   0.760000   -3.173   92.078    3.572   70.152   91.101
   0.780000   -3.559   88.519    3.962   66.580   87.535
   0.800000   -3.910   84.608    4.398   62.618   83.599
   0.820000   -4.307   80.301    4.699   58.219   79.246
   0.840000   -4.694   75.607    5.133   53.520   74.550
   0.860000   -5.037   70.570    5.540   48.388   69.465
   0.880000   -5.458   65.112    5.929   42.847   63.966
   0.900000   -5.938   59.174    6.318   36.918   58.032
   0.920000   -6.288   52.885    6.844   30.600   51.729
   0.940000   -6.787   46.099    7.254   23.756   44.914
   0.960000   -7.256   38.843    7.947   16.502   37.659
   0.980000   -7.640   31.203    8.555    8.555   29.865
   1.000000   -8.400   22.803    0.000    0.000   21.388

# Min energy-gap is:   -534.32
# Max energy-gap is:    628.66


# Part 2: Reaction free energy summary:
# Lambda(1)  bin Energy gap      dGa     dGb     dGg    # pts    c1**2    c2**2
   0.000000   44     477.47   468.35     0.00   -16.85    121    0.033    0.967
   0.000000   45     500.73   491.19     0.00   -16.17    236    0.030    0.970
   0.000000   46     523.99   514.69     0.00   -15.52    267    0.028    0.972
   0.000000   47     547.25   537.54     0.00   -14.92    167    0.026    0.974
   0.000000   48     570.51   560.76     0.00   -14.39     55    0.024    0.976
   0.020000   42     430.95   423.63     1.20   -17.29    136    0.039    0.961
   0.020000   43     454.21   445.88     0.76   -16.90    229    0.036    0.964
   0.020000   44     477.47   468.50     0.33   -16.58    272    0.033    0.967
   0.020000   45     500.73   491.74    -0.11   -16.31    160    0.031    0.969
   0.020000   46     523.99   513.83    -0.55   -16.11     64    0.028    0.972
   0.040000   40     384.43   379.64     3.31   -17.11     91    0.048    0.952
   0.040000   41     407.69   401.25     2.46   -16.99    232    0.044    0.956
   0.040000   42     430.95   423.48     1.58   -16.96    282    0.040    0.960
   0.040000   43     454.21   445.96     0.67   -17.00    193    0.036    0.964
   0.040000   44     477.47   467.80    -0.20   -17.12     64    0.033    0.967
   0.060000   39     361.18   358.52     5.19   -16.35    124    0.053    0.947
   0.060000   40     384.43   379.72     3.90   -16.56    279    0.048    0.952
   0.060000   41     407.69   401.63     2.61   -16.86    266    0.044    0.956
   0.060000   42     430.95   423.31     1.30   -17.26    154    0.040    0.960
   0.060000   43     454.21   444.84    -0.07   -17.75     39    0.037    0.963
   0.080000   38     337.92   337.46     7.46   -15.35     92    0.059    0.941
   0.080000   39     361.18   358.74     5.71   -15.87    292    0.054    0.946
   0.080000   40     384.43   379.92     3.97   -16.50    306    0.049    0.951
   0.080000   41     407.69   400.90     2.24   -17.25    170    0.044    0.956
   0.100000   37     314.66   317.23    10.22   -14.01    131    0.067    0.933
   0.100000   38     337.92   338.12     8.01   -14.83    265    0.060    0.940
   0.100000   39     361.18   358.97     5.76   -15.81    307    0.054    0.946
   0.100000   40     384.43   379.48     3.62   -16.87    137    0.049    0.951
   0.100000   41     407.69   400.52     1.38   -18.08     32    0.044    0.956
   0.120000   36     291.40   299.51    13.32   -12.47    109    0.075    0.925
   0.120000   37     314.66   318.09    10.68   -13.54    292    0.067    0.933
   0.120000   38     337.92   338.65     7.96   -14.84    293    0.060    0.940
   0.120000   39     361.18   358.81     5.30   -16.25    148    0.054    0.946
   0.120000   40     384.43   378.94     2.85   -17.66     38    0.049    0.951
   0.140000   35     268.14   278.43    17.00   -10.60    101    0.086    0.914
   0.140000   36     291.40   298.16    13.86   -11.94    269    0.076    0.924
   0.140000   37     314.66   317.89    10.72   -13.48    320    0.068    0.932
   0.140000   38     337.92   337.79     7.89   -15.04    144    0.061    0.939
   0.140000   39     361.18   357.59     4.64   -16.95     42    0.055    0.945
   0.160000   34     244.88   260.04    21.06    -8.55    112    0.098    0.902
   0.160000   35     268.14   278.85    17.59   -10.04    268    0.087    0.913
   0.160000   36     291.40   298.33    13.96   -11.85    309    0.077    0.923
   0.160000   37     314.66   317.98    10.31   -13.89    176    0.068    0.932
   0.180000   33     221.62   241.37    25.58    -6.33     88    0.112    0.888
   0.180000   34     244.88   260.32    21.63    -8.02    280    0.098    0.902
   0.180000   35     268.14   279.09    17.70    -9.92    302    0.088    0.912
   0.180000   36     291.40   297.97    13.56   -12.22    174    0.077    0.923
   0.180000   37     314.66   316.61     9.98   -14.40     42    0.069    0.931
   0.200000   32     198.36   225.56    30.65    -3.99     92    0.129    0.871
   0.200000   33     221.62   241.95    26.14    -5.78    248    0.114    0.886
   0.200000   34     244.88   260.59    21.81    -7.88    348    0.100    0.900
   0.200000   35     268.14   278.78    17.46   -10.22    172    0.088    0.912
   0.220000   31     175.10   205.96    36.14    -1.60     83    0.151    0.849
   0.220000   32     198.36   224.07    31.32    -3.37    268    0.131    0.869
   0.220000   33     221.62   242.26    26.29    -5.66    305    0.114    0.886
   0.220000   34     244.88   260.09    21.60    -8.08    181    0.101    0.899
   0.220000   35     268.14   278.12    16.45   -11.13     45    0.088    0.912
   0.240000   30     151.84   190.83    42.39     0.90     34    0.178    0.822
   0.240000   31     175.10   207.59    36.90    -0.92    208    0.152    0.848
   0.240000   32     198.36   224.57    31.40    -3.20    318    0.133    0.867
   0.240000   33     221.62   241.99    25.97    -5.93    243    0.115    0.885
   0.240000   34     244.88   259.61    20.67    -8.90     85    0.101    0.899
   0.260000   30     151.84   190.63    42.93     1.55    159    0.177    0.823
   0.260000   31     175.10   207.58    37.11    -0.64    298    0.154    0.846
   0.260000   32     198.36   224.46    31.34    -3.29    295    0.134    0.866
   0.260000   33     221.62   241.56    25.70    -6.34    102    0.116    0.884
   0.280000   29     128.58   174.61    49.70     4.02    124    0.208    0.792
   0.280000   30     151.84   191.03    43.37     1.98    297    0.179    0.821
   0.280000   31     175.10   207.60    37.11    -0.65    291    0.155    0.845
   0.280000   32     198.36   224.02    30.93    -3.74    145    0.135    0.865
   0.300000   28     105.32   158.93    57.22     6.31     34    0.245    0.755
   0.300000   29     128.58   175.37    50.22     4.52    229    0.209    0.791
   0.300000   30     151.84   191.16    43.42     2.05    373    0.181    0.819
   0.300000   31     175.10   206.97    36.90    -0.91    225    0.157    0.843
   0.300000   32     198.36   223.47    30.72    -4.21     34    0.136    0.864
   0.320000   28     105.32   160.23    57.79     6.96    152    0.245    0.755
   0.320000   29     128.58   175.58    50.45     4.77    395    0.211    0.789
   0.320000   30     151.84   191.01    43.37     1.95    282    0.183    0.817
   0.320000   31     175.10   206.59    36.17    -1.59     65    0.158    0.842
   0.340000   27      82.06   145.53    65.91     9.11    105    0.290    0.710
   0.340000   28     105.32   160.51    58.09     7.39    344    0.249    0.751
   0.340000   29     128.58   175.32    50.43     4.77    331    0.214    0.786
   0.340000   30     151.84   190.38    43.05     1.56    104    0.185    0.815
   0.360000   26      58.80   131.21    74.17    10.68     40    0.336    0.664
   0.360000   27      82.06   146.45    66.11     9.54    223    0.289    0.711
   0.360000   28     105.32   160.41    58.16     7.43    404    0.251    0.749
   0.360000   29     128.58   175.02    50.05     4.42    205    0.217    0.783
   0.380000   26      58.80   132.98    75.00    11.40     88    0.338    0.662
   0.380000   27      82.06   146.55    66.43     9.81    358    0.291    0.709
   0.380000   28     105.32   160.30    58.02     7.33    356    0.254    0.746
   0.380000   29     128.58   174.78    49.43     3.74     82    0.216    0.784
   0.400000   26      58.80   133.81    75.53    11.89    231    0.339    0.661
   0.400000   27      82.06   146.58    66.59     9.98    417    0.296    0.704
   0.400000   28     105.32   160.24    57.57     6.94    195    0.255    0.745
   0.420000   25      35.54   120.28    85.21    13.37     95    0.392    0.608
   0.420000   26      58.80   133.34    75.85    12.19    457    0.345    0.655
   0.420000   27      82.06   146.22    66.64     9.89    305    0.300    0.700
   0.420000   28     105.32   159.68    59.02     7.06     36    0.260    0.740
   0.440000   25      35.54   121.60    85.69    13.86    180    0.395    0.605
   0.440000   26      58.80   133.42    75.86    12.22    455    0.346    0.654
   0.440000   27      82.06   146.05    65.97     9.40    225    0.301    0.699
   0.460000   24      12.28   110.02    96.33    15.01     53    0.454    0.546
   0.460000   25      35.54   121.48    86.08    14.21    370    0.400    0.600
   0.460000   26      58.80   133.30    76.04    12.23    386    0.351    0.649
   0.460000   27      82.06   145.74    65.21     8.80     89    0.302    0.698
   0.480000   24      12.28   109.78    96.93    15.53    220    0.456    0.544
   0.480000   25      35.54   121.31    86.23    14.38    446    0.405    0.595
   0.480000   26      58.80   132.82    75.93    12.07    205    0.357    0.643
   0.500000   23     -10.98    99.45   108.49    16.11     73    0.516    0.484
   0.500000   24      12.28   110.03    97.29    15.85    361    0.462    0.538
   0.500000   25      35.54   121.09    86.29    14.31    383    0.410    0.590
   0.500000   26      58.80   132.48    76.65    11.70     79    0.357    0.643
   0.520000   23     -10.98    99.50   109.06    16.59    207    0.521    0.479
   0.520000   24      12.28   110.24    97.38    15.93    490    0.465    0.535
   0.520000   25      35.54   120.85    85.99    14.02    176    0.413    0.587
   0.540000   22     -34.24    89.21   121.52    16.48    104    0.582    0.418
   0.540000   23     -10.98    99.68   109.29    16.86    390    0.525    0.475
   0.540000   24      12.28   109.86    97.34    15.86    348    0.472    0.528
   0.540000   25      35.54   120.14    84.88    13.23     51    0.416    0.584
   0.560000   22     -34.24    90.02   121.95    17.01    189    0.583    0.417
   0.560000   23     -10.98    99.72   109.59    16.95    471    0.531    0.469
   0.560000   24      12.28   109.48    96.86    15.51    204    0.476    0.524
   0.580000   21     -57.50    80.92   135.95    16.44     89    0.641    0.359
   0.580000   22     -34.24    90.40   122.32    17.31    347    0.588    0.412
   0.580000   23     -10.98    99.56   109.38    16.82    372    0.533    0.467
   0.580000   24      12.28   108.98    97.44    15.16     83    0.479    0.521
   0.600000   20     -80.76    72.51   149.64    15.22     37    0.691    0.309
   0.600000   21     -57.50    81.68   135.99    16.94    226    0.644    0.356
   0.600000   22     -34.24    90.34   122.62    17.39    439    0.592    0.408
   0.600000   23     -10.98    99.22   109.63    16.56    174    0.539    0.461
   0.620000   20     -80.76    72.99   150.64    15.82    113    0.696    0.304
   0.620000   21     -57.50    81.64   136.48    17.18    389    0.647    0.353
   0.620000   22     -34.24    90.00   122.60    17.25    319    0.599    0.401
   0.620000   23     -10.98    98.68   108.35    15.91     59    0.541    0.459
   0.640000   19    -104.02    65.81   165.83    14.43     73    0.740    0.260
   0.640000   20     -80.76    73.86   150.96    16.36    300    0.697    0.303
   0.640000   21     -57.50    81.65   136.60    17.17    366    0.652    0.348
   0.640000   22     -34.24    89.71   122.23    16.82    143    0.600    0.400
   0.660000   18    -127.28    57.87   181.26    12.14     39    0.781    0.219
   0.660000   19    -104.02    66.06   166.26    14.89    236    0.743    0.257
   0.660000   20     -80.76    73.68   150.97    16.43    372    0.702    0.298
   0.660000   21     -57.50    81.32   135.91    16.89    209    0.655    0.345
   0.660000   22     -34.24    89.07   122.11    16.10     36    0.602    0.398
   0.680000   18    -127.28    59.36   182.03    13.19    135    0.781    0.219
   0.680000   19    -104.02    66.38   166.47    15.18    347    0.746    0.254
   0.680000   20     -80.76    73.48   151.05    16.27    300    0.706    0.294
   0.680000   21     -57.50    80.76   135.45    16.34     90    0.659    0.341
   0.700000   17    -150.54    52.81   198.60    11.06    112    0.815    0.185
   0.700000   18    -127.28    59.61   182.51    13.49    321    0.785    0.215
   0.700000   19    -104.02    66.44   166.51    15.15    337    0.748    0.252
   0.700000   20     -80.76    73.05   151.17    15.82    111    0.708    0.292
   0.720000   16    -173.80    47.24   215.39     9.25     68    0.840    0.160
   0.720000   17    -150.54    53.33   199.10    11.60    280    0.817    0.183
   0.720000   18    -127.28    59.68   182.58    13.57    346    0.786    0.214
   0.720000   19    -104.02    65.89   166.31    14.75    174    0.751    0.249
   0.740000   15    -197.06    42.19   232.93     7.15     50    0.863    0.137
   0.740000   16    -173.80    47.81   216.34     9.71    210    0.843    0.157
   0.740000   17    -150.54    53.55   199.18    11.78    353    0.818    0.182
   0.740000   18    -127.28    59.43   182.66    13.32    225    0.788    0.212
   0.740000   19    -104.02    65.33   164.95    14.07     54    0.753    0.247
   0.760000   15    -197.06    42.75   233.56     7.84    190    0.864    0.136
   0.760000   16    -173.80    48.08   216.43     9.95    389    0.844    0.156
   0.760000   17    -150.54    53.32   198.98    11.58    255    0.820    0.180
   0.760000   18    -127.28    58.85   183.92    12.67     34    0.791    0.209
   0.780000   14    -220.32    38.26   251.96     5.98    123    0.883    0.117
   0.780000   15    -197.06    43.10   234.10     8.14    349    0.865    0.135
   0.780000   16    -173.80    47.86   216.68     9.82    288    0.846    0.154
   0.780000   17    -150.54    52.92   199.40    11.11     99    0.821    0.179
   0.800000   13    -243.58    34.34   270.99     4.40     88    0.898    0.102
   0.800000   14    -220.32    38.54   252.42     6.35    319    0.884    0.116
   0.800000   15    -197.06    43.00   234.11     8.11    330    0.867    0.133
   0.800000   16    -173.80    47.63   215.96     9.47    123    0.846    0.154
   0.820000   12    -266.83    30.82   290.24     2.96     84    0.911    0.089
   0.820000   13    -243.58    34.79   271.23     4.86    279    0.898    0.102
   0.820000   14    -220.32    38.62   252.72     6.40    374    0.885    0.115
   0.820000   15    -197.06    42.61   234.19     7.71    132    0.868    0.132
   0.840000   11    -290.09    27.80   309.91     1.78     43    0.921    0.079
   0.840000   12    -266.83    31.32   290.87     3.47    239    0.912    0.088
   0.840000   13    -243.58    34.87   271.48     4.96    328    0.900    0.100
   0.840000   14    -220.32    38.33   252.18     6.13    225    0.886    0.114
   0.840000   15    -197.06    41.76   234.82     6.98     58    0.871    0.129
   0.860000   10    -313.35    25.77   330.44     1.10     41    0.930    0.070
   0.860000   11    -290.09    28.57   310.65     2.48    199    0.922    0.078
   0.860000   12    -266.83    31.55   290.95     3.71    356    0.912    0.088
   0.860000   13    -243.58    34.61   271.61     4.73    233    0.901    0.099
   0.860000   14    -220.32    37.72   254.29     5.51     62    0.887    0.113
   0.880000    9    -336.61    23.54   351.52     0.44     59    0.938    0.062
   0.880000   10    -313.35    26.17   331.28     1.68    174    0.931    0.069
   0.880000   11    -290.09    28.77   311.12     2.71    309    0.923    0.077
   0.880000   12    -266.83    31.37   290.85     3.56    265    0.913    0.087
   0.880000   13    -243.58    33.94   272.81     4.14     79    0.902    0.098
   0.900000    9    -336.61    24.22   352.71     1.17    145    0.939    0.061
   0.900000   10    -313.35    26.44   331.69     1.97    319    0.932    0.068
   0.900000   11    -290.09    28.64   311.16     2.58    293    0.923    0.077
   0.900000   12    -266.83    30.76   290.36     2.98    107    0.914    0.086
   0.920000    7    -383.13    21.26   395.08     0.51     42    0.950    0.050
   0.920000    8    -359.87    22.82   374.09     1.07    147    0.945    0.055
   0.920000    9    -336.61    24.63   352.73     1.58    281    0.939    0.061
   0.920000   10    -313.35    26.41   331.69     1.93    278    0.932    0.068
   0.920000   11    -290.09    28.12   310.67     2.11    119    0.924    0.076
   0.940000    6    -406.39    20.77   417.50     0.99     38    0.955    0.045
   0.940000    7    -383.13    21.97   395.90     1.26    163    0.951    0.049
   0.940000    8    -359.87    23.21   374.30     1.43    306    0.946    0.054
   0.940000    9    -336.61    24.55   352.36     1.49    263    0.940    0.060
   0.940000   10    -313.35    25.81   331.58     1.42    109    0.933    0.067
   0.960000    6    -406.39    21.47   418.55     1.78    139    0.955    0.045
   0.960000    7    -383.13    22.32   396.14     1.63    300    0.951    0.049
   0.960000    8    -359.87    23.20   374.19     1.37    287    0.946    0.054
   0.960000    9    -336.61    23.99   352.14     1.04    126    0.940    0.060
   0.980000    4    -452.91    20.84   464.09     3.01     91    0.963    0.037
   0.980000    5    -429.65    21.30   441.45     2.58    217    0.960    0.040
   0.980000    6    -406.39    21.72   418.87     2.10    291    0.956    0.044
   0.980000    7    -383.13    22.16   396.51     1.53    221    0.952    0.048
   0.980000    8    -359.87    22.59   375.28     0.87     59    0.947    0.053
   1.000000    2    -499.43    21.39   511.20     5.04     43    0.969    0.031
   1.000000    3    -476.17    21.39   487.62     4.31    124    0.966    0.034
   1.000000    4    -452.91    21.39   464.93     3.56    249    0.964    0.036
   1.000000    5    -429.65    21.39   442.08     2.75    283    0.960    0.040
   1.000000    6    -406.39    21.39   418.37     1.77    147    0.956    0.044
   1.000000    7    -383.13    21.39   395.73     0.78     44    0.952    0.048


# Part 3: Bin-averaged summary:
# bin  energy gap  <dGg> <dGg norm> pts  <c1**2> <c2**2> <r_xy>
   2   -499.43     5.04    22.16     43   0.969   0.031   1.404
   3   -476.17     4.31    21.43    124   0.966   0.034   1.423
   4   -452.91     3.42    20.53    340   0.963   0.037   1.435
   5   -429.65     2.67    19.79    500   0.960   0.040   1.450
   6   -406.39     1.88    19.00    615   0.956   0.044   1.464
   7   -383.13     1.41    18.53    770   0.951   0.049   1.485
   8   -359.87     1.30    18.42    799   0.946   0.054   1.505
   9   -336.61     1.33    18.45    874   0.939   0.061   1.533
  10   -313.35     1.80    18.92    921   0.932   0.068   1.565
  11   -290.09     2.51    19.63    963   0.923   0.077   1.600
  12   -266.83     3.48    20.60   1051   0.912   0.088   1.633
  13   -243.58     4.77    21.89   1007   0.900   0.100   1.672
  14   -220.32     6.24    23.35   1103   0.885   0.115   1.713
  15   -197.06     7.92    25.04   1109   0.866   0.134   1.764
  16   -173.80     9.77    26.89   1078   0.844   0.156   1.820
  17   -150.54    11.55    28.67   1099   0.818   0.182   1.876
  18   -127.28    13.37    30.49   1100   0.786   0.214   1.940
  19   -104.02    14.96    32.08   1221   0.747   0.253   2.024
  20    -80.76    16.23    33.34   1233   0.701   0.299   2.104
  21    -57.50    16.99    34.11   1369   0.649   0.351   2.202
  22    -34.24    17.16    34.28   1577   0.592   0.408   2.319
  23    -10.98    16.75    33.87   1746   0.530   0.470   2.464
  24     12.28    15.74    32.85   1759   0.466   0.534   2.604
  25     35.54    14.14    31.26   1701   0.405   0.595   2.733
  26     58.80    12.07    29.19   1941   0.347   0.653   2.851
  27     82.06     9.68    26.80   1722   0.296   0.704   2.914
  28    105.32     7.25    24.37   1521   0.251   0.749   2.943
  29    128.58     4.54    21.66   1366   0.212   0.788   2.986
  30    151.84     1.88    18.99   1249   0.181   0.819   3.036
  31    175.10    -0.87    16.25   1170   0.154   0.846   3.073
  32    198.36    -3.42    13.69   1152   0.133   0.867   3.105
  33    221.62    -5.89    11.23    986   0.114   0.886   3.138
  34    244.88    -8.11     9.00   1006   0.099   0.901   3.169
  35    268.14   -10.15     6.96    888   0.087   0.913   3.193
  36    291.40   -12.03     5.09    861   0.076   0.924   3.235
  37    314.66   -13.68     3.43    961   0.068   0.932   3.263
  38    337.92   -14.93     2.19    794   0.060   0.940   3.284
  39    361.18   -16.03     1.09    913   0.054   0.946   3.313
  40    384.43   -16.70     0.42    851   0.048   0.952   3.334
  41    407.69   -17.05     0.06    700   0.044   0.956   3.382
  42    430.95   -17.12     0.00    572   0.040   0.960   3.430
  43    454.21   -17.01     0.10    461   0.036   0.964   3.477
  44    477.47   -16.73     0.39    457   0.033   0.967   3.504
  45    500.73   -16.23     0.89    396   0.030   0.970   3.561
  46    523.99   -15.64     1.48    331   0.028   0.972   3.605
  47    547.25   -14.92     2.20    167   0.026   0.974   3.650
  48    570.51   -14.39     2.73     55   0.024   0.976   3.661


# Part 4: Termodynamic integration:
# lambda(1)      dGti    sum(dGti) 
   0.000000    0.000    0.000
   0.020000 -518.309    9.889
   0.040000 -470.614   18.877
   0.060000 -428.132   27.150
   0.080000 -399.202   34.916
   0.100000 -377.398   42.198
   0.120000 -350.782   49.008
   0.140000 -330.226   55.382
   0.160000 -307.222   61.294
   0.180000 -283.949   66.754
   0.200000 -262.054   71.765
   0.220000 -239.058   76.324
   0.240000 -216.852   80.514
   0.260000 -202.124   84.374
   0.280000 -183.894   87.860
   0.300000 -164.698   91.024
   0.320000 -151.717   93.895
   0.340000 -135.375   96.417
   0.360000 -116.764   98.626
   0.380000 -104.194  100.606
   0.400000  -93.805  102.356
   0.420000  -81.132  103.829
   0.440000  -66.196  105.099
   0.460000  -60.810  106.196
   0.480000  -48.899  107.040
   0.500000  -35.461  107.638
   0.520000  -24.419  107.998
   0.540000  -11.501  108.091
   0.560000    2.207  107.959
   0.580000   10.999  107.623
   0.600000   22.579  107.033
   0.620000   36.443  106.169
   0.640000   49.878  105.018
   0.660000   65.273  103.549
   0.680000   81.580  101.778
   0.700000   95.550   99.662
   0.720000  116.055   97.171
   0.740000  132.995   94.340
   0.760000  150.194   91.123
   0.780000  171.412   87.537
   0.800000  187.274   83.597
   0.820000  206.693   79.256
   0.840000  227.387   74.548
   0.860000  243.459   69.466
   0.880000  264.702   63.955
   0.900000  286.421   58.040
   0.920000  305.015   51.716
   0.940000  327.392   44.917
   0.960000  352.515   37.670
   0.980000  372.223   29.864
   1.000000  408.345   21.378


# Part 5: Overlap sampling Lu et al:
# lambda(1)      dG    sum(dG) 
   0.000000    0.000    0.000
   0.020000    9.885    9.885
   0.040000    8.985   18.870
   0.060000    8.276   27.146
   0.080000    7.749   34.895
   0.100000    7.290   42.186
   0.120000    6.809   48.995
   0.140000    6.374   55.369
   0.160000    5.909   61.278
   0.180000    5.460   66.738
   0.200000    5.008   71.746
   0.220000    4.565   76.311
   0.240000    4.188   80.499
   0.260000    3.860   84.359
   0.280000    3.487   87.846
   0.300000    3.152   90.998
   0.320000    2.867   93.865
   0.340000    2.527   96.392
   0.360000    2.207   98.599
   0.380000    1.979  100.578
   0.400000    1.750  102.327
   0.420000    1.466  103.794
   0.440000    1.274  105.067
   0.460000    1.096  106.163
   0.480000    0.844  107.007
   0.500000    0.600  107.607
   0.520000    0.357  107.964
   0.540000    0.096  108.060
   0.560000   -0.134  107.926
   0.580000   -0.333  107.593
   0.600000   -0.590  107.003
   0.620000   -0.862  106.142
   0.640000   -1.149  104.992
   0.660000   -1.464  103.528
   0.680000   -1.771  101.758
   0.700000   -2.117   99.640
   0.720000   -2.489   97.151
   0.740000   -2.828   94.323
   0.760000   -3.226   91.097
   0.780000   -3.577   87.520
   0.800000   -3.938   83.581
   0.820000   -4.347   79.235
   0.840000   -4.703   74.532
   0.860000   -5.083   69.449
   0.880000   -5.503   63.945
   0.900000   -5.922   58.023
   0.920000   -6.312   51.711
   0.940000   -6.807   44.905
   0.960000   -7.251   37.654
   0.980000   -7.798   29.856
   1.000000   -8.480   21.375


# lambda(1)      dG    sum(dG) 
# Part 6: BAR Bennet:
   0.000000    0.000    0.000
   0.020000    9.885    9.885
   0.040000    8.984   18.870
   0.060000    8.269   27.138
   0.080000    7.759   34.897
   0.100000    7.284   42.181
   0.120000    6.809   48.990
   0.140000    6.372   55.361
   0.160000    5.911   61.272
   0.180000    5.459   66.732
   0.200000    5.010   71.742
   0.220000    4.561   76.303
   0.240000    4.188   80.491
   0.260000    3.859   84.350
   0.280000    3.486   87.835
   0.300000    3.162   90.997
   0.320000    2.869   93.866
   0.340000    2.521   96.387
   0.360000    2.209   98.595
   0.380000    1.979  100.574
   0.400000    1.748  102.322
   0.420000    1.470  103.793
   0.440000    1.269  105.062
   0.460000    1.096  106.158
   0.480000    0.842  107.001
   0.500000    0.598  107.599
   0.520000    0.359  107.958
   0.540000    0.095  108.053
   0.560000   -0.131  107.921
   0.580000   -0.335  107.587
   0.600000   -0.589  106.997
   0.620000   -0.862  106.135
   0.640000   -1.150  104.985
   0.660000   -1.467  103.518
   0.680000   -1.771  101.747
   0.700000   -2.115   99.632
   0.720000   -2.490   97.142
   0.740000   -2.832   94.311
   0.760000   -3.219   91.091
   0.780000   -3.586   87.506
   0.800000   -3.940   83.566
   0.820000   -4.343   79.223
   0.840000   -4.708   74.515
   0.860000   -5.082   69.433
   0.880000   -5.506   63.927
   0.900000   -5.912   58.014
   0.920000   -6.318   51.696
   0.940000   -6.800   44.896
   0.960000   -7.248   37.648
   0.980000   -7.800   29.848
   1.000000   -8.481   21.367
