Starting job 5494460 on c2-42 at Fri Apr 22 14:42:31 CEST 2022

The following modules were not unloaded:
  (Use "module --force purge" to unload all):

  1) StdEnv

Task and CPU usage stats:
       JobID    JobName  AllocCPUS   NTasks     MinCPU MinCPUTask     AveCPU    Elapsed ExitCode 
------------ ---------- ---------- -------- ---------- ---------- ---------- ---------- -------- 
5494460          run.sh         20                                           1-19:02:17      0:0 
5494460.bat+      batch         20        1 1-19:00:40          0 1-19:00:40 1-19:02:17      0:0 
5494460.ext+     extern         20        1   00:00:00          0   00:00:00 1-19:02:17      0:0 

Memory usage stats:
       JobID     MaxRSS MaxRSSTask     AveRSS MaxPages   MaxPagesTask   AvePages 
------------ ---------- ---------- ---------- -------- -------------- ---------- 
5494460                                                                          
5494460.bat+     46868K          0     46868K        0              0          0 
5494460.ext+          0          0          0        0              0          0 

Disk usage stats:
       JobID  MaxDiskRead MaxDiskReadTask    AveDiskRead MaxDiskWrite MaxDiskWriteTask   AveDiskWrite 
------------ ------------ --------------- -------------- ------------ ---------------- -------------- 
5494460                                                                                               
5494460.bat+      174.80M               0        174.80M      826.81M                0        826.81M 
5494460.ext+        0.00M               0          0.00M            0                0              0 

Job 5494460 completed at Sun Apr 24 09:44:48 CEST 2022
