Starting job 5571117 on c1-4 at Thu May 5 08:45:23 CEST 2022

The following modules were not unloaded:
  (Use "module --force purge" to unload all):

  1) StdEnv

Task and CPU usage stats:
JobID           JobName  AllocCPUS   NTasks     MinCPU MinCPUTask     AveCPU    Elapsed ExitCode 
------------ ---------- ---------- -------- ---------- ---------- ---------- ---------- -------- 
5571117          run.sh         20                                           1-18:51:45      0:0 
5571117.bat+      batch         20        1 1-18:49:25          0 1-18:49:25 1-18:51:45      0:0 
5571117.ext+     extern         20        1   00:00:00          0   00:00:00 1-18:51:45      0:0 

Memory usage stats:
JobID            MaxRSS MaxRSSTask     AveRSS MaxPages   MaxPagesTask   AvePages 
------------ ---------- ---------- ---------- -------- -------------- ---------- 
5571117                                                                          
5571117.bat+     46896K          0     46896K        0              0          0 
5571117.ext+          0          0          0        0              0          0 

Disk usage stats:
JobID         MaxDiskRead MaxDiskReadTask    AveDiskRead MaxDiskWrite MaxDiskWriteTask   AveDiskWrite 
------------ ------------ --------------- -------------- ------------ ---------------- -------------- 
5571117                                                                                               
5571117.bat+      174.72M               0        174.72M      826.81M                0        826.81M 
5571117.ext+        0.00M               0          0.00M            0                0              0 

Job 5571117 completed at Sat May 7 03:37:09 CEST 2022
