Starting job 5571109 on c1-49 at Thu May 5 08:44:53 CEST 2022

The following modules were not unloaded:
  (Use "module --force purge" to unload all):

  1) StdEnv

Task and CPU usage stats:
JobID           JobName  AllocCPUS   NTasks     MinCPU MinCPUTask     AveCPU    Elapsed ExitCode 
------------ ---------- ---------- -------- ---------- ---------- ---------- ---------- -------- 
5571109          run.sh         20                                           1-19:14:32      0:0 
5571109.bat+      batch         20        1 1-19:12:17          0 1-19:12:17 1-19:14:32      0:0 
5571109.ext+     extern         20        1   00:00:00          0   00:00:00 1-19:14:32      0:0 

Memory usage stats:
JobID            MaxRSS MaxRSSTask     AveRSS MaxPages   MaxPagesTask   AvePages 
------------ ---------- ---------- ---------- -------- -------------- ---------- 
5571109                                                                          
5571109.bat+     47456K          0     47456K        0              0          0 
5571109.ext+          0          0          0        0              0          0 

Disk usage stats:
JobID         MaxDiskRead MaxDiskReadTask    AveDiskRead MaxDiskWrite MaxDiskWriteTask   AveDiskWrite 
------------ ------------ --------------- -------------- ------------ ---------------- -------------- 
5571109                                                                                               
5571109.bat+      174.72M               0        174.72M      826.81M                0        826.81M 
5571109.ext+        0.00M               0          0.00M            0                0              0 

Job 5571109 completed at Sat May 7 03:59:26 CEST 2022
