--------------------------------------------------------------------------------
Welcome to qfep version: 6.0.1
 
This version was compiled using: GCC version 11.2.0
 
And using the following compiler options: 
-cpp -D G95=1 -mtune=generic -march=x86-64 -O3 -Wall -Wtabs -std=legacy -funroll-loops -ffree-line-length-none -fcray-pointer -fall-intrinsics -fstack-protector

 
For command line options type qfep --help  or qcalc -h at the terminal.
 
If you are using the interactive mode and want to quit type "quit" or Ctrl-C.
--------------------------------------------------------------------------------
--> Number of energy files: # Number of files                                  =    51
--> No. of states, no. of predefined off-diag elements: # Number of states     =     2
# Number of off-diagonal elements                                              =     0
--> Give kT & num. of pts to skip & calculation mode: # kT                     = 0.592
# Number of data points to skip                                                =   100
# Only QQ interactions will be considered                                      =     0
--> Give number of gap-bins: # Number of gap-bins                              =    50
--> Give minimum # pts/bin: # Minimum number of points per bin                 =    30
--> Give alpha for state  2                                                     # Alpha for state  2              =-91.10
--> Number of off-diagonal elements: # Number of off-diagonal elements         =     1
#   i   j   A(i,j)  mu(i,j) eta(i,j) rxy0(i,j)
--> i, j, A_ij, mu_ij, eta_ij, r_xy0: #   1   2    91.40     0.00     0.00     0.00
--> linear combination of states defining reaction coord: # Linear combination coefficients=    1.00   -1.00


# Part 0: Average energies for all states in all files
# file             state   pts   lambda    EQtot   EQbond  EQang   EQtor   EQimp    EQel   EQvdW  Eel_qq  EvdW_qq Eel_qp  EvdW_qp Eel_qw EvdW_qw Eqrstr
--> Name of file number   1:                                                     
md_0000_1000.en        1    899 0.000000-2358.53-2399.54  131.36   34.59    5.94 -316.43  185.55   57.54  191.27 -330.03   -4.93  -43.93   -0.79    0.00
md_0000_1000.en        2    899 1.000000-2783.44-2482.84   13.33   -6.80    1.61 -310.45    1.71   64.71    7.26 -332.67   -4.59  -42.49   -0.96    0.00
--> Name of file number   2:                                                     
md_0020_0980.en        1    899 0.020000-2389.83-2401.37  121.53   33.27    5.57 -314.08  165.26   57.32  172.45 -318.68   -7.22  -52.72    0.03    0.00
md_0020_0980.en        2    899 0.980000-2781.93-2481.83   13.74   -6.84    1.52 -308.72    0.20   64.65    7.02 -322.22   -6.68  -51.15   -0.13    0.00
--> Name of file number   3:                                                     
md_0040_0960.en        1    899 0.040000-2431.97-2404.56  108.08   30.38    5.37 -321.41  150.17   56.57  156.17 -333.94   -4.93  -44.04   -1.07    0.00
md_0040_0960.en        2    899 0.960000-2787.78-2481.19   13.49   -6.43    1.57 -316.30    1.09   63.97    6.91 -337.16   -4.64  -43.11   -1.19    0.00
--> Name of file number   4:                                                     
md_0060_0940.en        1    899 0.060000-2460.14-2407.09  103.47   30.85    5.13 -325.24  132.74   56.88  140.27 -329.81   -7.80  -52.30    0.27    0.00
md_0060_0940.en        2    899 0.940000-2792.28-2480.31   14.33   -6.32    1.54 -321.03   -0.50   64.59    6.71 -333.45   -7.25  -52.17    0.04    0.00
--> Name of file number   5:                                                     
md_0080_0920.en        1    899 0.080000-2475.57-2409.08   97.47   29.47    4.97 -313.15  114.76   56.44  124.65 -328.30   -9.85  -41.29   -0.05    0.00
md_0080_0920.en        2    899 0.920000-2778.41-2477.62   15.36   -5.91    1.58 -308.89   -2.94   64.43    6.54 -332.51   -9.26  -40.81   -0.23    0.00
--> Name of file number   6:                                                     
md_0100_0900.en        1    899 0.100000-2511.91-2411.73   91.98   28.45    4.55 -327.04  101.88   56.01  112.17 -311.76  -11.42  -71.29    1.13    0.00
md_0100_0900.en        2    899 0.900000-2791.86-2475.81   15.08   -6.14    1.48 -322.49   -3.99   64.14    5.90 -315.50  -10.98  -71.12    1.09    0.00
--> Name of file number   7:                                                     
md_0120_0880.en        1    899 0.120000-2517.59-2413.22   84.41   26.90    4.23 -312.12   92.21   55.11  100.60 -315.38   -8.38  -51.85   -0.00    0.00
md_0120_0880.en        2    899 0.880000-2769.04-2472.33   16.71   -5.36    1.38 -307.59   -1.86   63.67    6.08 -320.55   -7.78  -50.72   -0.16    0.00
--> Name of file number   8:                                                     
md_0140_0860.en        1    899 0.140000-2531.07-2416.11   74.28   24.98    4.10 -299.78   81.46   54.93   90.14 -313.89   -8.66  -40.82   -0.02    0.00
md_0140_0860.en        2    899 0.860000-2752.98-2469.43   16.82   -4.54    1.51 -295.32   -2.01   63.35    6.21 -319.05   -8.09  -39.62   -0.13    0.00
--> Name of file number   9:                                                     
md_0160_0840.en        1    899 0.160000-2555.96-2418.66   69.04   23.65    3.87 -305.22   71.37   54.88   80.61 -309.08   -9.32  -51.03    0.08    0.00
md_0160_0840.en        2    899 0.840000-2754.29-2466.59   17.76   -4.48    1.56 -299.89   -2.65   63.33    6.32 -314.33   -9.02  -48.89    0.05    0.00
--> Name of file number  10:                                                     
md_0180_0820.en        1    899 0.180000-2581.48-2420.96   64.25   22.28    3.73 -313.84   63.06   54.78   70.91 -307.00   -8.06  -61.62    0.21    0.00
md_0180_0820.en        2    899 0.820000-2755.54-2462.81   18.40   -3.65    1.70 -308.07   -1.12   63.39    6.34 -312.00   -7.64  -59.46    0.18    0.00
--> Name of file number  11:                                                     
md_0200_0800.en        1    899 0.200000-2589.57-2424.47   60.48   21.19    3.51 -304.81   54.54   54.29   63.07 -314.43   -7.64  -44.68   -0.90    0.00
md_0200_0800.en        2    899 0.800000-2742.98-2460.27   19.52   -3.30    1.66 -298.60   -1.99   63.25    6.27 -319.55   -7.28  -42.29   -0.98    0.00
--> Name of file number  12:                                                     
md_0220_0780.en        1    899 0.220000-2623.37-2427.02   56.51   20.12    3.08 -320.84   44.77   53.85   54.19 -301.46  -10.45  -73.22    1.03    0.00
md_0220_0780.en        2    899 0.780000-2756.58-2456.72   20.16   -3.47    1.41 -315.16   -2.80   63.56    6.21 -306.35  -10.12  -72.38    1.10    0.00
--> Name of file number  13:                                                     
md_0240_0760.en        1    899 0.240000-2630.29-2430.01   51.78   18.76    3.01 -311.51   37.69   53.92   46.25 -306.53  -10.22  -58.90    1.65    0.00
md_0240_0760.en        2    899 0.760000-2740.48-2452.89   21.29   -2.79    1.54 -305.83   -1.81   63.54    6.22 -312.27   -9.65  -57.10    1.62    0.00
--> Name of file number  14:                                                     
md_0260_0740.en        1    899 0.260000-2634.49-2432.48   48.72   17.85    2.91 -303.66   32.17   52.91   41.27 -302.10   -9.57  -54.48    0.47    0.00
md_0260_0740.en        2    899 0.740000-2728.38-2449.69   22.16   -2.66    1.60 -297.77   -2.01   63.06    6.67 -308.03   -9.17  -52.81    0.49    0.00
--> Name of file number  15:                                                     
md_0280_0720.en        1    899 0.280000-2653.25-2435.97   44.98   16.85    2.59 -306.69   24.99   51.67   34.60 -297.60  -10.66  -60.76    1.05    0.00
md_0280_0720.en        2    899 0.720000-2727.80-2446.18   23.52   -2.20    1.34 -302.00   -2.28   62.08    6.77 -305.19  -10.15  -58.89    1.09    0.00
--> Name of file number  16:                                                     
md_0300_0700.en        1    899 0.300000-2654.09-2438.58   41.77   16.05    2.36 -298.32   22.63   51.45   30.99 -298.45   -9.70  -51.32    1.34    0.00
md_0300_0700.en        2    899 0.700000-2713.98-2444.24   24.10   -1.99    1.35 -291.97   -1.22   62.00    6.64 -305.47   -9.17  -48.50    1.31    0.00
--> Name of file number  17:                                                     
md_0320_0680.en        1    899 0.320000-2669.57-2440.27   39.60   15.66    2.27 -304.63   17.80   51.47   25.82 -306.87   -9.20  -49.22    1.18    0.00
md_0320_0680.en        2    899 0.680000-2713.22-2439.74   26.00   -1.49    1.36 -298.52   -0.83   62.24    6.53 -313.44   -8.44  -47.33    1.08    0.00
--> Name of file number  18:                                                     
md_0340_0660.en        1    899 0.340000-2680.19-2441.91   36.23   14.15    2.23 -303.04   12.16   51.35   21.94 -311.94   -9.75  -42.45   -0.03    0.00
md_0340_0660.en        2    899 0.660000-2706.73-2435.85   27.26   -1.13    1.44 -295.82   -2.63   62.36    6.58 -318.41   -9.18  -39.77   -0.04    0.00
--> Name of file number  19:                                                     
md_0360_0640.en        1    899 0.360000-2694.50-2444.59   33.04   12.88    2.27 -307.93    9.83   52.01   18.90 -313.20   -9.58  -46.74    0.52    0.00
md_0360_0640.en        2    899 0.640000-2705.59-2433.09   28.67   -0.70    1.60 -300.11   -1.97   63.02    6.56 -318.76   -8.98  -44.37    0.45    0.00
--> Name of file number  20:                                                     
md_0380_0620.en        1    899 0.380000-2708.19-2447.65   30.84   12.65    2.16 -313.80    7.62   50.50   16.75 -305.26   -8.30  -59.05   -0.83    0.00
md_0380_0620.en        2    899 0.620000-2705.96-2430.35   30.17   -0.09    1.55 -306.15   -1.09   62.00    7.47 -311.96   -7.71  -56.19   -0.86    0.00
--> Name of file number  21:                                                     
md_0400_0600.en        1    899 0.400000-2718.79-2450.44   27.62   11.79    1.89 -314.25    4.61   50.23   13.84 -305.57   -8.98  -58.92   -0.24    0.00
md_0400_0600.en        2    899 0.600000-2704.28-2427.99   31.30    0.00    1.35 -307.45   -1.49   62.05    7.38 -311.37   -8.78  -58.13   -0.08    0.00
--> Name of file number  22:                                                     
md_0420_0580.en        1    899 0.420000-2721.87-2452.22   25.53   11.58    1.93 -311.65    2.95   49.39   12.10 -312.63   -9.40  -48.41    0.25    0.00
md_0420_0580.en        2    899 0.580000-2695.61-2424.84   32.52    0.51    1.48 -304.58   -0.70   61.64    8.02 -318.49   -9.07  -47.72    0.36    0.00
--> Name of file number  23:                                                     
md_0440_0560.en        1    899 0.440000-2730.30-2453.68   24.78   11.21    1.85 -317.03    2.57   49.30   11.17 -311.59   -9.02  -54.74    0.42    0.00
md_0440_0560.en        2    899 0.560000-2694.65-2422.47   34.61    1.17    1.47 -309.83    0.40   61.70    8.43 -317.66   -8.45  -53.87    0.42    0.00
--> Name of file number  24:                                                     
md_0460_0540.en        1    899 0.460000-2729.52-2456.07   22.46   10.65    1.67 -308.93    0.71   48.29    9.44 -297.60   -8.73  -59.62    0.01    0.00
md_0460_0540.en        2    899 0.540000-2681.07-2418.98   36.44    1.16    1.34 -302.27    1.24   61.13    9.41 -304.37   -8.14  -59.03   -0.04    0.00
--> Name of file number  25:                                                     
md_0480_0520.en        1    899 0.480000-2745.17-2456.91   20.94    9.35    2.14 -321.01    0.33   52.17    9.53 -293.38   -9.65  -79.80    0.44    0.00
md_0480_0520.en        2    899 0.520000-2685.87-2416.24   38.03    1.67    1.85 -312.39    1.20   64.34   10.11 -298.71   -9.41  -78.01    0.50    0.00
--> Name of file number  26:                                                     
md_0500_0500.en        1    899 0.500000-2742.72-2458.34   19.90    8.97    2.25 -314.95   -0.54   52.50    8.87 -306.04  -10.12  -61.42    0.72    0.00
md_0500_0500.en        2    899 0.500000-2674.97-2414.58   40.00    2.36    2.04 -305.48    0.69   64.44    9.72 -310.51   -9.85  -59.41    0.82    0.00
--> Name of file number  27:                                                     
md_0520_0480.en        1    899 0.520000-2751.07-2464.25   17.80    8.84    2.07 -314.21   -1.32   50.59    8.18 -309.42   -9.98  -55.38    0.48    0.00
md_0520_0480.en        2    899 0.480000-2670.70-2414.46   41.18    2.34    1.91 -304.83    3.15   63.25   12.16 -315.11   -9.52  -52.97    0.50    0.00
--> Name of file number  28:                                                     
md_0540_0460.en        1    899 0.540000-2757.93-2467.15   16.16    8.51    2.24 -314.98   -2.72   51.15    7.72 -307.97  -10.79  -58.16    0.35    0.00
md_0540_0460.en        2    899 0.460000-2664.35-2411.97   43.55    3.01    2.14 -304.98    3.90   63.96   13.99 -313.27  -10.46  -55.67    0.37    0.00
--> Name of file number  29:                                                     
md_0560_0440.en        1    899 0.560000-2756.82-2469.90   15.53    8.66    2.04 -310.62   -2.53   50.22    7.62 -304.28  -10.25  -56.57    0.10    0.00
md_0560_0440.en        2    899 0.440000-2653.90-2410.01   45.39    3.65    1.93 -301.16    6.30   63.63   16.01 -310.24   -9.88  -54.54    0.17    0.00
--> Name of file number  30:                                                     
md_0580_0420.en        1    899 0.580000-2771.15-2473.03   14.15    8.13    1.95 -318.22   -4.13   51.13    7.27 -301.71  -12.37  -67.64    0.97    0.00
md_0580_0420.en        2    899 0.420000-2656.71-2408.06   47.39    3.92    1.93 -308.73    6.84   64.17   17.92 -306.64  -12.22  -66.27    1.14    0.00
--> Name of file number  31:                                                     
md_0600_0400.en        1    899 0.600000-2773.20-2478.12   12.88    7.90    1.83 -313.87   -3.82   50.75    6.97 -296.14  -11.21  -68.48    0.42    0.00
md_0600_0400.en        2    899 0.400000-2644.60-2407.13   49.06    4.68    1.86 -304.01   10.94   64.49   21.42 -301.82  -10.97  -66.68    0.49    0.00
--> Name of file number  32:                                                     
md_0620_0380.en        1    899 0.620000-2785.54-2482.53   11.30    8.04    1.94 -321.21   -3.06   51.51    7.19 -296.60  -11.00  -76.12    0.76    0.00
md_0620_0380.en        2    899 0.380000-2644.14-2405.73   50.19    5.46    2.02 -311.47   15.39   64.95   25.30 -301.96  -10.84  -74.46    0.93    0.00
--> Name of file number  33:                                                     
md_0640_0360.en        1    899 0.640000-2782.16-2487.14   10.83    8.28    2.04 -314.13   -2.03   50.38    6.99 -297.31  -10.59  -67.20    1.57    0.00
md_0640_0360.en        2    899 0.360000-2625.63-2403.92   53.25    6.14    2.17 -304.51   21.23   64.27   29.74 -303.68  -10.19  -65.09    1.68    0.00
--> Name of file number  34:                                                     
md_0660_0340.en        1    899 0.660000-2797.64-2490.88   10.04    7.47    1.97 -322.77   -3.49   50.77    6.87 -286.25  -11.52  -87.29    1.16    0.00
md_0660_0340.en        2    899 0.340000-2624.63-2400.89   55.37    6.28    2.14 -312.09   24.55   64.64   34.44 -292.06  -11.29  -84.67    1.41    0.00
--> Name of file number  35:                                                     
md_0680_0320.en        1    899 0.680000-2796.10-2495.63    9.81    7.85    1.68 -316.77   -3.03   48.36    6.56 -287.57  -10.34  -77.56    0.75    0.00
md_0680_0320.en        2    899 0.320000-2609.14-2399.28   57.67    6.90    1.86 -306.66   30.37   63.14   39.62 -294.81   -9.99  -74.99    0.74    0.00
--> Name of file number  36:                                                     
md_0700_0300.en        1    899 0.700000-2793.58-2500.09   10.02    7.59    1.75 -308.00   -4.84   48.90    6.33 -276.29  -11.67  -80.61    0.49    0.00
md_0700_0300.en        2    899 0.300000-2587.89-2396.70   61.10    7.47    1.95 -296.52   34.81   64.02   45.78 -282.76  -11.37  -77.79    0.40    0.00
--> Name of file number  37:                                                     
md_0720_0280.en        1    899 0.720000-2791.89-2502.73    9.34    6.88    1.77 -302.26   -4.88   49.35    6.53 -285.21  -10.96  -66.39   -0.46    0.00
md_0720_0280.en        2    899 0.280000-2571.17-2393.46   63.22    7.99    2.06 -290.45   39.47   64.47   50.80 -290.78  -10.96  -64.13   -0.37    0.00
--> Name of file number  38:                                                     
md_0740_0260.en        1    899 0.740000-2793.36-2507.77    9.49    6.62    1.52 -298.83   -4.38   47.97    6.69 -278.12  -10.60  -68.69   -0.46    0.00
md_0740_0260.en        2    899 0.260000-2556.61-2391.81   65.96    8.42    1.81 -287.31   46.31   63.80   57.32 -285.01  -10.62  -66.10   -0.38    0.00
--> Name of file number  39:                                                     
md_0760_0240.en        1    899 0.760000-2801.44-2511.44    9.07    6.30    1.52 -303.51   -3.37   48.68    6.72 -284.54   -9.84  -67.66   -0.25    0.00
md_0760_0240.en        2    899 0.240000-2549.71-2389.73   67.69    8.95    1.86 -292.07   53.60   64.00   63.69 -290.42  -10.01  -65.65   -0.09    0.00
--> Name of file number  40:                                                     
md_0780_0220.en        1    899 0.780000-2809.50-2515.89    9.13    6.83    1.72 -307.03   -4.25   47.45    6.48 -282.25  -10.95  -72.23    0.22    0.00
md_0780_0220.en        2    899 0.220000-2536.01-2386.87   71.40    9.52    2.08 -295.17   63.02   63.46   73.81 -287.77  -11.19  -70.85    0.40    0.00
--> Name of file number  41:                                                     
md_0800_0200.en        1    899 0.800000-2823.94-2520.39    8.65    6.50    1.50 -315.23   -4.96   49.22    5.80 -278.72  -10.78  -85.74    0.01    0.00
md_0800_0200.en        2    899 0.200000-2524.59-2383.74   75.86    9.90    1.89 -301.41   72.92   65.68   83.84 -284.50  -11.03  -82.59    0.11    0.00
--> Name of file number  42:                                                     
md_0820_0180.en        1    899 0.820000-2811.26-2523.10    9.04    6.23    1.47 -299.92   -4.98   48.63    6.09 -282.97   -9.90  -65.58   -1.17    0.00
md_0820_0180.en        2    899 0.180000-2494.95-2380.68   79.52   10.29    1.88 -287.01   81.05   65.30   92.39 -288.79  -10.04  -63.52   -1.30    0.00
--> Name of file number  43:                                                     
md_0840_0160.en        1    899 0.840000-2817.50-2526.44    9.14    5.97    1.42 -303.21   -4.36   47.10    6.27 -277.19  -10.21  -73.13   -0.43    0.00
md_0840_0160.en        2    899 0.160000-2484.21-2378.82   81.13   10.50    1.84 -290.36   91.50   64.30  102.24 -283.35  -10.31  -71.32   -0.42    0.00
--> Name of file number  44:                                                     
md_0860_0140.en        1    899 0.860000-2820.56-2529.56    8.46    6.05    1.54 -303.91   -3.14   46.65    6.73 -263.20   -9.45  -87.37   -0.42    0.00
md_0860_0140.en        2    899 0.140000-2468.91-2377.07   83.22   11.17    1.99 -291.14  102.93   64.25  112.87 -270.27   -9.51  -85.12   -0.44    0.00
--> Name of file number  45:                                                     
md_0880_0120.en        1    899 0.880000-2831.14-2532.66    8.07    5.41    1.79 -312.32   -1.43   48.62    6.65 -277.80   -8.62  -83.14    0.55    0.00
md_0880_0120.en        2    899 0.120000-2456.61-2375.02   88.64   11.61    2.25 -299.51  115.41   66.17  123.57 -285.57   -8.77  -80.11    0.62    0.00
--> Name of file number  46:                                                     
md_0900_0100.en        1    899 0.900000-2831.51-2535.10    7.93    5.74    1.85 -307.52   -4.41   49.30    6.60 -271.99  -10.38  -84.83   -0.63    0.00
md_0900_0100.en        2    899 0.100000-2434.69-2372.67   93.12   12.05    2.33 -292.71  123.20   67.21  134.43 -278.26  -10.67  -81.66   -0.56    0.00
--> Name of file number  47:                                                     
md_0920_0080.en        1    899 0.920000-2844.02-2537.10    8.43    4.88    1.54 -317.36   -4.41   45.79    6.35 -257.18  -10.73 -105.97   -0.03    0.00
md_0920_0080.en        2    899 0.080000-2428.70-2370.10   96.39   12.31    2.05 -303.02  133.67   64.19  144.62 -264.09  -10.87 -103.12   -0.08    0.00
--> Name of file number  48:                                                     
md_0940_0060.en        1    899 0.940000-2828.05-2538.02    8.84    5.22    1.64 -303.04   -2.69   46.32    6.69 -269.95   -8.42  -79.41   -0.96    0.00
md_0940_0060.en        2    899 0.060000-2388.39-2367.07  102.06   12.93    2.15 -287.96  149.50   65.43  158.91 -275.79   -8.26  -77.60   -1.15    0.00
--> Name of file number  49:                                                     
md_0960_0040.en        1    899 0.960000-2832.37-2539.82    8.27    4.97    1.48 -302.69   -4.57   46.85    6.63 -266.09   -9.93  -83.45   -1.28    0.00
md_0960_0040.en        2    899 0.040000-2367.02-2364.89  108.96   13.58    2.00 -287.06  160.38   66.14  171.69 -272.29   -9.90  -80.91   -1.40    0.00
--> Name of file number  50:                                                     
md_0980_0020.en        1    899 0.980000-2838.01-2540.78    8.18    4.67    1.45 -308.57   -2.96   47.52    6.56 -264.45   -9.49  -91.64   -0.02    0.00
md_0980_0020.en        2    899 0.020000-2339.42-2361.84  122.31   14.63    1.96 -293.04  176.56   67.62  186.39 -271.34   -9.59  -89.32   -0.23    0.00
--> Name of file number  51:                                                     
md_1000_0000.en        1    899 1.000000-2837.59-2542.49    7.64    4.78    1.51 -307.08   -1.94   48.13    6.74 -270.58   -8.84  -84.63    0.16    0.00
md_1000_0000.en        2    899 0.000000-2301.87-2360.47  135.31   15.90    2.03 -289.98  195.34   69.14  204.28 -276.50   -8.92  -82.62   -0.02    0.00


# Part 1: Free energy perturbation summary:
# lambda(1)      dGf sum(dGf)      dGr sum(dGr)     <dG>
   0.000000    0.000    0.000   -9.959  -23.175    0.000
   0.020000   10.013   10.013   -9.168  -13.216    9.986
   0.040000    9.388   19.401   -8.698   -4.048   19.264
   0.060000    8.707   28.108   -8.184    4.650   27.967
   0.080000    8.218   36.327   -7.694   12.834   36.168
   0.100000    7.564   43.891   -7.106   20.528   43.797
   0.120000    7.143   51.034   -6.459   27.634   50.921
   0.140000    6.593   57.628   -6.018   34.092   57.447
   0.160000    6.045   63.673   -5.568   40.111   63.479
   0.180000    5.570   69.243   -5.089   45.678   69.048
   0.200000    5.070   74.313   -4.697   50.767   74.128
   0.220000    4.699   79.012   -4.275   55.464   78.826
   0.240000    4.274   83.287   -3.844   59.740   83.101
   0.260000    3.807   87.093   -3.471   63.584   86.926
   0.280000    3.564   90.657   -3.164   67.055   90.443
   0.300000    3.167   93.824   -2.836   70.219   93.609
   0.320000    2.880   96.705   -2.476   73.055   96.468
   0.340000    2.563   99.268   -2.163   75.531   98.987
   0.360000    2.237  101.504   -1.877   77.695  101.187
   0.380000    1.931  103.436   -1.614   79.572  103.091
   0.400000    1.680  105.116   -1.403   81.186  104.739
   0.420000    1.444  106.561   -1.203   82.589  106.162
   0.440000    1.194  107.755   -0.935   83.792  107.361
   0.460000    1.015  108.770   -0.731   84.727  108.336
   0.480000    0.774  109.543   -0.565   85.458  109.088
   0.500000    0.547  110.091   -0.304   86.023  109.644
   0.520000    0.365  110.455   -0.046   86.327  109.978
   0.540000    0.127  110.582    0.124   86.373  110.065
   0.560000   -0.149  110.434    0.339   86.249  109.929
   0.580000   -0.357  110.077    0.631   85.910  109.581
   0.600000   -0.605  109.471    0.892   85.279  108.962
   0.620000   -0.873  108.598    1.186   84.386  108.080
   0.640000   -1.121  107.477    1.481   83.200  106.926
   0.660000   -1.436  106.041    1.739   81.719  105.468
   0.680000   -1.795  104.246    2.139   79.980  103.700
   0.700000   -2.100  102.146    2.423   77.841  101.581
   0.720000   -2.453   99.693    2.737   75.418   99.143
   0.740000   -2.772   96.921    2.998   72.681   96.388
   0.760000   -3.078   93.843    3.449   69.683   93.350
   0.780000   -3.424   90.419    3.990   66.234   89.914
   0.800000   -3.853   86.566    4.303   62.244   85.993
   0.820000   -4.342   82.225    4.662   57.941   81.671
   0.840000   -4.700   77.525    5.041   53.279   76.990
   0.860000   -5.043   72.482    5.491   48.238   71.948
   0.880000   -5.402   67.080    5.947   42.748   66.501
   0.900000   -5.840   61.240    6.298   36.800   60.608
   0.920000   -6.282   54.958    6.745   30.503   54.318
   0.940000   -6.677   48.282    7.269   23.757   47.607
   0.960000   -7.224   41.058    7.912   16.489   40.361
   0.980000   -7.715   33.343    8.577    8.577   32.547
   1.000000   -8.402   24.941    0.000    0.000   24.058

# Min energy-gap is:   -531.41
# Max energy-gap is:    634.67


# Part 2: Reaction free energy summary:
# Lambda(1)  bin Energy gap      dGa     dGb     dGg    # pts    c1**2    c2**2
   0.000000   43     459.76   451.96     0.00   -17.41     51    0.035    0.965
   0.000000   44     483.08   473.80     0.00   -16.73    163    0.032    0.968
   0.000000   45     506.40   497.05     0.00   -16.00    257    0.030    0.970
   0.000000   46     529.72   520.07     0.00   -15.37    239    0.027    0.973
   0.000000   47     553.04   543.46     0.00   -14.77    116    0.025    0.975
   0.000000   48     576.36   566.40     0.00   -14.24     56    0.024    0.976
   0.020000   42     436.43   428.64     1.21   -17.09     91    0.039    0.961
   0.020000   43     459.76   451.64     0.75   -16.70    213    0.035    0.965
   0.020000   44     483.08   474.03     0.32   -16.41    274    0.032    0.968
   0.020000   45     506.40   497.12    -0.15   -16.14    202    0.030    0.970
   0.020000   46     529.72   519.30    -0.58   -15.96     83    0.028    0.972
   0.040000   40     389.79   384.65     3.43   -16.66     35    0.046    0.954
   0.040000   41     413.11   407.11     2.60   -16.58    142    0.042    0.958
   0.040000   42     436.43   429.43     1.73   -16.57    287    0.039    0.961
   0.040000   43     459.76   451.54     0.85   -16.63    270    0.036    0.964
   0.040000   44     483.08   473.98    -0.05   -16.77    133    0.033    0.967
   0.060000   39     366.47   363.66     5.79   -15.57     31    0.052    0.948
   0.060000   40     389.79   385.67     4.34   -15.83    146    0.047    0.953
   0.060000   41     413.11   407.71     3.02   -16.16    282    0.043    0.957
   0.060000   42     436.43   429.54     1.73   -16.58    282    0.039    0.961
   0.060000   43     459.76   451.09     0.38   -17.10    119    0.036    0.964
   0.060000   44     483.08   472.63    -0.93   -17.66     33    0.033    0.967
   0.080000   38     343.15   343.05     8.42   -14.15     76    0.059    0.941
   0.080000   39     366.47   364.97     6.56   -14.74    164    0.052    0.948
   0.080000   40     389.79   386.22     4.73   -15.44    289    0.047    0.953
   0.080000   41     413.11   407.57     2.98   -16.21    214    0.043    0.957
   0.080000   42     436.43   428.92     1.08   -17.15    115    0.039    0.961
   0.100000   37     319.83   324.40    11.36   -12.58     58    0.065    0.935
   0.100000   38     343.15   344.94     9.08   -13.45    185    0.058    0.942
   0.100000   39     366.47   365.17     6.79   -14.48    282    0.053    0.947
   0.100000   40     389.79   386.10     4.59   -15.59    213    0.048    0.952
   0.100000   41     413.11   407.05     2.41   -16.80    118    0.043    0.957
   0.120000   36     296.50   303.97    14.69   -10.75     77    0.074    0.926
   0.120000   37     319.83   324.75    11.94   -11.93    221    0.065    0.935
   0.120000   38     343.15   344.95     9.23   -13.25    289    0.059    0.941
   0.120000   39     366.47   364.92     6.66   -14.63    209    0.053    0.947
   0.120000   40     389.79   385.68     3.86   -16.30     73    0.048    0.952
   0.140000   35     273.18   284.80    18.39    -8.79    100    0.083    0.917
   0.140000   36     296.50   304.74    15.20   -10.22    250    0.074    0.926
   0.140000   37     319.83   324.52    12.04   -11.82    329    0.066    0.934
   0.140000   38     343.15   344.34     9.00   -13.52    169    0.059    0.941
   0.160000   34     249.86   265.69    22.39    -6.70    106    0.095    0.905
   0.160000   35     273.18   285.57    18.92    -8.26    285    0.084    0.916
   0.160000   36     296.50   304.70    15.38   -10.07    269    0.075    0.925
   0.160000   37     319.83   324.26    11.71   -12.17    179    0.066    0.934
   0.160000   38     343.15   343.59     8.39   -14.18     39    0.060    0.940
   0.180000   33     226.54   248.12    27.10    -4.34    119    0.109    0.891
   0.180000   34     249.86   266.58    23.04    -6.11    269    0.096    0.904
   0.180000   35     273.18   285.40    18.96    -8.19    285    0.085    0.915
   0.180000   36     296.50   304.35    15.01   -10.40    150    0.076    0.924
   0.180000   37     319.83   323.48    10.75   -13.07     43    0.067    0.933
   0.200000   32     203.22   230.81    32.06    -1.99     89    0.125    0.875
   0.200000   33     226.54   248.31    27.45    -3.93    265    0.109    0.891
   0.200000   34     249.86   266.77    23.06    -6.08    336    0.097    0.903
   0.200000   35     273.18   285.16    18.53    -8.60    145    0.085    0.915
   0.200000   36     296.50   303.23    14.20   -11.23     50    0.076    0.924
   0.220000   31     179.90   214.03    37.70     0.59     75    0.146    0.854
   0.220000   32     203.22   230.69    32.63    -1.39    228    0.127    0.873
   0.220000   33     226.54   248.55    27.82    -3.63    326    0.111    0.889
   0.220000   34     249.86   266.33    22.86    -6.30    192    0.098    0.902
   0.220000   35     273.18   284.76    18.21    -9.13     60    0.086    0.914
   0.240000   30     156.58   196.04    43.67     3.09     72    0.171    0.829
   0.240000   31     179.90   213.00    38.29     1.21    247    0.148    0.852
   0.240000   32     203.22   230.64    33.10    -1.05    302    0.129    0.871
   0.240000   33     226.54   248.38    27.45    -3.95    193    0.112    0.888
   0.240000   34     249.86   265.95    21.78    -7.27     58    0.098    0.902
   0.260000   30     156.58   196.63    44.29     3.69    173    0.171    0.829
   0.260000   31     179.90   213.24    38.48     1.42    370    0.150    0.850
   0.260000   32     203.22   230.46    32.66    -1.39    273    0.130    0.870
   0.260000   33     226.54   247.41    27.27    -4.27     62    0.114    0.886
   0.280000   29     133.25   180.79    50.98     6.23    125    0.201    0.799
   0.280000   30     156.58   197.02    44.66     4.05    369    0.174    0.826
   0.280000   31     179.90   213.60    38.56     1.42    292    0.151    0.849
   0.280000   32     203.22   229.95    32.47    -1.79     83    0.131    0.869
   0.300000   28     109.93   164.84    58.28     8.61     60    0.237    0.763
   0.300000   29     133.25   180.70    51.34     6.65    290    0.203    0.797
   0.300000   30     156.58   196.96    44.64     4.05    373    0.175    0.825
   0.300000   31     179.90   213.00    38.08     0.96    151    0.152    0.848
   0.320000   28     109.93   166.36    58.83     9.18    214    0.238    0.762
   0.320000   29     133.25   181.10    51.81     6.95    383    0.206    0.794
   0.320000   30     156.58   196.58    44.49     3.86    227    0.177    0.823
   0.320000   31     179.90   212.39    38.67     0.84     47    0.155    0.845
   0.340000   27      86.61   151.29    66.73    11.36    136    0.278    0.722
   0.340000   28     109.93   165.94    59.14     9.50    382    0.242    0.758
   0.340000   29     133.25   180.90    51.63     6.82    298    0.209    0.791
   0.340000   30     156.58   196.15    43.90     3.40     73    0.180    0.820
   0.360000   26      63.29   137.97    75.26    13.13     53    0.326    0.674
   0.360000   27      86.61   151.54    67.13    11.80    331    0.282    0.718
   0.360000   28     109.93   165.80    59.25     9.58    370    0.245    0.755
   0.360000   29     133.25   180.63    51.45     6.44    131    0.210    0.790
   0.380000   26      63.29   137.96    75.98    13.71    182    0.329    0.671
   0.380000   27      86.61   151.55    67.34    11.98    442    0.286    0.714
   0.380000   28     109.93   165.61    59.24     9.41    239    0.248    0.752
   0.400000   25      39.97   125.18    85.17    15.07     53    0.380    0.620
   0.400000   26      63.29   137.94    76.09    14.01    343    0.332    0.668
   0.400000   27      86.61   151.44    67.32    11.92    432    0.289    0.711
   0.400000   28     109.93   165.24    60.45     9.44     68    0.252    0.748
   0.420000   25      39.97   124.83    85.74    15.62    191    0.385    0.615
   0.420000   26      63.29   137.88    76.49    14.22    445    0.337    0.663
   0.420000   27      86.61   151.26    66.98    11.62    226    0.291    0.709
   0.440000   24      16.65   112.41    96.08    16.56     46    0.444    0.556
   0.440000   25      39.97   125.60    86.10    15.96    314    0.388    0.612
   0.440000   26      63.29   137.93    76.41    14.16    425    0.340    0.660
   0.440000   27      86.61   150.69    68.21    11.69    107    0.297    0.703
   0.460000   24      16.65   114.41    96.77    17.14    155    0.444    0.556
   0.460000   25      39.97   125.76    86.45    16.14    490    0.392    0.608
   0.460000   26      63.29   137.59    76.06    13.96    229    0.344    0.656
   0.480000   23      -6.68   103.53   108.02    17.59     34    0.505    0.495
   0.480000   24      16.65   113.99    96.97    17.49    346    0.448    0.552
   0.480000   25      39.97   125.38    86.40    16.16    411    0.398    0.602
   0.480000   26      63.29   137.22    75.50    13.54     99    0.348    0.652
   0.500000   23      -6.68   102.63   108.57    18.15    113    0.511    0.489
   0.500000   24      16.65   114.00    97.08    17.65    426    0.451    0.549
   0.500000   25      39.97   125.26    86.25    15.91    310    0.400    0.600
   0.500000   26      63.29   136.91    74.83    12.72     39    0.347    0.653
   0.520000   23      -6.68   103.19   109.03    18.58    294    0.512    0.488
   0.520000   24      16.65   114.21    97.17    17.69    458    0.457    0.543
   0.520000   25      39.97   125.05    85.80    15.50    114    0.403    0.597
   0.540000   22     -30.00    93.09   121.35    18.65    133    0.572    0.428
   0.540000   23      -6.68   103.48   109.13    18.78    449    0.517    0.483
   0.540000   24      16.65   113.70    97.09    17.57    274    0.463    0.537
   0.540000   25      39.97   124.32    85.81    14.93     30    0.405    0.595
   0.560000   21     -53.32    83.49   134.60    17.96     56    0.629    0.371
   0.560000   22     -30.00    93.61   121.81    19.07    253    0.575    0.425
   0.560000   23      -6.68   103.66   108.98    18.75    427    0.519    0.481
   0.560000   24      16.65   113.43    96.31    17.07    151    0.465    0.535
   0.580000   21     -53.32    84.69   135.21    18.66    130    0.632    0.368
   0.580000   22     -30.00    94.02   122.12    19.30    375    0.578    0.422
   0.580000   23      -6.68   103.30   108.76    18.57    298    0.524    0.476
   0.580000   24      16.65   112.86    96.07    16.46     67    0.469    0.531
   0.600000   20     -76.64    76.36   149.30    17.58     72    0.684    0.316
   0.600000   21     -53.32    84.99   135.78    19.05    290    0.635    0.365
   0.600000   22     -30.00    94.01   122.04    19.28    391    0.583    0.417
   0.600000   23      -6.68   102.72   108.80    18.24    133    0.530    0.470
   0.620000   20     -76.64    76.92   149.76    18.18    165    0.686    0.314
   0.620000   21     -53.32    85.13   135.92    19.20    423    0.640    0.360
   0.620000   22     -30.00    93.64   122.07    19.06    249    0.588    0.412
   0.620000   23      -6.68   102.05   109.07    17.62     43    0.534    0.466
   0.640000   19     -99.96    69.33   164.91    16.79     91    0.733    0.267
   0.640000   20     -76.64    76.85   150.22    18.45    358    0.690    0.310
   0.640000   21     -53.32    85.19   135.68    19.13    344    0.642    0.358
   0.640000   22     -30.00    92.89   122.41    18.63     89    0.593    0.407
   0.660000   18    -123.28    61.86   180.71    14.90     80    0.774    0.226
   0.660000   19     -99.96    69.23   165.43    17.13    250    0.737    0.263
   0.660000   20     -76.64    76.96   150.30    18.51    370    0.694    0.306
   0.660000   21     -53.32    84.70   135.71    18.79    162    0.647    0.353
   0.660000   22     -30.00    92.42   120.55    17.69     31    0.592    0.408
   0.680000   17    -146.61    55.18   196.86    12.74     37    0.808    0.192
   0.680000   18    -123.28    62.18   181.50    15.35    181    0.777    0.223
   0.680000   19     -99.96    69.73   165.82    17.42    343    0.738    0.262
   0.680000   20     -76.64    76.73   150.22    18.30    254    0.697    0.303
   0.680000   21     -53.32    84.02   134.43    18.09     73    0.648    0.352
   0.700000   17    -146.61    55.99   197.62    13.54    127    0.809    0.191
   0.700000   18    -123.28    62.66   181.56    15.79    350    0.778    0.222
   0.700000   19     -99.96    69.35   165.64    17.23    298    0.743    0.257
   0.700000   20     -76.64    76.33   149.63    17.78     94    0.700    0.300
   0.720000   16    -169.93    50.39   215.18    11.59     78    0.838    0.162
   0.720000   17    -146.61    56.49   198.14    14.00    281    0.811    0.189
   0.720000   18    -123.28    62.70   181.58    15.82    336    0.780    0.220
   0.720000   19     -99.96    69.02   165.27    16.85    167    0.745    0.255
   0.720000   20     -76.64    75.24   148.21    16.91     30    0.701    0.299
   0.740000   15    -193.25    45.04   232.86     9.61     46    0.861    0.139
   0.740000   16    -169.93    50.91   215.13    12.23    204    0.837    0.163
   0.740000   17    -146.61    56.57   198.53    14.16    363    0.813    0.187
   0.740000   18    -123.28    62.35   181.15    15.51    219    0.784    0.216
   0.740000   19     -99.96    68.28   164.82    16.16     57    0.745    0.255
   0.760000   15    -193.25    45.97   233.10    10.48    155    0.861    0.139
   0.760000   16    -169.93    51.18   215.68    12.54    308    0.839    0.161
   0.760000   17    -146.61    56.60   198.05    14.12    265    0.814    0.186
   0.760000   18    -123.28    62.10   180.78    15.08    117    0.782    0.218
   0.780000   14    -216.57    41.50   251.62     8.75    134    0.880    0.120
   0.780000   15    -193.25    46.16   233.54    10.77    281    0.863    0.137
   0.780000   16    -169.93    51.18   215.36    12.50    310    0.841    0.159
   0.780000   17    -146.61    56.17   197.51    13.65    123    0.816    0.184
   0.800000   13    -239.89    37.40   270.17     7.16    141    0.895    0.105
   0.800000   14    -216.57    41.65   251.97     9.06    339    0.881    0.119
   0.800000   15    -193.25    46.06   233.53    10.70    273    0.864    0.136
   0.800000   16    -169.93    50.70   214.82    12.01    107    0.842    0.158
   0.820000   12    -263.21    33.80   289.57     5.65     95    0.909    0.091
   0.820000   13    -239.89    37.72   270.74     7.50    306    0.897    0.103
   0.820000   14    -216.57    41.63   252.05     9.05    284    0.883    0.117
   0.820000   15    -193.25    45.68   233.03    10.30    161    0.866    0.134
   0.840000   11    -286.53    30.99   309.42     4.55     67    0.920    0.080
   0.840000   12    -263.21    34.42   290.05     6.23    229    0.909    0.091
   0.840000   13    -239.89    37.84   270.87     7.61    338    0.898    0.102
   0.840000   14    -216.57    41.37   251.47     8.76    205    0.883    0.117
   0.840000   15    -193.25    44.88   232.79     9.54     45    0.867    0.133
   0.860000   10    -309.86    28.43   329.69     3.73     52    0.929    0.071
   0.860000   11    -286.53    31.48   310.31     5.14    175    0.921    0.079
   0.860000   12    -263.21    34.50   290.32     6.37    333    0.911    0.089
   0.860000   13    -239.89    37.69   270.65     7.41    265    0.898    0.102
   0.860000   14    -216.57    40.68   250.64     8.09     65    0.885    0.115
   0.880000    9    -333.18    26.48   351.02     3.22     42    0.937    0.063
   0.880000   10    -309.86    29.10   330.57     4.38    197    0.930    0.070
   0.880000   11    -286.53    31.64   310.57     5.37    344    0.921    0.079
   0.880000   12    -263.21    34.33   290.48     6.21    236    0.911    0.089
   0.880000   13    -239.89    36.93   271.47     6.76     73    0.900    0.100
   0.900000    8    -356.50    24.98   372.26     3.01     39    0.944    0.056
   0.900000    9    -333.18    27.21   351.81     3.91    174    0.938    0.062
   0.900000   10    -309.86    29.29   331.39     4.63    355    0.931    0.069
   0.900000   11    -286.53    31.56   310.24     5.24    257    0.922    0.078
   0.900000   12    -263.21    33.67   289.49     5.61     66    0.912    0.088
   0.920000    7    -379.82    24.26   394.63     3.22     33    0.949    0.051
   0.920000    8    -356.50    25.82   373.64     3.78    135    0.944    0.056
   0.920000    9    -333.18    27.50   352.14     4.23    314    0.938    0.062
   0.920000   10    -309.86    29.24   330.88     4.55    301    0.931    0.069
   0.920000   11    -286.53    31.00   309.65     4.71     95    0.923    0.077
   0.940000    6    -403.14    23.57   416.91     3.72     47    0.955    0.045
   0.940000    7    -379.82    24.86   395.38     3.99    151    0.950    0.050
   0.940000    8    -356.50    26.13   374.14     4.15    288    0.945    0.055
   0.940000    9    -333.18    27.44   352.00     4.18    256    0.939    0.061
   0.940000   10    -309.86    28.71   330.27     4.08    128    0.932    0.068
   0.960000    5    -426.46    23.42   440.35     4.53     42    0.959    0.041
   0.960000    6    -403.14    24.23   417.98     4.47    163    0.955    0.045
   0.960000    7    -379.82    25.12   395.72     4.31    305    0.950    0.050
   0.960000    8    -356.50    25.98   373.72     4.04    273    0.945    0.055
   0.960000    9    -333.18    26.90   351.55     3.63     87    0.939    0.061
   0.980000    4    -449.79    23.58   463.67     5.64     95    0.963    0.037
   0.980000    5    -426.46    24.03   441.10     5.21    234    0.959    0.041
   0.980000    6    -403.14    24.47   418.28     4.70    312    0.955    0.045
   0.980000    7    -379.82    24.91   396.40     4.11    177    0.951    0.049
   0.980000    8    -356.50    25.36   375.09     3.40     57    0.946    0.054
   1.000000    2    -496.43    24.06   510.58     7.66     78    0.969    0.031
   1.000000    3    -473.11    24.06   487.53     6.92    159    0.966    0.034
   1.000000    4    -449.79    24.06   464.35     6.13    254    0.963    0.037
   1.000000    5    -426.46    24.06   441.13     5.26    226    0.960    0.040
   1.000000    6    -403.14    24.06   419.59     4.37    122    0.956    0.044
   1.000000    7    -379.82    24.06   395.65     3.36     33    0.951    0.049


# Part 3: Bin-averaged summary:
# bin  energy gap  <dGg> <dGg norm> pts  <c1**2> <c2**2> <r_xy>
   2   -496.43     7.66    24.46     78   0.969   0.031   1.418
   3   -473.11     6.92    23.72    159   0.966   0.034   1.425
   4   -449.79     6.00    22.80    349   0.963   0.037   1.440
   5   -426.46     5.18    21.98    502   0.959   0.041   1.454
   6   -403.14     4.51    21.31    644   0.955   0.045   1.470
   7   -379.82     4.09    20.89    699   0.950   0.050   1.489
   8   -356.50     3.94    20.74    792   0.945   0.055   1.510
   9   -333.18     4.05    20.85    873   0.938   0.062   1.538
  10   -309.86     4.45    21.25   1033   0.931   0.069   1.568
  11   -286.53     5.17    21.97    938   0.921   0.079   1.600
  12   -263.21     6.17    22.97    959   0.910   0.090   1.636
  13   -239.89     7.42    24.22   1123   0.897   0.103   1.680
  14   -216.57     8.90    25.69   1027   0.882   0.118   1.723
  15   -193.25    10.51    27.31    961   0.864   0.136   1.771
  16   -169.93    12.33    29.13   1007   0.840   0.160   1.826
  17   -146.61    13.95    30.75   1196   0.813   0.187   1.888
  18   -123.28    15.57    32.37   1283   0.780   0.220   1.954
  19    -99.96    17.13    33.93   1206   0.740   0.260   2.032
  20    -76.64    18.28    35.08   1343   0.693   0.307   2.121
  21    -53.32    18.96    35.76   1478   0.640   0.360   2.218
  22    -30.00    19.09    35.89   1521   0.581   0.419   2.340
  23     -6.68    18.58    35.38   1791   0.519   0.481   2.470
  24     16.65    17.47    34.27   1923   0.454   0.546   2.606
  25     39.97    15.94    32.74   1913   0.394   0.606   2.699
  26     63.29    13.98    30.78   1815   0.337   0.663   2.764
  27     86.61    11.81    28.61   1674   0.287   0.713   2.840
  28    109.93     9.41    26.21   1333   0.243   0.757   2.889
  29    133.25     6.72    23.52   1227   0.206   0.794   2.929
  30    156.58     3.88    20.68   1287   0.175   0.825   2.952
  31    179.90     1.24    18.04   1182   0.150   0.850   3.003
  32    203.22    -1.37    15.42    975   0.129   0.871   3.052
  33    226.54    -3.91    12.89    965   0.111   0.889   3.104
  34    249.86    -6.27    10.53    961   0.097   0.903   3.147
  35    273.18    -8.41     8.38    875   0.085   0.915   3.174
  36    296.50   -10.32     6.48    796   0.075   0.925   3.231
  37    319.83   -12.04     4.76    830   0.066   0.934   3.280
  38    343.15   -13.50     3.30    758   0.059   0.941   3.339
  39    366.47   -14.64     2.16    686   0.053   0.947   3.401
  40    389.79   -15.70     1.10    756   0.047   0.953   3.455
  41    413.11   -16.35     0.45    756   0.043   0.957   3.497
  42    436.43   -16.72     0.08    775   0.039   0.961   3.528
  43    459.76   -16.80     0.00    653   0.035   0.965   3.583
  44    483.08   -16.64     0.16    603   0.032   0.968   3.652
  45    506.40   -16.06     0.74    459   0.030   0.970   3.704
  46    529.72   -15.52     1.28    322   0.027   0.973   3.761
  47    553.04   -14.77     2.03    116   0.025   0.975   3.811
  48    576.36   -14.24     2.56     56   0.024   0.976   3.883


# Part 4: Termodynamic integration:
# lambda(1)      dGti    sum(dGti) 
   0.000000    0.000    0.000
   0.020000 -516.003    9.992
   0.040000 -483.192   19.293
   0.060000 -446.913   27.994
   0.080000 -423.234   36.166
   0.100000 -393.947   43.816
   0.120000 -371.045   50.952
   0.140000 -342.547   57.508
   0.160000 -313.010   63.532
   0.180000 -289.428   69.078
   0.200000 -265.159   74.175
   0.220000 -244.514   78.863
   0.240000 -224.309   83.119
   0.260000 -201.293   86.982
   0.280000 -184.992   90.488
   0.300000 -165.656   93.655
   0.320000 -150.986   96.512
   0.340000 -134.751   99.036
   0.360000 -117.641  101.234
   0.380000 -102.195  103.145
   0.400000  -88.877  104.800
   0.420000  -76.588  106.214
   0.440000  -64.839  107.417
   0.460000  -55.454  108.398
   0.480000  -42.648  109.142
   0.500000  -31.803  109.694
   0.520000  -23.351  110.035
   0.540000  -10.737  110.117
   0.560000    2.486  109.974
   0.580000   11.818  109.623
   0.600000   23.340  109.014
   0.620000   37.502  108.136
   0.640000   50.297  106.979
   0.660000   65.431  105.506
   0.680000   81.910  103.728
   0.700000   95.858  101.623
   0.720000  114.587   99.181
   0.740000  129.615   96.429
   0.760000  145.650   93.366
   0.780000  160.625   89.936
   0.800000  182.390   86.030
   0.820000  208.249   81.695
   0.840000  225.208   77.021
   0.860000  242.183   71.994
   0.880000  260.555   66.554
   0.900000  283.425   60.662
   0.920000  305.723   54.363
   0.940000  324.222   47.635
   0.960000  348.565   40.407
   0.980000  374.245   32.590
   1.000000  407.493   24.068


# Part 5: Overlap sampling Lu et al:
# lambda(1)      dG    sum(dG) 
   0.000000    0.000    0.000
   0.020000    9.987    9.987
   0.040000    9.288   19.275
   0.060000    8.702   27.977
   0.080000    8.188   36.166
   0.100000    7.642   43.807
   0.120000    7.130   50.937
   0.140000    6.542   57.479
   0.160000    6.029   63.508
   0.180000    5.554   69.061
   0.200000    5.086   74.148
   0.220000    4.693   78.840
   0.240000    4.264   83.104
   0.260000    3.842   86.946
   0.280000    3.510   90.457
   0.300000    3.165   93.622
   0.320000    2.857   96.479
   0.340000    2.521   99.000
   0.360000    2.198  101.198
   0.380000    1.907  103.105
   0.400000    1.651  104.756
   0.420000    1.419  106.175
   0.440000    1.200  107.376
   0.460000    0.978  108.353
   0.480000    0.748  109.101
   0.500000    0.554  109.655
   0.520000    0.338  109.993
   0.540000    0.085  110.077
   0.560000   -0.139  109.938
   0.580000   -0.349  109.590
   0.600000   -0.612  108.977
   0.620000   -0.880  108.097
   0.640000   -1.155  106.942
   0.660000   -1.465  105.477
   0.680000   -1.772  103.704
   0.700000   -2.111  101.593
   0.720000   -2.439   99.154
   0.740000   -2.753   96.401
   0.760000   -3.051   93.350
   0.780000   -3.433   89.917
   0.800000   -3.914   86.004
   0.820000   -4.329   81.675
   0.840000   -4.677   76.998
   0.860000   -5.032   71.966
   0.880000   -5.442   66.524
   0.900000   -5.893   60.631
   0.920000   -6.295   54.336
   0.940000   -6.717   47.619
   0.960000   -7.235   40.384
   0.980000   -7.814   32.570
   1.000000   -8.502   24.068


# lambda(1)      dG    sum(dG) 
# Part 6: BAR Bennet:
   0.000000    0.000    0.000
   0.020000    9.987    9.987
   0.040000    9.294   19.280
   0.060000    8.702   27.982
   0.080000    8.179   36.161
   0.100000    7.650   43.810
   0.120000    7.134   50.944
   0.140000    6.553   57.497
   0.160000    6.026   63.524
   0.180000    5.544   69.067
   0.200000    5.091   74.158
   0.220000    4.688   78.847
   0.240000    4.255   83.101
   0.260000    3.855   86.957
   0.280000    3.505   90.462
   0.300000    3.165   93.626
   0.320000    2.856   96.482
   0.340000    2.521   99.004
   0.360000    2.197  101.200
   0.380000    1.909  103.109
   0.400000    1.654  104.763
   0.420000    1.415  106.179
   0.440000    1.202  107.381
   0.460000    0.980  108.361
   0.480000    0.744  109.105
   0.500000    0.552  109.657
   0.520000    0.341  109.998
   0.540000    0.083  110.081
   0.560000   -0.141  109.940
   0.580000   -0.349  109.591
   0.600000   -0.607  108.983
   0.620000   -0.878  108.106
   0.640000   -1.156  106.949
   0.660000   -1.471  105.478
   0.680000   -1.776  103.702
   0.700000   -2.105  101.598
   0.720000   -2.440   99.157
   0.740000   -2.753   96.404
   0.760000   -3.062   93.341
   0.780000   -3.431   89.911
   0.800000   -3.908   86.003
   0.820000   -4.334   81.668
   0.840000   -4.674   76.995
   0.860000   -5.024   71.971
   0.880000   -5.439   66.532
   0.900000   -5.893   60.639
   0.920000   -6.298   54.341
   0.940000   -6.722   47.619
   0.960000   -7.227   40.393
   0.980000   -7.814   32.579
   1.000000   -8.510   24.069
