Starting job 5494466 on c5-47 at Fri Apr 22 21:19:14 CEST 2022

The following modules were not unloaded:
  (Use "module --force purge" to unload all):

  1) StdEnv

Task and CPU usage stats:
       JobID    JobName  AllocCPUS   NTasks     MinCPU MinCPUTask     AveCPU    Elapsed ExitCode 
------------ ---------- ---------- -------- ---------- ---------- ---------- ---------- -------- 
5494466          run.sh         20                                           1-18:53:08      0:0 
5494466.bat+      batch         20        1 1-18:51:21          0 1-18:51:21 1-18:53:08      0:0 
5494466.ext+     extern         20        1   00:00:00          0   00:00:00 1-18:53:09      0:0 

Memory usage stats:
       JobID     MaxRSS MaxRSSTask     AveRSS MaxPages   MaxPagesTask   AvePages 
------------ ---------- ---------- ---------- -------- -------------- ---------- 
5494466                                                                          
5494466.bat+     47240K          0     47240K        0              0          0 
5494466.ext+          0          0          0        0              0          0 

Disk usage stats:
       JobID  MaxDiskRead MaxDiskReadTask    AveDiskRead MaxDiskWrite MaxDiskWriteTask   AveDiskWrite 
------------ ------------ --------------- -------------- ------------ ---------------- -------------- 
5494466                                                                                               
5494466.bat+      174.80M               0        174.80M      826.81M                0        826.81M 
5494466.ext+        0.00M               0          0.00M            0                0              0 

Job 5494466 completed at Sun Apr 24 16:12:23 CEST 2022
