Starting job 5525453 on c10-51 at Tue Apr 26 11:26:39 CEST 2022

The following modules were not unloaded:
  (Use "module --force purge" to unload all):

  1) StdEnv
slurmstepd: error: *** JOB 5525453 ON c10-51 CANCELLED AT 2022-04-27T11:26:42 DUE TO TIME LIMIT ***

Task and CPU usage stats:
       JobID    JobName  AllocCPUS   NTasks     MinCPU MinCPUTask     AveCPU    Elapsed ExitCode 
------------ ---------- ---------- -------- ---------- ---------- ---------- ---------- -------- 
5525453          run.sh         20                                           1-00:00:03      0:0 
5525453.bat+      batch         20        1   23:59:44          0   23:59:44 1-00:00:04     0:15 
5525453.ext+     extern         20        1   00:00:00          0   00:00:00 1-00:00:03      0:0 

Memory usage stats:
       JobID     MaxRSS MaxRSSTask     AveRSS MaxPages   MaxPagesTask   AvePages 
------------ ---------- ---------- ---------- -------- -------------- ---------- 
5525453                                                                          
5525453.bat+     47568K          0     47568K        0              0          0 
5525453.ext+          0          0          0        0              0          0 

Disk usage stats:
       JobID  MaxDiskRead MaxDiskReadTask    AveDiskRead MaxDiskWrite MaxDiskWriteTask   AveDiskWrite 
------------ ------------ --------------- -------------- ------------ ---------------- -------------- 
5525453                                                                                               
5525453.bat+      102.00M               0        102.00M      512.81M                0        512.81M 
5525453.ext+        0.00M               0          0.00M            0                0              0 

Job 5525453 completed at Wed Apr 27 11:26:44 CEST 2022
