Starting job 5571115 on c1-2 at Thu May 5 08:45:16 CEST 2022

The following modules were not unloaded:
  (Use "module --force purge" to unload all):

  1) StdEnv

Task and CPU usage stats:
JobID           JobName  AllocCPUS   NTasks     MinCPU MinCPUTask     AveCPU    Elapsed ExitCode 
------------ ---------- ---------- -------- ---------- ---------- ---------- ---------- -------- 
5571115          run.sh         20                                           1-19:14:04      0:0 
5571115.bat+      batch         20        1 1-19:11:37          0 1-19:11:37 1-19:14:04      0:0 
5571115.ext+     extern         20        1   00:00:00          0   00:00:00 1-19:14:04      0:0 

Memory usage stats:
JobID            MaxRSS MaxRSSTask     AveRSS MaxPages   MaxPagesTask   AvePages 
------------ ---------- ---------- ---------- -------- -------------- ---------- 
5571115                                                                          
5571115.bat+     47440K          0     47440K        0              0          0 
5571115.ext+          0          0          0        0              0          0 

Disk usage stats:
JobID         MaxDiskRead MaxDiskReadTask    AveDiskRead MaxDiskWrite MaxDiskWriteTask   AveDiskWrite 
------------ ------------ --------------- -------------- ------------ ---------------- -------------- 
5571115                                                                                               
5571115.bat+      174.72M               0        174.72M      826.81M                0        826.81M 
5571115.ext+        0.00M               0          0.00M            0                0              0 

Job 5571115 completed at Sat May 7 03:59:20 CEST 2022
