--------------------------------------------------------------------------------
Welcome to qfep version: 6.0.1
 
This version was compiled using: GCC version 11.2.0
 
And using the following compiler options: 
-cpp -D G95=1 -mtune=generic -march=x86-64 -O3 -Wall -Wtabs -std=legacy -funroll-loops -ffree-line-length-none -fcray-pointer -fall-intrinsics -fstack-protector

 
For command line options type qfep --help  or qcalc -h at the terminal.
 
If you are using the interactive mode and want to quit type "quit" or Ctrl-C.
--------------------------------------------------------------------------------
--> Number of energy files: # Number of files                                  =    51
--> No. of states, no. of predefined off-diag elements: # Number of states     =     2
# Number of off-diagonal elements                                              =     0
--> Give kT & num. of pts to skip & calculation mode: # kT                     = 0.592
# Number of data points to skip                                                =   100
# Only QQ interactions will be considered                                      =     0
--> Give number of gap-bins: # Number of gap-bins                              =    50
--> Give minimum # pts/bin: # Minimum number of points per bin                 =    30
--> Give alpha for state  2                                                     # Alpha for state  2              =-91.10
--> Number of off-diagonal elements: # Number of off-diagonal elements         =     1
#   i   j   A(i,j)  mu(i,j) eta(i,j) rxy0(i,j)
--> i, j, A_ij, mu_ij, eta_ij, r_xy0: #   1   2    91.40     0.00     0.00     0.00
--> linear combination of states defining reaction coord: # Linear combination coefficients=    1.00   -1.00


# Part 0: Average energies for all states in all files
# file             state   pts   lambda    EQtot   EQbond  EQang   EQtor   EQimp    EQel   EQvdW  Eel_qq  EvdW_qq Eel_qp  EvdW_qp Eel_qw EvdW_qw Eqrstr
--> Name of file number   1:                                                     
md_0000_1000.en        1    899 0.000000-2359.50-2401.59  127.03   34.73    5.73 -304.64  179.25   57.78  187.17 -316.51   -8.67  -45.90    0.75    0.00
md_0000_1000.en        2    899 1.000000-2778.92-2484.55   12.74   -7.34    1.43 -300.80   -0.41   65.10    7.44 -322.22   -8.58  -43.68    0.73    0.00
--> Name of file number   2:                                                     
md_0020_0980.en        1    899 0.020000-2392.25-2403.67  119.36   33.19    5.87 -309.02  162.03   57.87  170.46 -327.90   -9.01  -38.99    0.58    0.00
md_0020_0980.en        2    899 0.980000-2780.77-2483.50   13.35   -7.20    1.78 -304.09   -1.10   65.04    7.30 -333.19   -9.08  -35.94    0.68    0.00
--> Name of file number   3:                                                     
md_0040_0960.en        1    899 0.040000-2413.64-2405.42  112.79   31.44    5.26 -305.39  147.68   56.63  155.68 -336.65   -8.43  -25.37    0.42    0.00
md_0040_0960.en        2    899 0.960000-2774.71-2482.20   13.61   -6.67    1.52 -300.18   -0.79   64.37    7.12 -342.40   -8.27  -22.15    0.36    0.00
--> Name of file number   4:                                                     
md_0060_0940.en        1    899 0.060000-2442.42-2408.95   98.66   29.75    5.42 -299.92  132.62   56.97  140.11 -321.66   -7.39  -35.23   -0.09    0.00
md_0060_0940.en        2    899 0.940000-2766.97-2481.11   13.97   -6.14    1.81 -295.33   -0.18   64.38    7.12 -326.97   -7.27  -32.75   -0.02    0.00
--> Name of file number   5:                                                     
md_0080_0920.en        1    899 0.080000-2459.73-2410.12   99.01   28.88    5.16 -301.56  118.90   56.80  127.48 -326.59   -8.65  -31.77    0.08    0.00
md_0080_0920.en        2    899 0.920000-2766.32-2478.81   14.17   -6.17    1.87 -295.50   -1.88   64.67    6.57 -330.65   -8.54  -29.53    0.09    0.00
--> Name of file number   6:                                                     
md_0100_0900.en        1    899 0.100000-2490.49-2411.02   89.91   27.78    4.92 -306.48  104.39   56.29  113.03 -330.73   -8.65  -32.04    0.01    0.00
md_0100_0900.en        2    899 0.900000-2765.97-2474.90   15.45   -5.51    1.83 -300.81   -2.03   64.38    6.54 -335.55   -8.61  -29.63    0.04    0.00
--> Name of file number   7:                                                     
md_0120_0880.en        1    899 0.120000-2517.24-2414.79   77.57   25.31    4.54 -302.18   92.31   55.94  101.31 -333.09   -7.92  -25.03   -1.08    0.00
md_0120_0880.en        2    899 0.880000-2760.47-2473.15   15.66   -4.92    1.73 -297.41   -2.39   63.93    6.50 -337.67   -7.80  -23.67   -1.09    0.00
--> Name of file number   8:                                                     
md_0140_0860.en        1    899 0.140000-2542.86-2417.44   71.11   23.34    4.63 -304.24   79.74   57.45   89.87 -344.41   -8.41  -17.27   -1.71    0.00
md_0140_0860.en        2    899 0.860000-2759.52-2470.42   15.81   -4.63    2.04 -298.66   -3.67   65.01    6.34 -347.40   -8.40  -16.26   -1.60    0.00
--> Name of file number   9:                                                     
md_0160_0840.en        1    899 0.160000-2567.51-2419.17   66.32   22.43    4.03 -313.30   72.19   56.43   80.98 -335.99   -7.70  -33.74   -1.08    0.00
md_0160_0840.en        2    899 0.840000-2762.61-2466.54   16.84   -4.13    1.69 -308.22   -2.25   64.61    6.45 -340.29   -7.62  -32.53   -1.09    0.00
--> Name of file number  10:                                                     
md_0180_0820.en        1    899 0.180000-2580.30-2422.08   62.35   21.99    3.94 -308.89   62.39   55.82   72.72 -340.17   -9.38  -24.53   -0.95    0.00
md_0180_0820.en        2    899 0.820000-2753.59-2463.73   18.47   -3.82    1.88 -302.58   -3.80   63.84    6.37 -344.07   -9.31  -22.35   -0.86    0.00
--> Name of file number  11:                                                     
md_0200_0800.en        1    899 0.200000-2600.17-2423.79   58.44   21.07    3.76 -312.67   53.01   55.98   63.73 -324.53  -10.47  -44.12   -0.25    0.00
md_0200_0800.en        2    899 0.800000-2752.49-2459.97   19.38   -3.72    1.86 -305.66   -4.39   64.21    6.20 -328.51  -10.53  -41.36   -0.05    0.00
--> Name of file number  12:                                                     
md_0220_0780.en        1    899 0.220000-2614.35-2426.89   54.61   19.60    3.66 -311.06   45.74   55.59   55.55 -322.37   -9.79  -44.28   -0.02    0.00
md_0220_0780.en        2    899 0.780000-2745.47-2456.80   20.26   -3.18    1.98 -304.00   -3.73   63.90    6.02 -326.57   -9.79  -41.33    0.04    0.00
--> Name of file number  13:                                                     
md_0240_0760.en        1    899 0.240000-2626.05-2431.04   50.71   18.17    3.30 -305.07   37.89   55.47   48.19 -345.68  -10.17  -14.86   -0.13    0.00
md_0240_0760.en        2    899 0.760000-2738.57-2454.77   20.48   -3.00    1.86 -298.71   -4.43   64.11    6.06 -349.93  -10.15  -12.89   -0.33    0.00
--> Name of file number  14:                                                     
md_0260_0740.en        1    899 0.260000-2644.65-2432.81   46.75   17.46    3.09 -310.40   31.27   54.95   42.21 -333.32  -11.20  -32.03    0.27    0.00
md_0260_0740.en        2    899 0.740000-2736.85-2450.23   22.38   -2.65    1.82 -303.78   -4.38   63.64    6.33 -337.66  -11.28  -29.77    0.57    0.00
--> Name of file number  15:                                                     
md_0280_0720.en        1    899 0.280000-2658.48-2436.96   43.64   16.61    2.91 -311.21   26.54   53.53   37.04 -322.99  -10.41  -41.75   -0.09    0.00
md_0280_0720.en        2    899 0.720000-2733.51-2448.00   23.07   -2.37    1.77 -304.10   -3.89   62.82    6.67 -328.22  -10.31  -38.70   -0.24    0.00
--> Name of file number  16:                                                     
md_0300_0700.en        1    899 0.300000-2667.00-2438.16   40.14   15.46    2.91 -307.81   20.45   53.60   32.00 -332.36  -11.66  -29.05    0.11    0.00
md_0300_0700.en        2    899 0.700000-2724.90-2443.30   24.32   -2.09    1.87 -300.85   -4.85   63.07    6.86 -336.47  -11.73  -27.45    0.02    0.00
--> Name of file number  17:                                                     
md_0320_0680.en        1    899 0.320000-2682.59-2439.76   38.90   14.78    2.66 -315.18   16.01   52.20   26.16 -319.69  -10.81  -47.68    0.66    0.00
md_0320_0680.en        2    899 0.680000-2722.89-2438.77   26.59   -1.60    1.73 -307.99   -2.85   62.60    7.02 -325.27  -10.50  -45.33    0.62    0.00
--> Name of file number  18:                                                     
md_0340_0660.en        1    899 0.340000-2692.52-2442.78   35.92   13.76    2.46 -315.27   13.40   51.70   22.32 -316.74   -9.70  -50.23    0.79    0.00
md_0340_0660.en        2    899 0.660000-2719.90-2436.44   26.76   -1.52    1.66 -308.60   -1.76   62.72    6.96 -322.51   -9.37  -48.81    0.66    0.00
--> Name of file number  19:                                                     
md_0360_0640.en        1    899 0.360000-2704.81-2444.55   33.66   12.78    2.73 -319.18    9.75   52.57   19.28 -326.82  -10.36  -44.92    0.83    0.00
md_0360_0640.en        2    899 0.640000-2717.47-2433.20   28.46   -1.05    2.01 -311.12   -2.57   63.45    6.65 -331.63  -10.25  -42.94    1.03    0.00
--> Name of file number  20:                                                     
md_0380_0620.en        1    899 0.380000-2710.94-2446.84   31.17   12.12    2.47 -318.02    8.15   52.10   16.97 -322.63   -9.58  -47.49    0.76    0.00
md_0380_0620.en        2    899 0.620000-2710.57-2430.34   30.15   -0.59    1.87 -310.12   -1.54   63.17    7.01 -327.35   -9.59  -45.94    1.04    0.00
--> Name of file number  21:                                                     
md_0400_0600.en        1    899 0.400000-2713.89-2448.81   28.98   11.51    2.55 -313.54    5.41   51.96   14.74 -323.56   -9.64  -41.94    0.31    0.00
md_0400_0600.en        2    899 0.600000-2700.68-2427.14   31.86   -0.23    2.02 -305.67   -1.53   63.15    7.50 -329.33   -9.51  -39.49    0.47    0.00
--> Name of file number  22:                                                     
md_0420_0580.en        1    899 0.420000-2718.01-2451.17   27.18   11.06    2.45 -310.44    2.90   51.09   12.18 -322.88   -8.85  -38.65   -0.43    0.00
md_0420_0580.en        2    899 0.580000-2693.62-2424.60   33.06    0.11    2.01 -302.41   -1.79   62.89    7.24 -328.74   -8.80  -36.56   -0.23    0.00
--> Name of file number  23:                                                     
md_0440_0560.en        1    899 0.440000-2722.38-2453.72   24.25   10.97    2.15 -307.12    1.08   50.06   11.00 -309.94  -10.30  -47.24    0.37    0.00
md_0440_0560.en        2    899 0.560000-2684.78-2422.39   34.78    0.84    1.74 -298.64   -1.10   62.38    8.38 -316.94  -10.03  -44.08    0.55    0.00
--> Name of file number  24:                                                     
md_0460_0540.en        1    899 0.460000-2732.43-2456.33   21.56   10.44    2.14 -311.26    1.02   49.79   10.79 -306.82  -10.32  -54.23    0.56    0.00
md_0460_0540.en        2    899 0.540000-2685.03-2420.90   35.36    1.45    1.82 -302.55   -0.22   62.08    9.29 -313.58  -10.18  -51.05    0.67    0.00
--> Name of file number  25:                                                     
md_0480_0520.en        1    899 0.480000-2739.17-2459.26   20.46   10.45    1.82 -312.46   -0.18   47.84    8.22 -281.72   -9.49  -78.58    1.08    0.00
md_0480_0520.en        2    899 0.520000-2677.58-2416.72   38.54    1.75    1.50 -305.31    2.66   61.34   10.72 -290.35   -9.14  -76.30    1.09    0.00
--> Name of file number  26:                                                     
md_0500_0500.en        1    899 0.500000-2737.93-2461.21   19.48   10.24    1.96 -306.90   -1.50   47.85    7.99 -293.83   -9.44  -60.92   -0.06    0.00
md_0500_0500.en        2    899 0.500000-2667.08-2414.67   39.78    2.43    1.72 -298.76    2.44   61.32   11.64 -302.12   -9.22  -57.96    0.01    0.00
--> Name of file number  27:                                                     
md_0520_0480.en        1    899 0.520000-2740.17-2464.62   17.51    9.21    2.03 -303.94   -0.36   49.61    8.59 -311.21   -9.06  -42.33    0.10    0.00
md_0520_0480.en        2    899 0.480000-2660.73-2414.87   40.82    2.56    1.85 -295.25    4.15   62.76   12.64 -318.39   -8.70  -39.61    0.22    0.00
--> Name of file number  28:                                                     
md_0540_0460.en        1    899 0.540000-2752.17-2467.38   15.65    8.59    1.89 -309.36   -1.57   48.87    7.91 -309.78   -9.07  -48.44   -0.41    0.00
md_0540_0460.en        2    899 0.460000-2662.03-2413.14   41.82    2.77    1.79 -300.02    4.75   62.39   13.85 -317.12   -8.69  -45.29   -0.41    0.00
--> Name of file number  29:                                                     
md_0560_0440.en        1    899 0.560000-2744.92-2469.07   15.41    8.64    1.67 -299.23   -2.33   48.17    7.44 -292.67   -9.54  -54.74   -0.23    0.00
md_0560_0440.en        2    899 0.440000-2645.05-2410.16   44.77    3.52    1.62 -290.60    5.80   61.80   15.19 -300.56   -9.08  -51.84   -0.31    0.00
--> Name of file number  30:                                                     
md_0580_0420.en        1    899 0.580000-2752.70-2472.62   13.88    8.17    1.89 -302.38   -1.64   48.38    7.23 -285.88   -8.40  -64.88   -0.47    0.00
md_0580_0420.en        2    899 0.420000-2641.78-2408.38   46.00    4.08    1.87 -293.75    8.40   62.31   17.01 -294.38   -8.05  -61.68   -0.55    0.00
--> Name of file number  31:                                                     
md_0600_0400.en        1    899 0.600000-2765.86-2474.27   13.25    8.12    1.77 -312.52   -2.20   48.35    6.53 -273.71   -8.36  -87.16   -0.37    0.00
md_0600_0400.en        2    899 0.400000-2644.54-2405.19   48.17    4.47    1.78 -303.72    9.94   62.21   18.17 -281.39   -7.90  -84.54   -0.33    0.00
--> Name of file number  32:                                                     
md_0620_0380.en        1    899 0.620000-2773.81-2478.18   12.62    7.69    1.86 -317.30   -0.50   50.22    7.08 -289.66   -8.08  -77.87    0.50    0.00
md_0620_0380.en        2    899 0.380000-2637.71-2403.24   51.03    5.18    1.93 -307.71   15.11   63.87   22.28 -296.66   -7.61  -74.92    0.44    0.00
--> Name of file number  33:                                                     
md_0640_0360.en        1    899 0.640000-2772.04-2485.29   10.70    7.08    1.98 -304.25   -2.26   49.51    7.19 -289.02   -9.53  -64.74    0.08    0.00
md_0640_0360.en        2    899 0.360000-2619.25-2403.61   52.49    5.55    2.13 -294.26   18.45   63.76   27.62 -296.62   -9.42  -61.40    0.26    0.00
--> Name of file number  34:                                                     
md_0660_0340.en        1    899 0.660000-2776.42-2489.68    9.71    7.20    1.89 -303.29   -2.25   47.82    6.70 -279.54   -9.77  -71.57    0.82    0.00
md_0660_0340.en        2    899 0.340000-2608.64-2400.90   54.62    6.30    2.06 -294.36   23.64   62.42   32.37 -288.59   -9.62  -68.19    0.89    0.00
--> Name of file number  35:                                                     
md_0680_0320.en        1    899 0.680000-2790.35-2495.37    9.88    6.87    1.85 -311.67   -1.91   47.38    6.46 -281.00   -8.15  -78.06   -0.22    0.00
md_0680_0320.en        2    899 0.320000-2603.05-2398.06   58.75    6.85    2.05 -303.72   31.07   62.57   39.38 -290.55   -7.99  -75.74   -0.33    0.00
--> Name of file number  36:                                                     
md_0700_0300.en        1    899 0.700000-2787.55-2499.56    9.77    6.85    1.61 -304.00   -2.23   46.62    6.41 -288.31   -9.08  -62.32    0.43    0.00
md_0700_0300.en        2    899 0.300000-2584.68-2396.29   61.09    7.34    1.83 -294.97   36.32   62.40   44.82 -296.67   -8.87  -60.70    0.37    0.00
--> Name of file number  37:                                                     
md_0720_0280.en        1    899 0.720000-2802.39-2504.30    8.42    6.88    2.02 -311.79   -3.62   49.17    6.34 -290.82   -9.42  -70.14   -0.54    0.00
md_0720_0280.en        2    899 0.280000-2577.87-2393.78   63.33    7.83    2.32 -299.65   42.09   64.78   52.08 -297.07   -9.52  -67.36   -0.48    0.00
--> Name of file number  38:                                                     
md_0740_0260.en        1    899 0.740000-2804.95-2508.30    8.76    6.81    1.73 -310.31   -3.64   47.48    6.63 -296.66  -10.24  -61.13   -0.03    0.00
md_0740_0260.en        2    899 0.260000-2567.80-2392.20   65.06    8.32    2.03 -299.65   48.66   63.31   58.78 -304.16  -10.20  -58.81    0.07    0.00
--> Name of file number  39:                                                     
md_0760_0240.en        1    899 0.760000-2810.89-2513.06    9.12    6.26    1.61 -311.59   -3.21   45.78    6.31 -288.28  -10.24  -69.08    0.72    0.00
md_0760_0240.en        2    899 0.240000-2553.79-2389.69   68.95    8.80    1.93 -300.65   56.87   62.14   66.36 -295.99  -10.15  -66.80    0.66    0.00
--> Name of file number  40:                                                     
md_0780_0220.en        1    899 0.780000-2814.70-2517.51    8.74    5.67    1.51 -310.10   -3.00   46.00    6.57 -291.27  -10.70  -64.83    1.13    0.00
md_0780_0220.en        2    899 0.220000-2538.22-2387.64   71.78    9.08    1.87 -299.94   66.63   62.35   76.16 -299.01  -10.44  -63.28    0.90    0.00
--> Name of file number  41:                                                     
md_0800_0200.en        1    899 0.800000-2818.53-2521.06    8.44    5.75    1.43 -307.31   -5.78   45.76    6.28 -293.41  -11.90  -59.66   -0.16    0.00
md_0800_0200.en        2    899 0.200000-2523.16-2385.18   75.06    9.60    1.82 -295.55   71.10   62.62   83.19 -300.50  -11.74  -57.66   -0.36    0.00
--> Name of file number  42:                                                     
md_0820_0180.en        1    899 0.820000-2833.52-2524.97    8.17    5.71    1.74 -318.03   -6.12   46.52    6.48 -293.31  -13.81  -71.24    1.20    0.00
md_0820_0180.en        2    899 0.180000-2520.05-2383.45   76.04    9.71    2.16 -305.04   80.54   63.46   93.06 -299.35  -14.03  -69.14    1.51    0.00
--> Name of file number  43:                                                     
md_0840_0160.en        1    899 0.840000-2826.98-2527.46    8.65    6.25    2.02 -311.67   -4.78   49.16    6.73 -304.00  -11.86  -56.82    0.35    0.00
md_0840_0160.en        2    899 0.160000-2493.69-2380.65   80.95   10.47    2.43 -297.57   90.68   65.92  102.24 -309.49  -12.09  -54.00    0.54    0.00
--> Name of file number  44:                                                     
md_0860_0140.en        1    899 0.860000-2837.30-2531.27    7.64    5.74    2.04 -316.02   -5.42   49.07    6.58 -307.72  -12.07  -57.37    0.07    0.00
md_0860_0140.en        2    899 0.140000-2481.18-2378.73   84.58   10.86    2.49 -300.91  100.53   66.27  112.61 -312.76  -12.38  -54.43    0.30    0.00
--> Name of file number  45:                                                     
md_0880_0120.en        1    899 0.880000-2836.01-2533.90    7.67    5.69    2.10 -313.94   -3.63   47.41    6.50 -307.85  -12.09  -53.50    1.97    0.00
md_0880_0120.en        2    899 0.120000-2459.57-2376.34   87.65   11.38    2.58 -298.19  113.34   64.99  123.70 -313.57  -12.38  -49.60    2.03    0.00
--> Name of file number  46:                                                     
md_0900_0100.en        1    899 0.900000-2834.03-2534.70    8.19    5.98    2.10 -311.86   -3.74   48.03    6.67 -319.64  -11.76  -40.25    1.34    0.00
md_0900_0100.en        2    899 0.100000-2438.92-2372.69   92.20   11.87    2.58 -296.38  123.50   65.92  134.01 -324.77  -11.90  -37.53    1.40    0.00
--> Name of file number  47:                                                     
md_0920_0080.en        1    899 0.920000-2830.13-2536.42    8.33    5.28    1.70 -304.13   -4.88   47.06    6.40 -310.54  -11.14  -40.65   -0.15    0.00
md_0920_0080.en        2    899 0.080000-2406.01-2368.74  100.95   12.24    2.17 -288.44  135.80   65.83  147.22 -315.20  -11.04  -39.06   -0.37    0.00
--> Name of file number  48:                                                     
md_0940_0060.en        1    899 0.940000-2834.44-2538.70    8.75    4.37    1.71 -306.61   -3.96   44.14    6.60 -289.62  -10.00  -61.12   -0.57    0.00
md_0940_0060.en        2    899 0.060000-2395.46-2367.66  103.31   12.75    2.21 -291.68  145.60   63.41  156.21 -295.99   -9.86  -59.09   -0.75    0.00
--> Name of file number  49:                                                     
md_0960_0040.en        1    899 0.960000-2831.85-2540.31    8.24    3.98    1.92 -302.01   -3.67   43.40    7.05 -287.39  -11.08  -58.02    0.36    0.00
md_0960_0040.en        2    899 0.040000-2370.33-2365.74  105.99   13.09    2.44 -286.09  159.98   62.95  170.87 -293.55  -11.17  -55.50    0.27    0.00
--> Name of file number  50:                                                     
md_0980_0020.en        1    899 0.980000-2838.51-2540.61    8.44    3.30    1.82 -307.92   -3.53   41.94    6.94 -295.46  -10.25  -54.40   -0.22    0.00
md_0980_0020.en        2    899 0.020000-2343.19-2361.89  120.07   14.76    2.34 -290.93  172.46   62.35  183.15 -301.97  -10.33  -51.32   -0.35    0.00
--> Name of file number  51:                                                     
md_1000_0000.en        1    899 1.000000-2835.92-2541.97    8.58    1.77    2.00 -303.18   -3.12   38.71    7.22 -292.18   -8.89  -49.71   -1.45    0.00
md_1000_0000.en        2    899 0.000000-2303.54-2360.74  138.98   16.65    2.52 -285.29  184.34   60.78  194.75 -299.76   -8.99  -46.31   -1.43    0.00


# Part 1: Free energy perturbation summary:
# lambda(1)      dGf sum(dGf)      dGr sum(dGr)     <dG>
   0.000000    0.000    0.000   -9.856  -22.758    0.000
   0.020000    9.925    9.925   -9.363  -12.902    9.891
   0.040000    9.326   19.251   -8.565   -3.540   19.235
   0.060000    8.740   27.991   -8.213    5.025   27.887
   0.080000    8.036   36.027   -7.616   13.238   36.011
   0.100000    7.679   43.706   -6.897   20.854   43.659
   0.120000    7.085   50.791   -6.357   27.750   50.650
   0.140000    6.494   57.285   -5.921   34.107   57.075
   0.160000    5.963   63.248   -5.510   40.028   63.017
   0.180000    5.527   68.775   -5.026   45.538   68.536
   0.200000    5.075   73.850   -4.641   50.564   73.586
   0.220000    4.713   78.562   -4.210   55.205   78.263
   0.240000    4.239   82.802   -3.825   59.415   82.487
   0.260000    3.941   86.742   -3.472   63.239   86.370
   0.280000    3.517   90.259   -3.138   66.711   89.864
   0.300000    3.180   93.439   -2.745   69.849   93.023
   0.320000    2.833   96.272   -2.464   72.594   95.812
   0.340000    2.511   98.783   -2.201   75.058   98.300
   0.360000    2.281  101.065   -1.932   77.259  100.541
   0.380000    1.954  103.019   -1.672   79.191  102.484
   0.400000    1.698  104.718   -1.437   80.864  104.170
   0.420000    1.447  106.165   -1.177   82.301  105.612
   0.440000    1.233  107.397   -0.972   83.478  106.817
   0.460000    0.966  108.364   -0.697   84.449  107.786
   0.480000    0.779  109.142   -0.527   85.146  108.523
   0.500000    0.482  109.624   -0.338   85.674  109.028
   0.520000    0.284  109.908   -0.127   86.012  109.339
   0.540000    0.135  110.043    0.073   86.138  109.470
   0.560000   -0.094  109.949    0.291   86.066  109.386
   0.580000   -0.277  109.672    0.487   85.774  109.102
   0.600000   -0.504  109.168    0.770   85.287  108.606
   0.620000   -0.723  108.444    1.097   84.517  107.860
   0.640000   -1.031  107.413    1.406   83.420  106.795
   0.660000   -1.368  106.045    1.785   82.014  105.409
   0.680000   -1.672  104.373    2.092   80.229  103.680
   0.700000   -2.067  102.306    2.535   78.137  101.600
   0.720000   -2.376   99.929    2.759   75.602   99.145
   0.740000   -2.807   97.123    3.146   72.843   96.362
   0.760000   -3.083   94.040    3.531   69.696   93.247
   0.780000   -3.504   90.536    3.916   66.165   89.730
   0.800000   -3.876   86.660    4.280   62.250   85.834
   0.820000   -4.256   82.404    4.628   57.969   81.566
   0.840000   -4.626   77.778    5.144   53.341   76.939
   0.860000   -5.049   72.729    5.553   48.197   71.842
   0.880000   -5.470   67.260    5.886   42.644   66.331
   0.900000   -5.861   61.398    6.460   36.757   60.457
   0.920000   -6.280   55.118    6.740   30.297   54.087
   0.940000   -6.858   48.260    7.176   23.557   47.288
   0.960000   -7.183   41.077    7.824   16.381   40.108
   0.980000   -7.667   33.410    8.557    8.557   32.363
   1.000000   -8.337   25.073    0.000    0.000   23.916

# Min energy-gap is:   -556.07
# Max energy-gap is:    638.08


# Part 2: Reaction free energy summary:
# Lambda(1)  bin Energy gap      dGa     dGb     dGg    # pts    c1**2    c2**2
   0.000000   43     458.95   449.94     0.00   -17.46     70    0.035    0.965
   0.000000   44     482.84   473.65     0.00   -16.70    208    0.032    0.968
   0.000000   45     506.72   497.03     0.00   -16.01    261    0.030    0.970
   0.000000   46     530.60   520.62     0.00   -15.37    219    0.027    0.973
   0.000000   47     554.49   544.34     0.00   -14.73     93    0.025    0.975
   0.000000   48     578.37   568.14     0.00   -14.18     30    0.023    0.977
   0.020000   42     435.07   426.88     1.13   -17.21     83    0.039    0.961
   0.020000   43     458.95   450.19     0.67   -16.81    244    0.035    0.965
   0.020000   44     482.84   473.52     0.22   -16.50    277    0.032    0.968
   0.020000   45     506.72   496.88    -0.23   -16.25    195    0.030    0.970
   0.020000   46     530.60   519.94    -0.64   -16.06     63    0.028    0.972
   0.040000   40     387.31   381.63     3.58   -16.73     33    0.047    0.953
   0.040000   41     411.19   405.08     2.66   -16.61    116    0.043    0.957
   0.040000   42     435.07   427.70     1.74   -16.59    240    0.039    0.961
   0.040000   43     458.95   450.63     0.83   -16.66    262    0.036    0.964
   0.040000   44     482.84   473.46    -0.05   -16.79    166    0.033    0.967
   0.040000   45     506.72   496.15    -0.98   -16.99     65    0.030    0.970
   0.060000   39     363.42   361.17     5.77   -15.64     50    0.053    0.947
   0.060000   40     387.31   383.45     4.42   -15.87    193    0.048    0.952
   0.060000   41     411.19   405.35     3.07   -16.20    283    0.043    0.957
   0.060000   42     435.07   427.55     1.73   -16.63    237    0.039    0.961
   0.060000   43     458.95   450.03     0.32   -17.16    108    0.036    0.964
   0.080000   38     339.54   339.66     8.40   -14.27     45    0.059    0.941
   0.080000   39     363.42   361.69     6.57   -14.84    136    0.053    0.947
   0.080000   40     387.31   383.31     4.78   -15.51    282    0.048    0.952
   0.080000   41     411.19   405.59     2.91   -16.33    257    0.043    0.957
   0.080000   42     435.07   427.01     1.12   -17.20    145    0.039    0.961
   0.100000   37     315.66   319.67    11.58   -12.59     68    0.066    0.934
   0.100000   38     339.54   340.87     9.30   -13.44    209    0.060    0.940
   0.100000   39     363.42   362.24     6.96   -14.47    292    0.053    0.947
   0.100000   40     387.31   383.57     4.62   -15.64    209    0.048    0.952
   0.100000   41     411.19   404.53     2.52   -16.79     89    0.044    0.956
   0.120000   36     291.77   300.42    14.87   -10.85     77    0.075    0.925
   0.120000   37     315.66   320.40    12.18   -11.96    280    0.067    0.933
   0.120000   38     339.54   340.88     9.47   -13.25    323    0.060    0.940
   0.120000   39     363.42   361.85     6.77   -14.69    162    0.054    0.946
   0.120000   40     387.31   382.72     4.08   -16.26     43    0.049    0.951
   0.140000   35     267.89   281.18    18.70    -8.90    105    0.086    0.914
   0.140000   36     291.77   299.98    15.46   -10.28    268    0.076    0.924
   0.140000   37     315.66   320.22    12.29   -11.85    338    0.068    0.932
   0.140000   38     339.54   340.47     9.27   -13.52    142    0.061    0.939
   0.140000   39     363.42   361.72     6.01   -15.47     31    0.054    0.946
   0.160000   34     244.01   260.27    23.03    -6.74     82    0.098    0.902
   0.160000   35     267.89   280.17    19.26    -8.34    244    0.086    0.914
   0.160000   36     291.77   300.12    15.57   -10.17    353    0.077    0.923
   0.160000   37     315.66   320.15    12.13   -12.09    168    0.068    0.932
   0.160000   38     339.54   339.77     8.72   -14.13     31    0.061    0.939
   0.180000   33     220.12   242.74    27.67    -4.43     94    0.113    0.887
   0.180000   34     244.01   261.17    23.47    -6.20    234    0.099    0.901
   0.180000   35     267.89   280.24    19.38    -8.20    318    0.087    0.913
   0.180000   36     291.77   299.60    15.22   -10.50    189    0.077    0.923
   0.180000   37     315.66   319.17    10.90   -13.13     49    0.068    0.932
   0.200000   32     196.24   224.63    32.88    -2.02     46    0.131    0.869
   0.200000   33     220.12   242.59    28.25    -3.85    227    0.114    0.886
   0.200000   34     244.01   261.47    23.64    -6.02    370    0.100    0.900
   0.200000   35     267.89   280.08    19.09    -8.48    215    0.088    0.912
   0.200000   36     291.77   298.85    14.90   -10.86     38    0.079    0.921
   0.220000   31     172.36   206.12    38.67     0.54     42    0.154    0.846
   0.220000   32     196.24   224.54    33.54    -1.32    213    0.133    0.867
   0.220000   33     220.12   242.96    28.45    -3.63    323    0.115    0.885
   0.220000   34     244.01   261.32    23.53    -6.17    242    0.101    0.899
   0.220000   35     267.89   279.54    18.69    -9.01     63    0.089    0.911
   0.240000   31     172.36   207.11    39.23     1.16    147    0.154    0.846
   0.240000   32     196.24   224.70    33.80    -1.06    384    0.134    0.866
   0.240000   33     220.12   242.52    28.46    -3.68    293    0.117    0.883
   0.240000   34     244.01   260.48    22.66    -6.94     65    0.101    0.899
   0.260000   30     148.48   190.13    45.78     3.82    120    0.181    0.819
   0.260000   31     172.36   207.21    39.72     1.63    337    0.156    0.844
   0.260000   32     196.24   224.63    33.82    -1.08    333    0.135    0.865
   0.260000   33     220.12   242.41    27.94    -4.19     88    0.117    0.883
   0.280000   29     124.59   173.55    52.68     6.25     66    0.212    0.788
   0.280000   30     148.48   190.66    46.22     4.31    284    0.183    0.817
   0.280000   31     172.36   207.30    39.83     1.70    367    0.158    0.842
   0.280000   32     196.24   224.25    33.67    -1.33    160    0.137    0.863
   0.300000   28     100.71   161.51    60.14     8.47     37    0.248    0.752
   0.300000   29     124.59   174.17    53.24     6.85    236    0.214    0.786
   0.300000   30     148.48   190.84    46.33     4.43    367    0.184    0.816
   0.300000   31     172.36   207.07    39.58     1.46    203    0.160    0.840
   0.300000   32     196.24   223.43    33.03    -1.98     54    0.138    0.862
   0.320000   28     100.71   158.44    61.01     9.23    133    0.254    0.746
   0.320000   29     124.59   174.66    53.58     7.16    404    0.217    0.783
   0.320000   30     148.48   190.55    46.35     4.40    306    0.187    0.813
   0.320000   31     172.36   206.43    39.18     0.85     47    0.161    0.839
   0.340000   28     100.71   159.62    61.23     9.57    321    0.254    0.746
   0.340000   29     124.59   174.60    53.46     7.12    430    0.220    0.780
   0.340000   30     148.48   189.75    45.90     3.96    119    0.191    0.809
   0.360000   27      76.83   144.98    70.03    11.89    196    0.301    0.699
   0.360000   28     100.71   159.51    61.54     9.84    388    0.258    0.742
   0.360000   29     124.59   174.27    53.49     7.02    263    0.223    0.777
   0.360000   30     148.48   189.08    44.75     3.03     37    0.192    0.808
   0.380000   26      52.94   130.67    79.13    13.53     77    0.352    0.648
   0.380000   27      76.83   145.03    70.17    12.18    331    0.302    0.698
   0.380000   28     100.71   159.25    61.52     9.79    384    0.262    0.738
   0.380000   29     124.59   173.90    52.73     6.44     99    0.225    0.775
   0.400000   26      52.94   131.07    79.54    14.06    214    0.353    0.647
   0.400000   27      76.83   144.99    70.36    12.32    420    0.306    0.694
   0.400000   28     100.71   158.99    61.48     9.60    224    0.265    0.735
   0.420000   25      29.06   119.85    89.76    15.33     51    0.411    0.589
   0.420000   26      52.94   131.81    79.97    14.42    359    0.358    0.642
   0.420000   27      76.83   144.91    70.39    12.27    392    0.310    0.690
   0.420000   28     100.71   158.73    60.63     9.12     92    0.266    0.734
   0.440000   25      29.06   118.82    90.19    15.87    194    0.413    0.587
   0.440000   26      52.94   131.67    80.10    14.56    470    0.361    0.639
   0.440000   27      76.83   144.63    69.75    11.86    194    0.312    0.688
   0.460000   24       5.18   108.20   101.26    16.60     52    0.473    0.527
   0.460000   25      29.06   119.25    90.46    16.19    340    0.416    0.584
   0.460000   26      52.94   131.59    79.90    14.43    413    0.364    0.636
   0.460000   27      76.83   143.91    69.53    11.51     90    0.319    0.681
   0.480000   24       5.18   107.46   101.72    17.14    202    0.476    0.524
   0.480000   25      29.06   119.32    90.66    16.36    443    0.421    0.579
   0.480000   26      52.94   131.32    80.31    14.32    207    0.369    0.631
   0.500000   23     -18.70    96.06   114.00    17.18     60    0.542    0.458
   0.500000   24       5.18   107.68   102.08    17.49    328    0.482    0.518
   0.500000   25      29.06   119.33    90.36    16.20    403    0.423    0.577
   0.500000   26      52.94   130.89    78.99    13.52     93    0.369    0.631
   0.520000   23     -18.70    97.83   114.20    17.89    124    0.539    0.461
   0.520000   24       5.18   108.15   102.15    17.65    450    0.483    0.517
   0.520000   25      29.06   119.09    90.33    16.03    274    0.428    0.572
   0.520000   26      52.94   130.33    78.87    13.03     45    0.373    0.627
   0.540000   22     -42.59    88.18   126.99    17.60     40    0.597    0.403
   0.540000   23     -18.70    97.39   114.73    18.29    243    0.546    0.454
   0.540000   24       5.18   108.13   102.23    17.67    450    0.487    0.513
   0.540000   25      29.06   118.59    89.90    15.69    151    0.433    0.567
   0.560000   22     -42.59    87.85   128.38    18.11     78    0.606    0.394
   0.560000   23     -18.70    97.90   114.93    18.55    416    0.547    0.453
   0.560000   24       5.18   107.85   101.91    17.49    340    0.491    0.509
   0.560000   25      29.06   117.97    92.03    15.46     59    0.437    0.563
   0.580000   22     -42.59    88.67   128.39    18.68    242    0.605    0.395
   0.580000   23     -18.70    98.09   114.99    18.62    412    0.550    0.450
   0.580000   24       5.18   107.64   102.00    17.24    212    0.496    0.504
   0.600000   21     -66.47    79.28   142.80    17.95     81    0.663    0.337
   0.600000   22     -42.59    88.72   128.73    18.98    374    0.608    0.392
   0.600000   23     -18.70    97.84   115.10    18.53    332    0.555    0.445
   0.600000   24       5.18   107.03   101.08    16.66    107    0.498    0.502
   0.620000   20     -90.35    70.92   158.09    16.77     42    0.713    0.287
   0.620000   21     -66.47    79.94   143.44    18.52    231    0.666    0.334
   0.620000   22     -42.59    88.68   128.87    19.06    415    0.614    0.386
   0.620000   23     -18.70    97.46   114.35    18.15    188    0.558    0.442
   0.640000   20     -90.35    72.46   158.59    17.49    172    0.715    0.285
   0.640000   21     -66.47    80.29   143.55    18.78    388    0.669    0.331
   0.640000   22     -42.59    88.68   128.79    18.85    269    0.616    0.384
   0.640000   23     -18.70    96.89   113.08    17.52     49    0.562    0.438
   0.660000   19    -114.24    64.51   174.33    15.79     67    0.758    0.242
   0.660000   20     -90.35    72.55   158.90    17.84    343    0.717    0.283
   0.660000   21     -66.47    80.21   143.41    18.72    367    0.673    0.327
   0.660000   22     -42.59    88.07   128.26    18.42    104    0.623    0.377
   0.680000   18    -138.12    57.63   191.07    13.80     64    0.796    0.204
   0.680000   19    -114.24    65.22   175.03    16.37    272    0.760    0.240
   0.680000   20     -90.35    72.44   159.15    17.85    393    0.723    0.277
   0.680000   21     -66.47    79.84   143.40    18.35    151    0.676    0.324
   0.700000   17    -162.00    51.56   208.30    11.79     30    0.827    0.173
   0.700000   18    -138.12    58.70   191.76    14.62    187    0.797    0.203
   0.700000   19    -114.24    65.34   175.16    16.50    403    0.764    0.236
   0.700000   20     -90.35    72.16   158.79    17.60    231    0.725    0.275
   0.700000   21     -66.47    79.45   142.23    17.65     47    0.677    0.323
   0.720000   17    -162.00    52.55   208.86    12.52    160    0.828    0.172
   0.720000   18    -138.12    58.65   191.90    14.73    387    0.800    0.200
   0.720000   19    -114.24    65.13   175.20    16.30    277    0.768    0.232
   0.720000   20     -90.35    71.55   159.57    17.01     52    0.729    0.271
   0.740000   16    -185.88    47.02   226.56    10.56     83    0.853    0.147
   0.740000   17    -162.00    52.65   209.25    12.86    295    0.830    0.170
   0.740000   18    -138.12    58.64   192.00    14.72    343    0.802    0.198
   0.740000   19    -114.24    64.67   174.57    15.86    151    0.770    0.230
   0.760000   15    -209.77    42.22   245.35     8.71     65    0.874    0.126
   0.760000   16    -185.88    47.29   227.33    11.01    245    0.854    0.146
   0.760000   17    -162.00    52.77   209.50    12.97    348    0.832    0.168
   0.760000   18    -138.12    58.34   191.91    14.41    197    0.804    0.196
   0.760000   19    -114.24    63.62   172.99    15.08     31    0.774    0.226
   0.780000   14    -233.65    37.50   264.08     6.65     40    0.892    0.108
   0.780000   15    -209.77    42.58   245.69     9.21    232    0.875    0.125
   0.780000   16    -185.88    47.49   227.43    11.17    347    0.856    0.144
   0.780000   17    -162.00    52.54   209.26    12.73    222    0.834    0.166
   0.780000   18    -138.12    57.58   191.66    13.70     49    0.807    0.193
   0.800000   14    -233.65    38.37   265.01     7.51    176    0.892    0.108
   0.800000   15    -209.77    42.90   246.04     9.48    361    0.876    0.124
   0.800000   16    -185.88    47.40   227.28    11.03    258    0.858    0.142
   0.800000   17    -162.00    51.89   208.82    12.12     72    0.836    0.164
   0.820000   13    -257.53    34.50   284.95     5.95    112    0.906    0.094
   0.820000   14    -233.65    38.68   265.57     7.86    324    0.893    0.107
   0.820000   15    -209.77    42.73   246.29     9.37    317    0.878    0.122
   0.820000   16    -185.88    46.71   227.98    10.46    113    0.861    0.139
   0.840000   12    -281.42    31.57   305.03     4.86    108    0.918    0.082
   0.840000   13    -257.53    35.07   285.20     6.48    283    0.907    0.093
   0.840000   14    -233.65    38.69   265.51     7.89    302    0.894    0.106
   0.840000   15    -209.77    42.36   245.87     8.97    148    0.879    0.121
   0.840000   16    -185.88    46.02   230.55     9.67     38    0.861    0.139
   0.860000   11    -305.30    28.82   325.89     3.86     82    0.928    0.072
   0.860000   12    -281.42    31.91   305.53     5.28    266    0.919    0.081
   0.860000   13    -257.53    35.15   285.31     6.53    377    0.908    0.092
   0.860000   14    -233.65    38.30   265.16     7.49    150    0.895    0.105
   0.880000   10    -329.18    26.57   347.00     3.15     51    0.936    0.064
   0.880000   11    -305.30    29.38   326.49     4.42    256    0.928    0.072
   0.880000   12    -281.42    32.05   305.62     5.39    392    0.920    0.080
   0.880000   13    -257.53    34.72   284.94     6.17    168    0.909    0.091
   0.900000    9    -353.06    25.19   369.41     2.99     46    0.943    0.057
   0.900000   10    -329.18    27.40   347.68     3.89    217    0.936    0.064
   0.900000   11    -305.30    29.62   326.57     4.63    335    0.929    0.071
   0.900000   12    -281.42    31.82   305.38     5.18    225    0.920    0.080
   0.900000   13    -257.53    34.11   288.55     5.52     61    0.910    0.090
   0.920000    8    -376.95    23.90   391.53     2.98     73    0.949    0.051
   0.920000    9    -353.06    25.71   369.85     3.59    255    0.944    0.056
   0.920000   10    -329.18    27.49   347.88     4.05    323    0.937    0.063
   0.920000   11    -305.30    29.27   326.53     4.36    202    0.930    0.070
   0.920000   12    -281.42    31.14   304.46     4.48     32    0.920    0.080
   0.940000    7    -400.83    23.28   414.74     3.41     43    0.954    0.046
   0.940000    8    -376.95    24.63   392.34     3.69    169    0.949    0.051
   0.940000    9    -353.06    25.94   370.04     3.84    309    0.944    0.056
   0.940000   10    -329.18    27.30   347.78     3.86    263    0.938    0.062
   0.940000   11    -305.30    28.65   325.44     3.72     93    0.930    0.070
   0.960000    6    -424.71    23.21   438.23     4.28     52    0.959    0.041
   0.960000    7    -400.83    24.07   415.22     4.20    158    0.955    0.045
   0.960000    8    -376.95    24.99   392.87     4.02    294    0.950    0.050
   0.960000    9    -353.06    25.90   370.11     3.73    248    0.944    0.056
   0.960000   10    -329.18    26.75   347.19     3.31    125    0.938    0.062
   0.980000    5    -448.60    23.42   462.04     5.43     90    0.963    0.037
   0.980000    6    -424.71    23.89   439.15     4.98    240    0.959    0.041
   0.980000    7    -400.83    24.33   415.53     4.46    289    0.955    0.045
   0.980000    8    -376.95    24.78   392.67     3.85    187    0.950    0.050
   0.980000    9    -353.06    25.24   371.38     3.09     61    0.945    0.055
   1.000000    3    -496.36    23.92   510.33     7.49     55    0.969    0.031
   1.000000    4    -472.48    23.92   486.30     6.73    150    0.966    0.034
   1.000000    5    -448.60    23.92   463.31     5.97    292    0.963    0.037
   1.000000    6    -424.71    23.92   438.85     5.06    249    0.959    0.041
   1.000000    7    -400.83    23.92   415.96     4.06    117    0.955    0.045


# Part 3: Bin-averaged summary:
# bin  energy gap  <dGg> <dGg norm> pts  <c1**2> <c2**2> <r_xy>
   3   -496.36     7.49    24.37     55   0.969   0.031   1.411
   4   -472.48     6.73    23.61    150   0.966   0.034   1.425
   5   -448.60     5.84    22.72    382   0.963   0.037   1.438
   6   -424.71     4.95    21.82    541   0.959   0.041   1.454
   7   -400.83     4.24    21.12    607   0.955   0.045   1.471
   8   -376.95     3.79    20.67    723   0.950   0.050   1.489
   9   -353.06     3.65    20.52    919   0.944   0.056   1.515
  10   -329.18     3.82    20.70    979   0.937   0.063   1.542
  11   -305.30     4.37    21.24    968   0.929   0.071   1.574
  12   -281.42     5.23    22.11   1023   0.919   0.081   1.608
  13   -257.53     6.33    23.20   1001   0.908   0.092   1.647
  14   -233.65     7.70    24.58    992   0.894   0.106   1.689
  15   -209.77     9.28    26.16   1123   0.877   0.123   1.735
  16   -185.88    10.93    27.80   1084   0.857   0.143   1.784
  17   -162.00    12.74    29.62   1127   0.832   0.168   1.843
  18   -138.12    14.57    31.45   1227   0.801   0.199   1.911
  19   -114.24    16.27    33.14   1201   0.765   0.235   1.984
  20    -90.35    17.68    34.56   1233   0.720   0.280   2.067
  21    -66.47    18.57    35.44   1265   0.671   0.329   2.171
  22    -42.59    18.81    35.69   1522   0.611   0.389   2.299
  23    -18.70    18.37    35.24   1824   0.550   0.450   2.417
  24      5.18    17.44    34.31   2141   0.486   0.514   2.520
  25     29.06    16.09    32.97   1915   0.422   0.578   2.637
  26     52.94    14.29    31.17   1878   0.361   0.639   2.752
  27     76.83    12.13    29.00   1623   0.307   0.693   2.840
  28    100.71     9.61    26.49   1579   0.259   0.741   2.883
  29    124.59     6.99    23.86   1498   0.219   0.781   2.907
  30    148.48     4.25    21.12   1233   0.185   0.815   2.943
  31    172.36     1.49    18.37   1143   0.157   0.843   3.001
  32    196.24    -1.23    15.65   1190   0.135   0.865   3.063
  33    220.12    -3.82    13.06   1025   0.115   0.885   3.112
  34    244.01    -6.22    10.66    993   0.100   0.900   3.152
  35    267.89    -8.43     8.44    945   0.087   0.913   3.179
  36    291.77   -10.35     6.52    925   0.076   0.924   3.224
  37    315.66   -12.06     4.82    903   0.067   0.933   3.271
  38    339.54   -13.45     3.42    750   0.060   0.940   3.307
  39    363.42   -14.73     2.14    671   0.053   0.947   3.357
  40    387.31   -15.73     1.14    760   0.048   0.952   3.416
  41    411.19   -16.38     0.49    745   0.043   0.957   3.456
  42    435.07   -16.80     0.07    705   0.039   0.961   3.505
  43    458.95   -16.88     0.00    684   0.035   0.965   3.554
  44    482.84   -16.64     0.24    651   0.032   0.968   3.604
  45    506.72   -16.22     0.65    521   0.030   0.970   3.652
  46    530.60   -15.52     1.35    282   0.027   0.973   3.719
  47    554.49   -14.73     2.14     93   0.025   0.975   3.789
  48    578.37   -14.18     2.70     30   0.023   0.977   3.837


# Part 4: Termodynamic integration:
# lambda(1)      dGti    sum(dGti) 
   0.000000    0.000    0.000
   0.020000 -510.523    9.901
   0.040000 -479.618   19.219
   0.060000 -452.166   27.897
   0.080000 -415.654   36.031
   0.100000 -397.687   43.674
   0.120000 -366.579   50.683
   0.140000 -334.333   57.104
   0.160000 -307.761   63.043
   0.180000 -286.200   68.549
   0.200000 -264.383   73.627
   0.220000 -243.417   78.283
   0.240000 -222.214   82.542
   0.260000 -203.628   86.411
   0.280000 -183.300   89.905
   0.300000 -166.135   93.057
   0.320000 -148.994   95.861
   0.340000 -131.400   98.359
   0.360000 -118.477  100.582
   0.380000 -103.761  102.527
   0.400000  -90.729  104.213
   0.420000  -77.888  105.659
   0.440000  -66.706  106.861
   0.460000  -53.496  107.833
   0.480000  -43.706  108.565
   0.500000  -29.505  109.063
   0.520000  -20.250  109.382
   0.540000  -11.663  109.508
   0.560000   -0.958  109.430
   0.580000    8.768  109.144
   0.600000   19.827  108.643
   0.620000   30.214  107.891
   0.640000   45.001  106.824
   0.660000   61.686  105.441
   0.680000   76.676  103.712
   0.700000   96.195  101.632
   0.720000  111.771   99.181
   0.740000  133.415   96.386
   0.760000  146.049   93.265
   0.780000  165.994   89.752
   0.800000  185.375   85.855
   0.820000  204.266   81.589
   0.840000  222.370   76.943
   0.860000  242.194   71.871
   0.880000  265.014   66.368
   0.900000  285.343   60.474
   0.920000  304.011   54.104
   0.940000  333.014   47.295
   0.960000  347.878   40.112
   0.980000  370.416   32.366
   1.000000  404.221   23.911


# Part 5: Overlap sampling Lu et al:
# lambda(1)      dG    sum(dG) 
   0.000000    0.000    0.000
   0.020000    9.894    9.894
   0.040000    9.330   19.224
   0.060000    8.665   27.889
   0.080000    8.132   36.021
   0.100000    7.644   43.665
   0.120000    6.996   50.661
   0.140000    6.422   57.083
   0.160000    5.940   63.022
   0.180000    5.512   68.535
   0.200000    5.063   73.598
   0.220000    4.667   78.264
   0.240000    4.242   82.506
   0.260000    3.875   86.381
   0.280000    3.493   89.874
   0.300000    3.154   93.029
   0.320000    2.796   95.824
   0.340000    2.493   98.317
   0.360000    2.231  100.548
   0.380000    1.944  102.492
   0.400000    1.685  104.177
   0.420000    1.444  105.621
   0.440000    1.203  106.824
   0.460000    0.970  107.794
   0.480000    0.735  108.529
   0.500000    0.501  109.030
   0.520000    0.314  109.345
   0.540000    0.129  109.473
   0.560000   -0.080  109.393
   0.580000   -0.285  109.108
   0.600000   -0.498  108.610
   0.620000   -0.749  107.861
   0.640000   -1.066  106.795
   0.660000   -1.385  105.410
   0.680000   -1.727  103.683
   0.700000   -2.079  101.603
   0.720000   -2.454   99.150
   0.740000   -2.788   96.361
   0.760000   -3.117   93.244
   0.780000   -3.515   89.729
   0.800000   -3.897   85.832
   0.820000   -4.267   81.566
   0.840000   -4.636   76.930
   0.860000   -5.084   71.846
   0.880000   -5.507   66.339
   0.900000   -5.883   60.456
   0.920000   -6.370   54.086
   0.940000   -6.803   47.282
   0.960000   -7.179   40.103
   0.980000   -7.745   32.359
   1.000000   -8.451   23.907


# lambda(1)      dG    sum(dG) 
# Part 6: BAR Bennet:
   0.000000    0.000    0.000
   0.020000    9.895    9.895
   0.040000    9.320   19.215
   0.060000    8.674   27.889
   0.080000    8.136   36.025
   0.100000    7.642   43.667
   0.120000    6.998   50.665
   0.140000    6.419   57.083
   0.160000    5.939   63.023
   0.180000    5.507   68.530
   0.200000    5.073   73.604
   0.220000    4.660   78.263
   0.240000    4.255   82.518
   0.260000    3.869   86.387
   0.280000    3.493   89.880
   0.300000    3.150   93.030
   0.320000    2.801   95.831
   0.340000    2.497   98.328
   0.360000    2.223  100.551
   0.380000    1.944  102.495
   0.400000    1.685  104.181
   0.420000    1.445  105.625
   0.440000    1.202  106.827
   0.460000    0.971  107.798
   0.480000    0.733  108.531
   0.500000    0.498  109.029
   0.520000    0.318  109.347
   0.540000    0.127  109.473
   0.560000   -0.078  109.395
   0.580000   -0.286  109.110
   0.600000   -0.500  108.610
   0.620000   -0.751  107.859
   0.640000   -1.067  106.792
   0.660000   -1.384  105.409
   0.680000   -1.727  103.682
   0.700000   -2.079  101.603
   0.720000   -2.452   99.151
   0.740000   -2.793   96.358
   0.760000   -3.119   93.239
   0.780000   -3.514   89.725
   0.800000   -3.897   85.827
   0.820000   -4.266   81.562
   0.840000   -4.643   76.919
   0.860000   -5.075   71.844
   0.880000   -5.503   66.341
   0.900000   -5.891   60.450
   0.920000   -6.370   54.080
   0.940000   -6.807   47.273
   0.960000   -7.178   40.095
   0.980000   -7.744   32.351
   1.000000   -8.454   23.897
