Starting job 5494464 on c2-19 at Fri Apr 22 21:18:44 CEST 2022

The following modules were not unloaded:
  (Use "module --force purge" to unload all):

  1) StdEnv

Task and CPU usage stats:
       JobID    JobName  AllocCPUS   NTasks     MinCPU MinCPUTask     AveCPU    Elapsed ExitCode 
------------ ---------- ---------- -------- ---------- ---------- ---------- ---------- -------- 
5494464          run.sh         20                                           1-18:51:53      0:0 
5494464.bat+      batch         20        1 1-18:50:30          0 1-18:50:30 1-18:51:53      0:0 
5494464.ext+     extern         20        1   00:00:00          0   00:00:00 1-18:51:54      0:0 

Memory usage stats:
       JobID     MaxRSS MaxRSSTask     AveRSS MaxPages   MaxPagesTask   AvePages 
------------ ---------- ---------- ---------- -------- -------------- ---------- 
5494464                                                                          
5494464.bat+     47364K          0     47364K        0              0          0 
5494464.ext+          0          0          0        0              0          0 

Disk usage stats:
       JobID  MaxDiskRead MaxDiskReadTask    AveDiskRead MaxDiskWrite MaxDiskWriteTask   AveDiskWrite 
------------ ------------ --------------- -------------- ------------ ---------------- -------------- 
5494464                                                                                               
5494464.bat+      174.80M               0        174.80M      826.81M                0        826.81M 
5494464.ext+        0.00M               0          0.00M            0                0              0 

Job 5494464 completed at Sun Apr 24 16:10:38 CEST 2022
